2020-11-08 19:28:03,280 INFO root Loading cache from /media/compute/homes/aharter/.cache/phyre/offline_simulation/100000/ball
2020-11-08 19:28:07,581 INFO __main__ GEN-64-20e ball_within_template 0 || loading data for generative training...
2020-11-08 19:28:13,635 INFO root Loading cache from /media/compute/homes/aharter/.cache/phyre/offline_simulation/100000/ball
2020-11-08 19:31:28,842 INFO root Loading cache from /media/compute/homes/aharter/.cache/phyre/offline_simulation/100000/ball
2020-11-08 19:31:33,112 INFO __main__ GEN-64-20e ball_within_template 0 || loading data for generative training...
2020-11-08 19:31:39,261 INFO root Loading cache from /media/compute/homes/aharter/.cache/phyre/offline_simulation/100000/ball
2020-11-08 20:43:16,498 INFO __main__ GEN-64-20e ball_within_template 0 || training 'generative' models...
2020-11-08 20:43:18,244 INFO root training epoch 1...
2020-11-08 20:43:21,459 INFO root training epoch 2...
2020-11-08 20:43:24,564 INFO root training epoch 3...
2020-11-08 20:43:27,996 INFO root training epoch 4...
2020-11-08 20:43:31,385 INFO root training epoch 5...
2020-11-08 20:43:34,820 INFO root training epoch 6...
2020-11-08 20:43:38,252 INFO root training epoch 7...
2020-11-08 20:43:41,505 INFO root training epoch 8...
2020-11-08 20:43:44,856 INFO root training epoch 9...
2020-11-08 20:43:48,184 INFO root training epoch 10...
2020-11-08 20:43:52,174 INFO __main__ GEN-64-20e ball_within_template 0 || loading data for generative testing...
2020-11-08 20:44:03,621 INFO __main__ GEN-64-20e ball_within_template 0 || inspecting generative performance...
2020-11-08 20:44:09,070 INFO root Loading cache from /media/compute/homes/aharter/.cache/phyre/offline_simulation/100000/ball
2020-11-08 20:44:13,368 INFO __main__ GEN-64-20e ball_cross_template 0 || loading data for generative training...
2020-11-08 20:46:12,354 INFO __main__ GEN-64-20e ball_cross_template 0 || training 'generative' models...
2020-11-08 20:46:12,382 INFO root training epoch 1...
2020-11-08 20:46:15,321 INFO root training epoch 2...
2020-11-08 20:46:18,828 INFO root training epoch 3...
2020-11-08 20:46:22,843 INFO root training epoch 4...
2020-11-08 20:46:26,281 INFO root training epoch 5...
2020-11-08 20:46:29,641 INFO root training epoch 6...
2020-11-08 20:46:33,147 INFO root training epoch 7...
2020-11-08 20:46:36,690 INFO root training epoch 8...
2020-11-08 20:46:40,166 INFO root training epoch 9...
2020-11-08 20:46:43,963 INFO root training epoch 10...
2020-11-08 20:46:47,606 INFO __main__ GEN-64-20e ball_cross_template 0 || loading data for generative testing...
2020-11-08 20:46:59,446 INFO __main__ GEN-64-20e ball_cross_template 0 || inspecting generative performance...
2020-11-08 20:47:02,464 INFO __main__ ['ball_within_template', 'ball_cross_template']
2020-11-08 20:47:07,869 INFO root Loading cache from /media/compute/homes/aharter/.cache/phyre/offline_simulation/100000/ball
2020-11-08 20:47:12,107 INFO __main__ GEN-64-20e ball_within_template 0 9 || loading models...
2020-11-08 20:47:12,485 INFO __main__ GEN-64-20e ball_within_template 0 || getting auccess...
2020-11-08 20:47:17,811 INFO root Loading cache from /media/compute/homes/aharter/.cache/phyre/offline_simulation/100000/ball
2020-11-08 20:56:47,855 INFO root auccess: 0.312051313814401, percentage solved after 10 attempts: 0.602
2020-11-08 20:56:47,887 INFO root Loading cache from /media/compute/homes/aharter/.cache/phyre/offline_simulation/100000/ball
2020-11-08 20:56:52,037 INFO __main__ GEN-64-20e ball_cross_template 0 9 || loading models...
2020-11-08 20:56:52,304 INFO __main__ GEN-64-20e ball_cross_template 0 || getting auccess...
2020-11-08 20:56:57,207 INFO root Loading cache from /media/compute/homes/aharter/.cache/phyre/offline_simulation/100000/ball
2020-11-08 21:04:07,296 INFO root Loading cache from /media/compute/homes/aharter/.cache/phyre/offline_simulation/100000/ball
2020-11-08 21:04:11,479 INFO __main__ GEN-64-20e ball_within_template 0 || loading data for generative training...
2020-11-08 21:06:10,190 INFO __main__ GEN-64-20e ball_within_template 0 || training 'generative' models...
2020-11-08 21:06:11,920 INFO root training epoch 1...
2020-11-08 21:06:14,989 INFO root training epoch 2...
2020-11-08 21:06:18,395 INFO root training epoch 3...
2020-11-08 21:06:21,802 INFO root training epoch 4...
2020-11-08 21:06:25,241 INFO root training epoch 5...
2020-11-08 21:06:28,530 INFO root training epoch 6...
2020-11-08 21:06:31,989 INFO root training epoch 7...
2020-11-08 21:06:35,394 INFO root training epoch 8...
2020-11-08 21:06:38,678 INFO root training epoch 9...
2020-11-08 21:06:41,795 INFO root training epoch 10...
2020-11-08 21:06:45,538 INFO __main__ GEN-64-20e ball_within_template 0 || loading data for generative testing...
2020-11-08 21:06:57,307 INFO __main__ GEN-64-20e ball_within_template 0 || inspecting generative performance...
2020-11-08 21:07:02,880 INFO root Loading cache from /media/compute/homes/aharter/.cache/phyre/offline_simulation/100000/ball
2020-11-08 21:07:06,979 INFO __main__ GEN-64-20e ball_cross_template 0 || loading data for generative training...
2020-11-08 21:09:02,280 INFO __main__ GEN-64-20e ball_cross_template 0 || training 'generative' models...
2020-11-08 21:09:02,310 INFO root training epoch 1...
2020-11-08 21:09:05,389 INFO root training epoch 2...
2020-11-08 21:09:09,127 INFO root training epoch 3...
2020-11-08 21:09:11,847 INFO root training epoch 4...
2020-11-08 21:09:15,035 INFO root training epoch 5...
2020-11-08 21:09:18,193 INFO root training epoch 6...
2020-11-08 21:09:21,328 INFO root training epoch 7...
2020-11-08 21:09:24,447 INFO root training epoch 8...
2020-11-08 21:09:27,571 INFO root training epoch 9...
2020-11-08 21:09:30,686 INFO root training epoch 10...
2020-11-08 21:09:34,252 INFO __main__ GEN-64-20e ball_cross_template 0 || loading data for generative testing...
2020-11-08 21:09:46,152 INFO __main__ GEN-64-20e ball_cross_template 0 || inspecting generative performance...
2020-11-08 21:09:49,014 INFO __main__ ['ball_within_template', 'ball_cross_template']
2020-11-08 21:09:52,957 INFO root Loading cache from /media/compute/homes/aharter/.cache/phyre/offline_simulation/100000/ball
2020-11-08 21:09:57,188 INFO __main__ GEN-64-20e ball_within_template 0 9 || loading models...
2020-11-08 21:09:57,731 INFO __main__ GEN-64-20e ball_within_template 0 || getting auccess...
2020-11-08 21:10:02,900 INFO root Loading cache from /media/compute/homes/aharter/.cache/phyre/offline_simulation/100000/ball
2020-11-08 21:19:17,712 INFO root auccess: 0.30015854004512904, percentage solved after 10 attempts: 0.602
2020-11-08 21:19:17,736 INFO root Loading cache from /media/compute/homes/aharter/.cache/phyre/offline_simulation/100000/ball
2020-11-08 21:19:21,927 INFO __main__ GEN-64-20e ball_cross_template 0 9 || loading models...
2020-11-08 21:19:22,478 INFO __main__ GEN-64-20e ball_cross_template 0 || getting auccess...
2020-11-08 21:19:27,450 INFO root Loading cache from /media/compute/homes/aharter/.cache/phyre/offline_simulation/100000/ball
2020-11-08 21:28:27,518 INFO root auccess: 0.2810397530758709, percentage solved after 10 attempts: 0.584
2020-11-08 21:28:27,535 INFO __main__ ['ball_within_template', 0.30015854004512904, 'ball_cross_template', 0.2810397530758709]
2020-11-08 21:28:33,313 INFO root Loading cache from /media/compute/homes/aharter/.cache/phyre/offline_simulation/100000/ball
2020-11-08 21:28:37,576 INFO __main__ GEN-64-20e ball_within_template 1 || loading data for generative training...
2020-11-08 21:30:34,402 INFO __main__ GEN-64-20e ball_within_template 1 || training 'generative' models...
2020-11-08 21:30:36,132 INFO root training epoch 1...
2020-11-08 21:30:39,236 INFO root training epoch 2...
2020-11-08 21:30:42,823 INFO root training epoch 3...
2020-11-08 21:30:46,383 INFO root training epoch 4...
2020-11-08 21:30:49,591 INFO root training epoch 5...
2020-11-08 21:30:53,078 INFO root training epoch 6...
2020-11-08 21:30:56,558 INFO root training epoch 7...
2020-11-08 21:31:00,059 INFO root training epoch 8...
2020-11-08 21:31:03,548 INFO root training epoch 9...
2020-11-08 21:31:07,055 INFO root training epoch 10...
2020-11-08 21:31:10,846 INFO __main__ GEN-64-20e ball_within_template 1 || loading data for generative testing...
2020-11-08 21:31:22,150 INFO __main__ GEN-64-20e ball_within_template 1 || inspecting generative performance...
2020-11-08 21:31:27,807 INFO root Loading cache from /media/compute/homes/aharter/.cache/phyre/offline_simulation/100000/ball
2020-11-08 21:31:31,863 INFO __main__ GEN-64-20e ball_cross_template 1 || loading data for generative training...
2020-11-08 21:33:15,971 INFO root Loading cache from /media/compute/homes/aharter/.cache/phyre/offline_simulation/100000/ball
2020-11-08 21:33:20,175 INFO __main__ GEN-64-20e ball_within_template 0 || loading data for generative training...
2020-11-08 21:35:18,022 INFO __main__ GEN-64-20e ball_within_template 0 || training 'generative' models...
2020-11-08 21:35:19,758 INFO root training epoch 1...
2020-11-08 21:35:22,815 INFO root training epoch 2...
2020-11-08 21:35:25,725 INFO root training epoch 3...
2020-11-08 21:35:28,708 INFO root training epoch 4...
2020-11-08 21:35:32,171 INFO root training epoch 5...
2020-11-08 21:35:35,325 INFO root training epoch 6...
2020-11-08 21:35:38,731 INFO root training epoch 7...
2020-11-08 21:35:42,102 INFO root training epoch 8...
2020-11-08 21:35:45,488 INFO root training epoch 9...
2020-11-08 21:35:48,608 INFO root training epoch 10...
2020-11-08 21:35:52,138 INFO __main__ GEN-64-20e ball_within_template 0 || loading data for generative testing...
2020-11-08 21:36:03,383 INFO __main__ GEN-64-20e ball_within_template 0 || inspecting generative performance...
2020-11-08 21:36:08,904 INFO root Loading cache from /media/compute/homes/aharter/.cache/phyre/offline_simulation/100000/ball
2020-11-08 21:36:12,936 INFO __main__ GEN-64-20e ball_cross_template 0 || loading data for generative training...
2020-11-08 21:38:06,187 INFO __main__ GEN-64-20e ball_cross_template 0 || training 'generative' models...
2020-11-08 21:38:06,213 INFO root training epoch 1...
2020-11-08 21:38:08,882 INFO root training epoch 2...
2020-11-08 21:38:11,694 INFO root training epoch 3...
2020-11-08 21:38:14,497 INFO root training epoch 4...
2020-11-08 21:38:17,645 INFO root training epoch 5...
2020-11-08 21:38:20,762 INFO root training epoch 6...
2020-11-08 21:38:24,060 INFO root training epoch 7...
2020-11-08 21:38:27,219 INFO root training epoch 8...
2020-11-08 21:38:30,372 INFO root training epoch 9...
2020-11-08 21:38:33,492 INFO root training epoch 10...
2020-11-08 21:38:37,182 INFO __main__ GEN-64-20e ball_cross_template 0 || loading data for generative testing...
2020-11-08 21:38:48,649 INFO __main__ GEN-64-20e ball_cross_template 0 || inspecting generative performance...
2020-11-08 21:38:51,452 INFO __main__ ['ball_within_template', 'ball_cross_template']
2020-11-08 22:01:04,772 INFO root Loading cache from /media/compute/homes/aharter/.cache/phyre/offline_simulation/100000/ball
2020-11-08 22:01:08,931 INFO __main__ GEN-64-20e ball_within_template 1 || loading data for generative training...
2020-11-08 22:03:07,802 INFO __main__ GEN-64-20e ball_within_template 1 || training 'generative' models...
2020-11-08 22:03:09,555 INFO root training epoch 1...
2020-11-08 22:03:12,596 INFO root training epoch 2...
2020-11-08 22:03:27,074 INFO root Loading cache from /media/compute/homes/aharter/.cache/phyre/offline_simulation/100000/ball
2020-11-08 22:03:31,278 INFO __main__ GEN-64-20e ball_within_template 0 || loading data for generative training...
2020-11-08 22:06:54,809 INFO root Loading cache from /media/compute/homes/aharter/.cache/phyre/offline_simulation/100000/ball
2020-11-08 22:06:59,096 INFO __main__ GEN-64-20e ball_within_template 0 || loading data for generative training...
2020-11-08 22:08:56,814 INFO __main__ GEN-64-20e ball_within_template 0 || training 'generative' models...
2020-11-08 22:08:58,556 INFO root training epoch 1...
2020-11-08 22:09:01,813 INFO root training epoch 2...
2020-11-08 22:09:05,465 INFO root training epoch 3...
2020-11-08 22:09:09,092 INFO root training epoch 4...
2020-11-08 22:09:12,357 INFO root training epoch 5...
2020-11-08 22:09:15,601 INFO root training epoch 6...
2020-11-08 22:09:18,814 INFO root training epoch 7...
2020-11-08 22:09:22,341 INFO root training epoch 8...
2020-11-08 22:09:25,516 INFO root training epoch 9...
2020-11-08 22:09:28,752 INFO root training epoch 10...
2020-11-08 22:09:32,350 INFO __main__ GEN-64-20e ball_within_template 0 || loading data for generative testing...
2020-11-08 22:09:43,954 INFO __main__ GEN-64-20e ball_within_template 0 || inspecting generative performance...
2020-11-08 22:09:49,818 INFO root Loading cache from /media/compute/homes/aharter/.cache/phyre/offline_simulation/100000/ball
2020-11-08 22:09:53,859 INFO __main__ GEN-64-20e ball_cross_template 0 || loading data for generative training...
2020-11-08 22:11:47,914 INFO __main__ GEN-64-20e ball_cross_template 0 || training 'generative' models...
2020-11-08 22:11:47,946 INFO root training epoch 1...
2020-11-08 22:11:50,943 INFO root training epoch 2...
2020-11-08 22:11:54,193 INFO root training epoch 3...
2020-11-08 22:11:57,471 INFO root training epoch 4...
2020-11-08 22:12:00,741 INFO root training epoch 5...
2020-11-08 22:12:03,995 INFO root training epoch 6...
2020-11-08 22:12:07,235 INFO root training epoch 7...
2020-11-08 22:12:10,427 INFO root training epoch 8...
2020-11-08 22:12:13,622 INFO root training epoch 9...
2020-11-08 22:12:16,821 INFO root training epoch 10...
2020-11-08 22:12:20,378 INFO __main__ GEN-64-20e ball_cross_template 0 || loading data for generative testing...
2020-11-08 22:12:31,809 INFO __main__ GEN-64-20e ball_cross_template 0 || inspecting generative performance...
2020-11-08 22:12:34,692 INFO __main__ ['ball_within_template', 'ball_cross_template']
2020-11-08 22:32:21,251 INFO root Loading cache from /media/compute/homes/aharter/.cache/phyre/offline_simulation/100000/ball
2020-11-08 22:32:25,468 INFO __main__ GEN-64-20e ball_within_template 1 || loading data for generative training...
2020-11-08 22:34:22,951 INFO __main__ GEN-64-20e ball_within_template 1 || training 'generative' models...
2020-11-08 22:34:24,692 INFO root training epoch 1...
2020-11-08 22:34:27,885 INFO root training epoch 2...
2020-11-08 22:34:31,359 INFO root training epoch 3...
2020-11-08 22:34:34,848 INFO root training epoch 4...
2020-11-08 22:34:38,316 INFO root training epoch 5...
2020-11-08 22:34:41,747 INFO root training epoch 6...
2020-11-08 22:34:44,993 INFO root training epoch 7...
2020-11-08 22:34:48,165 INFO root training epoch 8...
2020-11-08 22:34:51,327 INFO root training epoch 9...
2020-11-08 22:34:54,657 INFO root training epoch 10...
2020-11-08 22:34:58,522 INFO __main__ GEN-64-20e ball_within_template 1 || loading data for generative testing...
2020-11-08 22:35:10,084 INFO __main__ GEN-64-20e ball_within_template 1 || inspecting generative performance...
2020-11-08 22:35:15,844 INFO root Loading cache from /media/compute/homes/aharter/.cache/phyre/offline_simulation/100000/ball
2020-11-08 22:35:19,866 INFO __main__ GEN-64-20e ball_cross_template 1 || loading data for generative training...
2020-11-08 22:37:15,298 INFO __main__ GEN-64-20e ball_cross_template 1 || training 'generative' models...
2020-11-08 22:37:15,334 INFO root training epoch 1...
2020-11-08 22:37:18,660 INFO root training epoch 2...
2020-11-08 22:37:22,242 INFO root training epoch 3...
2020-11-08 22:37:26,119 INFO root training epoch 4...
2020-11-08 22:37:29,583 INFO root training epoch 5...
2020-11-08 22:37:32,969 INFO root training epoch 6...
2020-11-08 22:37:36,354 INFO root training epoch 7...
2020-11-08 22:37:39,728 INFO root training epoch 8...
2020-11-08 22:37:43,075 INFO root training epoch 9...
2020-11-08 22:37:46,443 INFO root training epoch 10...
2020-11-08 22:37:49,746 INFO __main__ GEN-64-20e ball_cross_template 1 || loading data for generative testing...
2020-11-08 22:38:01,373 INFO __main__ GEN-64-20e ball_cross_template 1 || inspecting generative performance...
2020-11-08 22:38:04,373 INFO __main__ ['ball_within_template', 'ball_cross_template']
2020-11-08 22:58:19,962 INFO root Loading cache from /media/compute/homes/aharter/.cache/phyre/offline_simulation/100000/ball
2020-11-08 22:58:24,121 INFO __main__ GEN-64-20e ball_within_template 2 || loading data for generative training...
2020-11-08 23:00:25,232 INFO __main__ GEN-64-20e ball_within_template 2 || training 'generative' models...
2020-11-08 23:00:26,990 INFO root training epoch 1...
2020-11-08 23:00:30,338 INFO root training epoch 2...
2020-11-08 23:00:33,637 INFO root training epoch 3...
2020-11-08 23:00:36,967 INFO root training epoch 4...
2020-11-08 23:00:40,277 INFO root training epoch 5...
2020-11-08 23:00:43,338 INFO root training epoch 6...
2020-11-08 23:00:46,361 INFO root training epoch 7...
2020-11-08 23:00:49,350 INFO root training epoch 8...
2020-11-08 23:00:52,468 INFO root training epoch 9...
2020-11-08 23:00:55,701 INFO root training epoch 10...
2020-11-08 23:00:59,235 INFO __main__ GEN-64-20e ball_within_template 2 || loading data for generative testing...
2020-11-08 23:01:10,678 INFO __main__ GEN-64-20e ball_within_template 2 || inspecting generative performance...
2020-11-08 23:01:16,369 INFO root Loading cache from /media/compute/homes/aharter/.cache/phyre/offline_simulation/100000/ball
2020-11-08 23:01:20,434 INFO __main__ GEN-64-20e ball_cross_template 2 || loading data for generative training...
2020-11-08 23:03:17,619 INFO __main__ GEN-64-20e ball_cross_template 2 || training 'generative' models...
2020-11-08 23:03:17,655 INFO root training epoch 1...
2020-11-08 23:03:20,941 INFO root training epoch 2...
2020-11-08 23:03:24,471 INFO root training epoch 3...
2020-11-08 23:03:27,139 INFO root training epoch 4...
2020-11-08 23:03:29,698 INFO root training epoch 5...
2020-11-08 23:03:32,245 INFO root training epoch 6...
2020-11-08 23:03:34,788 INFO root training epoch 7...
2020-11-08 23:03:37,352 INFO root training epoch 8...
2020-11-08 23:03:39,873 INFO root training epoch 9...
2020-11-08 23:03:42,686 INFO root training epoch 10...
2020-11-08 23:03:46,104 INFO __main__ GEN-64-20e ball_cross_template 2 || loading data for generative testing...
2020-11-08 23:03:57,618 INFO __main__ GEN-64-20e ball_cross_template 2 || inspecting generative performance...
2020-11-08 23:04:00,356 INFO __main__ ['ball_within_template', 'ball_cross_template']
2020-11-08 23:22:51,808 INFO root Loading cache from /media/compute/homes/aharter/.cache/phyre/offline_simulation/100000/ball
2020-11-08 23:22:56,046 INFO __main__ GEN-64-20e ball_within_template 3 || loading data for generative training...
2020-11-08 23:24:52,875 INFO __main__ GEN-64-20e ball_within_template 3 || training 'generative' models...
2020-11-08 23:24:54,720 INFO root training epoch 1...
2020-11-08 23:24:58,448 INFO root training epoch 2...
2020-11-08 23:25:01,323 INFO root training epoch 3...
2020-11-08 23:25:04,415 INFO root training epoch 4...
2020-11-08 23:25:07,619 INFO root training epoch 5...
2020-11-08 23:25:10,748 INFO root training epoch 6...
2020-11-08 23:25:13,979 INFO root training epoch 7...
2020-11-08 23:25:17,120 INFO root training epoch 8...
2020-11-08 23:25:20,325 INFO root training epoch 9...
2020-11-08 23:25:23,520 INFO root training epoch 10...
2020-11-08 23:25:27,100 INFO __main__ GEN-64-20e ball_within_template 3 || loading data for generative testing...
2020-11-08 23:25:38,627 INFO __main__ GEN-64-20e ball_within_template 3 || inspecting generative performance...
2020-11-08 23:25:44,278 INFO root Loading cache from /media/compute/homes/aharter/.cache/phyre/offline_simulation/100000/ball
2020-11-08 23:25:48,306 INFO __main__ GEN-64-20e ball_cross_template 3 || loading data for generative training...
2020-11-08 23:27:42,241 INFO __main__ GEN-64-20e ball_cross_template 3 || training 'generative' models...
2020-11-08 23:27:42,270 INFO root training epoch 1...
2020-11-08 23:27:45,877 INFO root training epoch 2...
2020-11-08 23:27:49,872 INFO root training epoch 3...
2020-11-08 23:27:53,329 INFO root training epoch 4...
2020-11-08 23:27:56,808 INFO root training epoch 5...
2020-11-08 23:28:00,154 INFO root training epoch 6...
2020-11-08 23:28:03,474 INFO root training epoch 7...
2020-11-08 23:28:06,813 INFO root training epoch 8...
2020-11-08 23:28:10,140 INFO root training epoch 9...
2020-11-08 23:28:13,471 INFO root training epoch 10...
2020-11-08 23:28:17,295 INFO __main__ GEN-64-20e ball_cross_template 3 || loading data for generative testing...
2020-11-08 23:28:28,573 INFO __main__ GEN-64-20e ball_cross_template 3 || inspecting generative performance...
2020-11-08 23:28:31,577 INFO __main__ ['ball_within_template', 'ball_cross_template']
