2020-11-10 16:38:39,802 INFO root Loading cache from /media/compute/homes/aharter/.cache/phyre/offline_simulation/100000/ball
2020-11-10 16:38:44,688 INFO __main__ GEN-COMB ball_within_template 0 || loading data for generative training...
2020-11-10 16:41:00,307 INFO root Loaded dataset from data/all_tasks_train_64xy_10n with shape: torch.Size([19990, 11, 64, 64])
2020-11-10 16:41:00,461 INFO __main__ GEN-COMB ball_within_template 0 || training 'generative' models...
2020-11-10 16:41:00,492 INFO root training epoch 1...
2020-11-10 16:45:30,031 INFO root training epoch 2...
2020-11-10 16:49:50,888 INFO root training epoch 3...
2020-11-10 16:54:13,276 INFO root training epoch 4...
2020-11-10 16:58:52,952 INFO root training epoch 5...
2020-11-10 17:03:18,058 INFO root training epoch 6...
2020-11-10 17:07:41,049 INFO root training epoch 7...
2020-11-10 17:12:16,181 INFO root training epoch 8...
2020-11-10 17:16:42,634 INFO root training epoch 9...
2020-11-10 17:21:06,608 INFO root training epoch 10...
2020-11-10 17:25:50,616 INFO root training epoch 11...
2020-11-10 17:30:19,316 INFO root training epoch 12...
2020-11-10 17:34:45,920 INFO root training epoch 13...
2020-11-10 17:39:09,939 INFO root training epoch 14...
2020-11-10 17:43:45,147 INFO root training epoch 15...
2020-11-10 17:48:08,897 INFO root training epoch 16...
2020-11-10 17:52:34,691 INFO root training epoch 17...
2020-11-10 17:57:12,411 INFO root training epoch 18...
2020-11-10 18:01:36,110 INFO root training epoch 19...
2020-11-10 18:06:00,744 INFO root training epoch 20...
2020-11-10 18:10:45,930 INFO __main__ GEN-COMB ball_within_template 0 || loading data for generative testing...
2020-11-10 18:10:57,975 INFO root Loaded dataset from data/all_tasks_test_64xy_1n with shape: torch.Size([100, 11, 64, 64])
2020-11-10 18:10:57,983 INFO __main__ GEN-COMB ball_within_template 0 || inspecting generative performance...
2020-11-10 18:11:04,429 INFO root Loading cache from /media/compute/homes/aharter/.cache/phyre/offline_simulation/100000/ball
2020-11-10 18:11:08,831 INFO __main__ GEN-COMB ball_cross_template 0 || loading data for generative training...
2020-11-10 18:13:08,395 INFO root Loaded dataset from data/all_tasks_train_64xy_10n with shape: torch.Size([19990, 11, 64, 64])
2020-11-10 18:13:08,581 INFO __main__ GEN-COMB ball_cross_template 0 || training 'generative' models...
2020-11-10 18:13:08,609 INFO root training epoch 1...
2020-11-10 18:17:23,019 INFO root training epoch 2...
2020-11-10 18:21:43,998 INFO root training epoch 3...
2020-11-10 18:26:21,778 INFO root training epoch 4...
2020-11-10 18:30:43,515 INFO root training epoch 5...
2020-11-10 18:35:05,343 INFO root training epoch 6...
2020-11-10 18:39:34,528 INFO root training epoch 7...
2020-11-10 18:44:24,965 INFO root training epoch 8...
2020-11-10 18:48:48,314 INFO root training epoch 9...
2020-11-10 18:53:10,919 INFO root training epoch 10...
2020-11-10 18:57:44,676 INFO root training epoch 11...
2020-11-10 19:02:11,178 INFO root training epoch 12...
2020-11-10 19:06:35,674 INFO root training epoch 13...
2020-11-10 19:11:11,060 INFO root training epoch 14...
2020-11-10 19:15:35,189 INFO root training epoch 15...
2020-11-10 19:19:58,707 INFO root training epoch 16...
2020-11-10 19:24:27,826 INFO root training epoch 17...
2020-11-10 19:28:51,220 INFO root training epoch 18...
2020-11-10 19:33:14,819 INFO root training epoch 19...
2020-11-10 19:37:40,841 INFO root training epoch 20...
2020-11-10 19:42:37,735 INFO __main__ GEN-COMB ball_cross_template 0 || loading data for generative testing...
2020-11-10 19:42:50,249 INFO root Loaded dataset from data/all_tasks_test_64xy_1n with shape: torch.Size([50, 11, 64, 64])
2020-11-10 19:42:50,256 INFO __main__ GEN-COMB ball_cross_template 0 || inspecting generative performance...
2020-11-10 19:42:53,253 INFO __main__ ['ball_within_template', 'ball_cross_template']
2020-11-10 19:44:41,104 INFO root Loading cache from /media/compute/homes/aharter/.cache/phyre/offline_simulation/100000/ball
2020-11-10 19:44:45,820 INFO __main__ GEN-COMB ball_within_template 1 || loading data for generative training...
2020-11-10 19:46:57,706 INFO root Loaded dataset from data/all_tasks_train_64xy_10n with shape: torch.Size([19990, 11, 64, 64])
2020-11-10 19:46:57,880 INFO __main__ GEN-COMB ball_within_template 1 || training 'generative' models...
2020-11-10 19:46:57,909 INFO root training epoch 1...
2020-11-10 19:51:22,804 INFO root training epoch 2...
2020-11-10 19:56:35,599 INFO root training epoch 3...
2020-11-10 20:01:10,347 INFO root training epoch 4...
2020-11-10 20:05:46,910 INFO root training epoch 5...
2020-11-10 20:10:34,567 INFO root training epoch 6...
2020-11-10 20:15:07,535 INFO root training epoch 7...
2020-11-10 20:19:49,879 INFO root training epoch 8...
2020-11-10 20:24:47,884 INFO root training epoch 9...
2020-11-10 20:29:39,379 INFO root training epoch 10...
2020-11-10 20:34:31,563 INFO root training epoch 11...
2020-11-10 20:39:30,062 INFO root training epoch 12...
2020-11-10 20:44:23,109 INFO root training epoch 13...
2020-11-10 20:49:14,132 INFO root training epoch 14...
2020-11-10 20:54:13,359 INFO root training epoch 15...
2020-11-10 20:59:04,010 INFO root training epoch 16...
2020-11-10 21:03:53,695 INFO root training epoch 17...
2020-11-10 21:08:49,878 INFO root training epoch 18...
2020-11-10 21:13:39,694 INFO root training epoch 19...
2020-11-10 21:18:32,340 INFO root training epoch 20...
2020-11-10 21:23:31,586 INFO __main__ GEN-COMB ball_within_template 1 || loading data for generative testing...
2020-11-10 21:23:46,075 INFO root Loaded dataset from data/all_tasks_test_64xy_1n with shape: torch.Size([100, 11, 64, 64])
2020-11-10 21:23:46,082 INFO __main__ GEN-COMB ball_within_template 1 || inspecting generative performance...
2020-11-10 21:23:52,851 INFO root Loading cache from /media/compute/homes/aharter/.cache/phyre/offline_simulation/100000/ball
2020-11-10 21:23:57,714 INFO __main__ GEN-COMB ball_cross_template 1 || loading data for generative training...
2020-11-10 21:26:11,171 INFO root Loaded dataset from data/all_tasks_train_64xy_10n with shape: torch.Size([19990, 11, 64, 64])
2020-11-10 21:26:11,379 INFO __main__ GEN-COMB ball_cross_template 1 || training 'generative' models...
2020-11-10 21:26:11,404 INFO root training epoch 1...
2020-11-10 21:31:01,755 INFO root training epoch 2...
2020-11-10 21:35:57,775 INFO root training epoch 3...
2020-11-10 21:41:12,308 INFO root training epoch 4...
2020-11-10 21:46:12,020 INFO root training epoch 5...
2020-11-10 21:51:08,331 INFO root training epoch 6...
2020-11-10 21:56:33,973 INFO root training epoch 7...
2020-11-10 22:01:37,815 INFO root training epoch 8...
2020-11-10 22:06:39,049 INFO root training epoch 9...
2020-11-10 22:11:57,307 INFO root training epoch 10...
2020-11-10 22:17:00,280 INFO root training epoch 11...
2020-11-10 22:22:00,986 INFO root training epoch 12...
2020-11-10 22:27:09,501 INFO root training epoch 13...
2020-11-10 22:32:10,323 INFO root training epoch 14...
2020-11-10 22:37:09,355 INFO root training epoch 15...
2020-11-10 22:42:35,843 INFO root training epoch 16...
2020-11-10 22:47:33,601 INFO root training epoch 17...
2020-11-10 22:52:37,413 INFO root training epoch 18...
2020-11-10 22:57:44,191 INFO root training epoch 19...
2020-11-10 23:02:44,577 INFO root training epoch 20...
2020-11-10 23:07:53,880 INFO __main__ GEN-COMB ball_cross_template 1 || loading data for generative testing...
2020-11-10 23:08:08,279 INFO root Loaded dataset from data/all_tasks_test_64xy_1n with shape: torch.Size([50, 11, 64, 64])
2020-11-10 23:08:08,287 INFO __main__ GEN-COMB ball_cross_template 1 || inspecting generative performance...
2020-11-10 23:08:11,959 INFO __main__ ['ball_within_template', 'ball_cross_template']
2020-11-10 23:30:15,874 INFO root Loading cache from /media/compute/homes/aharter/.cache/phyre/offline_simulation/100000/ball
2020-11-10 23:30:20,607 INFO __main__ GEN-COMB ball_within_template 2 || loading data for generative training...
2020-11-10 23:32:20,718 INFO root Loaded dataset from data/all_tasks_train_64xy_10n with shape: torch.Size([20000, 11, 64, 64])
2020-11-10 23:32:20,888 INFO __main__ GEN-COMB ball_within_template 2 || training 'generative' models...
2020-11-10 23:32:20,922 INFO root training epoch 1...
2020-11-10 23:36:36,500 INFO root training epoch 2...
2020-11-10 23:40:56,857 INFO root training epoch 3...
2020-11-10 23:45:18,902 INFO root training epoch 4...
2020-11-10 23:49:42,119 INFO root training epoch 5...
2020-11-10 23:54:06,063 INFO root training epoch 6...
2020-11-10 23:58:30,698 INFO root training epoch 7...
2020-11-11 00:02:54,943 INFO root training epoch 8...
2020-11-11 00:07:19,940 INFO root training epoch 9...
2020-11-11 00:11:48,118 INFO root training epoch 10...
2020-11-11 00:16:11,941 INFO root training epoch 11...
2020-11-11 00:20:36,200 INFO root training epoch 12...
2020-11-11 00:24:56,743 INFO root training epoch 13...
2020-11-11 00:29:19,629 INFO root training epoch 14...
2020-11-11 00:33:43,443 INFO root training epoch 15...
2020-11-11 00:38:07,078 INFO root training epoch 16...
2020-11-11 00:42:31,364 INFO root training epoch 17...
2020-11-11 00:46:55,465 INFO root training epoch 18...
2020-11-11 00:51:17,535 INFO root training epoch 19...
2020-11-11 00:55:42,104 INFO root training epoch 20...
2020-11-11 01:00:09,632 INFO __main__ GEN-COMB ball_within_template 2 || loading data for generative testing...
2020-11-11 01:00:21,220 INFO root Loaded dataset from data/all_tasks_test_64xy_1n with shape: torch.Size([100, 11, 64, 64])
2020-11-11 01:00:21,242 INFO __main__ GEN-COMB ball_within_template 2 || inspecting generative performance...
2020-11-11 01:00:27,749 INFO root Loading cache from /media/compute/homes/aharter/.cache/phyre/offline_simulation/100000/ball
2020-11-11 01:00:31,795 INFO __main__ GEN-COMB ball_cross_template 2 || loading data for generative training...
2020-11-11 01:02:30,582 INFO root Loaded dataset from data/all_tasks_train_64xy_10n with shape: torch.Size([19990, 11, 64, 64])
2020-11-11 01:02:30,740 INFO __main__ GEN-COMB ball_cross_template 2 || training 'generative' models...
2020-11-11 01:02:30,760 INFO root training epoch 1...
2020-11-11 01:06:45,604 INFO root training epoch 2...
2020-11-11 01:11:07,396 INFO root training epoch 3...
2020-11-11 01:15:31,289 INFO root training epoch 4...
2020-11-11 01:19:54,752 INFO root training epoch 5...
2020-11-11 01:24:18,444 INFO root training epoch 6...
2020-11-11 01:28:42,181 INFO root training epoch 7...
2020-11-11 01:33:06,732 INFO root training epoch 8...
2020-11-11 01:37:31,336 INFO root training epoch 9...
2020-11-11 01:41:55,630 INFO root training epoch 10...
2020-11-11 01:46:20,398 INFO root training epoch 11...
2020-11-11 01:50:44,325 INFO root training epoch 12...
2020-11-11 01:55:08,671 INFO root training epoch 13...
2020-11-11 01:59:33,626 INFO root training epoch 14...
2020-11-11 02:03:58,607 INFO root training epoch 15...
2020-11-11 02:08:24,199 INFO root training epoch 16...
2020-11-11 02:12:49,303 INFO root training epoch 17...
2020-11-11 02:17:14,079 INFO root training epoch 18...
2020-11-11 02:21:39,159 INFO root training epoch 19...
2020-11-11 02:26:04,308 INFO root training epoch 20...
2020-11-11 02:30:31,874 INFO __main__ GEN-COMB ball_cross_template 2 || loading data for generative testing...
2020-11-11 02:30:43,372 INFO root Loaded dataset from data/all_tasks_test_64xy_1n with shape: torch.Size([50, 11, 64, 64])
2020-11-11 02:30:43,384 INFO __main__ GEN-COMB ball_cross_template 2 || inspecting generative performance...
2020-11-11 02:30:47,006 INFO __main__ ['ball_within_template', 'ball_cross_template']
2020-11-11 02:30:56,278 INFO root Loading cache from /media/compute/homes/aharter/.cache/phyre/offline_simulation/100000/ball
2020-11-11 02:31:00,698 INFO __main__ GEN-COMB ball_within_template 3 || loading data for generative training...
2020-11-11 02:32:59,603 INFO root Loaded dataset from data/all_tasks_train_64xy_10n with shape: torch.Size([19990, 11, 64, 64])
2020-11-11 02:32:59,769 INFO __main__ GEN-COMB ball_within_template 3 || training 'generative' models...
2020-11-11 02:32:59,803 INFO root training epoch 1...
2020-11-11 02:37:12,081 INFO root training epoch 2...
2020-11-11 02:41:30,949 INFO root training epoch 3...
2020-11-11 02:45:52,091 INFO root training epoch 4...
2020-11-11 02:50:14,396 INFO root training epoch 5...
2020-11-11 02:54:36,750 INFO root training epoch 6...
2020-11-11 02:58:57,863 INFO root training epoch 7...
2020-11-11 03:03:19,320 INFO root training epoch 8...
2020-11-11 03:07:41,947 INFO root training epoch 9...
2020-11-11 03:12:04,373 INFO root training epoch 10...
2020-11-11 03:16:26,767 INFO root training epoch 11...
2020-11-11 03:20:48,570 INFO root training epoch 12...
2020-11-11 03:25:09,877 INFO root training epoch 13...
2020-11-11 03:29:33,317 INFO root training epoch 14...
2020-11-11 03:33:57,519 INFO root training epoch 15...
2020-11-11 03:38:17,043 INFO root training epoch 16...
2020-11-11 03:42:36,365 INFO root training epoch 17...
2020-11-11 03:46:57,245 INFO root training epoch 18...
2020-11-11 03:51:19,130 INFO root training epoch 19...
2020-11-11 03:55:40,783 INFO root training epoch 20...
2020-11-11 04:00:05,279 INFO __main__ GEN-COMB ball_within_template 3 || loading data for generative testing...
2020-11-11 04:00:16,876 INFO root Loaded dataset from data/all_tasks_test_64xy_1n with shape: torch.Size([100, 11, 64, 64])
2020-11-11 04:00:16,888 INFO __main__ GEN-COMB ball_within_template 3 || inspecting generative performance...
2020-11-11 04:00:23,356 INFO root Loading cache from /media/compute/homes/aharter/.cache/phyre/offline_simulation/100000/ball
2020-11-11 04:00:27,483 INFO __main__ GEN-COMB ball_cross_template 3 || loading data for generative training...
2020-11-11 04:02:28,107 INFO root Loaded dataset from data/all_tasks_train_64xy_10n with shape: torch.Size([20000, 11, 64, 64])
2020-11-11 04:02:28,276 INFO __main__ GEN-COMB ball_cross_template 3 || training 'generative' models...
2020-11-11 04:02:28,300 INFO root training epoch 1...
2020-11-11 04:06:38,986 INFO root training epoch 2...
2020-11-11 04:10:50,967 INFO root training epoch 3...
2020-11-11 04:15:10,677 INFO root training epoch 4...
2020-11-11 04:19:31,315 INFO root training epoch 5...
2020-11-11 04:23:50,014 INFO root training epoch 6...
2020-11-11 04:28:09,051 INFO root training epoch 7...
2020-11-11 04:32:27,733 INFO root training epoch 8...
2020-11-11 04:36:46,278 INFO root training epoch 9...
2020-11-11 04:41:05,002 INFO root training epoch 10...
2020-11-11 04:45:24,007 INFO root training epoch 11...
2020-11-11 04:49:44,232 INFO root training epoch 12...
2020-11-11 04:54:04,781 INFO root training epoch 13...
2020-11-11 04:58:25,469 INFO root training epoch 14...
2020-11-11 05:02:46,761 INFO root training epoch 15...
2020-11-11 05:07:07,690 INFO root training epoch 16...
2020-11-11 05:11:29,341 INFO root training epoch 17...
2020-11-11 05:15:51,308 INFO root training epoch 18...
2020-11-11 05:20:13,647 INFO root training epoch 19...
2020-11-11 05:24:35,346 INFO root training epoch 20...
2020-11-11 05:29:00,009 INFO __main__ GEN-COMB ball_cross_template 3 || loading data for generative testing...
2020-11-11 05:29:11,750 INFO root Loaded dataset from data/all_tasks_test_64xy_1n with shape: torch.Size([50, 11, 64, 64])
2020-11-11 05:29:11,760 INFO __main__ GEN-COMB ball_cross_template 3 || inspecting generative performance...
2020-11-11 05:29:14,947 INFO __main__ ['ball_within_template', 'ball_cross_template']
2020-11-11 05:29:23,301 INFO root Loading cache from /media/compute/homes/aharter/.cache/phyre/offline_simulation/100000/ball
2020-11-11 05:29:27,843 INFO __main__ GEN-COMB ball_within_template 4 || loading data for generative training...
2020-11-11 05:31:23,176 INFO root Loaded dataset from data/all_tasks_train_64xy_10n with shape: torch.Size([19990, 11, 64, 64])
2020-11-11 05:31:23,340 INFO __main__ GEN-COMB ball_within_template 4 || training 'generative' models...
2020-11-11 05:31:23,375 INFO root training epoch 1...
2020-11-11 05:35:41,662 INFO root training epoch 2...
2020-11-11 05:40:05,294 INFO root training epoch 3...
2020-11-11 05:44:32,650 INFO root training epoch 4...
2020-11-11 05:49:11,103 INFO root training epoch 5...
2020-11-11 05:54:15,462 INFO root training epoch 6...
2020-11-11 05:59:44,236 INFO root training epoch 7...
2020-11-11 06:04:59,715 INFO root training epoch 8...
2020-11-11 06:10:38,314 INFO root training epoch 9...
2020-11-11 06:16:14,073 INFO root training epoch 10...
2020-11-11 06:21:43,044 INFO root training epoch 11...
2020-11-11 06:26:58,204 INFO root training epoch 12...
2020-11-11 06:32:24,177 INFO root training epoch 13...
2020-11-11 06:37:50,693 INFO root training epoch 14...
2020-11-11 06:43:04,669 INFO root training epoch 15...
2020-11-11 06:48:27,776 INFO root training epoch 16...
2020-11-11 06:53:35,967 INFO root training epoch 17...
2020-11-11 06:58:58,095 INFO root training epoch 18...
2020-11-11 07:04:31,034 INFO root training epoch 19...
2020-11-11 07:09:49,659 INFO root training epoch 20...
2020-11-11 07:15:11,652 INFO __main__ GEN-COMB ball_within_template 4 || loading data for generative testing...
2020-11-11 07:15:22,946 INFO root Loaded dataset from data/all_tasks_test_64xy_1n with shape: torch.Size([100, 11, 64, 64])
2020-11-11 07:15:22,957 INFO __main__ GEN-COMB ball_within_template 4 || inspecting generative performance...
2020-11-11 07:15:29,434 INFO root Loading cache from /media/compute/homes/aharter/.cache/phyre/offline_simulation/100000/ball
2020-11-11 07:15:33,721 INFO __main__ GEN-COMB ball_cross_template 4 || loading data for generative training...
2020-11-11 07:17:30,492 INFO root Loaded dataset from data/all_tasks_train_64xy_10n with shape: torch.Size([19990, 11, 64, 64])
2020-11-11 07:17:30,734 INFO __main__ GEN-COMB ball_cross_template 4 || training 'generative' models...
2020-11-11 07:17:30,757 INFO root training epoch 1...
2020-11-11 07:22:25,513 INFO root training epoch 2...
2020-11-11 07:27:51,808 INFO root training epoch 3...
2020-11-11 07:33:24,507 INFO root training epoch 4...
2020-11-11 07:39:06,511 INFO root training epoch 5...
2020-11-11 07:44:38,419 INFO root training epoch 6...
2020-11-11 07:49:59,194 INFO root training epoch 7...
2020-11-11 07:54:54,618 INFO root training epoch 8...
2020-11-11 08:00:23,504 INFO root training epoch 9...
2020-11-11 08:05:26,878 INFO root training epoch 10...
2020-11-11 08:10:29,202 INFO root training epoch 11...
2020-11-11 08:15:46,407 INFO root training epoch 12...
2020-11-11 08:21:14,220 INFO root training epoch 13...
2020-11-11 08:26:22,678 INFO root training epoch 14...
2020-11-11 08:31:29,233 INFO root training epoch 15...
2020-11-11 08:36:58,600 INFO root training epoch 16...
2020-11-11 08:42:32,288 INFO root training epoch 17...
2020-11-11 08:48:07,104 INFO root training epoch 18...
2020-11-11 08:53:32,224 INFO root training epoch 19...
2020-11-11 08:59:01,042 INFO root training epoch 20...
2020-11-11 09:04:35,852 INFO __main__ GEN-COMB ball_cross_template 4 || loading data for generative testing...
2020-11-11 09:04:47,248 INFO root Loaded dataset from data/all_tasks_test_64xy_1n with shape: torch.Size([50, 11, 64, 64])
2020-11-11 09:04:47,262 INFO __main__ GEN-COMB ball_cross_template 4 || inspecting generative performance...
2020-11-11 09:04:50,967 INFO __main__ ['ball_within_template', 'ball_cross_template']
2020-11-11 09:04:59,292 INFO root Loading cache from /media/compute/homes/aharter/.cache/phyre/offline_simulation/100000/ball
2020-11-11 09:05:03,716 INFO __main__ GEN-COMB ball_within_template 5 || loading data for generative training...
2020-11-11 09:06:58,227 INFO root Loaded dataset from data/all_tasks_train_64xy_10n with shape: torch.Size([20000, 11, 64, 64])
2020-11-11 09:06:58,418 INFO __main__ GEN-COMB ball_within_template 5 || training 'generative' models...
2020-11-11 09:06:58,445 INFO root training epoch 1...
2020-11-11 09:12:30,643 INFO root training epoch 2...
2020-11-11 09:17:50,923 INFO root training epoch 3...
2020-11-11 09:23:10,961 INFO root training epoch 4...
2020-11-11 09:28:30,897 INFO root training epoch 5...
2020-11-11 09:33:52,112 INFO root training epoch 6...
2020-11-11 09:39:05,509 INFO root training epoch 7...
2020-11-11 09:44:29,626 INFO root training epoch 8...
2020-11-11 09:49:55,977 INFO root training epoch 9...
2020-11-11 09:55:34,157 INFO root training epoch 10...
2020-11-11 10:01:05,549 INFO root training epoch 11...
2020-11-11 10:06:27,362 INFO root training epoch 12...
2020-11-11 10:11:33,276 INFO root training epoch 13...
2020-11-11 10:16:48,710 INFO root training epoch 14...
2020-11-11 10:22:13,954 INFO root training epoch 15...
2020-11-11 10:27:42,284 INFO root training epoch 16...
2020-11-11 10:33:05,800 INFO root training epoch 17...
2020-11-11 10:38:37,177 INFO root training epoch 18...
2020-11-11 10:43:56,841 INFO root training epoch 19...
2020-11-11 10:49:24,787 INFO root training epoch 20...
2020-11-11 10:55:03,043 INFO __main__ GEN-COMB ball_within_template 5 || loading data for generative testing...
2020-11-11 10:55:14,120 INFO root Loaded dataset from data/all_tasks_test_64xy_1n with shape: torch.Size([100, 11, 64, 64])
2020-11-11 10:55:14,130 INFO __main__ GEN-COMB ball_within_template 5 || inspecting generative performance...
2020-11-11 10:55:21,507 INFO root Loading cache from /media/compute/homes/aharter/.cache/phyre/offline_simulation/100000/ball
2020-11-11 10:55:25,642 INFO __main__ GEN-COMB ball_cross_template 5 || loading data for generative training...
2020-11-11 10:57:20,205 INFO root Loaded dataset from data/all_tasks_train_64xy_10n with shape: torch.Size([19990, 11, 64, 64])
2020-11-11 10:57:20,492 INFO __main__ GEN-COMB ball_cross_template 5 || training 'generative' models...
2020-11-11 10:57:20,512 INFO root training epoch 1...
2020-11-11 11:02:17,486 INFO root training epoch 2...
2020-11-11 11:07:30,294 INFO root training epoch 3...
2020-11-11 11:12:48,256 INFO root training epoch 4...
2020-11-11 11:18:17,487 INFO root training epoch 5...
2020-11-11 11:23:31,128 INFO root training epoch 6...
2020-11-11 11:28:55,919 INFO root training epoch 7...
2020-11-11 11:34:20,837 INFO root training epoch 8...
2020-11-11 11:39:47,809 INFO root training epoch 9...
2020-11-11 11:45:02,914 INFO root training epoch 10...
2020-11-11 11:50:32,466 INFO root training epoch 11...
2020-11-11 11:55:32,213 INFO root training epoch 12...
2020-11-11 12:00:52,553 INFO root training epoch 13...
2020-11-11 12:06:20,389 INFO root training epoch 14...
2020-11-11 12:11:45,324 INFO root training epoch 15...
2020-11-11 12:16:38,248 INFO root training epoch 16...
2020-11-11 12:21:53,871 INFO root training epoch 17...
2020-11-11 12:27:06,581 INFO root training epoch 18...
2020-11-11 12:32:24,174 INFO root training epoch 19...
2020-11-11 12:37:50,256 INFO root training epoch 20...
2020-11-11 12:43:18,862 INFO __main__ GEN-COMB ball_cross_template 5 || loading data for generative testing...
2020-11-11 12:43:29,964 INFO root Loaded dataset from data/all_tasks_test_64xy_1n with shape: torch.Size([50, 11, 64, 64])
2020-11-11 12:43:29,970 INFO __main__ GEN-COMB ball_cross_template 5 || inspecting generative performance...
2020-11-11 12:43:32,908 INFO __main__ ['ball_within_template', 'ball_cross_template']
2020-11-11 12:43:37,373 INFO root Loading cache from /media/compute/homes/aharter/.cache/phyre/offline_simulation/100000/ball
2020-11-11 12:43:41,747 INFO __main__ GEN-COMB ball_within_template 6 || loading data for generative training...
2020-11-11 12:45:43,064 INFO root Loaded dataset from data/all_tasks_train_64xy_10n with shape: torch.Size([19990, 11, 64, 64])
2020-11-11 12:45:43,214 INFO __main__ GEN-COMB ball_within_template 6 || training 'generative' models...
2020-11-11 12:45:43,253 INFO root training epoch 1...
2020-11-11 12:50:20,552 INFO root training epoch 2...
2020-11-11 12:55:04,000 INFO root training epoch 3...
2020-11-11 13:15:38,167 INFO root Loading cache from /media/compute/homes/aharter/.cache/phyre/offline_simulation/100000/ball
2020-11-11 13:15:42,522 INFO __main__ GEN-COMB ball_within_template 0 || loading data for generative training...
2020-11-11 13:17:53,676 INFO root Loaded dataset from data/all_tasks_train_64xy_10n with shape: torch.Size([19990, 11, 64, 64])
2020-11-11 13:17:53,960 INFO __main__ GEN-COMB ball_within_template 0 || training 'generative' models...
2020-11-11 13:17:53,997 INFO root training epoch 1...
2020-11-11 13:27:41,135 INFO root Loading cache from /media/compute/homes/aharter/.cache/phyre/offline_simulation/100000/ball
2020-11-11 13:27:45,877 INFO __main__ GEN-COMB ball_within_template 6 || loading data for generative training...
2020-11-11 13:30:00,116 INFO root Loaded dataset from data/all_tasks_train_64xy_10n with shape: torch.Size([19990, 11, 64, 64])
2020-11-11 13:30:00,313 INFO __main__ GEN-COMB ball_within_template 6 || training 'generative' models...
2020-11-11 13:30:00,342 INFO root training epoch 1...
2020-11-11 13:37:49,568 INFO root training epoch 2...
2020-11-11 13:46:16,518 INFO root training epoch 3...
2020-11-11 13:54:06,358 INFO root training epoch 4...
2020-11-11 14:01:51,837 INFO root training epoch 5...
2020-11-11 14:09:03,789 INFO root training epoch 6...
2020-11-11 14:15:19,558 INFO root training epoch 7...
2020-11-11 14:19:48,452 INFO root training epoch 8...
2020-11-11 14:21:23,984 INFO root Loading cache from /media/compute/homes/aharter/.cache/phyre/offline_simulation/100000/ball
2020-11-11 14:21:28,753 INFO __main__ GEN-COMB ball_within_template 6 || loading data for generative training...
2020-11-11 14:23:25,811 INFO root Loaded dataset from data/all_tasks_train_64xy_10n with shape: torch.Size([19990, 11, 64, 64])
2020-11-11 14:23:25,949 INFO __main__ GEN-COMB ball_within_template 6 || training 'generative' models...
2020-11-11 14:23:34,502 INFO root training epoch 1...
2020-11-11 14:24:04,411 INFO root training epoch 2...
2020-11-11 14:24:12,258 INFO root training epoch 9...
2020-11-11 14:24:57,156 INFO root training epoch 4...
2020-11-11 14:25:18,553 INFO root training epoch 5...
2020-11-11 14:25:50,887 INFO root training epoch 6...
2020-11-11 14:26:20,278 INFO root training epoch 7...
2020-11-11 14:26:49,435 INFO root training epoch 8...
2020-11-11 14:27:18,522 INFO root training epoch 9...
2020-11-11 14:27:48,332 INFO root training epoch 10...
2020-11-11 14:28:14,886 INFO root training epoch 11...
2020-11-11 14:28:41,379 INFO root training epoch 12...
2020-11-11 14:29:14,132 INFO root training epoch 13...
2020-11-11 14:29:44,727 INFO root training epoch 14...
2020-11-11 14:30:17,032 INFO root training epoch 15...
2020-11-11 14:30:46,082 INFO root training epoch 16...
2020-11-11 14:31:15,035 INFO root training epoch 17...
2020-11-11 14:31:44,230 INFO root training epoch 18...
2020-11-11 14:32:12,451 INFO root training epoch 19...
2020-11-11 14:32:39,144 INFO root training epoch 20...
2020-11-11 14:33:12,103 INFO __main__ GEN-COMB ball_within_template 6 || loading data for generative testing...
2020-11-11 14:33:23,319 INFO root Loaded dataset from data/all_tasks_test_64xy_1n with shape: torch.Size([100, 11, 64, 64])
2020-11-11 14:33:23,328 INFO __main__ GEN-COMB ball_within_template 6 || inspecting generative performance...
2020-11-11 14:33:28,500 INFO root Loading cache from /media/compute/homes/aharter/.cache/phyre/offline_simulation/100000/ball
2020-11-11 14:33:32,590 INFO __main__ GEN-COMB ball_cross_template 6 || loading data for generative training...
2020-11-11 14:35:30,932 INFO root Loaded dataset from data/all_tasks_train_64xy_10n with shape: torch.Size([19990, 11, 64, 64])
2020-11-11 14:35:31,094 INFO __main__ GEN-COMB ball_cross_template 6 || training 'generative' models...
2020-11-11 14:35:31,117 INFO root training epoch 1...
2020-11-11 14:35:53,263 INFO root training epoch 2...
2020-11-11 14:36:14,761 INFO root training epoch 3...
2020-11-11 14:36:39,396 INFO root training epoch 4...
2020-11-11 14:37:09,568 INFO root training epoch 5...
2020-11-11 14:37:36,390 INFO root training epoch 6...
2020-11-11 14:38:08,365 INFO root training epoch 7...
2020-11-11 14:38:38,272 INFO root training epoch 8...
2020-11-11 14:39:08,050 INFO root training epoch 9...
2020-11-11 14:39:34,673 INFO root training epoch 10...
2020-11-11 14:40:01,171 INFO root training epoch 11...
2020-11-11 14:40:27,687 INFO root training epoch 12...
2020-11-11 14:40:54,360 INFO root training epoch 13...
2020-11-11 14:41:20,870 INFO root training epoch 14...
2020-11-11 14:41:47,408 INFO root training epoch 15...
2020-11-11 14:42:15,240 INFO root training epoch 16...
2020-11-11 14:42:41,766 INFO root training epoch 17...
2020-11-11 14:43:08,270 INFO root training epoch 18...
2020-11-11 14:43:34,702 INFO root training epoch 19...
2020-11-11 14:44:01,149 INFO root training epoch 20...
2020-11-11 14:44:33,718 INFO __main__ GEN-COMB ball_cross_template 6 || loading data for generative testing...
2020-11-11 14:44:44,940 INFO root Loaded dataset from data/all_tasks_test_64xy_1n with shape: torch.Size([50, 11, 64, 64])
2020-11-11 14:44:44,946 INFO __main__ GEN-COMB ball_cross_template 6 || inspecting generative performance...
2020-11-11 14:44:47,737 INFO __main__ ['ball_within_template', 'ball_cross_template']
2020-11-11 14:44:54,490 INFO root Loading cache from /media/compute/homes/aharter/.cache/phyre/offline_simulation/100000/ball
2020-11-11 14:44:58,891 INFO __main__ GEN-COMB ball_within_template 7 || loading data for generative training...
2020-11-11 14:46:55,716 INFO root Loaded dataset from data/all_tasks_train_64xy_10n with shape: torch.Size([19990, 11, 64, 64])
2020-11-11 14:46:55,902 INFO __main__ GEN-COMB ball_within_template 7 || training 'generative' models...
2020-11-11 14:46:57,701 INFO root training epoch 1...
2020-11-11 14:47:27,318 INFO root training epoch 2...
2020-11-11 14:47:58,083 INFO root training epoch 3...
2020-11-11 14:48:25,888 INFO root training epoch 4...
2020-11-11 14:48:54,962 INFO root training epoch 5...
2020-11-11 14:49:22,048 INFO root training epoch 6...
2020-11-11 14:49:49,056 INFO root training epoch 7...
2020-11-11 14:50:16,082 INFO root training epoch 8...
2020-11-11 14:50:43,188 INFO root training epoch 9...
2020-11-11 14:51:10,156 INFO root training epoch 10...
2020-11-11 14:51:37,223 INFO root training epoch 11...
2020-11-11 14:52:08,072 INFO root training epoch 12...
2020-11-11 14:52:38,734 INFO root training epoch 13...
2020-11-11 14:53:05,888 INFO root training epoch 14...
2020-11-11 14:53:36,562 INFO root training epoch 15...
2020-11-11 14:54:07,169 INFO root training epoch 16...
2020-11-11 14:54:37,687 INFO root training epoch 17...
2020-11-11 14:55:08,399 INFO root training epoch 18...
2020-11-11 14:55:39,007 INFO root training epoch 19...
2020-11-11 14:56:09,726 INFO root training epoch 20...
2020-11-11 14:56:43,320 INFO __main__ GEN-COMB ball_within_template 7 || loading data for generative testing...
2020-11-11 14:56:54,452 INFO root Loaded dataset from data/all_tasks_test_64xy_1n with shape: torch.Size([100, 11, 64, 64])
2020-11-11 14:56:54,459 INFO __main__ GEN-COMB ball_within_template 7 || inspecting generative performance...
2020-11-11 14:57:01,078 INFO root Loading cache from /media/compute/homes/aharter/.cache/phyre/offline_simulation/100000/ball
2020-11-11 14:57:05,183 INFO __main__ GEN-COMB ball_cross_template 7 || loading data for generative training...
2020-11-11 14:59:03,919 INFO root Loaded dataset from data/all_tasks_train_64xy_10n with shape: torch.Size([19990, 11, 64, 64])
2020-11-11 14:59:04,050 INFO __main__ GEN-COMB ball_cross_template 7 || training 'generative' models...
2020-11-11 14:59:04,070 INFO root training epoch 1...
2020-11-11 14:59:34,789 INFO root training epoch 2...
2020-11-11 14:59:58,010 INFO root training epoch 3...
2020-11-11 15:00:19,742 INFO root training epoch 4...
2020-11-11 15:00:47,363 INFO root training epoch 5...
2020-11-11 15:01:08,961 INFO root training epoch 6...
2020-11-11 15:01:30,499 INFO root training epoch 7...
2020-11-11 15:01:52,005 INFO root training epoch 8...
2020-11-11 15:02:13,536 INFO root training epoch 9...
2020-11-11 15:02:35,403 INFO root training epoch 10...
2020-11-11 15:03:05,728 INFO root training epoch 11...
2020-11-11 15:03:32,456 INFO root training epoch 12...
2020-11-11 15:04:03,119 INFO root training epoch 13...
2020-11-11 15:04:29,965 INFO root training epoch 14...
2020-11-11 15:04:58,507 INFO root training epoch 15...
2020-11-11 15:05:28,611 INFO root training epoch 16...
2020-11-11 15:05:59,345 INFO root training epoch 17...
2020-11-11 15:06:29,853 INFO root training epoch 18...
2020-11-11 15:07:00,378 INFO root training epoch 19...
2020-11-11 15:07:31,452 INFO root training epoch 20...
2020-11-11 15:08:02,818 INFO __main__ GEN-COMB ball_cross_template 7 || loading data for generative testing...
2020-11-11 15:08:14,124 INFO root Loaded dataset from data/all_tasks_test_64xy_1n with shape: torch.Size([50, 11, 64, 64])
2020-11-11 15:08:14,132 INFO __main__ GEN-COMB ball_cross_template 7 || inspecting generative performance...
2020-11-11 15:08:16,912 INFO __main__ ['ball_within_template', 'ball_cross_template']
2020-11-11 15:08:23,296 INFO root Loading cache from /media/compute/homes/aharter/.cache/phyre/offline_simulation/100000/ball
2020-11-11 15:08:28,166 INFO __main__ GEN-COMB ball_within_template 8 || loading data for generative training...
2020-11-11 15:10:25,184 INFO root Loaded dataset from data/all_tasks_train_64xy_10n with shape: torch.Size([19990, 11, 64, 64])
2020-11-11 15:10:25,363 INFO __main__ GEN-COMB ball_within_template 8 || training 'generative' models...
2020-11-11 15:10:27,103 INFO root training epoch 1...
2020-11-11 15:10:53,057 INFO root training epoch 2...
2020-11-11 15:11:20,193 INFO root training epoch 3...
2020-11-11 15:11:47,207 INFO root training epoch 4...
2020-11-11 15:12:14,154 INFO root training epoch 5...
2020-11-11 15:12:41,477 INFO root training epoch 6...
2020-11-11 15:13:07,846 INFO root training epoch 7...
2020-11-11 15:13:34,215 INFO root training epoch 8...
2020-11-11 15:14:00,544 INFO root training epoch 9...
2020-11-11 15:14:26,844 INFO root training epoch 10...
2020-11-11 15:14:53,628 INFO root training epoch 11...
2020-11-11 15:15:23,182 INFO root training epoch 12...
2020-11-11 15:15:49,467 INFO root training epoch 13...
2020-11-11 15:16:15,736 INFO root training epoch 14...
2020-11-11 15:16:39,758 INFO root training epoch 15...
2020-11-11 15:17:04,985 INFO root training epoch 16...
2020-11-11 15:17:34,952 INFO root training epoch 17...
2020-11-11 15:18:08,019 INFO root training epoch 18...
2020-11-11 15:18:36,008 INFO root training epoch 19...
2020-11-11 15:19:05,656 INFO root training epoch 20...
2020-11-11 15:19:34,637 INFO __main__ GEN-COMB ball_within_template 8 || loading data for generative testing...
2020-11-11 15:19:45,928 INFO root Loaded dataset from data/all_tasks_test_64xy_1n with shape: torch.Size([100, 11, 64, 64])
2020-11-11 15:19:45,935 INFO __main__ GEN-COMB ball_within_template 8 || inspecting generative performance...
2020-11-11 15:19:51,208 INFO root Loading cache from /media/compute/homes/aharter/.cache/phyre/offline_simulation/100000/ball
2020-11-11 15:19:55,282 INFO __main__ GEN-COMB ball_cross_template 8 || loading data for generative training...
2020-11-11 15:21:55,083 INFO root Loaded dataset from data/all_tasks_train_64xy_10n with shape: torch.Size([20000, 11, 64, 64])
2020-11-11 15:21:55,214 INFO __main__ GEN-COMB ball_cross_template 8 || training 'generative' models...
2020-11-11 15:21:55,256 INFO root training epoch 1...
2020-11-11 15:22:25,197 INFO root training epoch 2...
2020-11-11 15:22:55,242 INFO root training epoch 3...
2020-11-11 15:23:28,398 INFO root training epoch 4...
2020-11-11 15:23:57,149 INFO root training epoch 5...
2020-11-11 15:24:25,853 INFO root training epoch 6...
2020-11-11 15:24:54,509 INFO root training epoch 7...
2020-11-11 15:25:23,821 INFO root training epoch 8...
2020-11-11 15:25:55,760 INFO root training epoch 9...
2020-11-11 15:26:27,403 INFO root training epoch 10...
2020-11-11 15:27:01,304 INFO root training epoch 11...
2020-11-11 15:27:32,170 INFO root training epoch 12...
2020-11-11 15:28:04,388 INFO root training epoch 13...
2020-11-11 15:28:34,754 INFO root training epoch 14...
2020-11-11 15:29:01,572 INFO root training epoch 15...
2020-11-11 15:29:32,990 INFO root training epoch 16...
2020-11-11 15:30:06,018 INFO root training epoch 17...
2020-11-11 15:30:35,700 INFO root training epoch 18...
2020-11-11 15:31:04,334 INFO root training epoch 19...
2020-11-11 15:31:34,682 INFO root training epoch 20...
2020-11-11 15:32:04,258 INFO __main__ GEN-COMB ball_cross_template 8 || loading data for generative testing...
2020-11-11 15:32:15,612 INFO root Loaded dataset from data/all_tasks_test_64xy_1n with shape: torch.Size([50, 11, 64, 64])
2020-11-11 15:32:15,620 INFO __main__ GEN-COMB ball_cross_template 8 || inspecting generative performance...
2020-11-11 15:32:18,343 INFO __main__ ['ball_within_template', 'ball_cross_template']
2020-11-11 15:32:24,557 INFO root Loading cache from /media/compute/homes/aharter/.cache/phyre/offline_simulation/100000/ball
2020-11-11 15:32:28,848 INFO __main__ GEN-COMB ball_within_template 9 || loading data for generative training...
2020-11-11 15:34:29,597 INFO root Loaded dataset from data/all_tasks_train_64xy_10n with shape: torch.Size([19990, 11, 64, 64])
2020-11-11 15:34:29,729 INFO __main__ GEN-COMB ball_within_template 9 || training 'generative' models...
2020-11-11 15:34:31,489 INFO root training epoch 1...
2020-11-11 15:35:00,298 INFO root training epoch 2...
2020-11-11 15:35:21,616 INFO root training epoch 3...
2020-11-11 15:35:42,819 INFO root training epoch 4...
2020-11-11 15:36:10,990 INFO root training epoch 5...
2020-11-11 15:36:41,434 INFO root training epoch 6...
2020-11-11 15:37:08,473 INFO root training epoch 7...
2020-11-11 15:37:29,296 INFO root training epoch 8...
2020-11-11 15:37:50,086 INFO root training epoch 9...
2020-11-11 15:38:10,979 INFO root training epoch 10...
2020-11-11 15:38:37,759 INFO root training epoch 11...
2020-11-11 15:38:58,573 INFO root training epoch 12...
2020-11-11 15:39:27,717 INFO root training epoch 13...
2020-11-11 15:39:54,910 INFO root training epoch 14...
2020-11-11 15:40:24,469 INFO root training epoch 15...
2020-11-11 15:40:54,344 INFO root training epoch 16...
2020-11-11 15:41:23,817 INFO root training epoch 17...
2020-11-11 15:41:49,963 INFO root training epoch 18...
2020-11-11 15:42:17,613 INFO root training epoch 19...
2020-11-11 15:42:46,246 INFO root training epoch 20...
2020-11-11 15:43:18,539 INFO __main__ GEN-COMB ball_within_template 9 || loading data for generative testing...
2020-11-11 15:43:29,901 INFO root Loaded dataset from data/all_tasks_test_64xy_1n with shape: torch.Size([100, 11, 64, 64])
2020-11-11 15:43:29,907 INFO __main__ GEN-COMB ball_within_template 9 || inspecting generative performance...
2020-11-11 15:43:35,533 INFO root Loading cache from /media/compute/homes/aharter/.cache/phyre/offline_simulation/100000/ball
2020-11-11 15:43:40,584 INFO __main__ GEN-COMB ball_cross_template 9 || loading data for generative training...
2020-11-11 15:45:41,621 INFO root Loaded dataset from data/all_tasks_train_64xy_10n with shape: torch.Size([19990, 11, 64, 64])
2020-11-11 15:45:41,757 INFO __main__ GEN-COMB ball_cross_template 9 || training 'generative' models...
2020-11-11 15:45:41,784 INFO root training epoch 1...
2020-11-11 15:46:11,761 INFO root training epoch 2...
2020-11-11 15:46:38,103 INFO root training epoch 3...
2020-11-11 15:47:07,164 INFO root training epoch 4...
2020-11-11 15:47:33,428 INFO root training epoch 5...
2020-11-11 15:48:00,718 INFO root training epoch 6...
2020-11-11 15:48:26,864 INFO root training epoch 7...
2020-11-11 15:48:55,813 INFO root training epoch 8...
2020-11-11 15:49:21,993 INFO root training epoch 9...
2020-11-11 15:49:48,771 INFO root training epoch 10...
2020-11-11 15:50:09,854 INFO root training epoch 11...
2020-11-11 15:50:36,039 INFO root training epoch 12...
2020-11-11 15:51:05,117 INFO root training epoch 13...
2020-11-11 15:51:31,282 INFO root training epoch 14...
2020-11-11 15:52:01,007 INFO root training epoch 15...
2020-11-11 15:52:24,671 INFO root training epoch 16...
2020-11-11 15:52:45,519 INFO root training epoch 17...
2020-11-11 15:53:06,451 INFO root training epoch 18...
2020-11-11 15:53:36,166 INFO root training epoch 19...
2020-11-11 15:54:05,396 INFO root training epoch 20...
2020-11-11 15:54:35,725 INFO __main__ GEN-COMB ball_cross_template 9 || loading data for generative testing...
2020-11-11 15:54:47,608 INFO root Loaded dataset from data/all_tasks_test_64xy_1n with shape: torch.Size([50, 11, 64, 64])
2020-11-11 15:54:47,613 INFO __main__ GEN-COMB ball_cross_template 9 || inspecting generative performance...
2020-11-11 15:54:50,427 INFO __main__ ['ball_within_template', 'ball_cross_template']
2020-11-11 20:52:21,383 INFO root Loading cache from /media/compute/homes/aharter/.cache/phyre/offline_simulation/100000/ball
2020-11-11 20:52:26,087 INFO __main__ GEN-COMB ball_within_template 1 || loading data for generative training...
2020-11-11 20:54:34,979 INFO root Loaded dataset from data/all_tasks_train_64xy_10n with shape: torch.Size([19990, 11, 64, 64])
2020-11-11 20:54:35,166 INFO __main__ GEN-COMB ball_within_template 1 || training 'generative' models...
2020-11-11 20:54:35,202 INFO root training epoch 1...
2020-11-11 20:59:36,917 INFO root training epoch 2...
2020-11-11 21:04:49,530 INFO root training epoch 3...
2020-11-11 21:09:57,460 INFO root training epoch 4...
2020-11-11 21:15:07,272 INFO root training epoch 5...
2020-11-11 21:19:42,155 INFO root training epoch 6...
2020-11-11 21:24:15,271 INFO root training epoch 7...
2020-11-11 21:28:41,011 INFO root training epoch 8...
2020-11-11 21:33:14,472 INFO root training epoch 9...
2020-11-11 21:37:46,398 INFO root training epoch 10...
2020-11-11 21:42:14,506 INFO root training epoch 11...
2020-11-11 21:46:52,083 INFO root training epoch 12...
2020-11-11 21:52:10,036 INFO root training epoch 13...
2020-11-11 21:57:29,405 INFO root training epoch 14...
2020-11-11 22:02:37,234 INFO root training epoch 15...
2020-11-11 22:04:39,987 INFO root Loading cache from /media/compute/homes/aharter/.cache/phyre/offline_simulation/100000/ball
2020-11-11 22:04:44,795 INFO __main__ GEN-COMB ball_within_template 1 || loading data for generative training...
2020-11-11 22:06:39,749 INFO root Loaded dataset from data/all_tasks_train_64xy_10n with shape: torch.Size([19990, 11, 64, 64])
2020-11-11 22:06:39,887 INFO __main__ GEN-COMB ball_within_template 1 || training 'generative' models...
2020-11-11 22:06:41,693 INFO root training epoch 1...
2020-11-11 22:07:13,642 INFO root training epoch 2...
2020-11-11 22:07:45,368 INFO root training epoch 16...
2020-11-11 22:08:19,233 INFO root training epoch 4...
2020-11-11 22:08:49,254 INFO root training epoch 5...
2020-11-11 22:09:19,265 INFO root training epoch 6...
2020-11-11 22:09:49,248 INFO root training epoch 7...
2020-11-11 22:10:20,346 INFO root training epoch 8...
2020-11-11 22:10:50,353 INFO root training epoch 9...
2020-11-11 22:11:20,393 INFO root training epoch 10...
2020-11-11 22:11:50,409 INFO root training epoch 11...
2020-11-11 22:12:20,473 INFO root training epoch 12...
2020-11-11 22:12:48,001 INFO root training epoch 13...
2020-11-11 22:12:55,590 INFO root training epoch 17...
2020-11-11 22:13:43,527 INFO root training epoch 15...
2020-11-11 22:14:10,997 INFO root training epoch 16...
2020-11-11 22:14:38,653 INFO root training epoch 17...
2020-11-11 22:15:06,253 INFO root training epoch 18...
2020-11-11 22:15:33,911 INFO root training epoch 19...
2020-11-11 22:16:01,550 INFO root training epoch 20...
2020-11-11 22:16:29,027 INFO root training epoch 21...
2020-11-11 22:17:23,564 INFO root training epoch 18...
2020-11-11 22:17:23,939 INFO root training epoch 23...
2020-11-11 22:17:51,244 INFO root training epoch 24...
2020-11-11 22:18:18,861 INFO root training epoch 25...
2020-11-11 22:18:46,234 INFO root training epoch 26...
2020-11-11 22:19:13,602 INFO root training epoch 27...
2020-11-11 22:19:41,108 INFO root training epoch 28...
2020-11-11 22:20:08,497 INFO root training epoch 29...
2020-11-11 22:20:36,007 INFO root training epoch 30...
2020-11-11 22:21:09,207 INFO __main__ GEN-COMB ball_within_template 1 || loading data for generative testing...
2020-11-11 22:21:20,441 INFO root Loaded dataset from data/all_tasks_test_64xy_1n with shape: torch.Size([100, 11, 64, 64])
2020-11-11 22:21:20,451 INFO __main__ GEN-COMB ball_within_template 1 || inspecting generative performance...
2020-11-11 22:21:26,147 INFO root Loading cache from /media/compute/homes/aharter/.cache/phyre/offline_simulation/100000/ball
2020-11-11 22:21:30,217 INFO __main__ GEN-COMB ball_cross_template 1 || loading data for generative training...
2020-11-11 22:21:45,485 INFO root training epoch 19...
                                                                                                                                                                                                                                                                                                                                                                                                                                                                                                                                                                            2020-11-11 22:26:08,334 INFO root training epoch 20...
                                                                                                                                                                                                                                                                                                                                                                                                                                                                                                                                                                   2020-11-11 22:30:32,798 INFO root training epoch 21...
                                                                                                                                                                                                                                                                                                                                                                                                                                                                                                                                                                                                                             2020-11-11 22:34:52,172 INFO root training epoch 22...
                                                                                                                                                                                                                                                                                                                                                                                                                                                                                                                                                                                                                                                                                                                                                                                                                                                                                                                                                                                                                                                                                                                                                                                                                   2020-11-11 22:39:47,375 INFO root training epoch 23...
                                                                                                                                                                                                                                                                                                                                                                                                                                                                                                            2020-11-11 22:44:59,225 INFO root training epoch 24...
2020-11-11 22:45:21,352 INFO root training epoch 17...
2020-11-11 22:45:51,452 INFO root training epoch 18...
2020-11-11 22:46:21,433 INFO root training epoch 19...
2020-11-11 22:46:51,608 INFO root training epoch 20...
2020-11-11 22:47:21,773 INFO root training epoch 21...
2020-11-11 22:47:51,865 INFO root training epoch 22...
2020-11-11 22:48:21,886 INFO root training epoch 23...
2020-11-11 22:48:51,906 INFO root training epoch 24...
2020-11-11 22:49:22,091 INFO root training epoch 25...
2020-11-11 22:49:48,531 INFO root training epoch 26...
2020-11-11 22:50:05,113 INFO root training epoch 25...
2020-11-11 22:50:46,998 INFO root training epoch 28...
2020-11-11 22:51:13,466 INFO root training epoch 29...
2020-11-11 22:51:43,820 INFO root training epoch 30...
2020-11-11 22:52:09,171 INFO __main__ GEN-COMB ball_within_template 2 || loading data for generative testing...
2020-11-11 22:52:20,238 INFO root Loaded dataset from data/all_tasks_test_64xy_1n with shape: torch.Size([100, 11, 64, 64])
2020-11-11 22:52:20,248 INFO __main__ GEN-COMB ball_within_template 2 || inspecting generative performance...
2020-11-11 22:52:26,249 INFO root Loading cache from /media/compute/homes/aharter/.cache/phyre/offline_simulation/100000/ball
2020-11-11 22:52:30,478 INFO __main__ GEN-COMB ball_cross_template 2 || loading data for generative training...
2020-11-11 22:54:26,053 INFO root Loaded dataset from data/all_tasks_train_64xy_10n with shape: torch.Size([19990, 11, 64, 64])
2020-11-11 22:54:26,183 INFO __main__ GEN-COMB ball_cross_template 2 || training 'generative' models...
2020-11-11 22:54:26,203 INFO root training epoch 1...
2020-11-11 22:54:51,444 INFO root training epoch 2...
2020-11-11 22:55:16,454 INFO root training epoch 26...2020-11-11 22:55:36,222 INFO root training epoch 4...
2020-11-11 22:55:57,518 INFO root training epoch 5...
2020-11-11 22:56:25,921 INFO root training epoch 6...
2020-11-11 22:56:52,519 INFO root training epoch 7...
2020-11-11 22:57:22,616 INFO root training epoch 8...
2020-11-11 22:57:52,357 INFO root training epoch 9...
2020-11-11 22:58:22,384 INFO root training epoch 10...
2020-11-11 22:58:52,441 INFO root training epoch 11...
2020-11-11 22:59:22,456 INFO root training epoch 12...
2020-11-11 22:59:49,396 INFO root training epoch 13...
2020-11-11 23:00:17,663 INFO root training epoch 14...
2020-11-11 23:00:37,071 INFO root training epoch 27...
2020-11-11 23:01:15,715 INFO root training epoch 16...
2020-11-11 23:01:39,562 INFO root training epoch 17...
2020-11-11 23:02:00,892 INFO root training epoch 18...
2020-11-11 23:02:22,235 INFO root training epoch 19...
2020-11-11 23:02:43,652 INFO root training epoch 20...
2020-11-11 23:03:11,884 INFO root training epoch 21...
2020-11-11 23:03:42,096 INFO root training epoch 22...
2020-11-11 23:04:08,635 INFO root training epoch 23...
2020-11-11 23:04:38,776 INFO root training epoch 24...
2020-11-11 23:05:05,315 INFO root training epoch 25...
2020-11-11 23:05:35,454 INFO root training epoch 26...
2020-11-11 23:05:44,942 INFO root training epoch 28...
2020-11-11 23:06:17,905 INFO root training epoch 28...
2020-11-11 23:06:44,435 INFO root training epoch 29...
2020-11-11 23:07:10,984 INFO root training epoch 30...
2020-11-11 23:07:46,396 INFO __main__ GEN-COMB ball_cross_template 2 || loading data for generative testing...
2020-11-11 23:07:57,569 INFO root Loaded dataset from data/all_tasks_test_64xy_1n with shape: torch.Size([50, 11, 64, 64])
2020-11-11 23:07:57,578 INFO __main__ GEN-COMB ball_cross_template 2 || inspecting generative performance...
2020-11-11 23:08:00,468 INFO __main__ ['ball_within_template', 'ball_cross_template']
2020-11-11 23:08:09,716 INFO root Loading cache from /media/compute/homes/aharter/.cache/phyre/offline_simulation/100000/ball
2020-11-11 23:08:14,127 INFO __main__ GEN-COMB ball_within_template 3 || loading data for generative training...
2020-11-11 23:10:09,633 INFO root Loaded dataset from data/all_tasks_train_64xy_10n with shape: torch.Size([19990, 11, 64, 64])
2020-11-11 23:10:09,765 INFO __main__ GEN-COMB ball_within_template 3 || training 'generative' models...
2020-11-11 23:10:11,514 INFO root training epoch 1...
2020-11-11 23:10:37,586 INFO root training epoch 2...
2020-11-11 23:10:54,669 INFO root training epoch 29...
2020-11-11 23:11:33,165 INFO root training epoch 4...
2020-11-11 23:11:55,855 INFO root training epoch 5...
2020-11-11 23:12:18,509 INFO root training epoch 6...
2020-11-11 23:12:41,532 INFO root training epoch 7...
2020-11-11 23:13:04,159 INFO root training epoch 8...
2020-11-11 23:13:27,450 INFO root training epoch 9...
2020-11-11 23:13:50,737 INFO root training epoch 10...
2020-11-11 23:14:13,804 INFO root training epoch 11...
2020-11-11 23:14:36,562 INFO root training epoch 12...
2020-11-11 23:14:59,158 INFO root training epoch 13...
2020-11-11 23:15:21,691 INFO root training epoch 14...
2020-11-11 23:16:10,277 INFO root training epoch 30...
2020-11-11 23:16:19,074 INFO root training epoch 16...
2020-11-11 23:16:41,674 INFO root training epoch 17...
2020-11-11 23:17:04,314 INFO root training epoch 18...
2020-11-11 23:17:26,997 INFO root training epoch 19...
2020-11-11 23:17:49,979 INFO root training epoch 20...
2020-11-11 23:18:21,486 INFO root training epoch 21...
2020-11-11 23:18:52,891 INFO root training epoch 22...
2020-11-11 23:19:23,689 INFO root training epoch 23...
2020-11-11 23:19:55,434 INFO root training epoch 24...
2020-11-11 23:20:26,293 INFO root training epoch 25...
2020-11-11 23:21:18,979 INFO __main__ GEN-COMB ball_within_template 1 || loading data for generative testing..2020-11-11 23:21:43,913 INFO root training epoch 28...
 data/all_tasks_test_64xy_1n with shape: torch.Size([100, 11, 64, 64])
2020-11-11 23:21:31,437 INFO __main__ GEN-COMB ball_within_template 1 || inspecting generative performance...
2020-11-11 23:21:37,714 INFO root Loading cache from /media/compute/homes/aharter/.cache/phyre/offline_simulation/100000/ball
2020-11-11 23:21:42,040 INFO __main__ GEN-COMB ball_cross_template 1 || loading data for generative training...
2020-11-11 23:22:12,495 INFO root training epoch 29...
2020-11-11 23:22:34,890 INFO root training epoch 30...
2020-11-11 23:23:07,887 INFO __main__ GEN-COMB ball_within_template 3 || loading data for generative testing...
2020-11-11 23:23:19,064 INFO root Loaded dataset from data/all_tasks_test_64xy_1n with shape: torch.Size([100, 11, 64, 64])
2020-11-11 23:23:19,072 INFO __main__ GEN-COMB ball_within_template 3 || inspecting generative performance...
2020-11-11 23:23:25,052 INFO root Loading cache from /media/compute/homes/aharter/.cache/phyre/offline_simulation/100000/ball
2020-11-11 23:23:51,284 INFO root Loaded dataset from data/all_tasks_train_64xy_10n with shape: torch.Size([19990, 11, 64, 64])
2020-11-11 23:23:51,517 INFO __main__ GEN-COMB ball_cross_template 1 || training 'generative' models...
2020-11-11 23:23:51,540 INFO root training epoch 1...
2020-11-11 23:25:23,741 INFO root Loaded dataset from data/all_tasks_train_64xy_10n with shape: torch.Size([20000, 11, 64, 64])
2020-11-11 23:25:23,873 INFO __main__ GEN-COMB ball_cross_template 3 || training 'generative' models...
2020-11-11 23:25:23,899 INFO root training epoch 1...
2020-11-11 23:25:54,699 INFO root training epoch 2...
2020-11-11 23:26:24,309 INFO root training epoch 3...
2020-11-11 23:26:48,832 INFO root training epoch 4...
2020-11-11 23:27:11,628 INFO root training epoch 5...
2020-11-11 23:27:34,768 INFO root training epoch 6...
2020-11-11 23:28:03,670 INFO root training epoch 7...
2020-11-11 23:28:26,801 INFO root training epoch 8...
2020-11-11 23:28:41,645 INFO root training epoch 2...
2020-11-11 23:29:12,928 INFO root training epoch 10...
2020-11-11 23:29:36,041 INFO root training epoch 11...
2020-11-11 23:29:59,416 INFO root training epoch 12...
2020-11-11 23:30:22,449 INFO root training epoch 13...
2020-11-11 23:30:50,196 INFO root training epoch 14...
2020-11-11 23:31:13,814 INFO root training epoch 15...
2020-11-11 23:31:42,312 INFO root training epoch 16...
2020-11-11 23:32:05,871 INFO root training epoch 17...
2020-11-11 23:32:33,502 INFO root training epoch 18...
2020-11-11 23:33:01,061 INFO root training epoch 19...
2020-11-11 23:33:08,429 INFO root training epoch 3...

2020-11-11 23:34:00,222 INFO root training epoch 21...
2020-11-11 23:34:31,516 INFO root training epoch 22...
2020-11-11 23:35:02,795 INFO root training epoch 23...
2020-11-11 23:35:30,578 INFO root training epoch 24...
2020-11-11 23:36:01,881 INFO root training epoch 25...
2020-11-11 23:36:33,546 INFO root training epoch 26...
2020-11-11 23:37:05,157 INFO root training epoch 27...
2020-11-11 23:37:39,784 INFO root training epoch 4...

2020-11-11 23:38:04,254 INFO root training epoch 29...
2020-11-11 23:38:35,676 INFO root training epoch 30...
2020-11-11 23:39:11,932 INFO __main__ GEN-COMB ball_cross_template 3 || loading data for generative testing...
2020-11-11 23:39:23,110 INFO root Loaded dataset from data/all_tasks_test_64xy_1n with shape: torch.Size([50, 11, 64, 64])
2020-11-11 23:39:23,118 INFO __main__ GEN-COMB ball_cross_template 3 || inspecting generative performance...
2020-11-11 23:39:26,148 INFO __main__ ['ball_within_template', 'ball_cross_template']
2020-11-11 23:39:34,862 INFO root Loading cache from /media/compute/homes/aharter/.cache/phyre/offline_simulation/100000/ball
2020-11-11 23:39:39,337 INFO __main__ GEN-COMB ball_within_template 4 || loading data for generative training...
2020-11-11 23:41:34,757 INFO root Loaded dataset from data/all_tasks_train_64xy_10n with shape: torch.Size([19990, 11, 64, 64])
2020-11-11 23:41:34,888 INFO __main__ GEN-COMB ball_within_template 4 || training 'generative' models...
2020-11-11 23:41:36,636 INFO root training epoch 1...
2020-11-11 23:42:06,122 INFO root training epoch 5...
2020-11-11 23:42:36,596 INFO root training epoch 3...
2020-11-11 23:43:06,804 INFO root training epoch 4...
2020-11-11 23:43:35,636 INFO root training epoch 5...
2020-11-11 23:44:06,841 INFO root training epoch 6...
2020-11-11 23:44:34,799 INFO root training epoch 7...
2020-11-11 23:45:02,137 INFO root training epoch 8...
2020-11-11 23:45:32,139 INFO root training epoch 9...
2020-11-11 23:45:54,696 INFO root training epoch 10...
2020-11-11 23:46:32,862 INFO root training epoch 6...

2020-11-11 23:46:39,298 INFO root training epoch 12...
2020-11-11 23:47:07,670 INFO root training epoch 13...
2020-11-11 23:47:35,979 INFO root training epoch 14...
2020-11-11 23:48:04,329 INFO root training epoch 15...
2020-11-11 23:48:32,673 INFO root training epoch 16...
2020-11-11 23:49:00,992 INFO root training epoch 17...
2020-11-11 23:49:29,345 INFO root training epoch 18...
2020-11-11 23:49:57,677 INFO root training epoch 19...
2020-11-11 23:50:25,965 INFO root training epoch 20...
2020-11-11 23:50:54,012 INFO root training epoch 7...

2020-11-11 23:51:22,086 INFO root training epoch 22...
2020-11-11 23:51:44,140 INFO root training epoch 23...
2020-11-11 23:52:12,292 INFO root training epoch 24...
2020-11-11 23:52:36,935 INFO root training epoch 25...
2020-11-11 23:52:59,172 INFO root training epoch 26...
2020-11-11 23:53:23,503 INFO root training epoch 27...
2020-11-11 23:53:54,525 INFO root training epoch 28...
2020-11-11 23:54:21,602 INFO root training epoch 29...
2020-11-11 23:54:48,685 INFO root training epoch 30...
2020-11-11 23:55:20,012 INFO __main__ GEN-COMB ball_within_template 4 || loading data for generative testing...
2020-11-11 23:55:26,613 INFO root training epoch 8...
data/all_tasks_test_64xy_1n with shape: torch.Size([100, 11, 64, 64])
2020-11-11 23:55:31,224 INFO __main__ GEN-COMB ball_within_template 4 || inspecting generative performance...
2020-11-11 23:55:36,833 INFO root Loading cache from /media/compute/homes/aharter/.cache/phyre/offline_simulation/100000/ball
2020-11-11 23:55:40,904 INFO __main__ GEN-COMB ball_cross_template 4 || loading data for generative training...
2020-11-11 23:57:34,579 INFO root Loaded dataset from data/all_tasks_train_64xy_10n with shape: torch.Size([19990, 11, 64, 64])
2020-11-11 23:57:34,713 INFO __main__ GEN-COMB ball_cross_template 4 || training 'generative' models...
2020-11-11 23:57:34,744 INFO root training epoch 1...
2020-11-11 23:58:02,211 INFO root training epoch 2...
2020-11-11 23:58:31,810 INFO root training epoch 3...
2020-11-11 23:59:02,793 INFO root training epoch 4...
2020-11-11 23:59:32,368 INFO root training epoch 5...
2020-11-11 23:59:48,426 INFO root training epoch 9...
2020-11-12 00:00:33,486 INFO root training epoch 7...
2020-11-12 00:01:04,568 INFO root training epoch 8...
2020-11-12 00:01:34,136 INFO root training epoch 9...
2020-11-12 00:02:04,385 INFO root training epoch 10...
2020-11-12 00:02:35,543 INFO root training epoch 11...
2020-11-12 00:03:06,302 INFO root training epoch 12...
2020-11-12 00:03:37,553 INFO root training epoch 13...
2020-11-12 00:04:11,737 INFO root training epoch 10...
2020-11-12 00:04:35,724 INFO root training epoch 15...
2020-11-12 00:05:06,650 INFO root training epoch 16...
2020-11-12 00:05:37,565 INFO root training epoch 17...
2020-11-12 00:06:04,687 INFO root training epoch 18...
2020-11-12 00:06:35,674 INFO root training epoch 19...
2020-11-12 00:07:06,660 INFO root training epoch 20...
2020-11-12 00:07:37,714 INFO root training epoch 21...
2020-11-12 00:08:08,491 INFO root training epoch 22...
2020-11-12 00:08:37,690 INFO root training epoch 11...
2020-11-12 00:09:10,721 INFO root training epoch 24...
2020-11-12 00:09:37,613 INFO root training epoch 25...
2020-11-12 00:10:06,929 INFO root training epoch 26...
2020-11-12 00:10:35,322 INFO root training epoch 27...
2020-11-12 00:11:05,969 INFO root training epoch 28...
2020-11-12 00:11:36,823 INFO root training epoch 29...
2020-11-12 00:12:07,684 INFO root training epoch 30...
2020-11-12 00:12:40,730 INFO __main__ GEN-COMB ball_cross_template 4 || loading data for generative testing...
2020-11-12 00:12:51,789 INFO root Loaded dataset from data/all_tasks_test_64xy_1n with shape: torch.Size([50, 11, 64, 64])
2020-11-12 00:12:51,799 INFO __main__ GEN-COMB ball_cross_template 4 || inspecting generative performance...
2020-11-12 00:12:54,817 INFO __main__ ['ball_within_template', 'ball_cross_template']
2020-11-12 00:13:03,642 INFO root Loading cache from /media/compute/homes/aharter/.cache/phyre/offline_simulation/100000/ball
2020-11-12 00:13:08,111 INFO __main__ GEN-COMB ball_within_template 5 || loading data for generative training...
2020-11-12 00:15:03,267 INFO root Loaded dataset from data/all_tasks_train_64xy_10n with shape: torch.Size([20000, 11, 64, 64])
2020-11-12 00:15:03,400 INFO __main__ GEN-COMB ball_within_template 5 || training 'generative' models...
2020-11-12 00:15:05,139 INFO root training epoch 1...
2020-11-12 00:15:33,358 INFO root training epoch 2...
2020-11-12 00:16:00,917 INFO root training epoch 3...
2020-11-12 00:16:28,476 INFO root training epoch 4...
2020-11-12 00:16:55,885 INFO root training epoch 5...
2020-11-12 00:17:19,932 INFO root training epoch 13...2020-11-12 00:17:50,739 INFO root training epoch 7...
2020-11-12 00:18:18,166 INFO root training epoch 8...
2020-11-12 00:18:48,958 INFO root training epoch 9...
2020-11-12 00:19:19,815 INFO root training epoch 10...
2020-11-12 00:19:47,180 INFO root training epoch 11...
2020-11-12 00:20:14,598 INFO root training epoch 12...
2020-11-12 00:20:41,853 INFO root training epoch 13...
2020-11-12 00:21:12,616 INFO root training epoch 14...
2020-11-12 00:21:48,966 INFO root training epoch 14...
2020-11-12 00:22:10,707 INFO root training epoch 16...
2020-11-12 00:22:41,461 INFO root training epoch 17...
2020-11-12 00:23:12,187 INFO root training epoch 18...
2020-11-12 00:23:41,439 INFO root training epoch 19...
2020-11-12 00:24:09,399 INFO root training epoch 20...
2020-11-12 00:24:31,443 INFO root training epoch 21...
2020-11-12 00:24:53,130 INFO root training epoch 22...
2020-11-12 00:25:14,789 INFO root training epoch 23...
2020-11-12 00:25:38,998 INFO root training epoch 24...
2020-11-12 00:26:14,417 INFO root training epoch 15...
2020-11-12 00:26:38,895 INFO root training epoch 26...
2020-11-12 00:27:09,525 INFO root training epoch 27...
2020-11-12 00:27:40,145 INFO root training epoch 28...
2020-11-12 00:28:10,709 INFO root training epoch 29...
2020-11-12 00:28:41,335 INFO root training epoch 30...
2020-11-12 00:29:15,975 INFO __main__ GEN-COMB ball_within_template 5 || loading data for generative testing...
2020-11-12 00:29:27,938 INFO root Loaded dataset from data/all_tasks_test_64xy_1n with shape: torch.Size([100, 11, 64, 64])
2020-11-12 00:29:27,948 INFO __main__ GEN-COMB ball_within_template 5 || inspecting generative performance...
2020-11-12 00:29:34,345 INFO root Loading cache from /media/compute/homes/aharter/.cache/phyre/offline_simulation/100000/ball
2020-11-12 00:29:38,430 INFO __main__ GEN-COMB ball_cross_template 5 || loading data for generative training...
2020-11-12 00:30:36,069 INFO root training epoch 16...
2020-11-12 00:31:32,905 INFO root Loaded dataset from data/all_tasks_train_64xy_10n with shape: torch.Size([19990, 11, 64, 64])
2020-11-12 00:31:33,037 INFO __main__ GEN-COMB ball_cross_template 5 || training 'generative' models...
2020-11-12 00:31:33,064 INFO root training epoch 1...
2020-11-12 00:32:03,019 INFO root training epoch 2...
2020-11-12 00:32:30,464 INFO root training epoch 3...
2020-11-12 00:32:57,822 INFO root training epoch 4...
2020-11-12 00:33:25,119 INFO root training epoch 5...
2020-11-12 00:33:52,418 INFO root training epoch 6...
2020-11-12 00:34:23,032 INFO root training epoch 7...
2020-11-12 00:35:01,183 INFO root training epoch 17...2020-11-12 00:35:20,901 INFO root training epoch 9...
2020-11-12 00:35:48,146 INFO root training epoch 10...
2020-11-12 00:36:15,371 INFO root training epoch 11...
2020-11-12 00:36:42,591 INFO root training epoch 12...
2020-11-12 00:37:11,938 INFO root training epoch 13...
2020-11-12 00:37:42,644 INFO root training epoch 14...
2020-11-12 00:38:13,324 INFO root training epoch 15...
2020-11-12 00:38:41,991 INFO root training epoch 16...
2020-11-12 00:39:09,914 INFO root training epoch 17...
2020-11-12 00:39:24,880 INFO root training epoch 18...
2020-11-12 00:40:08,488 INFO root training epoch 19...
2020-11-12 00:40:38,118 INFO root training epoch 20...
2020-11-12 00:41:08,695 INFO root training epoch 21...
2020-11-12 00:41:39,195 INFO root training epoch 22...
2020-11-12 00:42:09,612 INFO root training epoch 23...
2020-11-12 00:42:40,141 INFO root training epoch 24...
2020-11-12 00:43:10,646 INFO root training epoch 25...
2020-11-12 00:43:47,192 INFO root training epoch 19...
2020-11-12 00:44:11,779 INFO root training epoch 27...
2020-11-12 00:44:42,409 INFO root training epoch 28...
2020-11-12 00:45:09,598 INFO root training epoch 29...
2020-11-12 00:45:40,157 INFO root training epoch 30...
2020-11-12 00:46:14,853 INFO __main__ GEN-COMB ball_cross_template 5 || loading data for generative testing...
2020-11-12 00:46:26,264 INFO root Loaded dataset from data/all_tasks_test_64xy_1n with shape: torch.Size([50, 11, 64, 64])
2020-11-12 00:46:26,272 INFO __main__ GEN-COMB ball_cross_template 5 || inspecting generative performance...
2020-11-12 00:46:29,228 INFO __main__ ['ball_within_template', 'ball_cross_template']
2020-11-12 00:46:37,959 INFO root Loading cache from /media/compute/homes/aharter/.cache/phyre/offline_simulation/100000/ball
2020-11-12 00:46:42,386 INFO __main__ GEN-COMB ball_within_template 6 || loading data for generative training...
2020-11-12 00:48:37,403 INFO root Loaded dataset from data/all_tasks_train_64xy_10n with shape: torch.Size([19990, 11, 64, 64])
2020-11-12 00:48:37,535 INFO __main__ GEN-COMB ball_within_template 6 || training 'generative' models...
2020-11-12 00:48:39,332 INFO root training epoch 1...
2020-11-12 00:49:11,817 INFO root training epoch 2...
2020-11-12 00:49:44,235 INFO root training epoch 3...
2020-11-12 00:50:13,765 INFO root training epoch 4...
2020-11-12 00:50:43,258 INFO root training epoch 5...
2020-11-12 00:51:14,461 INFO root training epoch 6...
2020-11-12 00:51:41,581 INFO root training epoch 7...
2020-11-12 00:52:04,046 INFO root training epoch 8...
2020-11-12 00:52:35,345 INFO root training epoch 21...2020-11-12 00:52:49,827 INFO root training epoch 10...
2020-11-12 00:53:12,304 INFO root training epoch 11...
2020-11-12 00:53:34,442 INFO root training epoch 12...
2020-11-12 00:53:56,629 INFO root training epoch 13...
2020-11-12 00:54:18,917 INFO root training epoch 14...
2020-11-12 00:54:41,317 INFO root training epoch 15...
2020-11-12 00:55:03,705 INFO root training epoch 16...
2020-11-12 00:55:26,020 INFO root training epoch 17...
2020-11-12 00:55:48,428 INFO root training epoch 18...
2020-11-12 00:56:10,814 INFO root training epoch 19...
2020-11-12 00:56:33,252 INFO root training epoch 20...
2020-11-12 00:56:59,238 INFO root training epoch 22...
                                                                                                                                                                                                                                                                                                                                                                                                                                                                                                                                                                                                                                                                                                                                                                                                                                                                                                                                                                                                                                                                                                                       2020-11-12 01:01:26,414 INFO root training epoch 23...
                                                                                                                                                                                                                                                                                                                                                                                                                                                                                                                                                                                                                                  2020-11-12 01:05:50,459 INFO root training epoch 24...
                                                                                                                                                                                                                                                                                                                                                                                                                                                                                                             2020-11-12 01:10:11,852 INFO root training epoch 25...
                                                                                                                                                                                                                                                                                                                                                                                                 2020-11-12 01:14:39,340 INFO root training epoch 26...
                                                                                                                                                                                                                                                                                                                                                                                                                                                                                                                                                                                                                                                                                                                                                                                                                                                                                                                        2020-11-12 01:19:25,610 INFO root Loaded dataset from data/all_tasks_train_64xy_10n with shape: torch.Size([19990, 11, 64, 64])
2020-11-12 01:19:25,743 INFO __main__ GEN-COMB ball_within_template 7 || training 'generative' models...
2020-11-12 01:19:27,531 INFO root training epoch 1...
2020-11-12 01:19:57,567 INFO root training epoch 2...
2020-11-12 01:20:27,210 INFO root training epoch 3...
2020-11-12 01:20:56,593 INFO root training epoch 4...
2020-11-12 01:21:25,373 INFO root training epoch 5...
2020-11-12 01:21:52,735 INFO root training epoch 6...
2020-11-12 01:22:20,924 INFO root training epoch 7...
2020-11-12 01:22:49,558 INFO root training epoch 8...
2020-11-12 01:23:26,114 INFO root training epoch 28...2020-11-12 01:23:36,598 INFO root training epoch 10...
2020-11-12 01:23:58,066 INFO root training epoch 11...
2020-11-12 01:24:19,646 INFO root training epoch 12...
2020-11-12 01:24:41,122 INFO root training epoch 13...
2020-11-12 01:25:05,875 INFO root training epoch 14...
2020-11-12 01:25:35,258 INFO root training epoch 15...
2020-11-12 01:26:04,703 INFO root training epoch 16...
2020-11-12 01:26:34,124 INFO root training epoch 17...
2020-11-12 01:27:03,519 INFO root training epoch 18...
2020-11-12 01:27:32,771 INFO root training epoch 19...
2020-11-12 01:27:51,960 INFO root training epoch 29...
2020-11-12 01:28:26,091 INFO root training epoch 21...
2020-11-12 01:28:55,563 INFO root training epoch 22...
2020-11-12 01:29:22,022 INFO root training epoch 23...
2020-11-12 01:29:52,453 INFO root training epoch 24...
2020-11-12 01:30:22,478 INFO root training epoch 25...
2020-11-12 01:30:52,355 INFO root training epoch 26...
2020-11-12 01:31:22,445 INFO root training epoch 27...
2020-11-12 01:31:48,942 INFO root training epoch 28...
2020-11-12 01:32:14,784 INFO root training epoch 30...
2020-11-12 01:32:41,891 INFO root training epoch 30...
2020-11-12 01:33:12,326 INFO __main__ GEN-COMB ball_within_template 7 || loading data for generative testing...
2020-11-12 01:33:23,528 INFO root Loaded dataset from data/all_tasks_test_64xy_1n with shape: torch.Size([100, 11, 64, 64])
2020-11-12 01:33:23,538 INFO __main__ GEN-COMB ball_within_template 7 || inspecting generative performance...
2020-11-12 01:33:28,904 INFO root Loading cache from /media/compute/homes/aharter/.cache/phyre/offline_simulation/100000/ball
2020-11-12 01:33:33,222 INFO __main__ GEN-COMB ball_cross_template 7 || loading data for generative training...
2020-11-12 01:35:27,232 INFO root Loaded dataset from data/all_tasks_train_64xy_10n with shape: torch.Size([19990, 11, 64, 64])
2020-11-12 01:35:27,365 INFO __main__ GEN-COMB ball_cross_template 7 || training 'generative' models...
2020-11-12 01:35:27,387 INFO root training epoch 1...
2020-11-12 01:35:54,420 INFO root training epoch 2...
2020-11-12 01:36:21,263 INFO root training epoch 3...
2020-11-12 01:36:58,454 INFO __main__ GEN-COMB ball_cr2020-11-12 01:37:14,684 INFO root training epoch 5...
..
2020-11-12 01:37:11,522 INFO root Loaded dataset from data/all_tasks_test_64xy_1n with shape: torch.Size([50, 11, 64, 64])
2020-11-12 01:37:11,531 INFO __main__ GEN-COMB ball_cross_template 1 || inspecting generative performance...
2020-11-12 01:37:14,874 INFO __main__ ['ball_within_template', 'ball_cross_template']
2020-11-12 01:37:20,273 INFO root Loading cache from /media/compute/homes/aharter/.cache/phyre/offline_simulation/100000/ball
2020-11-12 01:37:25,006 INFO __main__ GEN-COMB ball_within_template 2 || loading data for generative training...
2020-11-12 01:37:41,481 INFO root training epoch 6...
2020-11-12 01:38:12,463 INFO root training epoch 7...
2020-11-12 01:38:41,349 INFO root training epoch 8...
2020-11-12 01:39:29,964 INFO root Loaded dataset from data/all_tasks_train_64xy_10n with shape: torch.Size([22020-11-12 01:40:04,455 INFO root training epoch 11...
_ GEN-COMB ball_within_template 2 || training 'generative' models...
2020-11-12 01:39:30,158 INFO root training epoch 1...
2020-11-12 01:40:31,046 INFO root training epoch 12...
2020-11-12 01:40:57,605 INFO root training epoch 13...
2020-11-12 01:41:24,206 INFO root training epoch 14...
2020-11-12 01:41:50,712 INFO root training epoch 15...
2020-11-12 01:42:20,268 INFO root training epoch 16...
2020-11-12 01:42:46,826 INFO root training epoch 17...
2020-11-12 01:43:13,469 INFO root training epoch 18...
2020-11-12 01:43:39,905 INFO root training epoch 19...
2020-11-12 01:44:06,504 INFO root training epoch 20...
2020-11-12 01:44:33,002 INFO root training epoch 21...
2020-11-12 01:44:59,350 INFO root training epoch 22...
2020-11-12 01:45:18,902 INFO root training epoch 2...

2020-11-12 01:45:52,122 INFO root training epoch 24...
2020-11-12 01:46:26,057 INFO root training epoch 25...
2020-11-12 01:46:55,988 INFO root training epoch 26...
2020-11-12 01:47:22,327 INFO root training epoch 27...
2020-11-12 01:47:48,690 INFO root training epoch 28...
2020-11-12 01:48:15,102 INFO root training epoch 29...
2020-11-12 01:48:41,418 INFO root training epoch 30...
2020-11-12 01:49:11,566 INFO __main__ GEN-COMB ball_cross_template 7 || loading data for generative testing...
2020-11-12 01:49:22,750 INFO root Loaded dataset from data/all_tasks_test_64xy_1n with shape: torch.Size([50, 11, 64, 64])
2020-11-12 01:49:22,757 INFO __main__ GEN-COMB ball_cross_template 7 || inspecting generative performance...
2020-11-12 01:49:25,552 INFO __main__ ['ball_within_template', 'ball_cross_template']
2020-11-12 01:49:34,240 INFO root Loading cache from /media/compute/homes/aharter/.cache/phyre/offline_simulation/100000/ball
2020-11-12 01:49:38,831 INFO __main__ GEN-COMB ball_within_template 8 || loading data for generative training...
2020-11-12 01:51:25,429 INFO root training epoch 3...
2020-11-12 01:51:58,484 INFO root Loaded dataset from data/all_tasks_train_64xy_10n with shape: torch.Size([19990, 11, 64, 64])
2020-11-12 01:51:58,616 INFO __main__ GEN-COMB ball_within_template 8 || training 'generative' models...
2020-11-12 01:52:00,361 INFO root training epoch 1...
2020-11-12 01:52:23,214 INFO root training epoch 2...
2020-11-12 01:52:49,912 INFO root training epoch 3...
2020-11-12 01:53:16,490 INFO root training epoch 4...
2020-11-12 01:53:43,015 INFO root training epoch 5...
2020-11-12 01:54:09,418 INFO root training epoch 6...
2020-11-12 01:54:39,408 INFO root training epoch 7...
2020-11-12 01:55:05,877 INFO root training epoch 8...
2020-11-12 01:55:32,398 INFO root training epoch 9...
2020-11-12 01:55:58,827 INFO root training epoch 10...
2020-11-12 01:56:25,280 INFO root training epoch 11...
2020-11-12 01:56:51,709 INFO root training epoch 12...
2020-11-12 01:57:21,549 INFO root training epoch 13...
2020-11-12 01:57:57,544 INFO root training epoch 4...

2020-11-12 01:58:14,288 INFO root training epoch 15...
2020-11-12 01:58:44,287 INFO root training epoch 16...
2020-11-12 01:59:14,387 INFO root training epoch 17...
2020-11-12 01:59:40,839 INFO root training epoch 18...
2020-11-12 02:00:10,908 INFO root training epoch 19...
2020-11-12 02:00:41,082 INFO root training epoch 20...
2020-11-12 02:01:11,188 INFO root training epoch 21...
2020-11-12 02:01:41,160 INFO root training epoch 22...
2020-11-12 02:02:07,518 INFO root training epoch 23...
2020-11-12 02:02:37,289 INFO root training epoch 24...
2020-11-12 02:03:03,550 INFO root training epoch 25...
2020-11-12 02:03:33,251 INFO root training epoch 26...
2020-11-12 02:04:02,957 INFO root training epoch 27...
2020-11-12 02:04:29,226 INFO root training epoch 28...
2020-11-12 02:04:59,024 INFO root training epoch 29...
2020-11-12 02:05:28,802 INFO root training epoch 30...
2020-11-12 02:05:52,156 INFO root training epoch 5...
thin_template 8 || loading data for generative testing...
2020-11-12 02:06:16,113 INFO root Loaded dataset from data/all_tasks_test_64xy_1n with shape: torch.Size([100, 11, 64, 64])
2020-11-12 02:06:16,121 INFO __main__ GEN-COMB ball_within_template 8 || inspecting generative performance...
2020-11-12 02:06:22,545 INFO root Loading cache from /media/compute/homes/aharter/.cache/phyre/offline_simulation/100000/ball
2020-11-12 02:06:27,231 INFO __main__ GEN-COMB ball_cross_template 8 || loading data for generative training...
2020-11-12 02:08:45,607 INFO root Loaded dataset from data/all_tasks_train_64xy_10n with shape: torch.Size([20000, 11, 64, 64])
2020-11-12 02:08:45,739 INFO __main__ GEN-COMB ball_cross_template 8 || training 'generative' models...
2020-11-12 02:08:45,762 INFO root training epoch 1...
2020-11-12 02:09:16,300 INFO root training epoch 2...
2020-11-12 02:09:46,266 INFO root training epoch 3...
2020-11-12 02:10:10,263 INFO root training epoch 4...
2020-11-12 02:10:35,439 INFO root training epoch 5...
2020-11-12 02:11:05,745 INFO root training epoch 6...
2020-11-12 02:11:35,917 INFO root training epoch 7...
2020-11-12 02:12:05,931 INFO root training epoch 8...
2020-11-12 02:12:35,910 INFO root training epoch 9...
2020-11-12 02:13:05,945 INFO root training epoch 10...
2020-11-12 02:13:32,527 INFO root training epoch 11...
2020-11-12 02:14:01,386 INFO root training epoch 6...

2020-11-12 02:14:32,480 INFO root training epoch 13...
2020-11-12 02:15:02,391 INFO root training epoch 14...
2020-11-12 02:15:32,390 INFO root training epoch 15...
2020-11-12 02:16:02,386 INFO root training epoch 16...
2020-11-12 02:16:32,436 INFO root training epoch 17...
2020-11-12 02:17:02,375 INFO root training epoch 18...
2020-11-12 02:17:28,941 INFO root training epoch 19...
2020-11-12 02:17:58,883 INFO root training epoch 20...
2020-11-12 02:18:28,871 INFO root training epoch 21...
2020-11-12 02:18:55,344 INFO root training epoch 22...
2020-11-12 02:19:21,817 INFO root training epoch 23...
2020-11-12 02:19:48,577 INFO root training epoch 24...
2020-11-12 02:20:15,007 INFO root training epoch 25...
2020-11-12 02:20:41,550 INFO root training epoch 26...
2020-11-12 02:21:11,366 INFO root training epoch 27...
2020-11-12 02:21:41,146 INFO root training epoch 28...
2020-11-12 02:22:07,152 INFO root training epoch 7...

2020-11-12 02:22:37,812 INFO root training epoch 30...
2020-11-12 02:23:11,638 INFO __main__ GEN-COMB ball_cross_template 8 || loading data for generative testing...
2020-11-12 02:23:25,190 INFO root Loaded dataset from data/all_tasks_test_64xy_1n with shape: torch.Size([50, 11, 64, 64])
2020-11-12 02:23:25,198 INFO __main__ GEN-COMB ball_cross_template 8 || inspecting generative performance...
2020-11-12 02:23:27,994 INFO __main__ ['ball_within_template', 'ball_cross_template']
2020-11-12 02:23:37,189 INFO root Loading cache from /media/compute/homes/aharter/.cache/phyre/offline_simulation/100000/ball
2020-11-12 02:23:42,083 INFO __main__ GEN-COMB ball_within_template 9 || loading data for generative training...
2020-11-12 02:25:36,402 INFO root Loaded dataset from data/all_tasks_train_64xy_10n with shape: torch.Size([19990, 11, 64, 64])
2020-11-12 02:25:36,533 INFO __main__ GEN-COMB ball_within_template 9 || training 'generative' models...
2020-11-12 02:25:38,277 INFO root training epoch 1...
2020-11-12 02:26:07,896 INFO root training epoch 2...
2020-11-12 02:26:43,628 INFO root training epoch 3...
2020-11-12 02:27:13,533 INFO root training epoch 4...
2020-11-12 02:27:43,384 INFO root training epoch 5...
2020-11-12 02:28:13,165 INFO root training epoch 6...
2020-11-12 02:28:42,941 INFO root training epoch 7...
2020-11-12 02:29:10,363 INFO root training epoch 8...
2020-11-12 02:29:37,772 INFO root training epoch 9...
2020-11-12 02:29:59,586 INFO root training epoch 10...
2020-11-12 02:30:17,557 INFO root training epoch 8...

2020-11-12 02:30:43,275 INFO root training epoch 12...
2020-11-12 02:31:05,160 INFO root training epoch 13...
2020-11-12 02:31:27,068 INFO root training epoch 14...
2020-11-12 02:31:48,906 INFO root training epoch 15...
2020-11-12 02:32:10,723 INFO root training epoch 16...
2020-11-12 02:32:32,578 INFO root training epoch 17...
2020-11-12 02:32:54,409 INFO root training epoch 18...
2020-11-12 02:33:16,242 INFO root training epoch 19...
2020-11-12 02:33:38,063 INFO root training epoch 20...
2020-11-12 02:33:59,884 INFO root training epoch 21...
2020-11-12 02:34:21,744 INFO root training epoch 22...
2020-11-12 02:34:43,463 INFO root training epoch 23...
2020-11-12 02:35:05,206 INFO root training epoch 24...
2020-11-12 02:35:27,020 INFO root training epoch 25...
2020-11-12 02:35:48,805 INFO root training epoch 26...
2020-11-12 02:36:10,554 INFO root training epoch 27...
2020-11-12 02:36:32,391 INFO root training epoch 28...
2020-11-12 02:36:54,233 INFO root training epoch 29...
2020-11-12 02:37:16,076 INFO root training epoch 30...
2020-11-12 02:37:42,020 INFO __main__ GEN-COMB ball_within_template 9 || loading data for generative testing...
2020-11-12 02:37:53,338 INFO root Loaded dataset from data/all_tasks_test_64xy_1n with shape: torch.Size([100, 11, 64, 64])
2020-11-12 02:37:53,346 INFO __main__ GEN-COMB ball_within_template 9 || inspecting generative performance...
2020-11-12 02:38:23,079 INFO root training epoch 9...
media/compute/homes/aharter/.cache/phyre/offline_simulation/100000/ball
2020-11-12 02:38:03,248 INFO __main__ GEN-COMB ball_cross_template 9 || loading data for generative training...
2020-11-12 02:39:56,828 INFO root Loaded dataset from data/all_tasks_train_64xy_10n with shape: torch.Size([19990, 11, 64, 64])
2020-11-12 02:39:56,961 INFO __main__ GEN-COMB ball_cross_template 9 || training 'generative' models...
2020-11-12 02:39:56,980 INFO root training epoch 1...
2020-11-12 02:40:19,154 INFO root training epoch 2...
2020-11-12 02:40:41,121 INFO root training epoch 3...
2020-11-12 02:41:02,974 INFO root training epoch 4...
2020-11-12 02:41:24,824 INFO root training epoch 5...
2020-11-12 02:41:46,688 INFO root training epoch 6...
2020-11-12 02:42:08,561 INFO root training epoch 7...
2020-11-12 02:42:30,422 INFO root training epoch 8...
2020-11-12 02:42:52,273 INFO root training epoch 9...
2020-11-12 02:43:14,141 INFO root training epoch 10...
2020-11-12 02:43:35,960 INFO root training epoch 11...
2020-11-12 02:43:57,839 INFO root training epoch 12...
2020-11-12 02:44:19,628 INFO root training epoch 13...
2020-11-12 02:44:41,427 INFO root training epoch 14...
2020-11-12 02:45:03,360 INFO root training epoch 15...
2020-11-12 02:45:25,135 INFO root training epoch 16...
2020-11-12 02:45:46,967 INFO root training epoch 17...
2020-11-12 02:46:25,676 INFO root training epoch 10...
2020-11-12 02:46:32,577 INFO root training epoch 19...
2020-11-12 02:47:00,987 INFO root training epoch 20...
2020-11-12 02:47:29,597 INFO root training epoch 21...
2020-11-12 02:47:51,262 INFO root training epoch 22...
2020-11-12 02:48:12,944 INFO root training epoch 23...
2020-11-12 02:48:34,603 INFO root training epoch 24...
2020-11-12 02:48:56,310 INFO root training epoch 25...
2020-11-12 02:49:17,996 INFO root training epoch 26...
2020-11-12 02:49:39,745 INFO root training epoch 27...
2020-11-12 02:50:01,453 INFO root training epoch 28...
2020-11-12 02:50:23,182 INFO root training epoch 29...
2020-11-12 02:50:44,841 INFO root training epoch 30...
2020-11-12 02:51:10,618 INFO __main__ GEN-COMB ball_cross_template 9 || loading data for generative testing...
2020-11-12 02:51:21,778 INFO root Loaded dataset from data/all_tasks_test_64xy_1n with shape: torch.Size([50, 11, 64, 64])
2020-11-12 02:51:21,787 INFO __main__ GEN-COMB ball_cross_template 9 || inspecting generative performance...
2020-11-12 02:51:24,786 INFO __main__ ['ball_within_template', 'ball_cross_template']
2020-11-12 02:54:48,124 INFO root training epoch 11...
2020-11-12 03:02:01,665 INFO root training epoch 12...
2020-11-12 03:08:20,517 INFO root training epoch 13...
2020-11-12 03:15:19,283 INFO root training epoch 14...
2020-11-12 03:23:06,892 INFO root training epoch 15...
2020-11-12 03:30:56,348 INFO root training epoch 16...
2020-11-12 03:38:17,427 INFO root training epoch 17...
2020-11-12 03:45:51,574 INFO root training epoch 18...
2020-11-12 03:53:19,952 INFO root training epoch 19...
2020-11-12 04:01:41,512 INFO root training epoch 20...
2020-11-12 04:09:38,611 INFO root training epoch 21...
2020-11-12 04:17:55,823 INFO root training epoch 22...
2020-11-12 04:25:39,133 INFO root training epoch 23...
2020-11-12 04:33:46,391 INFO root training epoch 24...
2020-11-12 04:41:51,744 INFO root training epoch 25...
2020-11-12 04:49:53,432 INFO root training epoch 26...
2020-11-12 04:57:41,449 INFO root training epoch 27...
2020-11-12 05:04:42,341 INFO root training epoch 28...
2020-11-12 05:11:03,957 INFO root training epoch 29...
2020-11-12 05:17:26,359 INFO root training epoch 30...
2020-11-12 05:23:47,448 INFO __main__ GEN-COMB ball_within_template 2 || loading data for generative testing...
2020-11-12 05:23:59,873 INFO root Loaded dataset from data/all_tasks_test_64xy_1n with shape: torch.Size([100, 11, 64, 64])
2020-11-12 05:23:59,884 INFO __main__ GEN-COMB ball_within_template 2 || inspecting generative performance...
2020-11-12 05:24:06,773 INFO root Loading cache from /media/compute/homes/aharter/.cache/phyre/offline_simulation/100000/ball
2020-11-12 05:24:10,985 INFO __main__ GEN-COMB ball_cross_template 2 || loading data for generative training...
2020-11-12 05:26:12,330 INFO root Loaded dataset from data/all_tasks_train_64xy_10n with shape: torch.Size([19990, 11, 64, 64])
2020-11-12 05:26:12,571 INFO __main__ GEN-COMB ball_cross_template 2 || training 'generative' models...
2020-11-12 05:26:12,592 INFO root training epoch 1...
2020-11-12 05:33:45,265 INFO root training epoch 2...
2020-11-12 05:40:53,098 INFO root training epoch 3...
2020-11-12 05:48:23,623 INFO root training epoch 4...
2020-11-12 05:56:10,727 INFO root training epoch 5...
2020-11-12 06:03:37,299 INFO root training epoch 6...
2020-11-12 06:11:12,020 INFO root training epoch 7...
2020-11-12 06:19:18,544 INFO root training epoch 8...
2020-11-12 06:26:51,230 INFO root training epoch 9...
2020-11-12 06:33:59,622 INFO root training epoch 10...
2020-11-12 06:40:25,923 INFO root training epoch 11...
2020-11-12 06:46:37,073 INFO root training epoch 12...
2020-11-12 06:53:08,520 INFO root training epoch 13...
2020-11-12 06:59:16,690 INFO root training epoch 14...
2020-11-12 07:05:38,222 INFO root training epoch 15...
2020-11-12 07:12:07,387 INFO root training epoch 16...
2020-11-12 07:18:30,666 INFO root training epoch 17...
2020-11-12 07:24:50,760 INFO root training epoch 18...
2020-11-12 07:31:13,394 INFO root training epoch 19...
2020-11-12 07:37:30,463 INFO root training epoch 20...
2020-11-12 07:43:48,528 INFO root training epoch 21...
2020-11-12 07:50:08,314 INFO root training epoch 22...
2020-11-12 07:56:30,192 INFO root training epoch 23...
2020-11-12 08:02:49,044 INFO root training epoch 24...
2020-11-12 08:09:13,559 INFO root training epoch 25...
2020-11-12 08:15:27,362 INFO root training epoch 26...
2020-11-12 08:21:33,410 INFO root training epoch 27...
2020-11-12 08:27:49,994 INFO root training epoch 28...
2020-11-12 08:34:10,076 INFO root training epoch 29...
2020-11-12 08:39:47,027 INFO root training epoch 30...
2020-11-12 08:48:36,719 INFO __main__ GEN-COMB ball_cross_template 2 || loading data for generative testing...
2020-11-12 08:48:48,433 INFO root Loaded dataset from data/all_tasks_test_64xy_1n with shape: torch.Size([50, 11, 64, 64])
2020-11-12 08:48:48,442 INFO __main__ GEN-COMB ball_cross_template 2 || inspecting generative performance...
2020-11-12 08:48:52,481 INFO __main__ ['ball_within_template', 'ball_cross_template']
2020-11-12 08:48:57,671 INFO root Loading cache from /media/compute/homes/aharter/.cache/phyre/offline_simulation/100000/ball
2020-11-12 08:49:01,984 INFO __main__ GEN-COMB ball_within_template 3 || loading data for generative training...
2020-11-12 08:50:59,922 INFO root Loaded dataset from data/all_tasks_train_64xy_10n with shape: torch.Size([19990, 11, 64, 64])
2020-11-12 08:51:00,087 INFO __main__ GEN-COMB ball_within_template 3 || training 'generative' models...
2020-11-12 08:51:00,115 INFO root training epoch 1...
2020-11-12 09:00:39,506 INFO root training epoch 2...
2020-11-12 09:10:29,120 INFO root training epoch 3...
2020-11-12 09:19:59,097 INFO root training epoch 4...
2020-11-12 09:26:08,613 INFO root training epoch 5...
2020-11-12 09:31:39,065 INFO root training epoch 6...
2020-11-12 09:37:06,533 INFO root training epoch 7...
2020-11-12 09:42:29,179 INFO root training epoch 8...
2020-11-12 09:47:55,251 INFO root training epoch 9...
2020-11-12 09:54:17,692 INFO root training epoch 10...
2020-11-12 10:03:32,152 INFO root training epoch 11...
2020-11-12 10:12:50,756 INFO root training epoch 12...
2020-11-12 10:22:27,454 INFO root training epoch 13...
2020-11-12 10:29:06,454 INFO root training epoch 14...
2020-11-12 10:35:37,032 INFO root training epoch 15...
2020-11-12 10:42:26,450 INFO root training epoch 16...
2020-11-12 10:52:00,142 INFO root training epoch 17...
2020-11-12 11:01:18,108 INFO root training epoch 18...
2020-11-12 11:10:29,879 INFO root training epoch 19...
2020-11-12 11:19:48,158 INFO root training epoch 20...
2020-11-12 11:29:08,689 INFO root training epoch 21...
2020-11-12 11:38:34,727 INFO root training epoch 22...
2020-11-12 11:48:02,725 INFO root training epoch 23...
2020-11-12 11:57:34,683 INFO root training epoch 24...
2020-11-12 12:07:04,452 INFO root training epoch 25...
2020-11-12 12:16:14,111 INFO root training epoch 26...
2020-11-12 12:25:46,830 INFO root training epoch 27...
2020-11-12 12:35:02,153 INFO root training epoch 28...
2020-11-12 12:44:36,815 INFO root training epoch 29...
2020-11-12 12:53:41,496 INFO root training epoch 30...
2020-11-12 13:03:27,891 INFO __main__ GEN-COMB ball_within_template 3 || loading data for generative testing...
2020-11-12 13:03:39,657 INFO root Loaded dataset from data/all_tasks_test_64xy_1n with shape: torch.Size([100, 11, 64, 64])
2020-11-12 13:03:39,666 INFO __main__ GEN-COMB ball_within_template 3 || inspecting generative performance...
2020-11-12 13:03:46,074 INFO root Loading cache from /media/compute/homes/aharter/.cache/phyre/offline_simulation/100000/ball
2020-11-12 13:03:50,323 INFO __main__ GEN-COMB ball_cross_template 3 || loading data for generative training...
2020-11-12 13:05:46,028 INFO root Loaded dataset from data/all_tasks_train_64xy_10n with shape: torch.Size([20000, 11, 64, 64])
2020-11-12 13:05:46,348 INFO __main__ GEN-COMB ball_cross_template 3 || training 'generative' models...
2020-11-12 13:05:46,368 INFO root training epoch 1...
2020-11-12 13:15:13,230 INFO root training epoch 2...
2020-11-12 13:24:23,613 INFO root training epoch 3...
2020-11-12 13:34:00,879 INFO root training epoch 4...
2020-11-12 13:43:26,062 INFO root training epoch 5...
2020-11-12 13:52:41,704 INFO root training epoch 6...
2020-11-12 14:02:20,656 INFO root training epoch 7...
2020-11-12 14:11:40,736 INFO root training epoch 8...
2020-11-12 14:17:49,897 INFO root training epoch 9...
