2020-11-08 23:34:51,561 INFO root Loading cache from /media/compute/homes/aharter/.cache/phyre/offline_simulation/100000/ball
2020-11-08 23:34:55,776 INFO __main__ GEN-BASE ball_within_template 0 || loading data for generative training...
2020-11-08 23:36:52,701 INFO __main__ GEN-BASE ball_within_template 0 || training 'generative' models...
2020-11-08 23:36:54,487 INFO root training epoch 1...
2020-11-08 23:36:57,704 INFO root training epoch 2...
2020-11-08 23:37:00,990 INFO root training epoch 3...
2020-11-08 23:37:04,323 INFO root training epoch 4...
2020-11-08 23:37:07,343 INFO root training epoch 5...
2020-11-08 23:37:09,907 INFO root training epoch 6...
2020-11-08 23:37:12,559 INFO root training epoch 7...
2020-11-08 23:37:15,112 INFO root training epoch 8...
2020-11-08 23:37:18,137 INFO root training epoch 9...
2020-11-08 23:37:21,674 INFO root training epoch 10...
2020-11-08 23:37:25,979 INFO __main__ GEN-BASE ball_within_template 0 || loading data for generative testing...
2020-11-08 23:37:37,393 INFO __main__ GEN-BASE ball_within_template 0 || inspecting generative performance...
2020-11-08 23:37:43,237 INFO root Loading cache from /media/compute/homes/aharter/.cache/phyre/offline_simulation/100000/ball
2020-11-08 23:37:47,591 INFO __main__ GEN-BASE ball_cross_template 0 || loading data for generative training...
2020-11-08 23:44:45,298 INFO root Loading cache from /media/compute/homes/aharter/.cache/phyre/offline_simulation/100000/ball
2020-11-08 23:51:31,852 INFO root Loading cache from /media/compute/homes/aharter/.cache/phyre/offline_simulation/100000/ball
2020-11-08 23:51:40,162 INFO __main__ GEN-BASE ball_within_template 0 || loading data for generative training...
2020-11-08 23:55:12,975 INFO root Loaded dataset from data/all_tasks_train_64xy_10n with shape: torch.Size([1999, 11, 64, 64])
2020-11-08 23:55:13,022 INFO __main__ GEN-BASE ball_within_template 0 || training 'generative' models...
2020-11-08 23:55:16,047 INFO root training epoch 1...
2020-11-08 23:55:29,975 INFO root training epoch 2...
2020-11-08 23:55:43,719 INFO root training epoch 3...
2020-11-08 23:55:57,555 INFO root training epoch 4...
2020-11-08 23:56:11,245 INFO root training epoch 5...
2020-11-08 23:56:25,225 INFO root training epoch 6...
2020-11-08 23:56:39,033 INFO root training epoch 7...
2020-11-08 23:56:52,662 INFO root training epoch 8...
2020-11-08 23:57:48,334 INFO root Loading cache from /media/compute/homes/aharter/.cache/phyre/offline_simulation/100000/ball
2020-11-08 23:57:52,808 INFO __main__ GEN-BASE ball_within_template 0 || loading data for generative training...
2020-11-08 23:59:48,177 INFO root Loaded dataset from data/all_tasks_train_64xy_10n with shape: torch.Size([19990, 11, 64, 64])
2020-11-08 23:59:48,312 INFO __main__ GEN-BASE ball_within_template 0 || training 'generative' models...
2020-11-08 23:59:50,032 INFO root training epoch 1...
2020-11-09 00:00:20,201 INFO root training epoch 2...
2020-11-09 00:00:51,109 INFO root training epoch 3...
2020-11-09 00:01:21,989 INFO root training epoch 4...
2020-11-09 00:01:52,635 INFO root training epoch 5...
2020-11-09 00:02:19,658 INFO root training epoch 6...
2020-11-09 00:02:50,205 INFO root training epoch 7...
2020-11-09 00:03:20,660 INFO root training epoch 8...
2020-11-09 00:03:51,057 INFO root training epoch 9...
2020-11-09 00:04:18,002 INFO root training epoch 10...
2020-11-09 00:04:49,836 INFO __main__ GEN-BASE ball_within_template 0 || loading data for generative testing...
2020-11-09 00:05:00,970 INFO root Loaded dataset from data/all_tasks_test_64xy_1n with shape: torch.Size([100, 11, 64, 64])
2020-11-09 00:05:00,979 INFO __main__ GEN-BASE ball_within_template 0 || inspecting generative performance...
2020-11-09 00:05:06,706 INFO root Loading cache from /media/compute/homes/aharter/.cache/phyre/offline_simulation/100000/ball
2020-11-09 00:05:10,844 INFO __main__ GEN-BASE ball_cross_template 0 || loading data for generative training...
2020-11-09 00:07:05,476 INFO root Loaded dataset from data/all_tasks_train_64xy_10n with shape: torch.Size([19990, 11, 64, 64])
2020-11-09 00:07:05,606 INFO __main__ GEN-BASE ball_cross_template 0 || training 'generative' models...
2020-11-09 00:07:05,642 INFO root training epoch 1...
2020-11-09 00:07:32,800 INFO root training epoch 2...
2020-11-09 00:07:59,749 INFO root training epoch 3...
2020-11-09 00:08:26,681 INFO root training epoch 4...
2020-11-09 00:08:53,531 INFO root training epoch 5...
2020-11-09 00:09:20,262 INFO root training epoch 6...
2020-11-09 00:09:47,072 INFO root training epoch 7...
2020-11-09 00:10:14,690 INFO root training epoch 8...
2020-11-09 00:10:41,418 INFO root training epoch 9...
2020-11-09 00:11:08,236 INFO root training epoch 10...
2020-11-09 00:11:37,100 INFO __main__ GEN-BASE ball_cross_template 0 || loading data for generative testing...
2020-11-09 00:11:48,398 INFO root Loaded dataset from data/all_tasks_test_64xy_1n with shape: torch.Size([50, 11, 64, 64])
2020-11-09 00:11:48,405 INFO __main__ GEN-BASE ball_cross_template 0 || inspecting generative performance...
2020-11-09 00:11:51,131 INFO __main__ ['ball_within_template', 'ball_cross_template']
2020-11-09 00:11:57,517 INFO root Loading cache from /media/compute/homes/aharter/.cache/phyre/offline_simulation/100000/ball
2020-11-09 00:12:01,981 INFO __main__ GEN-BASE ball_within_template 0 9 || loading models...
2020-11-09 00:12:05,129 INFO __main__ GEN-BASE ball_within_template 0 || getting auccess...
2020-11-09 00:12:10,365 INFO root Loading cache from /media/compute/homes/aharter/.cache/phyre/offline_simulation/100000/ball
2020-11-09 00:19:20,882 INFO root auccess: 0.5566624365334957, percentage solved after 10 attempts: 0.798
2020-11-09 00:19:20,917 INFO root Loading cache from /media/compute/homes/aharter/.cache/phyre/offline_simulation/100000/ball
2020-11-09 00:19:25,133 INFO __main__ GEN-BASE ball_cross_template 0 9 || loading models...
2020-11-09 00:19:28,239 INFO __main__ GEN-BASE ball_cross_template 0 || getting auccess...
2020-11-09 00:19:33,190 INFO root Loading cache from /media/compute/homes/aharter/.cache/phyre/offline_simulation/100000/ball
2020-11-09 00:28:17,885 INFO root auccess: 0.32400425007775413, percentage solved after 10 attempts: 0.546
2020-11-09 00:28:17,902 INFO __main__ ['ball_within_template', 0.5566624365334957, 'ball_cross_template', 0.32400425007775413]
2020-11-09 00:28:26,293 INFO root Loading cache from /media/compute/homes/aharter/.cache/phyre/offline_simulation/100000/ball
2020-11-09 00:28:30,678 INFO __main__ GEN-BASE ball_within_template 1 || loading data for generative training...
2020-11-09 00:30:26,825 INFO root Loaded dataset from data/all_tasks_train_64xy_10n with shape: torch.Size([19990, 11, 64, 64])
2020-11-09 00:30:26,957 INFO __main__ GEN-BASE ball_within_template 1 || training 'generative' models...
2020-11-09 00:30:28,720 INFO root training epoch 1...
2020-11-09 00:30:57,023 INFO root training epoch 2...
2020-11-09 00:31:27,956 INFO root training epoch 3...
2020-11-09 00:31:55,806 INFO root training epoch 4...
2020-11-09 00:32:23,490 INFO root training epoch 5...
2020-11-09 00:32:50,894 INFO root training epoch 6...
2020-11-09 00:33:21,264 INFO root training epoch 7...
2020-11-09 00:33:51,923 INFO root training epoch 8...
2020-11-09 00:34:22,376 INFO root training epoch 9...
2020-11-09 00:34:49,507 INFO root training epoch 10...
2020-11-09 00:35:18,117 INFO __main__ GEN-BASE ball_within_template 1 || loading data for generative testing...
2020-11-09 00:35:29,587 INFO root Loaded dataset from data/all_tasks_test_64xy_1n with shape: torch.Size([100, 11, 64, 64])
2020-11-09 00:35:29,594 INFO __main__ GEN-BASE ball_within_template 1 || inspecting generative performance...
2020-11-09 00:35:34,752 INFO root Loading cache from /media/compute/homes/aharter/.cache/phyre/offline_simulation/100000/ball
2020-11-09 00:35:38,950 INFO __main__ GEN-BASE ball_cross_template 1 || loading data for generative training...
2020-11-09 00:37:31,882 INFO root Loaded dataset from data/all_tasks_train_64xy_10n with shape: torch.Size([19990, 11, 64, 64])
2020-11-09 00:37:32,014 INFO __main__ GEN-BASE ball_cross_template 1 || training 'generative' models...
2020-11-09 00:37:32,052 INFO root training epoch 1...
2020-11-09 00:37:59,351 INFO root training epoch 2...
2020-11-09 00:38:26,631 INFO root training epoch 3...
2020-11-09 00:38:53,867 INFO root training epoch 4...
2020-11-09 00:39:21,018 INFO root training epoch 5...
2020-11-09 00:39:48,136 INFO root training epoch 6...
2020-11-09 00:40:15,228 INFO root training epoch 7...
2020-11-09 00:40:42,346 INFO root training epoch 8...
2020-11-09 00:41:09,437 INFO root training epoch 9...
2020-11-09 00:41:36,550 INFO root training epoch 10...
2020-11-09 00:42:05,159 INFO __main__ GEN-BASE ball_cross_template 1 || loading data for generative testing...
2020-11-09 00:42:16,715 INFO root Loaded dataset from data/all_tasks_test_64xy_1n with shape: torch.Size([50, 11, 64, 64])
2020-11-09 00:42:16,722 INFO __main__ GEN-BASE ball_cross_template 1 || inspecting generative performance...
2020-11-09 00:42:19,511 INFO __main__ ['ball_within_template', 'ball_cross_template']
2020-11-09 00:42:26,100 INFO root Loading cache from /media/compute/homes/aharter/.cache/phyre/offline_simulation/100000/ball
2020-11-09 00:42:30,632 INFO __main__ GEN-BASE ball_within_template 1 9 || loading models...
2020-11-09 00:42:33,960 INFO __main__ GEN-BASE ball_within_template 1 || getting auccess...
2020-11-09 00:42:39,154 INFO root Loading cache from /media/compute/homes/aharter/.cache/phyre/offline_simulation/100000/ball
2020-11-09 00:50:01,932 INFO root auccess: 0.5440020137778174, percentage solved after 10 attempts: 0.842
2020-11-09 00:50:01,963 INFO root Loading cache from /media/compute/homes/aharter/.cache/phyre/offline_simulation/100000/ball
2020-11-09 00:50:06,128 INFO __main__ GEN-BASE ball_cross_template 1 9 || loading models...
2020-11-09 00:50:09,238 INFO __main__ GEN-BASE ball_cross_template 1 || getting auccess...
2020-11-09 00:50:14,332 INFO root Loading cache from /media/compute/homes/aharter/.cache/phyre/offline_simulation/100000/ball
2020-11-09 01:00:25,768 INFO root auccess: 0.2193154543412701, percentage solved after 10 attempts: 0.484
2020-11-09 01:00:25,798 INFO __main__ ['ball_within_template', 0.5440020137778174, 'ball_cross_template', 0.2193154543412701]
2020-11-09 01:00:34,035 INFO root Loading cache from /media/compute/homes/aharter/.cache/phyre/offline_simulation/100000/ball
2020-11-09 01:00:38,200 INFO __main__ GEN-BASE ball_within_template 2 || loading data for generative training...
2020-11-09 01:02:35,043 INFO root Loaded dataset from data/all_tasks_train_64xy_10n with shape: torch.Size([20000, 11, 64, 64])
2020-11-09 01:02:35,177 INFO __main__ GEN-BASE ball_within_template 2 || training 'generative' models...
2020-11-09 01:02:36,944 INFO root training epoch 1...
2020-11-09 01:03:03,973 INFO root training epoch 2...
2020-11-09 01:03:31,673 INFO root training epoch 3...
2020-11-09 01:03:59,469 INFO root training epoch 4...
2020-11-09 01:04:27,217 INFO root training epoch 5...
2020-11-09 01:04:54,892 INFO root training epoch 6...
2020-11-09 01:05:22,580 INFO root training epoch 7...
2020-11-09 01:05:50,232 INFO root training epoch 8...
2020-11-09 01:06:17,836 INFO root training epoch 9...
2020-11-09 01:06:49,035 INFO root training epoch 10...
2020-11-09 01:07:21,918 INFO __main__ GEN-BASE ball_within_template 2 || loading data for generative testing...
2020-11-09 01:07:33,118 INFO root Loaded dataset from data/all_tasks_test_64xy_1n with shape: torch.Size([100, 11, 64, 64])
2020-11-09 01:07:33,126 INFO __main__ GEN-BASE ball_within_template 2 || inspecting generative performance...
2020-11-09 01:07:39,016 INFO root Loading cache from /media/compute/homes/aharter/.cache/phyre/offline_simulation/100000/ball
2020-11-09 01:07:43,190 INFO __main__ GEN-BASE ball_cross_template 2 || loading data for generative training...
2020-11-09 01:09:38,973 INFO root Loaded dataset from data/all_tasks_train_64xy_10n with shape: torch.Size([19990, 11, 64, 64])
2020-11-09 01:09:39,114 INFO __main__ GEN-BASE ball_cross_template 2 || training 'generative' models...
2020-11-09 01:09:39,152 INFO root training epoch 1...
2020-11-09 01:10:07,100 INFO root training epoch 2...
2020-11-09 01:10:38,315 INFO root training epoch 3...
2020-11-09 01:11:08,587 INFO root training epoch 4...
2020-11-09 01:11:36,639 INFO root training epoch 5...
2020-11-09 01:12:04,748 INFO root training epoch 6...
2020-11-09 01:12:32,706 INFO root training epoch 7...
2020-11-09 01:13:03,781 INFO root training epoch 8...
2020-11-09 01:13:35,222 INFO root training epoch 9...
2020-11-09 01:14:06,452 INFO root training epoch 10...
2020-11-09 01:14:39,212 INFO __main__ GEN-BASE ball_cross_template 2 || loading data for generative testing...
2020-11-09 01:14:50,599 INFO root Loaded dataset from data/all_tasks_test_64xy_1n with shape: torch.Size([50, 11, 64, 64])
2020-11-09 01:14:50,607 INFO __main__ GEN-BASE ball_cross_template 2 || inspecting generative performance...
2020-11-09 01:14:53,388 INFO __main__ ['ball_within_template', 'ball_cross_template']
2020-11-09 01:15:01,972 INFO root Loading cache from /media/compute/homes/aharter/.cache/phyre/offline_simulation/100000/ball
2020-11-09 01:15:06,218 INFO __main__ GEN-BASE ball_within_template 2 9 || loading models...
2020-11-09 01:15:09,337 INFO __main__ GEN-BASE ball_within_template 2 || getting auccess...
2020-11-09 01:15:14,604 INFO root Loading cache from /media/compute/homes/aharter/.cache/phyre/offline_simulation/100000/ball
2020-11-09 01:22:25,517 INFO root auccess: 0.5429101048992565, percentage solved after 10 attempts: 0.808
2020-11-09 01:22:25,545 INFO root Loading cache from /media/compute/homes/aharter/.cache/phyre/offline_simulation/100000/ball
2020-11-09 01:22:29,647 INFO __main__ GEN-BASE ball_cross_template 2 9 || loading models...
2020-11-09 01:22:32,983 INFO __main__ GEN-BASE ball_cross_template 2 || getting auccess...
2020-11-09 01:22:37,933 INFO root Loading cache from /media/compute/homes/aharter/.cache/phyre/offline_simulation/100000/ball
2020-11-09 01:31:19,323 INFO root auccess: 0.3777770545143219, percentage solved after 10 attempts: 0.586
2020-11-09 01:31:19,341 INFO __main__ ['ball_within_template', 0.5429101048992565, 'ball_cross_template', 0.3777770545143219]
2020-11-09 01:31:27,354 INFO root Loading cache from /media/compute/homes/aharter/.cache/phyre/offline_simulation/100000/ball
2020-11-09 01:31:31,726 INFO __main__ GEN-BASE ball_within_template 3 || loading data for generative training...
2020-11-09 01:33:28,783 INFO root Loaded dataset from data/all_tasks_train_64xy_10n with shape: torch.Size([19990, 11, 64, 64])
2020-11-09 01:33:28,924 INFO __main__ GEN-BASE ball_within_template 3 || training 'generative' models...
2020-11-09 01:33:30,732 INFO root training epoch 1...
2020-11-09 01:33:59,095 INFO root training epoch 2...
2020-11-09 01:34:30,098 INFO root training epoch 3...
2020-11-09 01:34:58,661 INFO root training epoch 4...
2020-11-09 01:35:26,067 INFO root training epoch 5...
2020-11-09 01:35:53,447 INFO root training epoch 6...
2020-11-09 01:36:20,776 INFO root training epoch 7...
2020-11-09 01:36:48,194 INFO root training epoch 8...
2020-11-09 01:37:19,130 INFO root training epoch 9...
2020-11-09 01:37:41,169 INFO root training epoch 10...
2020-11-09 01:38:04,755 INFO __main__ GEN-BASE ball_within_template 3 || loading data for generative testing...
2020-11-09 01:38:16,043 INFO root Loaded dataset from data/all_tasks_test_64xy_1n with shape: torch.Size([100, 11, 64, 64])
2020-11-09 01:38:16,051 INFO __main__ GEN-BASE ball_within_template 3 || inspecting generative performance...
2020-11-09 01:38:21,478 INFO root Loading cache from /media/compute/homes/aharter/.cache/phyre/offline_simulation/100000/ball
2020-11-09 01:38:25,762 INFO __main__ GEN-BASE ball_cross_template 3 || loading data for generative training...
2020-11-09 01:40:21,608 INFO root Loaded dataset from data/all_tasks_train_64xy_10n with shape: torch.Size([20000, 11, 64, 64])
2020-11-09 01:40:21,750 INFO __main__ GEN-BASE ball_cross_template 3 || training 'generative' models...
2020-11-09 01:40:21,785 INFO root training epoch 1...
2020-11-09 01:40:44,533 INFO root training epoch 2...
2020-11-09 01:41:07,111 INFO root training epoch 3...
2020-11-09 01:41:29,521 INFO root training epoch 4...
2020-11-09 01:41:52,119 INFO root training epoch 5...
2020-11-09 01:42:14,865 INFO root training epoch 6...
2020-11-09 01:42:37,443 INFO root training epoch 7...
2020-11-09 01:43:04,852 INFO root training epoch 8...
2020-11-09 01:43:32,268 INFO root training epoch 9...
2020-11-09 01:43:59,587 INFO root training epoch 10...
2020-11-09 01:44:32,059 INFO __main__ GEN-BASE ball_cross_template 3 || loading data for generative testing...
2020-11-09 01:44:43,471 INFO root Loaded dataset from data/all_tasks_test_64xy_1n with shape: torch.Size([50, 11, 64, 64])
2020-11-09 01:44:43,479 INFO __main__ GEN-BASE ball_cross_template 3 || inspecting generative performance...
2020-11-09 01:44:46,310 INFO __main__ ['ball_within_template', 'ball_cross_template']
2020-11-09 01:44:54,729 INFO root Loading cache from /media/compute/homes/aharter/.cache/phyre/offline_simulation/100000/ball
2020-11-09 01:44:58,926 INFO __main__ GEN-BASE ball_within_template 3 9 || loading models...
2020-11-09 01:45:02,034 INFO __main__ GEN-BASE ball_within_template 3 || getting auccess...
2020-11-09 01:45:07,344 INFO root Loading cache from /media/compute/homes/aharter/.cache/phyre/offline_simulation/100000/ball
2020-11-09 01:52:22,749 INFO root auccess: 0.5290566574431715, percentage solved after 10 attempts: 0.828
2020-11-09 01:52:22,777 INFO root Loading cache from /media/compute/homes/aharter/.cache/phyre/offline_simulation/100000/ball
2020-11-09 01:52:26,902 INFO __main__ GEN-BASE ball_cross_template 3 9 || loading models...
2020-11-09 01:52:30,108 INFO __main__ GEN-BASE ball_cross_template 3 || getting auccess...
2020-11-09 01:52:35,062 INFO root Loading cache from /media/compute/homes/aharter/.cache/phyre/offline_simulation/100000/ball
2020-11-09 02:01:46,690 INFO root auccess: 0.3081726478387343, percentage solved after 10 attempts: 0.576
2020-11-09 02:01:46,713 INFO __main__ ['ball_within_template', 0.5290566574431715, 'ball_cross_template', 0.3081726478387343]
2020-11-09 02:01:56,076 INFO root Loading cache from /media/compute/homes/aharter/.cache/phyre/offline_simulation/100000/ball
2020-11-09 02:02:00,381 INFO __main__ GEN-BASE ball_within_template 4 || loading data for generative training...
2020-11-09 02:03:56,678 INFO root Loaded dataset from data/all_tasks_train_64xy_10n with shape: torch.Size([19990, 11, 64, 64])
2020-11-09 02:03:56,815 INFO __main__ GEN-BASE ball_within_template 4 || training 'generative' models...
2020-11-09 02:03:58,546 INFO root training epoch 1...
2020-11-09 02:04:29,020 INFO root training epoch 2...
2020-11-09 02:05:00,430 INFO root training epoch 3...
2020-11-09 02:05:31,055 INFO root training epoch 4...
2020-11-09 02:06:01,883 INFO root training epoch 5...
2020-11-09 02:06:30,785 INFO root training epoch 6...
2020-11-09 02:07:02,070 INFO root training epoch 7...
2020-11-09 02:07:31,946 INFO root training epoch 8...
2020-11-09 02:08:03,093 INFO root training epoch 9...
2020-11-09 02:08:34,222 INFO root training epoch 10...
2020-11-09 02:09:07,104 INFO __main__ GEN-BASE ball_within_template 4 || loading data for generative testing...
2020-11-09 02:09:18,338 INFO root Loaded dataset from data/all_tasks_test_64xy_1n with shape: torch.Size([100, 11, 64, 64])
2020-11-09 02:09:18,347 INFO __main__ GEN-BASE ball_within_template 4 || inspecting generative performance...
2020-11-09 02:09:24,797 INFO root Loading cache from /media/compute/homes/aharter/.cache/phyre/offline_simulation/100000/ball
2020-11-09 02:09:28,930 INFO __main__ GEN-BASE ball_cross_template 4 || loading data for generative training...
2020-11-09 02:11:22,236 INFO root Loaded dataset from data/all_tasks_train_64xy_10n with shape: torch.Size([19990, 11, 64, 64])
2020-11-09 02:11:22,368 INFO __main__ GEN-BASE ball_cross_template 4 || training 'generative' models...
2020-11-09 02:11:22,407 INFO root training epoch 1...
2020-11-09 02:11:50,925 INFO root training epoch 2...
2020-11-09 02:12:13,393 INFO root training epoch 3...
2020-11-09 02:12:35,954 INFO root training epoch 4...
2020-11-09 02:12:58,341 INFO root training epoch 5...
2020-11-09 02:13:20,679 INFO root training epoch 6...
2020-11-09 02:13:43,091 INFO root training epoch 7...
2020-11-09 02:14:10,169 INFO root training epoch 8...
2020-11-09 02:14:41,883 INFO root training epoch 9...
2020-11-09 02:15:09,703 INFO root training epoch 10...
2020-11-09 02:15:41,172 INFO __main__ GEN-BASE ball_cross_template 4 || loading data for generative testing...
2020-11-09 02:15:52,615 INFO root Loaded dataset from data/all_tasks_test_64xy_1n with shape: torch.Size([50, 11, 64, 64])
2020-11-09 02:15:52,623 INFO __main__ GEN-BASE ball_cross_template 4 || inspecting generative performance...
2020-11-09 02:15:55,457 INFO __main__ ['ball_within_template', 'ball_cross_template']
2020-11-09 02:16:03,897 INFO root Loading cache from /media/compute/homes/aharter/.cache/phyre/offline_simulation/100000/ball
2020-11-09 02:16:08,176 INFO __main__ GEN-BASE ball_within_template 4 9 || loading models...
2020-11-09 02:16:11,342 INFO __main__ GEN-BASE ball_within_template 4 || getting auccess...
2020-11-09 02:16:16,616 INFO root Loading cache from /media/compute/homes/aharter/.cache/phyre/offline_simulation/100000/ball
2020-11-09 02:23:59,552 INFO root auccess: 0.5306647527450329, percentage solved after 10 attempts: 0.81
2020-11-09 02:23:59,581 INFO root Loading cache from /media/compute/homes/aharter/.cache/phyre/offline_simulation/100000/ball
2020-11-09 02:24:03,737 INFO __main__ GEN-BASE ball_cross_template 4 9 || loading models...
2020-11-09 02:24:06,859 INFO __main__ GEN-BASE ball_cross_template 4 || getting auccess...
2020-11-09 02:24:11,831 INFO root Loading cache from /media/compute/homes/aharter/.cache/phyre/offline_simulation/100000/ball
2020-11-09 02:36:26,028 INFO root auccess: 0.057383465753087844, percentage solved after 10 attempts: 0.194
2020-11-09 02:36:26,049 INFO __main__ ['ball_within_template', 0.5306647527450329, 'ball_cross_template', 0.057383465753087844]
2020-11-09 02:36:35,800 INFO root Loading cache from /media/compute/homes/aharter/.cache/phyre/offline_simulation/100000/ball
2020-11-09 02:36:40,158 INFO __main__ GEN-BASE ball_within_template 5 || loading data for generative training...
2020-11-09 02:38:37,858 INFO root Loaded dataset from data/all_tasks_train_64xy_10n with shape: torch.Size([20000, 11, 64, 64])
2020-11-09 02:38:37,993 INFO __main__ GEN-BASE ball_within_template 5 || training 'generative' models...
2020-11-09 02:38:39,723 INFO root training epoch 1...
2020-11-09 02:39:10,732 INFO root training epoch 2...
2020-11-09 02:39:41,848 INFO root training epoch 3...
2020-11-09 02:40:09,408 INFO root training epoch 4...
2020-11-09 02:40:40,255 INFO root training epoch 5...
2020-11-09 02:41:11,024 INFO root training epoch 6...
2020-11-09 02:41:33,034 INFO root training epoch 7...
2020-11-09 02:42:01,158 INFO root training epoch 8...
2020-11-09 02:42:31,686 INFO root training epoch 9...
2020-11-09 02:43:00,707 INFO root training epoch 10...
2020-11-09 02:43:33,067 INFO __main__ GEN-BASE ball_within_template 5 || loading data for generative testing...
2020-11-09 02:43:44,400 INFO root Loaded dataset from data/all_tasks_test_64xy_1n with shape: torch.Size([100, 11, 64, 64])
2020-11-09 02:43:44,410 INFO __main__ GEN-BASE ball_within_template 5 || inspecting generative performance...
2020-11-09 02:43:50,428 INFO root Loading cache from /media/compute/homes/aharter/.cache/phyre/offline_simulation/100000/ball
2020-11-09 02:43:54,605 INFO __main__ GEN-BASE ball_cross_template 5 || loading data for generative training...
2020-11-09 02:45:50,194 INFO root Loaded dataset from data/all_tasks_train_64xy_10n with shape: torch.Size([19990, 11, 64, 64])
2020-11-09 02:45:50,331 INFO __main__ GEN-BASE ball_cross_template 5 || training 'generative' models...
2020-11-09 02:45:50,372 INFO root training epoch 1...
2020-11-09 02:46:19,001 INFO root training epoch 2...
2020-11-09 02:46:41,012 INFO root training epoch 3...
2020-11-09 02:47:11,431 INFO root training epoch 4...
2020-11-09 02:47:41,407 INFO root training epoch 5...
2020-11-09 02:48:11,185 INFO root training epoch 6...
2020-11-09 02:48:41,918 INFO root training epoch 7...
2020-11-09 02:49:12,705 INFO root training epoch 8...
2020-11-09 02:49:39,938 INFO root training epoch 9...
2020-11-09 02:50:10,568 INFO root training epoch 10...
2020-11-09 02:50:39,312 INFO __main__ GEN-BASE ball_cross_template 5 || loading data for generative testing...
2020-11-09 02:50:50,787 INFO root Loaded dataset from data/all_tasks_test_64xy_1n with shape: torch.Size([50, 11, 64, 64])
2020-11-09 02:50:50,795 INFO __main__ GEN-BASE ball_cross_template 5 || inspecting generative performance...
2020-11-09 02:50:54,122 INFO __main__ ['ball_within_template', 'ball_cross_template']
2020-11-09 02:51:02,953 INFO root Loading cache from /media/compute/homes/aharter/.cache/phyre/offline_simulation/100000/ball
2020-11-09 02:51:07,187 INFO __main__ GEN-BASE ball_within_template 5 9 || loading models...
2020-11-09 02:51:10,309 INFO __main__ GEN-BASE ball_within_template 5 || getting auccess...
2020-11-09 02:51:15,693 INFO root Loading cache from /media/compute/homes/aharter/.cache/phyre/offline_simulation/100000/ball
2020-11-09 02:58:31,249 INFO root auccess: 0.5521709024077393, percentage solved after 10 attempts: 0.844
2020-11-09 02:58:31,280 INFO root Loading cache from /media/compute/homes/aharter/.cache/phyre/offline_simulation/100000/ball
2020-11-09 02:58:35,397 INFO __main__ GEN-BASE ball_cross_template 5 9 || loading models...
2020-11-09 02:58:38,737 INFO __main__ GEN-BASE ball_cross_template 5 || getting auccess...
2020-11-09 02:58:43,787 INFO root Loading cache from /media/compute/homes/aharter/.cache/phyre/offline_simulation/100000/ball
2020-11-09 03:08:03,172 INFO root auccess: 0.3582408276995161, percentage solved after 10 attempts: 0.67
2020-11-09 03:08:03,197 INFO __main__ ['ball_within_template', 0.5521709024077393, 'ball_cross_template', 0.3582408276995161]
2020-11-09 03:08:12,870 INFO root Loading cache from /media/compute/homes/aharter/.cache/phyre/offline_simulation/100000/ball
2020-11-09 03:08:17,531 INFO __main__ GEN-BASE ball_within_template 6 || loading data for generative training...
2020-11-09 03:10:16,775 INFO root Loaded dataset from data/all_tasks_train_64xy_10n with shape: torch.Size([19990, 11, 64, 64])
2020-11-09 03:10:16,916 INFO __main__ GEN-BASE ball_within_template 6 || training 'generative' models...
2020-11-09 03:10:18,731 INFO root training epoch 1...
2020-11-09 03:10:51,863 INFO root training epoch 2...
2020-11-09 03:11:22,335 INFO root training epoch 3...
2020-11-09 03:11:53,727 INFO root training epoch 4...
2020-11-09 03:12:25,173 INFO root training epoch 5...
2020-11-09 03:12:56,402 INFO root training epoch 6...
2020-11-09 03:13:26,594 INFO root training epoch 7...
2020-11-09 03:13:56,801 INFO root training epoch 8...
2020-11-09 03:14:26,794 INFO root training epoch 9...
2020-11-09 03:14:54,445 INFO root training epoch 10...
2020-11-09 03:15:23,938 INFO __main__ GEN-BASE ball_within_template 6 || loading data for generative testing...
2020-11-09 03:15:35,514 INFO root Loaded dataset from data/all_tasks_test_64xy_1n with shape: torch.Size([100, 11, 64, 64])
2020-11-09 03:15:35,524 INFO __main__ GEN-BASE ball_within_template 6 || inspecting generative performance...
2020-11-09 03:15:41,235 INFO root Loading cache from /media/compute/homes/aharter/.cache/phyre/offline_simulation/100000/ball
2020-11-09 03:15:45,533 INFO __main__ GEN-BASE ball_cross_template 6 || loading data for generative training...
2020-11-09 03:17:39,624 INFO root Loaded dataset from data/all_tasks_train_64xy_10n with shape: torch.Size([19990, 11, 64, 64])
2020-11-09 03:17:39,755 INFO __main__ GEN-BASE ball_cross_template 6 || training 'generative' models...
2020-11-09 03:17:39,796 INFO root training epoch 1...
2020-11-09 03:18:07,875 INFO root training epoch 2...
2020-11-09 03:18:35,698 INFO root training epoch 3...
2020-11-09 03:19:03,409 INFO root training epoch 4...
2020-11-09 03:19:33,560 INFO root training epoch 5...
2020-11-09 03:20:05,047 INFO root training epoch 6...
2020-11-09 03:20:33,164 INFO root training epoch 7...
2020-11-09 03:21:02,476 INFO root training epoch 8...
2020-11-09 03:21:31,824 INFO root training epoch 9...
2020-11-09 03:22:00,175 INFO root training epoch 10...
2020-11-09 03:22:29,330 INFO __main__ GEN-BASE ball_cross_template 6 || loading data for generative testing...
2020-11-09 03:22:40,919 INFO root Loaded dataset from data/all_tasks_test_64xy_1n with shape: torch.Size([50, 11, 64, 64])
2020-11-09 03:22:40,928 INFO __main__ GEN-BASE ball_cross_template 6 || inspecting generative performance...
2020-11-09 03:22:43,835 INFO __main__ ['ball_within_template', 'ball_cross_template']
2020-11-09 03:22:52,830 INFO root Loading cache from /media/compute/homes/aharter/.cache/phyre/offline_simulation/100000/ball
2020-11-09 03:22:57,586 INFO __main__ GEN-BASE ball_within_template 6 9 || loading models...
2020-11-09 03:23:00,712 INFO __main__ GEN-BASE ball_within_template 6 || getting auccess...
2020-11-09 03:23:05,968 INFO root Loading cache from /media/compute/homes/aharter/.cache/phyre/offline_simulation/100000/ball
2020-11-09 03:30:36,820 INFO root auccess: 0.5359700947179025, percentage solved after 10 attempts: 0.824
2020-11-09 03:30:36,852 INFO root Loading cache from /media/compute/homes/aharter/.cache/phyre/offline_simulation/100000/ball
2020-11-09 03:30:40,997 INFO __main__ GEN-BASE ball_cross_template 6 9 || loading models...
2020-11-09 03:30:44,100 INFO __main__ GEN-BASE ball_cross_template 6 || getting auccess...
2020-11-09 03:30:49,015 INFO root Loading cache from /media/compute/homes/aharter/.cache/phyre/offline_simulation/100000/ball
2020-11-09 03:41:09,037 INFO root auccess: 0.22814489290382414, percentage solved after 10 attempts: 0.5
2020-11-09 03:41:09,061 INFO __main__ ['ball_within_template', 0.5359700947179025, 'ball_cross_template', 0.22814489290382414]
2020-11-09 03:41:18,647 INFO root Loading cache from /media/compute/homes/aharter/.cache/phyre/offline_simulation/100000/ball
2020-11-09 03:41:23,008 INFO __main__ GEN-BASE ball_within_template 7 || loading data for generative training...
2020-11-09 03:43:20,670 INFO root Loaded dataset from data/all_tasks_train_64xy_10n with shape: torch.Size([19990, 11, 64, 64])
2020-11-09 03:43:20,808 INFO __main__ GEN-BASE ball_within_template 7 || training 'generative' models...
2020-11-09 03:43:22,582 INFO root training epoch 1...
2020-11-09 03:43:49,219 INFO root training epoch 2...
2020-11-09 03:44:16,833 INFO root training epoch 3...
2020-11-09 03:44:44,332 INFO root training epoch 4...
2020-11-09 03:45:15,365 INFO root training epoch 5...
2020-11-09 03:45:42,952 INFO root training epoch 6...
2020-11-09 03:46:14,113 INFO root training epoch 7...
2020-11-09 03:46:45,245 INFO root training epoch 8...
2020-11-09 03:47:12,730 INFO root training epoch 9...
2020-11-09 03:47:43,648 INFO root training epoch 10...
2020-11-09 03:48:16,078 INFO __main__ GEN-BASE ball_within_template 7 || loading data for generative testing...
2020-11-09 03:48:27,571 INFO root Loaded dataset from data/all_tasks_test_64xy_1n with shape: torch.Size([100, 11, 64, 64])
2020-11-09 03:48:27,580 INFO __main__ GEN-BASE ball_within_template 7 || inspecting generative performance...
2020-11-09 03:48:33,463 INFO root Loading cache from /media/compute/homes/aharter/.cache/phyre/offline_simulation/100000/ball
2020-11-09 03:48:37,613 INFO __main__ GEN-BASE ball_cross_template 7 || loading data for generative training...
2020-11-09 03:50:32,188 INFO root Loaded dataset from data/all_tasks_train_64xy_10n with shape: torch.Size([19990, 11, 64, 64])
2020-11-09 03:50:32,357 INFO __main__ GEN-BASE ball_cross_template 7 || training 'generative' models...
2020-11-09 03:50:32,407 INFO root training epoch 1...
2020-11-09 03:51:03,971 INFO root training epoch 2...
2020-11-09 03:51:35,453 INFO root training epoch 3...
2020-11-09 03:52:06,766 INFO root training epoch 4...
2020-11-09 03:52:36,921 INFO root training epoch 5...
2020-11-09 03:53:07,520 INFO root training epoch 6...
2020-11-09 03:53:38,469 INFO root training epoch 7...
2020-11-09 03:54:09,433 INFO root training epoch 8...
2020-11-09 03:54:40,647 INFO root training epoch 9...
2020-11-09 03:55:12,001 INFO root training epoch 10...
2020-11-09 03:55:44,838 INFO __main__ GEN-BASE ball_cross_template 7 || loading data for generative testing...
2020-11-09 03:55:56,244 INFO root Loaded dataset from data/all_tasks_test_64xy_1n with shape: torch.Size([50, 11, 64, 64])
2020-11-09 03:55:56,251 INFO __main__ GEN-BASE ball_cross_template 7 || inspecting generative performance...
2020-11-09 03:55:59,425 INFO __main__ ['ball_within_template', 'ball_cross_template']
2020-11-09 03:56:08,286 INFO root Loading cache from /media/compute/homes/aharter/.cache/phyre/offline_simulation/100000/ball
2020-11-09 03:56:12,696 INFO __main__ GEN-BASE ball_within_template 7 9 || loading models...
2020-11-09 03:56:16,044 INFO __main__ GEN-BASE ball_within_template 7 || getting auccess...
2020-11-09 03:56:21,479 INFO root Loading cache from /media/compute/homes/aharter/.cache/phyre/offline_simulation/100000/ball
2020-11-09 04:04:03,630 INFO root auccess: 0.5037179533276829, percentage solved after 10 attempts: 0.798
2020-11-09 04:04:03,666 INFO root Loading cache from /media/compute/homes/aharter/.cache/phyre/offline_simulation/100000/ball
2020-11-09 04:04:07,788 INFO __main__ GEN-BASE ball_cross_template 7 9 || loading models...
2020-11-09 04:04:10,900 INFO __main__ GEN-BASE ball_cross_template 7 || getting auccess...
2020-11-09 04:04:15,832 INFO root Loading cache from /media/compute/homes/aharter/.cache/phyre/offline_simulation/100000/ball
2020-11-09 04:13:55,689 INFO root auccess: 0.2942749624552925, percentage solved after 10 attempts: 0.564
2020-11-09 04:13:55,708 INFO __main__ ['ball_within_template', 0.5037179533276829, 'ball_cross_template', 0.2942749624552925]
2020-11-09 04:14:05,512 INFO root Loading cache from /media/compute/homes/aharter/.cache/phyre/offline_simulation/100000/ball
2020-11-09 04:14:09,808 INFO __main__ GEN-BASE ball_within_template 8 || loading data for generative training...
2020-11-09 04:16:06,374 INFO root Loaded dataset from data/all_tasks_train_64xy_10n with shape: torch.Size([19990, 11, 64, 64])
2020-11-09 04:16:06,535 INFO __main__ GEN-BASE ball_within_template 8 || training 'generative' models...
2020-11-09 04:16:08,281 INFO root training epoch 1...
2020-11-09 04:16:35,475 INFO root training epoch 2...
2020-11-09 04:17:02,710 INFO root training epoch 3...
2020-11-09 04:17:33,591 INFO root training epoch 4...
2020-11-09 04:18:00,763 INFO root training epoch 5...
2020-11-09 04:18:31,640 INFO root training epoch 6...
2020-11-09 04:18:58,969 INFO root training epoch 7...
2020-11-09 04:19:26,262 INFO root training epoch 8...
2020-11-09 04:19:53,366 INFO root training epoch 9...
2020-11-09 04:20:24,169 INFO root training epoch 10...
2020-11-09 04:20:56,628 INFO __main__ GEN-BASE ball_within_template 8 || loading data for generative testing...
2020-11-09 04:21:07,888 INFO root Loaded dataset from data/all_tasks_test_64xy_1n with shape: torch.Size([100, 11, 64, 64])
2020-11-09 04:21:07,895 INFO __main__ GEN-BASE ball_within_template 8 || inspecting generative performance...
2020-11-09 04:21:14,658 INFO root Loading cache from /media/compute/homes/aharter/.cache/phyre/offline_simulation/100000/ball
2020-11-09 04:21:18,801 INFO __main__ GEN-BASE ball_cross_template 8 || loading data for generative training...
2020-11-09 04:23:14,156 INFO root Loaded dataset from data/all_tasks_train_64xy_10n with shape: torch.Size([20000, 11, 64, 64])
2020-11-09 04:23:14,329 INFO __main__ GEN-BASE ball_cross_template 8 || training 'generative' models...
2020-11-09 04:23:14,363 INFO root training epoch 1...
2020-11-09 04:23:44,897 INFO root training epoch 2...
2020-11-09 04:24:11,869 INFO root training epoch 3...
2020-11-09 04:24:42,613 INFO root training epoch 4...
2020-11-09 04:25:13,265 INFO root training epoch 5...
2020-11-09 04:25:44,045 INFO root training epoch 6...
2020-11-09 04:26:11,137 INFO root training epoch 7...
2020-11-09 04:26:38,527 INFO root training epoch 8...
2020-11-09 04:27:05,695 INFO root training epoch 9...
2020-11-09 04:27:36,277 INFO root training epoch 10...
2020-11-09 04:28:08,546 INFO __main__ GEN-BASE ball_cross_template 8 || loading data for generative testing...
2020-11-09 04:28:19,970 INFO root Loaded dataset from data/all_tasks_test_64xy_1n with shape: torch.Size([50, 11, 64, 64])
2020-11-09 04:28:19,977 INFO __main__ GEN-BASE ball_cross_template 8 || inspecting generative performance...
2020-11-09 04:28:22,868 INFO __main__ ['ball_within_template', 'ball_cross_template']
2020-11-09 04:28:32,407 INFO root Loading cache from /media/compute/homes/aharter/.cache/phyre/offline_simulation/100000/ball
2020-11-09 04:28:36,909 INFO __main__ GEN-BASE ball_within_template 8 9 || loading models...
2020-11-09 04:28:40,010 INFO __main__ GEN-BASE ball_within_template 8 || getting auccess...
2020-11-09 04:28:45,370 INFO root Loading cache from /media/compute/homes/aharter/.cache/phyre/offline_simulation/100000/ball
2020-11-09 04:36:00,334 INFO root auccess: 0.5260592026397465, percentage solved after 10 attempts: 0.824
2020-11-09 04:36:00,369 INFO root Loading cache from /media/compute/homes/aharter/.cache/phyre/offline_simulation/100000/ball
2020-11-09 04:36:04,519 INFO __main__ GEN-BASE ball_cross_template 8 9 || loading models...
2020-11-09 04:36:07,620 INFO __main__ GEN-BASE ball_cross_template 8 || getting auccess...
2020-11-09 04:36:12,627 INFO root Loading cache from /media/compute/homes/aharter/.cache/phyre/offline_simulation/100000/ball
2020-11-09 04:47:06,929 INFO root auccess: 0.13963760204986508, percentage solved after 10 attempts: 0.294
2020-11-09 04:47:06,951 INFO __main__ ['ball_within_template', 0.5260592026397465, 'ball_cross_template', 0.13963760204986508]
2020-11-09 04:47:16,141 INFO root Loading cache from /media/compute/homes/aharter/.cache/phyre/offline_simulation/100000/ball
2020-11-09 04:47:20,441 INFO __main__ GEN-BASE ball_within_template 9 || loading data for generative training...
2020-11-09 04:49:17,924 INFO root Loaded dataset from data/all_tasks_train_64xy_10n with shape: torch.Size([19990, 11, 64, 64])
2020-11-09 04:49:18,120 INFO __main__ GEN-BASE ball_within_template 9 || training 'generative' models...
2020-11-09 04:49:19,898 INFO root training epoch 1...
2020-11-09 04:49:46,418 INFO root training epoch 2...
2020-11-09 04:50:08,511 INFO root training epoch 3...
2020-11-09 04:50:36,345 INFO root training epoch 4...
2020-11-09 04:50:58,198 INFO root training epoch 5...
2020-11-09 04:51:20,104 INFO root training epoch 6...
2020-11-09 04:51:41,892 INFO root training epoch 7...
2020-11-09 04:52:04,472 INFO root training epoch 8...
2020-11-09 04:52:34,304 INFO root training epoch 9...
2020-11-09 04:52:57,603 INFO root training epoch 10...
2020-11-09 04:53:27,576 INFO __main__ GEN-BASE ball_within_template 9 || loading data for generative testing...
2020-11-09 04:53:38,737 INFO root Loaded dataset from data/all_tasks_test_64xy_1n with shape: torch.Size([100, 11, 64, 64])
2020-11-09 04:53:38,746 INFO __main__ GEN-BASE ball_within_template 9 || inspecting generative performance...
2020-11-09 04:53:45,581 INFO root Loading cache from /media/compute/homes/aharter/.cache/phyre/offline_simulation/100000/ball
2020-11-09 04:53:49,767 INFO __main__ GEN-BASE ball_cross_template 9 || loading data for generative training...
2020-11-09 04:55:42,529 INFO root Loaded dataset from data/all_tasks_train_64xy_10n with shape: torch.Size([19990, 11, 64, 64])
2020-11-09 04:55:42,662 INFO __main__ GEN-BASE ball_cross_template 9 || training 'generative' models...
2020-11-09 04:55:42,702 INFO root training epoch 1...
2020-11-09 04:56:09,925 INFO root training epoch 2...
2020-11-09 04:56:37,067 INFO root training epoch 3...
2020-11-09 04:57:07,839 INFO root training epoch 4...
2020-11-09 04:57:38,281 INFO root training epoch 5...
2020-11-09 04:58:08,694 INFO root training epoch 6...
2020-11-09 04:58:38,773 INFO root training epoch 7...
2020-11-09 04:59:08,974 INFO root training epoch 8...
2020-11-09 04:59:30,484 INFO root training epoch 9...
2020-11-09 04:59:58,053 INFO root training epoch 10...
2020-11-09 05:00:27,135 INFO __main__ GEN-BASE ball_cross_template 9 || loading data for generative testing...
2020-11-09 05:00:38,523 INFO root Loaded dataset from data/all_tasks_test_64xy_1n with shape: torch.Size([50, 11, 64, 64])
2020-11-09 05:00:38,530 INFO __main__ GEN-BASE ball_cross_template 9 || inspecting generative performance...
2020-11-09 05:00:42,198 INFO __main__ ['ball_within_template', 'ball_cross_template']
2020-11-09 05:00:51,187 INFO root Loading cache from /media/compute/homes/aharter/.cache/phyre/offline_simulation/100000/ball
2020-11-09 05:00:55,411 INFO __main__ GEN-BASE ball_within_template 9 9 || loading models...
2020-11-09 05:00:58,537 INFO __main__ GEN-BASE ball_within_template 9 || getting auccess...
2020-11-09 05:01:03,812 INFO root Loading cache from /media/compute/homes/aharter/.cache/phyre/offline_simulation/100000/ball
2020-11-09 05:08:26,061 INFO root auccess: 0.5369251477856852, percentage solved after 10 attempts: 0.814
2020-11-09 05:08:26,092 INFO root Loading cache from /media/compute/homes/aharter/.cache/phyre/offline_simulation/100000/ball
2020-11-09 05:08:30,218 INFO __main__ GEN-BASE ball_cross_template 9 9 || loading models...
2020-11-09 05:08:33,332 INFO __main__ GEN-BASE ball_cross_template 9 || getting auccess...
2020-11-09 05:08:38,308 INFO root Loading cache from /media/compute/homes/aharter/.cache/phyre/offline_simulation/100000/ball
2020-11-09 05:19:12,056 INFO root auccess: 0.28660898624888026, percentage solved after 10 attempts: 0.516
2020-11-09 05:19:12,078 INFO __main__ ['ball_within_template', 0.5369251477856852, 'ball_cross_template', 0.28660898624888026]
2020-11-09 13:11:42,710 INFO root Loading cache from /media/compute/homes/aharter/.cache/phyre/offline_simulation/100000/ball
2020-11-09 13:12:08,154 INFO root Loading cache from /media/compute/homes/aharter/.cache/phyre/offline_simulation/100000/ball
2020-11-09 13:12:16,538 INFO __main__ GEN-BASE ball_within_template 0 9 || loading models...
2020-11-09 13:12:16,875 INFO __main__ GEN-BASE ball_within_template 0 || getting auccess...
2020-11-09 13:12:31,007 INFO root Loading cache from /media/compute/homes/aharter/.cache/phyre/offline_simulation/100000/ball
2020-11-09 13:15:39,118 INFO root Loading cache from /media/compute/homes/aharter/.cache/phyre/offline_simulation/100000/ball
2020-11-09 13:15:47,218 INFO __main__ GEN-BASE ball_within_template 0 9 || loading models...
2020-11-09 13:15:47,616 INFO __main__ GEN-BASE ball_within_template 0 || getting auccess...
2020-11-09 13:16:01,626 INFO root Loading cache from /media/compute/homes/aharter/.cache/phyre/offline_simulation/100000/ball
2020-11-09 13:35:55,539 INFO root auccess: 0.5425229350341766, percentage solved after 10 attempts: 0.828
2020-11-09 13:35:55,584 INFO root Loading cache from /media/compute/homes/aharter/.cache/phyre/offline_simulation/100000/ball
2020-11-09 13:36:03,944 INFO __main__ GEN-BASE ball_cross_template 0 9 || loading models...
2020-11-09 13:36:04,364 INFO __main__ GEN-BASE ball_cross_template 0 || getting auccess...
2020-11-09 13:36:17,523 INFO root Loading cache from /media/compute/homes/aharter/.cache/phyre/offline_simulation/100000/ball
2020-11-09 13:59:40,789 INFO root auccess: 0.3390323295718681, percentage solved after 10 attempts: 0.572
2020-11-09 13:59:40,826 INFO __main__ ['ball_within_template', 0.5425229350341766, 'ball_cross_template', 0.3390323295718681]
2020-11-09 13:59:47,429 INFO root Loading cache from /media/compute/homes/aharter/.cache/phyre/offline_simulation/100000/ball
2020-11-09 13:59:55,739 INFO __main__ GEN-BASE ball_within_template 1 9 || loading models...
2020-11-09 13:59:56,123 INFO __main__ GEN-BASE ball_within_template 1 || getting auccess...
2020-11-09 14:00:10,066 INFO root Loading cache from /media/compute/homes/aharter/.cache/phyre/offline_simulation/100000/ball
2020-11-09 14:20:27,134 INFO root auccess: 0.5521433779454965, percentage solved after 10 attempts: 0.822
2020-11-09 14:20:27,174 INFO root Loading cache from /media/compute/homes/aharter/.cache/phyre/offline_simulation/100000/ball
2020-11-09 14:20:35,348 INFO __main__ GEN-BASE ball_cross_template 1 9 || loading models...
2020-11-09 14:20:35,800 INFO __main__ GEN-BASE ball_cross_template 1 || getting auccess...
2020-11-09 14:20:48,213 INFO root Loading cache from /media/compute/homes/aharter/.cache/phyre/offline_simulation/100000/ball
2020-11-09 14:48:18,608 INFO root auccess: 0.21048956597375426, percentage solved after 10 attempts: 0.476
2020-11-09 14:48:18,644 INFO __main__ ['ball_within_template', 0.5521433779454965, 'ball_cross_template', 0.21048956597375426]
2020-11-09 14:48:24,882 INFO root Loading cache from /media/compute/homes/aharter/.cache/phyre/offline_simulation/100000/ball
2020-11-09 14:48:33,415 INFO __main__ GEN-BASE ball_within_template 2 9 || loading models...
2020-11-09 14:48:33,771 INFO __main__ GEN-BASE ball_within_template 2 || getting auccess...
2020-11-09 14:48:47,762 INFO root Loading cache from /media/compute/homes/aharter/.cache/phyre/offline_simulation/100000/ball
2020-11-09 15:09:08,726 INFO root auccess: 0.5455006553012813, percentage solved after 10 attempts: 0.842
2020-11-09 15:09:08,766 INFO root Loading cache from /media/compute/homes/aharter/.cache/phyre/offline_simulation/100000/ball
2020-11-09 15:09:17,055 INFO __main__ GEN-BASE ball_cross_template 2 9 || loading models...
2020-11-09 15:09:17,501 INFO __main__ GEN-BASE ball_cross_template 2 || getting auccess...
2020-11-09 15:09:29,918 INFO root Loading cache from /media/compute/homes/aharter/.cache/phyre/offline_simulation/100000/ball
2020-11-09 15:33:02,663 INFO root auccess: 0.39833934490478984, percentage solved after 10 attempts: 0.586
2020-11-09 15:33:02,704 INFO __main__ ['ball_within_template', 0.5455006553012813, 'ball_cross_template', 0.39833934490478984]
2020-11-09 15:33:08,921 INFO root Loading cache from /media/compute/homes/aharter/.cache/phyre/offline_simulation/100000/ball
2020-11-09 15:33:17,358 INFO __main__ GEN-BASE ball_within_template 3 9 || loading models...
2020-11-09 15:33:17,787 INFO __main__ GEN-BASE ball_within_template 3 || getting auccess...
2020-11-09 15:33:31,358 INFO root Loading cache from /media/compute/homes/aharter/.cache/phyre/offline_simulation/100000/ball
2020-11-09 15:53:23,925 INFO root auccess: 0.5420985201319466, percentage solved after 10 attempts: 0.826
2020-11-09 15:53:23,963 INFO root Loading cache from /media/compute/homes/aharter/.cache/phyre/offline_simulation/100000/ball
2020-11-09 15:53:32,135 INFO __main__ GEN-BASE ball_cross_template 3 9 || loading models...
2020-11-09 15:53:32,522 INFO __main__ GEN-BASE ball_cross_template 3 || getting auccess...
2020-11-09 15:53:44,885 INFO root Loading cache from /media/compute/homes/aharter/.cache/phyre/offline_simulation/100000/ball
2020-11-09 16:17:43,828 INFO root auccess: 0.2994240744244211, percentage solved after 10 attempts: 0.548
2020-11-09 16:17:43,858 INFO __main__ ['ball_within_template', 0.5420985201319466, 'ball_cross_template', 0.2994240744244211]
2020-11-09 16:17:50,741 INFO root Loading cache from /media/compute/homes/aharter/.cache/phyre/offline_simulation/100000/ball
2020-11-09 16:17:59,092 INFO __main__ GEN-BASE ball_within_template 4 9 || loading models...
2020-11-09 16:17:59,460 INFO __main__ GEN-BASE ball_within_template 4 || getting auccess...
2020-11-09 16:18:12,812 INFO root Loading cache from /media/compute/homes/aharter/.cache/phyre/offline_simulation/100000/ball
2020-11-09 16:27:50,077 INFO root Loading cache from /media/compute/homes/aharter/.cache/phyre/offline_simulation/100000/ball
2020-11-09 16:27:58,484 INFO __main__ GEN-BASE ball_within_template 0 9 || loading models...
2020-11-09 16:28:01,874 INFO __main__ GEN-BASE ball_within_template 0 || getting auccess...
2020-11-09 16:28:14,804 INFO root Loading cache from /media/compute/homes/aharter/.cache/phyre/offline_simulation/100000/ball
2020-11-09 16:45:19,858 INFO root auccess: 0.5502961768788425, percentage solved after 10 attempts: 0.57
2020-11-09 16:45:19,894 INFO root Loading cache from /media/compute/homes/aharter/.cache/phyre/offline_simulation/100000/ball
2020-11-09 16:45:28,227 INFO __main__ GEN-BASE ball_cross_template 0 9 || loading models...
2020-11-09 16:45:31,613 INFO __main__ GEN-BASE ball_cross_template 0 || getting auccess...
2020-11-09 16:45:42,819 INFO root Loading cache from /media/compute/homes/aharter/.cache/phyre/offline_simulation/100000/ball
2020-11-09 17:05:42,307 INFO root auccess: 0.3528236963613676, percentage solved after 10 attempts: 0.356
2020-11-09 17:05:42,346 INFO __main__ ['ball_within_template', 0.5502961768788425, 'ball_cross_template', 0.3528236963613676]
2020-11-09 17:05:49,294 INFO root Loading cache from /media/compute/homes/aharter/.cache/phyre/offline_simulation/100000/ball
2020-11-09 17:05:57,651 INFO __main__ GEN-BASE ball_within_template 1 9 || loading models...
2020-11-09 17:06:01,069 INFO __main__ GEN-BASE ball_within_template 1 || getting auccess...
2020-11-09 17:06:14,945 INFO root Loading cache from /media/compute/homes/aharter/.cache/phyre/offline_simulation/100000/ball
2020-11-09 17:23:42,797 INFO root auccess: 0.5506020810205801, percentage solved after 10 attempts: 0.552
2020-11-09 17:23:42,838 INFO root Loading cache from /media/compute/homes/aharter/.cache/phyre/offline_simulation/100000/ball
2020-11-09 17:23:51,318 INFO __main__ GEN-BASE ball_cross_template 1 9 || loading models...
2020-11-09 17:23:54,905 INFO __main__ GEN-BASE ball_cross_template 1 || getting auccess...
2020-11-09 17:24:07,407 INFO root Loading cache from /media/compute/homes/aharter/.cache/phyre/offline_simulation/100000/ball
2020-11-09 17:49:02,634 INFO root auccess: 0.19780431187843087, percentage solved after 10 attempts: 0.178
2020-11-09 17:49:02,660 INFO __main__ ['ball_within_template', 0.5506020810205801, 'ball_cross_template', 0.19780431187843087]
2020-11-09 17:49:09,479 INFO root Loading cache from /media/compute/homes/aharter/.cache/phyre/offline_simulation/100000/ball
2020-11-09 17:49:17,822 INFO __main__ GEN-BASE ball_within_template 2 9 || loading models...
2020-11-09 17:49:21,109 INFO __main__ GEN-BASE ball_within_template 2 || getting auccess...
2020-11-09 17:49:34,222 INFO root Loading cache from /media/compute/homes/aharter/.cache/phyre/offline_simulation/100000/ball
2020-11-09 18:06:32,853 INFO root auccess: 0.5587886338396646, percentage solved after 10 attempts: 0.558
2020-11-09 18:06:32,900 INFO root Loading cache from /media/compute/homes/aharter/.cache/phyre/offline_simulation/100000/ball
2020-11-09 18:06:41,295 INFO __main__ GEN-BASE ball_cross_template 2 9 || loading models...
2020-11-09 18:06:44,696 INFO __main__ GEN-BASE ball_cross_template 2 || getting auccess...
2020-11-09 18:06:56,952 INFO root Loading cache from /media/compute/homes/aharter/.cache/phyre/offline_simulation/100000/ball
2020-11-09 18:28:04,489 INFO root auccess: 0.38543091041218075, percentage solved after 10 attempts: 0.396
2020-11-09 18:28:04,523 INFO __main__ ['ball_within_template', 0.5587886338396646, 'ball_cross_template', 0.38543091041218075]
2020-11-09 18:28:11,491 INFO root Loading cache from /media/compute/homes/aharter/.cache/phyre/offline_simulation/100000/ball
2020-11-09 18:28:19,700 INFO __main__ GEN-BASE ball_within_template 3 9 || loading models...
2020-11-09 18:28:23,134 INFO __main__ GEN-BASE ball_within_template 3 || getting auccess...
2020-11-09 18:28:36,523 INFO root Loading cache from /media/compute/homes/aharter/.cache/phyre/offline_simulation/100000/ball
2020-11-09 18:45:54,602 INFO root auccess: 0.5448213073977415, percentage solved after 10 attempts: 0.552
2020-11-09 18:45:54,642 INFO root Loading cache from /media/compute/homes/aharter/.cache/phyre/offline_simulation/100000/ball
2020-11-09 18:46:02,768 INFO __main__ GEN-BASE ball_cross_template 3 9 || loading models...
2020-11-09 18:46:06,242 INFO __main__ GEN-BASE ball_cross_template 3 || getting auccess...
2020-11-09 18:46:17,583 INFO root Loading cache from /media/compute/homes/aharter/.cache/phyre/offline_simulation/100000/ball
2020-11-09 19:09:26,111 INFO root auccess: 0.2347134315665961, percentage solved after 10 attempts: 0.192
2020-11-09 19:09:26,149 INFO __main__ ['ball_within_template', 0.5448213073977415, 'ball_cross_template', 0.2347134315665961]
2020-11-09 19:09:33,113 INFO root Loading cache from /media/compute/homes/aharter/.cache/phyre/offline_simulation/100000/ball
2020-11-09 19:09:41,222 INFO __main__ GEN-BASE ball_within_template 4 9 || loading models...
2020-11-09 19:09:44,524 INFO __main__ GEN-BASE ball_within_template 4 || getting auccess...
2020-11-09 19:09:57,508 INFO root Loading cache from /media/compute/homes/aharter/.cache/phyre/offline_simulation/100000/ball
2020-11-09 19:27:34,706 INFO root auccess: 0.5457120214463484, percentage solved after 10 attempts: 0.54
2020-11-09 19:27:34,753 INFO root Loading cache from /media/compute/homes/aharter/.cache/phyre/offline_simulation/100000/ball
2020-11-09 19:27:43,121 INFO __main__ GEN-BASE ball_cross_template 4 9 || loading models...
2020-11-09 19:27:46,518 INFO __main__ GEN-BASE ball_cross_template 4 || getting auccess...
2020-11-09 19:27:58,594 INFO root Loading cache from /media/compute/homes/aharter/.cache/phyre/offline_simulation/100000/ball
2020-11-09 19:53:58,077 INFO root auccess: 0.16384128016832472, percentage solved after 10 attempts: 0.126
2020-11-09 19:53:58,113 INFO __main__ ['ball_within_template', 0.5457120214463484, 'ball_cross_template', 0.16384128016832472]
2020-11-09 19:54:08,312 INFO root Loading cache from /media/compute/homes/aharter/.cache/phyre/offline_simulation/100000/ball
2020-11-09 19:54:17,382 INFO __main__ GEN-BASE ball_within_template 5 9 || loading models...
2020-11-09 19:54:20,713 INFO __main__ GEN-BASE ball_within_template 5 || getting auccess...
2020-11-09 19:54:33,536 INFO root Loading cache from /media/compute/homes/aharter/.cache/phyre/offline_simulation/100000/ball
2020-11-09 20:05:44,732 INFO root auccess: 0.555159327993551, percentage solved after 10 attempts: 0.55
2020-11-09 20:05:44,761 INFO root Loading cache from /media/compute/homes/aharter/.cache/phyre/offline_simulation/100000/ball
2020-11-09 20:05:50,033 INFO __main__ GEN-BASE ball_cross_template 5 9 || loading models...
2020-11-09 20:05:53,316 INFO __main__ GEN-BASE ball_cross_template 5 || getting auccess...
2020-11-09 20:05:59,494 INFO root Loading cache from /media/compute/homes/aharter/.cache/phyre/offline_simulation/100000/ball
2020-11-09 20:20:06,049 INFO root auccess: 0.36270820699725737, percentage solved after 10 attempts: 0.33
2020-11-09 20:20:06,075 INFO __main__ ['ball_within_template', 0.555159327993551, 'ball_cross_template', 0.36270820699725737]
2020-11-09 20:20:11,698 INFO root Loading cache from /media/compute/homes/aharter/.cache/phyre/offline_simulation/100000/ball
2020-11-09 20:20:17,112 INFO __main__ GEN-BASE ball_within_template 6 9 || loading models...
2020-11-09 20:20:20,397 INFO __main__ GEN-BASE ball_within_template 6 || getting auccess...
2020-11-09 20:20:27,445 INFO root Loading cache from /media/compute/homes/aharter/.cache/phyre/offline_simulation/100000/ball
2020-11-09 20:31:54,979 INFO root auccess: 0.5340436383195253, percentage solved after 10 attempts: 0.536
2020-11-09 20:31:55,006 INFO root Loading cache from /media/compute/homes/aharter/.cache/phyre/offline_simulation/100000/ball
2020-11-09 20:32:00,346 INFO __main__ GEN-BASE ball_cross_template 6 9 || loading models...
2020-11-09 20:32:03,623 INFO __main__ GEN-BASE ball_cross_template 6 || getting auccess...
2020-11-09 20:32:10,663 INFO root Loading cache from /media/compute/homes/aharter/.cache/phyre/offline_simulation/100000/ball
2020-11-09 20:47:28,288 INFO root auccess: 0.23595199816183973, percentage solved after 10 attempts: 0.212
2020-11-09 20:47:28,308 INFO __main__ ['ball_within_template', 0.5340436383195253, 'ball_cross_template', 0.23595199816183973]
2020-11-09 20:47:33,228 INFO root Loading cache from /media/compute/homes/aharter/.cache/phyre/offline_simulation/100000/ball
2020-11-09 20:47:37,456 INFO __main__ GEN-BASE ball_within_template 7 9 || loading models...
2020-11-09 20:47:40,742 INFO __main__ GEN-BASE ball_within_template 7 || getting auccess...
2020-11-09 20:47:46,128 INFO root Loading cache from /media/compute/homes/aharter/.cache/phyre/offline_simulation/100000/ball
2020-11-09 20:55:11,918 INFO root auccess: 0.5290886533199308, percentage solved after 10 attempts: 0.524
2020-11-09 20:55:11,938 INFO root Loading cache from /media/compute/homes/aharter/.cache/phyre/offline_simulation/100000/ball
2020-11-09 20:55:16,188 INFO __main__ GEN-BASE ball_cross_template 7 9 || loading models...
2020-11-09 20:55:19,585 INFO __main__ GEN-BASE ball_cross_template 7 || getting auccess...
2020-11-09 20:55:24,478 INFO root Loading cache from /media/compute/homes/aharter/.cache/phyre/offline_simulation/100000/ball
2020-11-09 21:04:14,328 INFO root auccess: 0.28713253485355245, percentage solved after 10 attempts: 0.27
2020-11-09 21:04:14,346 INFO __main__ ['ball_within_template', 0.5290886533199308, 'ball_cross_template', 0.28713253485355245]
2020-11-09 21:04:19,168 INFO root Loading cache from /media/compute/homes/aharter/.cache/phyre/offline_simulation/100000/ball
2020-11-09 21:04:23,420 INFO __main__ GEN-BASE ball_within_template 8 9 || loading models...
2020-11-09 21:04:26,672 INFO __main__ GEN-BASE ball_within_template 8 || getting auccess...
2020-11-09 21:04:31,916 INFO root Loading cache from /media/compute/homes/aharter/.cache/phyre/offline_simulation/100000/ball
2020-11-09 21:11:33,898 INFO root auccess: 0.5302296231707841, percentage solved after 10 attempts: 0.512
2020-11-09 21:11:33,919 INFO root Loading cache from /media/compute/homes/aharter/.cache/phyre/offline_simulation/100000/ball
2020-11-09 21:11:38,069 INFO __main__ GEN-BASE ball_cross_template 8 9 || loading models...
2020-11-09 21:11:41,323 INFO __main__ GEN-BASE ball_cross_template 8 || getting auccess...
2020-11-09 21:11:46,318 INFO root Loading cache from /media/compute/homes/aharter/.cache/phyre/offline_simulation/100000/ball
2020-11-09 21:22:25,387 INFO root auccess: 0.16020769452729197, percentage solved after 10 attempts: 0.15
2020-11-09 21:22:25,404 INFO __main__ ['ball_within_template', 0.5302296231707841, 'ball_cross_template', 0.16020769452729197]
2020-11-09 21:22:30,154 INFO root Loading cache from /media/compute/homes/aharter/.cache/phyre/offline_simulation/100000/ball
2020-11-09 21:22:34,379 INFO __main__ GEN-BASE ball_within_template 9 9 || loading models...
2020-11-09 21:22:37,647 INFO __main__ GEN-BASE ball_within_template 9 || getting auccess...
2020-11-09 21:22:42,971 INFO root Loading cache from /media/compute/homes/aharter/.cache/phyre/offline_simulation/100000/ball
2020-11-09 21:29:47,531 INFO root auccess: 0.5364372671535054, percentage solved after 10 attempts: 0.52
2020-11-09 21:29:47,551 INFO root Loading cache from /media/compute/homes/aharter/.cache/phyre/offline_simulation/100000/ball
2020-11-09 21:29:51,694 INFO __main__ GEN-BASE ball_cross_template 9 9 || loading models...
2020-11-09 21:29:54,958 INFO __main__ GEN-BASE ball_cross_template 9 || getting auccess...
2020-11-09 21:29:59,909 INFO root Loading cache from /media/compute/homes/aharter/.cache/phyre/offline_simulation/100000/ball
2020-11-09 21:40:18,590 INFO root auccess: 0.2553741354872919, percentage solved after 10 attempts: 0.24
2020-11-09 21:40:18,609 INFO __main__ ['ball_within_template', 0.5364372671535054, 'ball_cross_template', 0.2553741354872919]
