2020-11-12 15:46:24,084 INFO root Loading cache from /media/compute/homes/aharter/.cache/phyre/offline_simulation/100000/ball
2020-11-12 15:46:28,695 INFO __main__ GEN-COMB ball_within_template 1 10 || loading models...
2020-11-12 15:46:28,878 INFO __main__ GEN-COMB ball_within_template 1 || loading data for generative testing...
2020-11-12 15:46:41,259 INFO root Loaded dataset from data/all_tasks_test_64xy_1n with shape: torch.Size([100, 11, 64, 64])
2020-11-12 15:46:41,272 INFO __main__ GEN-COMB ball_within_template 1 || inspecting generative performance...
2020-11-12 15:46:48,744 ERROR __main__ Exception occured:
Traceback (most recent call last):
  File "solver.py", line 302, in <module>
    solver.inspect_supervised(eval_setup, fold_id, train_mode = train_mode, single_viz = singleviz)
  File "/media/compute/homes/aharter/isy2020/phyre/flownet.py", line 2742, in inspect_supervised
    tasks = index[XI]
TypeError: only integer tensors of a single element can be converted to an index
2020-11-12 16:23:03,554 INFO root Loading cache from /media/compute/homes/aharter/.cache/phyre/offline_simulation/100000/ball
2020-11-12 16:23:08,179 INFO __main__ GEN-COMB ball_within_template 1 10 || loading models...
2020-11-12 16:23:09,669 INFO __main__ GEN-COMB ball_within_template 1 || loading data for generative testing...
2020-11-12 16:23:22,198 INFO root Loaded dataset from data/all_tasks_test_64xy_1n with shape: torch.Size([100, 11, 64, 64])
2020-11-12 16:23:22,214 INFO __main__ GEN-COMB ball_within_template 1 || inspecting generative performance...
2020-11-12 16:23:32,261 INFO root Loading cache from /media/compute/homes/aharter/.cache/phyre/offline_simulation/100000/ball
2020-11-12 16:23:36,892 INFO __main__ GEN-COMB ball_cross_template 1 10 || loading models...
2020-11-12 16:23:37,441 INFO __main__ GEN-COMB ball_cross_template 1 || loading data for generative testing...
2020-11-12 16:23:50,104 INFO root Loaded dataset from data/all_tasks_test_64xy_1n with shape: torch.Size([50, 11, 64, 64])
2020-11-12 16:23:50,112 INFO __main__ GEN-COMB ball_cross_template 1 || inspecting generative performance...
2020-11-12 16:23:56,124 INFO __main__ ['ball_within_template', 'ball_cross_template']
