2020-11-08 22:12:40,143 INFO root Loading cache from /media/compute/homes/aharter/.cache/phyre/offline_simulation/100000/ball
2020-11-08 22:12:44,384 INFO __main__ GEN-64-20e ball_within_template 0 9 || loading models...
2020-11-08 22:12:44,943 INFO __main__ GEN-64-20e ball_within_template 0 || getting auccess...
2020-11-08 22:12:50,232 INFO root Loading cache from /media/compute/homes/aharter/.cache/phyre/offline_simulation/100000/ball
2020-11-08 22:22:44,826 INFO root auccess: 0.23368445655098571, percentage solved after 10 attempts: 0.51
2020-11-08 22:22:44,853 INFO root Loading cache from /media/compute/homes/aharter/.cache/phyre/offline_simulation/100000/ball
2020-11-08 22:22:48,944 INFO __main__ GEN-64-20e ball_cross_template 0 9 || loading models...
2020-11-08 22:22:49,507 INFO __main__ GEN-64-20e ball_cross_template 0 || getting auccess...
2020-11-08 22:22:54,334 INFO root Loading cache from /media/compute/homes/aharter/.cache/phyre/offline_simulation/100000/ball
2020-11-08 22:32:15,811 INFO root auccess: 0.23680391782333352, percentage solved after 10 attempts: 0.506
2020-11-08 22:32:15,830 INFO __main__ ['ball_within_template', 0.23368445655098571, 'ball_cross_template', 0.23680391782333352]
2020-11-08 22:38:09,077 INFO root Loading cache from /media/compute/homes/aharter/.cache/phyre/offline_simulation/100000/ball
2020-11-08 22:38:13,520 INFO __main__ GEN-64-20e ball_within_template 1 9 || loading models...
2020-11-08 22:38:14,064 INFO __main__ GEN-64-20e ball_within_template 1 || getting auccess...
2020-11-08 22:38:19,367 INFO root Loading cache from /media/compute/homes/aharter/.cache/phyre/offline_simulation/100000/ball
2020-11-08 22:47:26,305 INFO root auccess: 0.365017217931214, percentage solved after 10 attempts: 0.67
2020-11-08 22:47:26,335 INFO root Loading cache from /media/compute/homes/aharter/.cache/phyre/offline_simulation/100000/ball
2020-11-08 22:47:30,517 INFO __main__ GEN-64-20e ball_cross_template 1 9 || loading models...
2020-11-08 22:47:30,783 INFO __main__ GEN-64-20e ball_cross_template 1 || getting auccess...
2020-11-08 22:47:35,838 INFO root Loading cache from /media/compute/homes/aharter/.cache/phyre/offline_simulation/100000/ball
2020-11-08 22:58:12,237 INFO root auccess: 0.19429322536780383, percentage solved after 10 attempts: 0.466
2020-11-08 22:58:12,261 INFO __main__ ['ball_within_template', 0.365017217931214, 'ball_cross_template', 0.19429322536780383]
2020-11-08 23:04:06,149 INFO root Loading cache from /media/compute/homes/aharter/.cache/phyre/offline_simulation/100000/ball
2020-11-08 23:04:10,259 INFO __main__ GEN-64-20e ball_within_template 2 9 || loading models...
2020-11-08 23:04:10,804 INFO __main__ GEN-64-20e ball_within_template 2 || getting auccess...
2020-11-08 23:04:15,973 INFO root Loading cache from /media/compute/homes/aharter/.cache/phyre/offline_simulation/100000/ball
2020-11-08 23:13:01,634 INFO root auccess: 0.3878621271349368, percentage solved after 10 attempts: 0.72
2020-11-08 23:13:01,663 INFO root Loading cache from /media/compute/homes/aharter/.cache/phyre/offline_simulation/100000/ball
2020-11-08 23:13:05,857 INFO __main__ GEN-64-20e ball_cross_template 2 9 || loading models...
2020-11-08 23:13:06,404 INFO __main__ GEN-64-20e ball_cross_template 2 || getting auccess...
2020-11-08 23:13:11,492 INFO root Loading cache from /media/compute/homes/aharter/.cache/phyre/offline_simulation/100000/ball
2020-11-08 23:22:46,230 INFO root auccess: 0.38459680107774213, percentage solved after 10 attempts: 0.638
2020-11-08 23:22:46,253 INFO __main__ ['ball_within_template', 0.3878621271349368, 'ball_cross_template', 0.38459680107774213]
2020-11-08 23:28:38,005 INFO root Loading cache from /media/compute/homes/aharter/.cache/phyre/offline_simulation/100000/ball
2020-11-08 23:28:42,546 INFO __main__ GEN-64-20e ball_within_template 3 9 || loading models...
2020-11-08 23:28:42,811 INFO __main__ GEN-64-20e ball_within_template 3 || getting auccess...
2020-11-08 23:28:47,990 INFO root Loading cache from /media/compute/homes/aharter/.cache/phyre/offline_simulation/100000/ball
