2020-11-04 10:35:26,633 INFO root Loading cache from /media/compute/homes/aharter/.cache/phyre/offline_simulation/100000/ball
2020-11-04 10:35:31,043 INFO __main__ VS-base ball_cross_template 0 || loading data for generative training...
2020-11-04 10:35:36,249 INFO __main__ VS-base ball_cross_template 0 || training 'generative' models...
2020-11-04 10:35:38,235 INFO root training epoch 1...
2020-11-04 10:35:59,074 INFO root collecting auccess after epoch 1...
2020-11-04 10:36:04,316 INFO root Loading cache from /media/compute/homes/aharter/.cache/phyre/offline_simulation/100000/ball
2020-11-04 10:45:20,846 INFO root finish collecting auccess after epoch 1: 0.31498279234049703
2020-11-04 10:45:20,847 INFO root training epoch 2...
2020-11-04 10:45:40,917 INFO root collecting auccess after epoch 2...
2020-11-04 10:45:46,169 INFO root Loading cache from /media/compute/homes/aharter/.cache/phyre/offline_simulation/100000/ball
2020-11-04 10:54:58,542 INFO root finish collecting auccess after epoch 2: 0.28888040046728986
2020-11-04 10:54:58,542 INFO root training epoch 3...
2020-11-04 10:55:18,755 INFO root training epoch 4...
2020-11-04 10:55:39,398 INFO root training epoch 5...
2020-11-04 10:56:00,060 INFO root collecting auccess after epoch 5...
2020-11-04 10:56:05,143 INFO root Loading cache from /media/compute/homes/aharter/.cache/phyre/offline_simulation/100000/ball
2020-11-04 11:05:17,893 INFO root finish collecting auccess after epoch 5: 0.29258652707205407
2020-11-04 11:05:17,893 INFO root training epoch 6...
2020-11-04 11:05:38,133 INFO root training epoch 7...
2020-11-04 11:05:58,692 INFO root training epoch 8...
2020-11-04 11:06:19,242 INFO root training epoch 9...
2020-11-04 11:06:39,807 INFO root training epoch 10...
2020-11-04 11:07:00,363 INFO root collecting auccess after epoch 10...
2020-11-04 11:07:05,471 INFO root Loading cache from /media/compute/homes/aharter/.cache/phyre/offline_simulation/100000/ball
2020-11-04 11:16:01,051 INFO root finish collecting auccess after epoch 10: 0.3048375266539614
2020-11-04 11:16:02,290 INFO __main__ VS-base ball_cross_template 0 || saving models...
2020-11-04 11:16:02,586 INFO __main__ VS-base ball_cross_template 0 || loading data for generative testing...
2020-11-04 11:16:02,824 INFO __main__ VS-base ball_cross_template 0 || inspecting generative performance...
2020-11-04 11:16:05,730 INFO root Loading cache from /media/compute/homes/aharter/.cache/phyre/offline_simulation/100000/ball
2020-11-04 11:16:10,151 INFO __main__ VS-base ball_within_template 0 || loading data for generative training...
2020-11-04 11:17:25,079 INFO __main__ VS-base ball_within_template 0 || training 'generative' models...
2020-11-04 11:17:25,112 INFO root training epoch 1...
2020-11-04 11:17:46,739 INFO root collecting auccess after epoch 1...
2020-11-04 11:17:51,629 INFO root Loading cache from /media/compute/homes/aharter/.cache/phyre/offline_simulation/100000/ball
2020-11-04 11:27:59,992 INFO root finish collecting auccess after epoch 1: 0.24192247983384715
2020-11-04 11:27:59,993 INFO root training epoch 2...
2020-11-04 11:28:20,519 INFO root collecting auccess after epoch 2...
2020-11-04 11:28:25,777 INFO root Loading cache from /media/compute/homes/aharter/.cache/phyre/offline_simulation/100000/ball
2020-11-04 11:37:18,971 INFO root finish collecting auccess after epoch 2: 0.4401573894160202
2020-11-04 11:37:18,972 INFO root training epoch 3...
2020-11-04 11:37:33,256 INFO root training epoch 4...
2020-11-04 11:37:47,514 INFO root training epoch 5...
2020-11-04 11:38:01,751 INFO root collecting auccess after epoch 5...
2020-11-04 11:38:06,810 INFO root Loading cache from /media/compute/homes/aharter/.cache/phyre/offline_simulation/100000/ball
2020-11-04 11:45:52,962 INFO root finish collecting auccess after epoch 5: 0.4990647148338324
2020-11-04 11:45:52,963 INFO root training epoch 6...
2020-11-04 11:46:13,282 INFO root training epoch 7...
2020-11-04 11:46:36,178 INFO root training epoch 8...
2020-11-04 11:47:00,811 INFO root training epoch 9...
2020-11-04 11:47:25,444 INFO root training epoch 10...
2020-11-04 11:47:50,083 INFO root collecting auccess after epoch 10...
2020-11-04 11:47:55,152 INFO root Loading cache from /media/compute/homes/aharter/.cache/phyre/offline_simulation/100000/ball
2020-11-04 11:55:13,478 INFO root finish collecting auccess after epoch 10: 0.5390952846840456
2020-11-04 11:55:14,689 INFO __main__ VS-base ball_within_template 0 || saving models...
2020-11-04 11:55:14,987 INFO __main__ VS-base ball_within_template 0 || loading data for generative testing...
2020-11-04 11:55:15,473 INFO __main__ VS-base ball_within_template 0 || inspecting generative performance...
2020-11-04 11:55:20,947 INFO __main__ ['ball_cross_template', 'ball_within_template']
2020-11-04 11:56:57,463 INFO root Loading cache from /media/compute/homes/aharter/.cache/phyre/offline_simulation/100000/ball
2020-11-04 11:57:02,051 INFO __main__ VS-base ball_within_template 0 || loading data for generative training...
2020-11-04 11:58:18,957 INFO __main__ VS-base ball_within_template 0 || training 'generative' models...
2020-11-04 11:58:20,928 INFO root training epoch 1...
2020-11-04 11:58:41,987 INFO root collecting auccess after epoch 1...
2020-11-04 11:58:47,262 INFO root Loading cache from /media/compute/homes/aharter/.cache/phyre/offline_simulation/100000/ball
2020-11-04 12:08:38,860 INFO root finish collecting auccess after epoch 1: 0.2587372377250233
2020-11-04 12:08:38,861 INFO root training epoch 2...
2020-11-04 12:08:58,242 INFO root collecting auccess after epoch 2...
2020-11-04 12:09:03,340 INFO root Loading cache from /media/compute/homes/aharter/.cache/phyre/offline_simulation/100000/ball
2020-11-04 12:18:56,895 INFO root finish collecting auccess after epoch 2: 0.24482190527818967
2020-11-04 12:18:56,896 INFO root training epoch 3...
2020-11-04 12:19:19,123 INFO root training epoch 4...
2020-11-04 12:19:41,304 INFO root training epoch 5...
2020-11-04 12:20:02,982 INFO root collecting auccess after epoch 5...
2020-11-04 12:20:08,251 INFO root Loading cache from /media/compute/homes/aharter/.cache/phyre/offline_simulation/100000/ball
2020-11-04 12:27:41,684 INFO root finish collecting auccess after epoch 5: 0.504612969370208
2020-11-04 12:27:41,685 INFO root training epoch 6...
2020-11-04 12:28:00,923 INFO root training epoch 7...
2020-11-04 12:28:20,152 INFO root training epoch 8...
2020-11-04 12:28:39,351 INFO root training epoch 9...
2020-11-04 12:28:58,583 INFO root training epoch 10...
2020-11-04 12:29:17,782 INFO root collecting auccess after epoch 10...
2020-11-04 12:29:22,935 INFO root Loading cache from /media/compute/homes/aharter/.cache/phyre/offline_simulation/100000/ball
2020-11-04 12:36:46,553 INFO root finish collecting auccess after epoch 10: 0.5301312283539859
2020-11-04 12:36:47,874 INFO __main__ VS-base ball_within_template 0 || saving models...
2020-11-04 12:36:48,148 INFO __main__ VS-base ball_within_template 0 || loading data for generative testing...
2020-11-04 12:36:48,618 INFO __main__ VS-base ball_within_template 0 || inspecting generative performance...
2020-11-04 12:36:54,386 INFO root Loading cache from /media/compute/homes/aharter/.cache/phyre/offline_simulation/100000/ball
2020-11-04 12:36:58,464 INFO __main__ VS-base ball_within_template 1 || loading data for generative training...
2020-11-04 12:37:03,579 INFO __main__ VS-base ball_within_template 1 || training 'generative' models...
2020-11-04 12:37:03,594 INFO root training epoch 1...
2020-11-04 12:37:25,991 INFO root collecting auccess after epoch 1...
2020-11-04 12:37:31,128 INFO root Loading cache from /media/compute/homes/aharter/.cache/phyre/offline_simulation/100000/ball
2020-11-04 12:47:33,682 INFO root finish collecting auccess after epoch 1: 0.23784392537784874
2020-11-04 12:47:33,683 INFO root training epoch 2...
2020-11-04 12:47:54,352 INFO root collecting auccess after epoch 2...
2020-11-04 12:47:59,608 INFO root Loading cache from /media/compute/homes/aharter/.cache/phyre/offline_simulation/100000/ball
2020-11-04 12:57:19,506 INFO root finish collecting auccess after epoch 2: 0.33183274857103195
2020-11-04 12:57:19,506 INFO root training epoch 3...
2020-11-04 12:57:40,522 INFO root training epoch 4...
2020-11-04 12:58:01,927 INFO root training epoch 5...
2020-11-04 12:58:23,300 INFO root collecting auccess after epoch 5...
2020-11-04 12:58:28,597 INFO root Loading cache from /media/compute/homes/aharter/.cache/phyre/offline_simulation/100000/ball
2020-11-04 13:06:21,046 INFO root finish collecting auccess after epoch 5: 0.5147766160978248
2020-11-04 13:06:21,047 INFO root training epoch 6...
2020-11-04 13:06:41,851 INFO root training epoch 7...
2020-11-04 13:07:03,186 INFO root training epoch 8...
2020-11-04 13:07:24,592 INFO root training epoch 9...
2020-11-04 13:07:46,054 INFO root training epoch 10...
2020-11-04 13:08:07,492 INFO root collecting auccess after epoch 10...
2020-11-04 13:08:12,693 INFO root Loading cache from /media/compute/homes/aharter/.cache/phyre/offline_simulation/100000/ball
2020-11-04 13:15:28,959 INFO root finish collecting auccess after epoch 10: 0.5527372685278373
2020-11-04 13:15:30,249 INFO __main__ VS-base ball_within_template 1 || saving models...
2020-11-04 13:15:30,514 INFO __main__ VS-base ball_within_template 1 || loading data for generative testing...
2020-11-04 13:15:31,015 INFO __main__ VS-base ball_within_template 1 || inspecting generative performance...
2020-11-04 13:15:36,540 INFO root Loading cache from /media/compute/homes/aharter/.cache/phyre/offline_simulation/100000/ball
2020-11-04 13:15:40,602 INFO __main__ VS-base ball_cross_template 0 || loading data for generative training...
2020-11-04 13:15:45,786 INFO __main__ VS-base ball_cross_template 0 || training 'generative' models...
2020-11-04 13:15:45,799 INFO root training epoch 1...
2020-11-04 13:16:06,007 INFO root collecting auccess after epoch 1...
2020-11-04 13:16:10,891 INFO root Loading cache from /media/compute/homes/aharter/.cache/phyre/offline_simulation/100000/ball
2020-11-04 13:25:55,794 INFO root finish collecting auccess after epoch 1: 0.20584018759237893
2020-11-04 13:25:55,795 INFO root training epoch 2...
2020-11-04 13:26:15,844 INFO root collecting auccess after epoch 2...
2020-11-04 13:26:20,975 INFO root Loading cache from /media/compute/homes/aharter/.cache/phyre/offline_simulation/100000/ball
2020-11-04 13:34:48,070 INFO root finish collecting auccess after epoch 2: 0.37603348710322576
2020-11-04 13:34:48,071 INFO root training epoch 3...
2020-11-04 13:35:06,965 INFO root training epoch 4...
2020-11-04 13:35:27,856 INFO root training epoch 5...
2020-11-04 13:35:51,635 INFO root collecting auccess after epoch 5...
2020-11-04 13:35:56,963 INFO root Loading cache from /media/compute/homes/aharter/.cache/phyre/offline_simulation/100000/ball
2020-11-04 13:44:46,907 INFO root finish collecting auccess after epoch 5: 0.32289393620043794
2020-11-04 13:44:46,908 INFO root training epoch 6...
2020-11-04 13:45:06,902 INFO root training epoch 7...
2020-11-04 13:45:28,146 INFO root training epoch 8...
2020-11-04 13:45:49,236 INFO root training epoch 9...
2020-11-04 13:46:10,308 INFO root training epoch 10...
2020-11-04 13:46:31,535 INFO root collecting auccess after epoch 10...
2020-11-04 13:46:36,681 INFO root Loading cache from /media/compute/homes/aharter/.cache/phyre/offline_simulation/100000/ball
2020-11-04 13:55:28,819 INFO root finish collecting auccess after epoch 10: 0.319081930477202
2020-11-04 13:55:30,098 INFO __main__ VS-base ball_cross_template 0 || saving models...
2020-11-04 13:55:30,375 INFO __main__ VS-base ball_cross_template 0 || loading data for generative testing...
2020-11-04 13:55:30,649 INFO __main__ VS-base ball_cross_template 0 || inspecting generative performance...
2020-11-04 13:55:33,533 INFO root Loading cache from /media/compute/homes/aharter/.cache/phyre/offline_simulation/100000/ball
2020-11-04 13:55:37,523 INFO __main__ VS-base ball_cross_template 1 || loading data for generative training...
2020-11-04 13:55:42,831 INFO __main__ VS-base ball_cross_template 1 || training 'generative' models...
2020-11-04 13:55:42,843 INFO root training epoch 1...
2020-11-04 13:56:03,012 INFO root collecting auccess after epoch 1...
2020-11-04 13:56:08,154 INFO root Loading cache from /media/compute/homes/aharter/.cache/phyre/offline_simulation/100000/ball
2020-11-04 14:07:04,550 INFO root finish collecting auccess after epoch 1: 0.1858771459581226
2020-11-04 14:07:04,551 INFO root training epoch 2...
2020-11-04 14:07:23,390 INFO root collecting auccess after epoch 2...
2020-11-04 14:07:28,351 INFO root Loading cache from /media/compute/homes/aharter/.cache/phyre/offline_simulation/100000/ball
2020-11-04 14:19:24,505 INFO root finish collecting auccess after epoch 2: 0.15062189970170897
2020-11-04 14:19:24,505 INFO root training epoch 3...
2020-11-04 14:19:43,352 INFO root training epoch 4...
2020-11-04 14:20:03,905 INFO root training epoch 5...
2020-11-04 14:20:25,239 INFO root collecting auccess after epoch 5...
2020-11-04 14:20:30,500 INFO root Loading cache from /media/compute/homes/aharter/.cache/phyre/offline_simulation/100000/ball
2020-11-04 14:31:33,504 INFO root finish collecting auccess after epoch 5: 0.17901517041538959
2020-11-04 14:31:33,505 INFO root training epoch 6...
2020-11-04 14:31:53,935 INFO root training epoch 7...
2020-11-04 14:32:15,240 INFO root training epoch 8...
2020-11-04 14:32:36,437 INFO root training epoch 9...
2020-11-04 14:32:57,729 INFO root training epoch 10...
2020-11-04 14:33:19,035 INFO root collecting auccess after epoch 10...
2020-11-04 14:33:24,117 INFO root Loading cache from /media/compute/homes/aharter/.cache/phyre/offline_simulation/100000/ball
2020-11-04 14:44:27,020 INFO root finish collecting auccess after epoch 10: 0.17216775101849857
2020-11-04 14:44:28,289 INFO __main__ VS-base ball_cross_template 1 || saving models...
2020-11-04 14:44:28,547 INFO __main__ VS-base ball_cross_template 1 || loading data for generative testing...
2020-11-04 14:44:28,801 INFO __main__ VS-base ball_cross_template 1 || inspecting generative performance...
2020-11-04 14:44:31,608 INFO __main__ ['ball_within_template', 'ball_cross_template']
2020-11-04 14:46:08,104 INFO root Loading cache from /media/compute/homes/aharter/.cache/phyre/offline_simulation/100000/ball
2020-11-04 14:46:12,483 INFO __main__ VS-base ball_within_template 0 || loading data for generative training...
2020-11-04 14:47:26,924 INFO __main__ VS-base ball_within_template 0 || training 'generative' models...
2020-11-04 14:47:28,890 INFO root training epoch 1...
2020-11-04 14:47:49,113 INFO root collecting auccess after epoch 1...
2020-11-04 14:47:54,428 INFO root Loading cache from /media/compute/homes/aharter/.cache/phyre/offline_simulation/100000/ball
2020-11-04 14:57:55,255 INFO root finish collecting auccess after epoch 1: 0.2356476311673789
2020-11-04 14:57:55,256 INFO root training epoch 2...
2020-11-04 14:58:15,797 INFO root collecting auccess after epoch 2...
2020-11-04 14:58:20,941 INFO root Loading cache from /media/compute/homes/aharter/.cache/phyre/offline_simulation/100000/ball
2020-11-04 15:06:55,835 INFO root finish collecting auccess after epoch 2: 0.41753070584364876
2020-11-04 15:06:55,836 INFO root training epoch 3...
2020-11-04 15:07:16,215 INFO root training epoch 4...
2020-11-04 15:07:36,874 INFO root training epoch 5...
2020-11-04 15:07:57,461 INFO root collecting auccess after epoch 5...
2020-11-04 15:08:02,684 INFO root Loading cache from /media/compute/homes/aharter/.cache/phyre/offline_simulation/100000/ball
2020-11-04 15:15:42,554 INFO root finish collecting auccess after epoch 5: 0.5135824102676843
2020-11-04 15:15:42,555 INFO root training epoch 6...
2020-11-04 15:16:03,929 INFO root training epoch 7...
2020-11-04 15:16:25,312 INFO root training epoch 8...
2020-11-04 15:16:46,689 INFO root training epoch 9...
2020-11-04 15:17:08,069 INFO root training epoch 10...
2020-11-04 15:17:29,429 INFO root collecting auccess after epoch 10...
2020-11-04 15:17:34,429 INFO root Loading cache from /media/compute/homes/aharter/.cache/phyre/offline_simulation/100000/ball
2020-11-04 15:24:59,653 INFO root finish collecting auccess after epoch 10: 0.531661114054901
2020-11-04 15:25:00,887 INFO __main__ VS-base ball_within_template 0 || saving models...
2020-11-04 15:25:01,162 INFO __main__ VS-base ball_within_template 0 || loading data for generative testing...
2020-11-04 15:25:01,636 INFO __main__ VS-base ball_within_template 0 || inspecting generative performance...
2020-11-04 15:25:07,075 INFO root Loading cache from /media/compute/homes/aharter/.cache/phyre/offline_simulation/100000/ball
2020-11-04 15:25:11,221 INFO __main__ VS-base ball_within_template 1 || loading data for generative training...
2020-11-04 15:25:16,427 INFO __main__ VS-base ball_within_template 1 || training 'generative' models...
2020-11-04 15:25:16,440 INFO root training epoch 1...
2020-11-04 15:25:37,080 INFO root collecting auccess after epoch 1...
2020-11-04 15:25:42,170 INFO root Loading cache from /media/compute/homes/aharter/.cache/phyre/offline_simulation/100000/ball
2020-11-04 15:35:21,819 INFO root finish collecting auccess after epoch 1: 0.3126876206507515
2020-11-04 15:35:21,820 INFO root training epoch 2...
2020-11-04 15:35:42,230 INFO root collecting auccess after epoch 2...
2020-11-04 15:35:47,484 INFO root Loading cache from /media/compute/homes/aharter/.cache/phyre/offline_simulation/100000/ball
2020-11-04 15:44:16,656 INFO root finish collecting auccess after epoch 2: 0.4530712848732459
2020-11-04 15:44:16,657 INFO root training epoch 3...
2020-11-04 15:44:36,572 INFO root training epoch 4...
2020-11-04 15:44:56,840 INFO root training epoch 5...
2020-11-04 15:45:17,126 INFO root collecting auccess after epoch 5...
2020-11-04 15:45:22,257 INFO root Loading cache from /media/compute/homes/aharter/.cache/phyre/offline_simulation/100000/ball
2020-11-04 15:53:09,258 INFO root finish collecting auccess after epoch 5: 0.516022499512906
2020-11-04 15:53:09,258 INFO root training epoch 6...
2020-11-04 15:53:26,692 INFO root training epoch 7...
2020-11-04 15:53:44,116 INFO root training epoch 8...
2020-11-04 15:54:01,555 INFO root training epoch 9...
2020-11-04 15:54:18,973 INFO root training epoch 10...
2020-11-04 15:54:36,335 INFO root collecting auccess after epoch 10...
2020-11-04 15:54:41,376 INFO root Loading cache from /media/compute/homes/aharter/.cache/phyre/offline_simulation/100000/ball
2020-11-04 16:01:42,433 INFO root finish collecting auccess after epoch 10: 0.5556088971198047
2020-11-04 16:01:43,625 INFO __main__ VS-base ball_within_template 1 || saving models...
2020-11-04 16:01:43,891 INFO __main__ VS-base ball_within_template 1 || loading data for generative testing...
2020-11-04 16:01:44,369 INFO __main__ VS-base ball_within_template 1 || inspecting generative performance...
2020-11-04 16:01:50,013 INFO root Loading cache from /media/compute/homes/aharter/.cache/phyre/offline_simulation/100000/ball
2020-11-04 16:01:54,185 INFO __main__ VS-base ball_within_template 2 || loading data for generative training...
2020-11-04 16:01:59,536 INFO __main__ VS-base ball_within_template 2 || training 'generative' models...
2020-11-04 16:01:59,554 INFO root training epoch 1...
2020-11-04 16:02:20,650 INFO root collecting auccess after epoch 1...
2020-11-04 16:02:25,685 INFO root Loading cache from /media/compute/homes/aharter/.cache/phyre/offline_simulation/100000/ball
2020-11-04 16:11:17,996 INFO root finish collecting auccess after epoch 1: 0.33752986158584575
2020-11-04 16:11:17,997 INFO root training epoch 2...
2020-11-04 16:11:35,501 INFO root collecting auccess after epoch 2...
2020-11-04 16:11:40,606 INFO root Loading cache from /media/compute/homes/aharter/.cache/phyre/offline_simulation/100000/ball
2020-11-04 16:19:48,243 INFO root finish collecting auccess after epoch 2: 0.4598531595986395
2020-11-04 16:19:48,243 INFO root training epoch 3...
2020-11-04 16:20:09,766 INFO root training epoch 4...
2020-11-04 16:20:33,891 INFO root training epoch 5...
2020-11-04 16:20:57,979 INFO root collecting auccess after epoch 5...
2020-11-04 16:21:03,115 INFO root Loading cache from /media/compute/homes/aharter/.cache/phyre/offline_simulation/100000/ball
2020-11-04 16:28:31,409 INFO root finish collecting auccess after epoch 5: 0.5148069512353648
2020-11-04 16:28:31,410 INFO root training epoch 6...
2020-11-04 16:28:51,103 INFO root training epoch 7...
2020-11-04 16:29:11,187 INFO root training epoch 8...
2020-11-04 16:29:31,315 INFO root training epoch 9...
2020-11-04 16:29:51,416 INFO root training epoch 10...
2020-11-04 16:30:11,502 INFO root collecting auccess after epoch 10...
2020-11-04 16:30:16,569 INFO root Loading cache from /media/compute/homes/aharter/.cache/phyre/offline_simulation/100000/ball
2020-11-04 16:37:21,926 INFO root finish collecting auccess after epoch 10: 0.5291097865261574
2020-11-04 16:37:23,094 INFO __main__ VS-base ball_within_template 2 || saving models...
2020-11-04 16:37:23,349 INFO __main__ VS-base ball_within_template 2 || loading data for generative testing...
2020-11-04 16:37:23,353 INFO root Loading cache from /media/compute/homes/aharter/.cache/phyre/offline_simulation/100000/ball
2020-11-04 16:37:42,833 INFO __main__ VS-base ball_within_template 2 || inspecting generative performance...
2020-11-04 16:37:47,909 INFO root Loading cache from /media/compute/homes/aharter/.cache/phyre/offline_simulation/100000/ball
2020-11-04 16:37:52,134 INFO __main__ VS-base ball_cross_template 0 || loading data for generative training...
2020-11-04 16:37:57,600 INFO __main__ VS-base ball_cross_template 0 || training 'generative' models...
2020-11-04 16:37:57,616 INFO root training epoch 1...
2020-11-04 16:38:18,305 INFO root collecting auccess after epoch 1...
2020-11-04 16:38:23,155 INFO root Loading cache from /media/compute/homes/aharter/.cache/phyre/offline_simulation/100000/ball
2020-11-04 16:47:16,892 INFO root finish collecting auccess after epoch 1: 0.28733267358691533
2020-11-04 16:47:16,893 INFO root training epoch 2...
2020-11-04 16:47:34,408 INFO root collecting auccess after epoch 2...
2020-11-04 16:47:39,394 INFO root Loading cache from /media/compute/homes/aharter/.cache/phyre/offline_simulation/100000/ball
2020-11-04 16:55:59,393 INFO root finish collecting auccess after epoch 2: 0.35711968940222316
2020-11-04 16:55:59,394 INFO root training epoch 3...
2020-11-04 16:56:16,731 INFO root training epoch 4...
2020-11-04 16:56:35,946 INFO root training epoch 5...
2020-11-04 16:56:56,011 INFO root collecting auccess after epoch 5...
2020-11-04 16:57:01,085 INFO root Loading cache from /media/compute/homes/aharter/.cache/phyre/offline_simulation/100000/ball
2020-11-04 17:05:39,576 INFO root finish collecting auccess after epoch 5: 0.31685944937761934
2020-11-04 17:05:39,577 INFO root training epoch 6...
2020-11-04 17:05:56,759 INFO root training epoch 7...
2020-11-04 17:06:13,889 INFO root training epoch 8...
2020-11-04 17:06:31,032 INFO root training epoch 9...
2020-11-04 17:06:48,118 INFO root training epoch 10...
2020-11-04 17:07:05,312 INFO root collecting auccess after epoch 10...
2020-11-04 17:07:10,311 INFO root Loading cache from /media/compute/homes/aharter/.cache/phyre/offline_simulation/100000/ball
2020-11-04 17:15:36,212 INFO root finish collecting auccess after epoch 10: 0.3163363010712844
2020-11-04 17:15:37,416 INFO __main__ VS-base ball_cross_template 0 || saving models...
2020-11-04 17:15:37,686 INFO __main__ VS-base ball_cross_template 0 || loading data for generative testing...
2020-11-04 17:15:37,931 INFO __main__ VS-base ball_cross_template 0 || inspecting generative performance...
2020-11-04 17:15:40,534 INFO root Loading cache from /media/compute/homes/aharter/.cache/phyre/offline_simulation/100000/ball
2020-11-04 17:15:44,529 INFO __main__ VS-base ball_cross_template 1 || loading data for generative training...
2020-11-04 17:15:49,569 INFO __main__ VS-base ball_cross_template 1 || training 'generative' models...
2020-11-04 17:15:49,583 INFO root training epoch 1...
2020-11-04 17:16:10,120 INFO root collecting auccess after epoch 1...
2020-11-04 17:16:15,317 INFO root Loading cache from /media/compute/homes/aharter/.cache/phyre/offline_simulation/100000/ball
2020-11-04 17:27:33,785 INFO root finish collecting auccess after epoch 1: 0.15217764443941026
2020-11-04 17:27:33,786 INFO root training epoch 2...
2020-11-04 17:27:55,027 INFO root collecting auccess after epoch 2...
2020-11-04 17:28:00,074 INFO root Loading cache from /media/compute/homes/aharter/.cache/phyre/offline_simulation/100000/ball
2020-11-04 17:38:29,865 INFO root finish collecting auccess after epoch 2: 0.22923751899931655
2020-11-04 17:38:29,866 INFO root training epoch 3...
2020-11-04 17:38:49,370 INFO root training epoch 4...
2020-11-04 17:39:10,907 INFO root training epoch 5...
2020-11-04 17:39:35,988 INFO root collecting auccess after epoch 5...
2020-11-04 17:39:41,640 INFO root Loading cache from /media/compute/homes/aharter/.cache/phyre/offline_simulation/100000/ball
2020-11-04 17:50:30,953 INFO root finish collecting auccess after epoch 5: 0.19659997321630973
2020-11-04 17:50:30,954 INFO root training epoch 6...
2020-11-04 17:50:51,284 INFO root training epoch 7...
2020-11-04 17:51:11,666 INFO root training epoch 8...
2020-11-04 17:51:32,043 INFO root training epoch 9...
2020-11-04 17:51:52,397 INFO root training epoch 10...
2020-11-04 17:52:12,760 INFO root collecting auccess after epoch 10...
2020-11-04 17:52:17,753 INFO root Loading cache from /media/compute/homes/aharter/.cache/phyre/offline_simulation/100000/ball
2020-11-04 18:03:14,235 INFO root finish collecting auccess after epoch 10: 0.2055872900708045
2020-11-04 18:03:15,399 INFO __main__ VS-base ball_cross_template 1 || saving models...
2020-11-04 18:03:15,671 INFO __main__ VS-base ball_cross_template 1 || loading data for generative testing...
2020-11-04 18:03:15,918 INFO __main__ VS-base ball_cross_template 1 || inspecting generative performance...
2020-11-04 18:03:18,535 INFO root Loading cache from /media/compute/homes/aharter/.cache/phyre/offline_simulation/100000/ball
2020-11-04 18:03:22,876 INFO __main__ VS-base ball_cross_template 2 || loading data for generative training...
2020-11-04 18:03:27,990 INFO __main__ VS-base ball_cross_template 2 || training 'generative' models...
2020-11-04 18:03:28,001 INFO root training epoch 1...
2020-11-04 18:03:48,746 INFO root collecting auccess after epoch 1...
2020-11-04 18:03:54,016 INFO root Loading cache from /media/compute/homes/aharter/.cache/phyre/offline_simulation/100000/ball
2020-11-04 18:13:14,877 INFO root finish collecting auccess after epoch 1: 0.24370564107548456
2020-11-04 18:13:14,877 INFO root training epoch 2...
2020-11-04 18:13:36,265 INFO root collecting auccess after epoch 2...
2020-11-04 18:13:41,377 INFO root Loading cache from /media/compute/homes/aharter/.cache/phyre/offline_simulation/100000/ball
2020-11-04 18:22:59,925 INFO root finish collecting auccess after epoch 2: 0.36950549527747656
2020-11-04 18:22:59,925 INFO root training epoch 3...
2020-11-04 18:23:20,573 INFO root training epoch 4...
2020-11-04 18:23:41,443 INFO root training epoch 5...
2020-11-04 18:24:02,298 INFO root collecting auccess after epoch 5...
2020-11-04 18:24:07,503 INFO root Loading cache from /media/compute/homes/aharter/.cache/phyre/offline_simulation/100000/ball
2020-11-04 18:33:02,882 INFO root finish collecting auccess after epoch 5: 0.36019378119030376
2020-11-04 18:33:02,883 INFO root training epoch 6...
2020-11-04 18:33:22,978 INFO root training epoch 7...
2020-11-04 18:33:43,881 INFO root training epoch 8...
2020-11-04 18:34:04,790 INFO root training epoch 9...
2020-11-04 18:34:29,670 INFO root training epoch 10...
2020-11-04 18:34:55,181 INFO root collecting auccess after epoch 10...
2020-11-04 18:35:00,239 INFO root Loading cache from /media/compute/homes/aharter/.cache/phyre/offline_simulation/100000/ball
2020-11-04 18:43:38,338 INFO root finish collecting auccess after epoch 10: 0.365241964156483
2020-11-04 18:43:39,844 INFO __main__ VS-base ball_cross_template 2 || saving models...
2020-11-04 18:43:40,093 INFO __main__ VS-base ball_cross_template 2 || loading data for generative testing...
2020-11-04 18:43:40,098 INFO root Loading cache from /media/compute/homes/aharter/.cache/phyre/offline_simulation/100000/ball
2020-11-04 18:43:51,673 INFO __main__ VS-base ball_cross_template 2 || inspecting generative performance...
2020-11-04 18:43:54,783 INFO __main__ ['ball_within_template', 'ball_cross_template']
2020-11-05 04:59:19,434 INFO root Loading cache from /media/compute/homes/aharter/.cache/phyre/offline_simulation/100000/ball
2020-11-05 04:59:24,010 INFO __main__ VS-base ball_within_template 0 || loading data for generative training...
2020-11-05 05:00:39,885 INFO __main__ VS-base ball_within_template 0 || training 'generative' models...
2020-11-05 05:00:41,834 INFO root training epoch 1...
2020-11-05 05:01:02,617 INFO root collecting auccess after epoch 1...
2020-11-05 05:01:08,027 INFO root Loading cache from /media/compute/homes/aharter/.cache/phyre/offline_simulation/100000/ball
2020-11-05 05:11:52,561 INFO root finish collecting auccess after epoch 1: 0.2239347195944437
2020-11-05 05:11:52,562 INFO root training epoch 2...
2020-11-05 05:12:16,379 INFO root collecting auccess after epoch 2...
2020-11-05 05:12:21,725 INFO root Loading cache from /media/compute/homes/aharter/.cache/phyre/offline_simulation/100000/ball
2020-11-05 05:21:40,741 INFO root finish collecting auccess after epoch 2: 0.3854537903469041
2020-11-05 05:21:40,742 INFO root training epoch 3...
2020-11-05 05:22:03,737 INFO root training epoch 4...
2020-11-05 05:22:27,571 INFO root training epoch 5...
2020-11-05 05:22:49,497 INFO root collecting auccess after epoch 5...
2020-11-05 05:22:55,185 INFO root Loading cache from /media/compute/homes/aharter/.cache/phyre/offline_simulation/100000/ball
2020-11-05 05:31:05,710 INFO root finish collecting auccess after epoch 5: 0.49083948108555125
2020-11-05 05:31:05,711 INFO root training epoch 6...
2020-11-05 05:31:28,078 INFO root training epoch 7...
2020-11-05 05:31:49,768 INFO root training epoch 8...
2020-11-05 05:32:09,982 INFO root training epoch 9...
2020-11-05 05:32:31,565 INFO root training epoch 10...
2020-11-05 05:32:53,258 INFO root collecting auccess after epoch 10...
2020-11-05 05:32:58,772 INFO root Loading cache from /media/compute/homes/aharter/.cache/phyre/offline_simulation/100000/ball
2020-11-05 05:41:03,899 INFO root finish collecting auccess after epoch 10: 0.5183953850961805
2020-11-05 05:41:05,203 INFO __main__ VS-base ball_within_template 0 || saving models...
2020-11-05 05:41:05,491 INFO __main__ VS-base ball_within_template 0 || loading data for generative testing...
2020-11-05 05:41:05,994 INFO __main__ VS-base ball_within_template 0 || inspecting generative performance...
2020-11-05 05:41:11,503 INFO root Loading cache from /media/compute/homes/aharter/.cache/phyre/offline_simulation/100000/ball
2020-11-05 05:41:15,695 INFO __main__ VS-base ball_cross_template 0 || loading data for generative training...
2020-11-05 05:41:20,922 INFO __main__ VS-base ball_cross_template 0 || training 'generative' models...
2020-11-05 05:41:20,936 INFO root training epoch 1...
2020-11-05 05:41:42,158 INFO root collecting auccess after epoch 1...
2020-11-05 05:41:47,489 INFO root Loading cache from /media/compute/homes/aharter/.cache/phyre/offline_simulation/100000/ball
2020-11-05 05:51:21,037 INFO root finish collecting auccess after epoch 1: 0.32107063379523765
2020-11-05 05:51:21,038 INFO root training epoch 2...
2020-11-05 05:51:41,748 INFO root collecting auccess after epoch 2...
2020-11-05 05:51:47,114 INFO root Loading cache from /media/compute/homes/aharter/.cache/phyre/offline_simulation/100000/ball
2020-11-05 06:01:31,110 INFO root finish collecting auccess after epoch 2: 0.28849991620234033
2020-11-05 06:01:31,111 INFO root training epoch 3...
2020-11-05 06:01:51,982 INFO root training epoch 4...
2020-11-05 06:02:14,470 INFO root training epoch 5...
2020-11-05 06:02:39,346 INFO root collecting auccess after epoch 5...
2020-11-05 06:02:44,568 INFO root Loading cache from /media/compute/homes/aharter/.cache/phyre/offline_simulation/100000/ball
2020-11-05 06:11:33,314 INFO root finish collecting auccess after epoch 5: 0.361910212408867
2020-11-05 06:11:33,314 INFO root training epoch 6...
2020-11-05 06:11:55,202 INFO root training epoch 7...
2020-11-05 06:12:17,094 INFO root training epoch 8...
2020-11-05 06:12:40,573 INFO root training epoch 9...
2020-11-05 06:13:03,970 INFO root training epoch 10...
2020-11-05 06:13:27,710 INFO root collecting auccess after epoch 10...
2020-11-05 06:13:33,051 INFO root Loading cache from /media/compute/homes/aharter/.cache/phyre/offline_simulation/100000/ball
2020-11-05 06:22:24,919 INFO root finish collecting auccess after epoch 10: 0.36644979785234566
2020-11-05 06:22:26,235 INFO __main__ VS-base ball_cross_template 0 || saving models...
2020-11-05 06:22:26,515 INFO __main__ VS-base ball_cross_template 0 || loading data for generative testing...
2020-11-05 06:22:26,792 INFO __main__ VS-base ball_cross_template 0 || inspecting generative performance...
2020-11-05 06:22:29,619 INFO __main__ ['ball_within_template', 'ball_cross_template']
