2020-11-03 16:40:07,398 INFO root Loading cache from /media/compute/homes/aharter/.cache/phyre/offline_simulation/100000/ball
2020-11-03 16:40:11,725 INFO __main__ VS-bs64 ball_cross_template 0 || loading data for generative training...
2020-11-03 16:40:16,651 INFO __main__ VS-bs64 ball_cross_template 0 || training 'generative' models...
2020-11-03 16:40:18,583 INFO root training epoch 1...
2020-11-03 16:40:30,564 INFO root collecting auccess after epoch 1...
2020-11-03 16:40:35,749 INFO root Loading cache from /media/compute/homes/aharter/.cache/phyre/offline_simulation/100000/ball
2020-11-03 16:49:59,416 INFO root finish collecting auccess after epoch 1: 0.2147541637856218
2020-11-03 16:49:59,417 INFO root training epoch 2...
2020-11-03 16:50:11,398 INFO root collecting auccess after epoch 2...
2020-11-03 16:50:16,612 INFO root Loading cache from /media/compute/homes/aharter/.cache/phyre/offline_simulation/100000/ball
2020-11-03 16:59:24,804 INFO root finish collecting auccess after epoch 2: 0.24337915133867236
2020-11-03 16:59:24,804 INFO root training epoch 3...
2020-11-03 16:59:37,004 INFO root training epoch 4...
2020-11-03 16:59:47,768 INFO root training epoch 5...
2020-11-03 16:59:58,074 INFO root collecting auccess after epoch 5...
2020-11-03 17:00:03,073 INFO root Loading cache from /media/compute/homes/aharter/.cache/phyre/offline_simulation/100000/ball
2020-11-03 17:08:19,538 INFO root finish collecting auccess after epoch 5: 0.3490894789447186
2020-11-03 17:08:19,539 INFO root training epoch 6...
2020-11-03 17:08:29,662 INFO root training epoch 7...
2020-11-03 17:08:39,854 INFO root training epoch 8...
2020-11-03 17:08:49,991 INFO root training epoch 9...
2020-11-03 17:09:00,169 INFO root training epoch 10...
2020-11-03 17:09:10,288 INFO root collecting auccess after epoch 10...
2020-11-03 17:09:15,298 INFO root Loading cache from /media/compute/homes/aharter/.cache/phyre/offline_simulation/100000/ball
2020-11-03 17:17:19,754 INFO root finish collecting auccess after epoch 10: 0.344822640223924
2020-11-03 17:17:20,432 INFO __main__ VS-bs64 ball_cross_template 0 || saving models...
2020-11-03 17:17:20,692 INFO __main__ VS-bs64 ball_cross_template 0 || loading data for generative testing...
2020-11-03 17:17:20,941 INFO __main__ VS-bs64 ball_cross_template 0 || inspecting generative performance...
2020-11-03 17:17:23,543 INFO root Loading cache from /media/compute/homes/aharter/.cache/phyre/offline_simulation/100000/ball
2020-11-03 17:17:27,872 INFO __main__ VS-bs64 ball_within_template 0 || loading data for generative training...
2020-11-03 17:18:44,566 INFO __main__ VS-bs64 ball_within_template 0 || training 'generative' models...
2020-11-03 17:18:44,594 INFO root training epoch 1...
2020-11-03 17:18:55,155 INFO root collecting auccess after epoch 1...
2020-11-03 17:19:00,014 INFO root Loading cache from /media/compute/homes/aharter/.cache/phyre/offline_simulation/100000/ball
2020-11-03 17:28:38,609 INFO root finish collecting auccess after epoch 1: 0.23328854336731772
2020-11-03 17:28:38,610 INFO root training epoch 2...
2020-11-03 17:28:46,996 INFO root collecting auccess after epoch 2...
2020-11-03 17:28:52,014 INFO root Loading cache from /media/compute/homes/aharter/.cache/phyre/offline_simulation/100000/ball
2020-11-03 17:38:38,110 INFO root finish collecting auccess after epoch 2: 0.21982252162622018
2020-11-03 17:38:38,110 INFO root training epoch 3...
2020-11-03 17:38:48,523 INFO root training epoch 4...
2020-11-03 17:38:58,833 INFO root training epoch 5...
2020-11-03 17:39:09,126 INFO root collecting auccess after epoch 5...
2020-11-03 17:39:14,201 INFO root Loading cache from /media/compute/homes/aharter/.cache/phyre/offline_simulation/100000/ball
2020-11-03 17:47:14,111 INFO root finish collecting auccess after epoch 5: 0.46502210910362785
2020-11-03 17:47:14,112 INFO root training epoch 6...
2020-11-03 17:47:24,447 INFO root training epoch 7...
2020-11-03 17:47:34,737 INFO root training epoch 8...
2020-11-03 17:47:44,951 INFO root training epoch 9...
2020-11-03 17:47:55,161 INFO root training epoch 10...
2020-11-03 17:48:05,382 INFO root collecting auccess after epoch 10...
2020-11-03 17:48:10,479 INFO root Loading cache from /media/compute/homes/aharter/.cache/phyre/offline_simulation/100000/ball
2020-11-03 17:55:18,100 INFO root finish collecting auccess after epoch 10: 0.5012013286072107
2020-11-03 17:55:18,756 INFO __main__ VS-bs64 ball_within_template 0 || saving models...
2020-11-03 17:55:19,044 INFO __main__ VS-bs64 ball_within_template 0 || loading data for generative testing...
2020-11-03 17:55:19,500 INFO __main__ VS-bs64 ball_within_template 0 || inspecting generative performance...
2020-11-03 17:55:24,961 INFO __main__ ['ball_cross_template', 'ball_within_template']
