2020-11-03 15:21:16,152 INFO root Loading cache from /media/compute/homes/aharter/.cache/phyre/offline_simulation/100000/ball
2020-11-03 15:21:20,344 INFO __main__ VS-bs16 ball_cross_template 0 || loading data for generative training...
2020-11-03 15:21:25,601 INFO __main__ VS-bs16 ball_cross_template 0 || training 'generative' models...
2020-11-03 15:21:27,507 INFO root training epoch 1...
2020-11-03 15:22:00,407 INFO root collecting auccess after epoch 1...
2020-11-03 15:22:05,612 INFO root Loading cache from /media/compute/homes/aharter/.cache/phyre/offline_simulation/100000/ball
2020-11-03 15:30:39,460 INFO root finish collecting auccess after epoch 1: 0.31949155093088655
2020-11-03 15:30:39,460 INFO root training epoch 2...
2020-11-03 15:31:13,158 INFO root collecting auccess after epoch 2...
2020-11-03 15:31:18,250 INFO root Loading cache from /media/compute/homes/aharter/.cache/phyre/offline_simulation/100000/ball
2020-11-03 15:39:44,340 INFO root finish collecting auccess after epoch 2: 0.34107571740296766
2020-11-03 15:39:44,340 INFO root training epoch 3...
2020-11-03 15:40:23,872 INFO root training epoch 4...
2020-11-03 15:41:01,747 INFO root training epoch 5...
2020-11-03 15:41:39,580 INFO root collecting auccess after epoch 5...
2020-11-03 15:41:44,719 INFO root Loading cache from /media/compute/homes/aharter/.cache/phyre/offline_simulation/100000/ball
2020-11-03 15:50:03,309 INFO root finish collecting auccess after epoch 5: 0.3348521052168715
2020-11-03 15:50:03,310 INFO root training epoch 6...
2020-11-03 15:50:34,169 INFO root training epoch 7...
2020-11-03 15:51:09,010 INFO root training epoch 8...
2020-11-03 15:51:46,530 INFO root training epoch 9...
2020-11-03 15:52:24,053 INFO root training epoch 10...
2020-11-03 15:53:01,688 INFO root collecting auccess after epoch 10...
2020-11-03 15:53:06,801 INFO root Loading cache from /media/compute/homes/aharter/.cache/phyre/offline_simulation/100000/ball
2020-11-03 16:01:26,632 INFO root finish collecting auccess after epoch 10: 0.34129060582935156
2020-11-03 16:01:28,759 INFO __main__ VS-bs16 ball_cross_template 0 || saving models...
2020-11-03 16:01:29,012 INFO __main__ VS-bs16 ball_cross_template 0 || loading data for generative testing...
2020-11-03 16:01:29,243 INFO __main__ VS-bs16 ball_cross_template 0 || inspecting generative performance...
2020-11-03 16:01:31,898 INFO root Loading cache from /media/compute/homes/aharter/.cache/phyre/offline_simulation/100000/ball
2020-11-03 16:01:36,275 INFO __main__ VS-bs16 ball_within_template 0 || loading data for generative training...
2020-11-03 16:02:49,993 INFO __main__ VS-bs16 ball_within_template 0 || training 'generative' models...
2020-11-03 16:02:50,026 INFO root training epoch 1...
2020-11-03 16:03:30,183 INFO root collecting auccess after epoch 1...
2020-11-03 16:03:35,212 INFO root Loading cache from /media/compute/homes/aharter/.cache/phyre/offline_simulation/100000/ball
2020-11-03 16:11:45,975 INFO root finish collecting auccess after epoch 1: 0.42072531848087175
2020-11-03 16:11:45,976 INFO root training epoch 2...
2020-11-03 16:12:17,440 INFO root collecting auccess after epoch 2...
2020-11-03 16:12:22,519 INFO root Loading cache from /media/compute/homes/aharter/.cache/phyre/offline_simulation/100000/ball
2020-11-03 16:20:03,152 INFO root finish collecting auccess after epoch 2: 0.4621375972220027
2020-11-03 16:20:03,152 INFO root training epoch 3...
2020-11-03 16:20:34,691 INFO root training epoch 4...
2020-11-03 16:21:24,515 INFO root training epoch 5...
2020-11-03 16:22:13,964 INFO root collecting auccess after epoch 5...
2020-11-03 16:22:19,284 INFO root Loading cache from /media/compute/homes/aharter/.cache/phyre/offline_simulation/100000/ball
2020-11-03 16:29:39,775 INFO root finish collecting auccess after epoch 5: 0.4991193468030967
2020-11-03 16:29:39,776 INFO root training epoch 6...
2020-11-03 16:30:19,302 INFO root training epoch 7...
2020-11-03 16:30:59,016 INFO root training epoch 8...
2020-11-03 16:31:38,821 INFO root training epoch 9...
2020-11-03 16:32:18,634 INFO root training epoch 10...
2020-11-03 16:32:58,363 INFO root collecting auccess after epoch 10...
2020-11-03 16:33:03,485 INFO root Loading cache from /media/compute/homes/aharter/.cache/phyre/offline_simulation/100000/ball
2020-11-03 16:39:53,175 INFO root finish collecting auccess after epoch 10: 0.5394178755144282
2020-11-03 16:39:55,278 INFO __main__ VS-bs16 ball_within_template 0 || saving models...
2020-11-03 16:39:55,560 INFO __main__ VS-bs16 ball_within_template 0 || loading data for generative testing...
2020-11-03 16:39:56,004 INFO __main__ VS-bs16 ball_within_template 0 || inspecting generative performance...
2020-11-03 16:40:01,159 INFO __main__ ['ball_cross_template', 'ball_within_template']
