2020-11-06 20:14:29,263 ERROR __main__ Exception occured:
Traceback (most recent call last):
  File "solver.py", line 206, in <module>
    neck=neckfak, altconv=altconv, train_mode=train_mode, puretrain=puretrain)
TypeError: __init__() got an unexpected keyword argument 'puretrain'
2020-11-07 00:10:04,949 INFO root Loading cache from /media/compute/homes/aharter/.cache/phyre/offline_simulation/100000/ball
2020-11-07 00:10:12,748 INFO __main__ VS-bigbase2 ball_within_template 0 || loading data for generative training...
2020-11-07 00:20:26,286 INFO __main__ VS-bigbase2 ball_within_template 0 || training 'generative' models...
2020-11-07 00:20:29,680 INFO root training epoch 1...
2020-11-07 00:29:46,368 ERROR __main__ Exception occured:
Traceback (most recent call last):
  File "solver.py", line 263, in <module>
    solver.train_supervised(epochs=epochs, train_mode=train_mode, test_ids = test_ids, setup=f'{eval_setup}_{fold_id}')
  File "/media/compute/homes/aharter/isy2020/phyre/flownet.py", line 1970, in train_supervised
    if not self.purtrain and ((epoch+1) in solve_epochs) and test_ids:
AttributeError: 'FlownetSolver' object has no attribute 'purtrain'
2020-11-07 00:37:17,123 INFO root Loading cache from /media/compute/homes/aharter/.cache/phyre/offline_simulation/100000/ball
2020-11-07 00:37:25,027 INFO __main__ VS-bigbase2 ball_within_template 0 || loading data for generative training...
2020-11-07 00:37:56,806 INFO root Loading cache from /media/compute/homes/aharter/.cache/phyre/offline_simulation/100000/ball
2020-11-07 00:38:04,941 INFO __main__ VS-bigbase2 ball_within_template 0 || loading data for generative training...
2020-11-07 00:48:29,589 INFO __main__ VS-bigbase2 ball_within_template 0 || training 'generative' models...
2020-11-07 00:48:33,059 INFO root training epoch 1...
2020-11-07 00:54:14,654 INFO root training epoch 2...
2020-11-07 00:58:39,585 INFO root training epoch 3...
2020-11-07 01:03:48,805 INFO root training epoch 4...
2020-11-07 01:08:09,870 INFO root training epoch 5...
2020-11-07 01:14:23,803 INFO root training epoch 6...
2020-11-07 01:20:59,475 INFO root training epoch 7...
2020-11-07 01:26:31,050 INFO root training epoch 8...
2020-11-07 01:31:46,552 INFO root training epoch 9...
2020-11-07 01:37:39,473 INFO root training epoch 10...
2020-11-07 01:43:23,433 INFO root training epoch 11...
2020-11-07 01:48:43,503 INFO root training epoch 12...
2020-11-07 01:54:51,399 INFO root training epoch 13...
2020-11-07 02:01:06,433 INFO root training epoch 14...
2020-11-07 02:06:37,532 INFO root training epoch 15...
2020-11-07 02:12:36,094 INFO root training epoch 16...
2020-11-07 02:18:31,056 INFO root training epoch 17...
2020-11-07 02:23:46,002 INFO root training epoch 18...
2020-11-07 02:30:18,893 INFO root training epoch 19...
2020-11-07 02:37:06,820 INFO root training epoch 20...
2020-11-07 02:44:04,500 INFO __main__ VS-bigbase2 ball_within_template 0 || loading data for generative testing...
2020-11-07 02:44:05,591 INFO __main__ VS-bigbase2 ball_within_template 0 || inspecting generative performance...
2020-11-07 02:44:17,877 INFO root Loading cache from /media/compute/homes/aharter/.cache/phyre/offline_simulation/100000/ball
2020-11-07 02:44:25,907 INFO __main__ VS-bigbase2 ball_cross_template 0 || loading data for generative training...
2020-11-07 02:52:09,020 INFO __main__ VS-bigbase2 ball_cross_template 0 || training 'generative' models...
2020-11-07 02:52:09,057 INFO root training epoch 1...
2020-11-07 02:58:38,446 INFO root training epoch 2...
2020-11-07 03:03:43,395 INFO root training epoch 3...
2020-11-07 03:09:53,047 INFO root training epoch 4...
2020-11-07 03:14:40,058 INFO root training epoch 5...
2020-11-07 03:20:21,580 INFO root training epoch 6...
2020-11-07 03:27:37,719 INFO root training epoch 7...
2020-11-07 03:34:25,892 INFO root training epoch 8...
2020-11-07 03:40:33,706 INFO root training epoch 9...
2020-11-07 03:47:09,330 INFO root training epoch 10...
2020-11-07 03:54:00,351 INFO root training epoch 11...
2020-11-07 04:00:42,494 INFO root training epoch 12...
2020-11-07 04:05:46,041 INFO root training epoch 13...
2020-11-07 04:12:40,696 INFO root training epoch 14...
2020-11-07 04:19:35,566 INFO root training epoch 15...
2020-11-07 04:26:30,344 INFO root training epoch 16...
2020-11-07 04:33:34,619 INFO root training epoch 17...
2020-11-07 04:40:17,230 INFO root training epoch 18...
2020-11-07 04:47:41,439 INFO root training epoch 19...
2020-11-07 04:54:33,158 INFO root training epoch 20...
2020-11-07 05:02:02,412 INFO __main__ VS-bigbase2 ball_cross_template 0 || loading data for generative testing...
2020-11-07 05:02:03,083 INFO __main__ VS-bigbase2 ball_cross_template 0 || inspecting generative performance...
2020-11-07 05:02:09,552 INFO __main__ ['ball_within_template', 'ball_cross_template']
2020-11-07 05:02:17,615 INFO root Loading cache from /media/compute/homes/aharter/.cache/phyre/offline_simulation/100000/ball
2020-11-07 05:02:26,362 INFO __main__ VS-bigbase2 ball_within_template 0 || loading data for generative training...
2020-11-07 05:09:45,118 INFO __main__ VS-bigbase2 ball_within_template 0 || training 'generative' models...
2020-11-07 05:09:49,095 INFO root training epoch 1...
2020-11-07 05:17:49,784 INFO root training epoch 2...
2020-11-07 05:24:41,939 INFO root training epoch 3...
2020-11-07 05:32:05,154 INFO root training epoch 4...
2020-11-07 05:38:53,829 INFO root training epoch 5...
2020-11-07 05:47:04,633 INFO root training epoch 6...
2020-11-07 05:54:37,847 INFO root training epoch 7...
2020-11-07 06:00:30,024 INFO root training epoch 8...
2020-11-07 06:02:32,000 INFO root training epoch 9...
2020-11-07 06:06:10,374 INFO root training epoch 10...
2020-11-07 06:13:58,627 INFO root training epoch 11...
2020-11-07 06:21:51,436 INFO root training epoch 12...
2020-11-07 06:27:39,110 INFO root training epoch 13...
2020-11-07 06:31:38,958 INFO root training epoch 14...
2020-11-07 06:38:25,164 INFO root training epoch 15...
2020-11-07 06:44:45,257 INFO root training epoch 16...
2020-11-07 06:50:12,594 INFO root training epoch 17...
2020-11-07 06:56:18,427 INFO root training epoch 18...
2020-11-07 07:03:15,074 INFO root training epoch 19...
2020-11-07 07:08:58,855 INFO root training epoch 20...
2020-11-07 07:15:26,701 INFO __main__ VS-bigbase2 ball_within_template 0 || loading data for generative testing...
2020-11-07 07:15:27,981 INFO __main__ VS-bigbase2 ball_within_template 0 || inspecting generative performance...
2020-11-07 07:15:38,591 INFO root Loading cache from /media/compute/homes/aharter/.cache/phyre/offline_simulation/100000/ball
2020-11-07 07:15:46,800 INFO __main__ VS-bigbase2 ball_within_template 1 || loading data for generative training...
2020-11-07 07:23:20,383 INFO __main__ VS-bigbase2 ball_within_template 1 || training 'generative' models...
2020-11-07 07:23:20,430 INFO root training epoch 1...
2020-11-07 07:30:14,842 INFO root training epoch 2...
2020-11-07 07:35:41,152 INFO root training epoch 3...
2020-11-07 07:41:21,007 INFO root training epoch 4...
2020-11-07 07:47:10,816 INFO root training epoch 5...
2020-11-07 07:54:00,095 INFO root training epoch 6...
2020-11-07 07:59:53,379 INFO root training epoch 7...
2020-11-07 08:06:43,873 INFO root training epoch 8...
2020-11-07 08:13:10,537 INFO root training epoch 9...
2020-11-07 08:19:07,041 INFO root training epoch 10...
2020-11-07 08:24:16,478 INFO root training epoch 11...
2020-11-07 08:31:13,769 INFO root training epoch 12...
2020-11-07 08:38:03,367 INFO root training epoch 13...
2020-11-07 08:44:50,952 INFO root training epoch 14...
2020-11-07 08:51:53,064 INFO root training epoch 15...
2020-11-07 08:59:03,436 INFO root training epoch 16...
2020-11-07 09:06:05,178 INFO root training epoch 17...
2020-11-07 09:14:04,929 INFO root training epoch 18...
2020-11-07 09:21:17,282 INFO root training epoch 19...
2020-11-07 09:29:06,719 INFO root training epoch 20...
2020-11-07 09:36:48,360 INFO __main__ VS-bigbase2 ball_within_template 1 || loading data for generative testing...
2020-11-07 09:36:49,626 INFO __main__ VS-bigbase2 ball_within_template 1 || inspecting generative performance...
2020-11-07 09:37:02,026 INFO root Loading cache from /media/compute/homes/aharter/.cache/phyre/offline_simulation/100000/ball
2020-11-07 09:37:10,826 INFO __main__ VS-bigbase2 ball_cross_template 0 || loading data for generative training...
2020-11-07 09:47:29,860 INFO __main__ VS-bigbase2 ball_cross_template 0 || training 'generative' models...
2020-11-07 09:47:29,893 INFO root training epoch 1...
2020-11-07 09:56:26,727 INFO root training epoch 2...
2020-11-07 10:04:57,151 INFO root training epoch 3...
2020-11-07 10:13:52,390 INFO root training epoch 4...
2020-11-07 10:22:33,431 INFO root training epoch 5...
2020-11-07 10:31:36,094 INFO root training epoch 6...
2020-11-07 10:40:27,568 INFO root training epoch 7...
2020-11-07 10:49:25,730 INFO root training epoch 8...
2020-11-07 10:58:12,319 INFO root training epoch 9...
2020-11-07 11:07:15,949 INFO root training epoch 10...
2020-11-07 11:16:12,559 INFO root training epoch 11...
2020-11-07 11:25:18,508 INFO root training epoch 12...
2020-11-07 11:34:18,144 INFO root training epoch 13...
2020-11-07 11:43:13,289 INFO root training epoch 14...
2020-11-07 11:51:36,259 INFO root training epoch 15...
2020-11-07 12:00:21,518 INFO root training epoch 16...
2020-11-07 12:09:13,180 INFO root training epoch 17...
2020-11-07 12:16:09,359 INFO root training epoch 18...
2020-11-07 12:21:51,417 INFO root training epoch 19...
2020-11-07 12:30:32,925 INFO root training epoch 20...
2020-11-07 12:39:40,804 INFO __main__ VS-bigbase2 ball_cross_template 0 || loading data for generative testing...
2020-11-07 12:39:41,443 INFO __main__ VS-bigbase2 ball_cross_template 0 || inspecting generative performance...
2020-11-07 12:39:47,727 INFO root Loading cache from /media/compute/homes/aharter/.cache/phyre/offline_simulation/100000/ball
2020-11-07 12:39:56,104 INFO __main__ VS-bigbase2 ball_cross_template 1 || loading data for generative training...
2020-11-07 12:49:23,722 INFO __main__ VS-bigbase2 ball_cross_template 1 || training 'generative' models...
2020-11-07 12:49:23,756 INFO root training epoch 1...
2020-11-07 12:58:26,144 INFO root training epoch 2...
2020-11-07 13:07:13,543 INFO root training epoch 3...
2020-11-07 13:16:08,519 INFO root training epoch 4...
2020-11-07 13:25:04,450 INFO root training epoch 5...
2020-11-07 13:34:01,579 INFO root training epoch 6...
2020-11-07 13:43:09,240 INFO root training epoch 7...
2020-11-07 13:52:17,753 INFO root training epoch 8...
2020-11-07 14:01:13,716 INFO root training epoch 9...
2020-11-07 14:10:02,563 INFO root training epoch 10...
2020-11-07 14:18:42,449 INFO root training epoch 11...
2020-11-07 14:27:48,438 INFO root training epoch 12...
2020-11-07 14:36:44,961 INFO root training epoch 13...
2020-11-07 14:45:33,568 INFO root training epoch 14...
2020-11-07 14:54:35,763 INFO root training epoch 15...
2020-11-07 15:03:17,567 INFO root training epoch 16...
2020-11-07 15:12:25,018 INFO root training epoch 17...
2020-11-07 15:21:42,926 INFO root training epoch 18...
2020-11-07 15:30:56,928 INFO root training epoch 19...
2020-11-07 15:39:06,382 INFO root training epoch 20...
2020-11-07 15:48:24,123 INFO __main__ VS-bigbase2 ball_cross_template 1 || loading data for generative testing...
2020-11-07 15:48:24,809 INFO __main__ VS-bigbase2 ball_cross_template 1 || inspecting generative performance...
2020-11-07 15:48:31,321 INFO __main__ ['ball_within_template', 'ball_cross_template']
2020-11-07 15:48:38,468 INFO root Loading cache from /media/compute/homes/aharter/.cache/phyre/offline_simulation/100000/ball
2020-11-07 15:48:44,851 INFO __main__ VS-bigbase2 ball_within_template 0 || loading data for generative training...
2020-11-07 15:54:57,346 INFO __main__ VS-bigbase2 ball_within_template 0 || training 'generative' models...
2020-11-07 15:55:00,410 INFO root training epoch 1...
2020-11-07 16:02:45,059 INFO root training epoch 2...
2020-11-07 16:10:54,621 INFO root training epoch 3...
2020-11-07 16:18:47,087 INFO root training epoch 4...
2020-11-07 16:27:14,165 INFO root training epoch 5...
2020-11-07 16:35:23,194 INFO root training epoch 6...
2020-11-07 16:43:49,044 INFO root training epoch 7...
2020-11-07 16:51:31,313 INFO root training epoch 8...
2020-11-07 16:59:39,003 INFO root training epoch 9...
2020-11-07 17:06:09,692 INFO root training epoch 10...
2020-11-07 17:13:20,528 INFO root training epoch 11...
2020-11-07 17:20:39,954 INFO root training epoch 12...
2020-11-07 17:27:03,723 INFO root training epoch 13...
2020-11-07 17:34:40,657 INFO root training epoch 14...
2020-11-07 17:42:17,250 INFO root training epoch 15...
2020-11-07 17:50:05,684 INFO root training epoch 16...
2020-11-07 17:57:52,367 INFO root training epoch 17...
2020-11-07 18:05:12,050 INFO root training epoch 18...
2020-11-07 18:12:34,421 INFO root training epoch 19...
2020-11-07 18:19:26,173 INFO root training epoch 20...
2020-11-07 18:27:26,892 INFO __main__ VS-bigbase2 ball_within_template 0 || loading data for generative testing...
2020-11-07 18:27:28,157 INFO __main__ VS-bigbase2 ball_within_template 0 || inspecting generative performance...
2020-11-07 18:27:40,338 INFO root Loading cache from /media/compute/homes/aharter/.cache/phyre/offline_simulation/100000/ball
2020-11-07 18:27:48,869 INFO __main__ VS-bigbase2 ball_within_template 1 || loading data for generative training...
2020-11-07 18:38:36,767 INFO __main__ VS-bigbase2 ball_within_template 1 || training 'generative' models...
2020-11-07 18:38:36,820 INFO root training epoch 1...
2020-11-07 18:45:07,226 INFO root training epoch 2...
2020-11-07 18:49:19,092 INFO root training epoch 3...
2020-11-07 18:56:58,407 INFO root training epoch 4...
2020-11-07 19:02:11,193 INFO root training epoch 5...
2020-11-07 19:07:49,400 INFO root training epoch 6...
2020-11-07 19:11:12,741 INFO root training epoch 7...
2020-11-07 19:12:39,234 INFO root training epoch 8...
2020-11-07 19:14:00,368 INFO root training epoch 9...
2020-11-07 19:15:07,898 INFO root training epoch 10...
2020-11-07 19:16:24,385 INFO root training epoch 11...
2020-11-07 19:17:45,624 INFO root training epoch 12...
2020-11-07 19:19:00,716 INFO root training epoch 13...
2020-11-07 19:20:22,394 INFO root training epoch 14...
2020-11-07 19:21:34,859 INFO root training epoch 15...
2020-11-07 19:22:46,727 INFO root training epoch 16...
2020-11-07 19:23:59,202 INFO root training epoch 17...
2020-11-07 19:25:15,426 INFO root training epoch 18...
2020-11-07 19:26:32,062 INFO root training epoch 19...
2020-11-07 19:27:44,401 INFO root training epoch 20...
2020-11-07 19:29:06,724 INFO __main__ VS-bigbase2 ball_within_template 1 || loading data for generative testing...
2020-11-07 19:29:08,010 INFO __main__ VS-bigbase2 ball_within_template 1 || inspecting generative performance...
2020-11-07 19:29:14,849 INFO root Loading cache from /media/compute/homes/aharter/.cache/phyre/offline_simulation/100000/ball
2020-11-07 19:29:20,305 INFO __main__ VS-bigbase2 ball_within_template 2 || loading data for generative training...
2020-11-07 19:29:24,428 INFO root Loading cache from /media/compute/homes/aharter/.cache/phyre/offline_simulation/100000/ball
2020-11-07 22:10:03,176 INFO __main__ VS-bigbase2 ball_within_template 2 || training 'generative' models...
2020-11-07 22:10:03,269 INFO root training epoch 1...
2020-11-07 22:11:14,317 INFO root training epoch 2...
2020-11-07 22:12:24,950 INFO root training epoch 3...
2020-11-07 22:13:32,618 INFO root training epoch 4...
2020-11-07 22:14:40,259 INFO root training epoch 5...
2020-11-07 22:15:47,957 INFO root training epoch 6...
2020-11-07 22:16:55,645 INFO root training epoch 7...
2020-11-07 22:18:03,093 INFO root training epoch 8...
2020-11-07 22:19:05,475 INFO root training epoch 9...
2020-11-07 22:20:16,003 INFO root training epoch 10...
2020-11-07 22:21:25,883 INFO root training epoch 11...
2020-11-07 22:22:34,135 INFO root training epoch 12...
2020-11-07 22:23:42,352 INFO root training epoch 13...
2020-11-07 22:24:53,374 INFO root training epoch 14...
2020-11-07 22:26:03,470 INFO root training epoch 15...
2020-11-07 22:27:11,640 INFO root training epoch 16...
2020-11-07 22:28:19,754 INFO root training epoch 17...
2020-11-07 22:29:27,710 INFO root training epoch 18...
2020-11-07 22:30:35,912 INFO root training epoch 19...
2020-11-07 22:31:44,209 INFO root training epoch 20...
2020-11-07 22:32:59,095 INFO __main__ VS-bigbase2 ball_within_template 2 || loading data for generative testing...
2020-11-07 22:32:59,585 INFO __main__ VS-bigbase2 ball_within_template 2 || inspecting generative performance...
2020-11-07 22:33:05,688 INFO root Loading cache from /media/compute/homes/aharter/.cache/phyre/offline_simulation/100000/ball
2020-11-07 22:33:09,809 INFO __main__ VS-bigbase2 ball_cross_template 0 || loading data for generative training...
2020-11-07 22:37:13,763 INFO __main__ VS-bigbase2 ball_cross_template 0 || training 'generative' models...
2020-11-07 22:37:13,792 INFO root training epoch 1...
2020-11-07 22:38:22,768 INFO root training epoch 2...
2020-11-07 22:39:33,011 INFO root training epoch 3...
2020-11-07 22:40:43,487 INFO root training epoch 4...
2020-11-07 22:41:53,956 INFO root training epoch 5...
2020-11-07 22:43:04,545 INFO root training epoch 6...
2020-11-07 22:44:15,372 INFO root training epoch 7...
2020-11-07 22:45:26,124 INFO root training epoch 8...
2020-11-07 22:46:36,924 INFO root training epoch 9...
2020-11-07 22:47:47,625 INFO root training epoch 10...
2020-11-07 22:48:58,394 INFO root training epoch 11...
2020-11-07 22:50:09,186 INFO root training epoch 12...
2020-11-07 22:51:19,979 INFO root training epoch 13...
2020-11-07 22:52:30,743 INFO root training epoch 14...
2020-11-07 22:53:41,432 INFO root training epoch 15...
2020-11-07 22:54:52,151 INFO root training epoch 16...
2020-11-07 22:56:03,108 INFO root training epoch 17...
2020-11-07 22:57:13,893 INFO root training epoch 18...
2020-11-07 22:58:24,606 INFO root training epoch 19...
2020-11-07 22:59:35,781 INFO root training epoch 20...
2020-11-07 23:00:52,990 INFO __main__ VS-bigbase2 ball_cross_template 0 || loading data for generative testing...
2020-11-07 23:00:53,248 INFO __main__ VS-bigbase2 ball_cross_template 0 || inspecting generative performance...
2020-11-07 23:00:56,067 INFO root Loading cache from /media/compute/homes/aharter/.cache/phyre/offline_simulation/100000/ball
2020-11-07 23:01:00,347 INFO __main__ VS-bigbase2 ball_cross_template 1 || loading data for generative training...
2020-11-07 23:05:04,008 INFO __main__ VS-bigbase2 ball_cross_template 1 || training 'generative' models...
2020-11-07 23:05:04,036 INFO root training epoch 1...
2020-11-07 23:06:11,981 INFO root training epoch 2...
2020-11-07 23:07:22,976 INFO root training epoch 3...
2020-11-07 23:08:31,264 INFO root training epoch 4...
2020-11-07 23:09:39,381 INFO root training epoch 5...
2020-11-07 23:10:48,408 INFO root training epoch 6...
2020-11-07 23:11:56,842 INFO root training epoch 7...
2020-11-07 23:13:07,299 INFO root training epoch 8...
2020-11-07 23:14:17,607 INFO root training epoch 9...
2020-11-07 23:15:27,893 INFO root training epoch 10...
2020-11-07 23:16:38,097 INFO root training epoch 11...
2020-11-07 23:17:48,330 INFO root training epoch 12...
2020-11-07 23:18:58,505 INFO root training epoch 13...
2020-11-07 23:20:08,723 INFO root training epoch 14...
2020-11-07 23:21:18,939 INFO root training epoch 15...
2020-11-07 23:22:29,145 INFO root training epoch 16...
2020-11-07 23:23:39,336 INFO root training epoch 17...
2020-11-07 23:24:49,515 INFO root training epoch 18...
2020-11-07 23:25:59,642 INFO root training epoch 19...
2020-11-07 23:27:09,835 INFO root training epoch 20...
2020-11-07 23:28:26,641 INFO __main__ VS-bigbase2 ball_cross_template 1 || loading data for generative testing...
2020-11-07 23:28:26,895 INFO __main__ VS-bigbase2 ball_cross_template 1 || inspecting generative performance...
2020-11-07 23:28:29,537 INFO root Loading cache from /media/compute/homes/aharter/.cache/phyre/offline_simulation/100000/ball
2020-11-07 23:28:33,866 INFO __main__ VS-bigbase2 ball_cross_template 2 || loading data for generative training...
2020-11-07 23:28:36,762 INFO root Loading cache from /media/compute/homes/aharter/.cache/phyre/offline_simulation/100000/ball
2020-11-08 02:00:18,428 INFO __main__ VS-bigbase2 ball_cross_template 2 || training 'generative' models...
2020-11-08 02:00:18,466 INFO root training epoch 1...
2020-11-08 02:01:29,403 INFO root training epoch 2...
2020-11-08 02:02:39,964 INFO root training epoch 3...
2020-11-08 02:03:50,253 INFO root training epoch 4...
2020-11-08 02:05:00,494 INFO root training epoch 5...
2020-11-08 02:06:10,877 INFO root training epoch 6...
2020-11-08 02:07:21,223 INFO root training epoch 7...
2020-11-08 02:08:31,598 INFO root training epoch 8...
2020-11-08 02:09:41,952 INFO root training epoch 9...
2020-11-08 02:10:52,450 INFO root training epoch 10...
2020-11-08 02:12:02,871 INFO root training epoch 11...
2020-11-08 02:13:13,179 INFO root training epoch 12...
2020-11-08 02:14:23,520 INFO root training epoch 13...
2020-11-08 02:15:33,914 INFO root training epoch 14...
2020-11-08 02:16:44,273 INFO root training epoch 15...
2020-11-08 02:17:54,511 INFO root training epoch 16...
2020-11-08 02:19:04,366 INFO root training epoch 17...
2020-11-08 02:20:14,479 INFO root training epoch 18...
2020-11-08 02:21:24,625 INFO root training epoch 19...
2020-11-08 02:22:34,806 INFO root training epoch 20...
2020-11-08 02:23:51,591 INFO __main__ VS-bigbase2 ball_cross_template 2 || loading data for generative testing...
2020-11-08 02:23:51,838 INFO __main__ VS-bigbase2 ball_cross_template 2 || inspecting generative performance...
2020-11-08 02:23:54,590 INFO __main__ ['ball_within_template', 'ball_cross_template']
