2020-11-07 03:57:19,540 INFO root Loading cache from /media/compute/homes/aharter/.cache/phyre/offline_simulation/100000/ball
2020-11-07 03:57:27,856 INFO __main__ VS-bigbase2 ball_within_template 0 -1 || loading models...
2020-11-07 03:57:27,860 ERROR __main__ Exception occured:
Traceback (most recent call last):
  File "solver.py", line 231, in <module>
    solver.load_models(setup=eval_setup, fold=fold_id, no_second_stage=no_scnd_stage, load_from=load_from)
  File "/media/compute/homes/aharter/isy2020/phyre/flownet.py", line 2763, in load_models
    self.models[model].load_state_dict(T.load(load_path+f'/{model}.pt', map_location=T.device(device)))
  File "/media/compute/homes/aharter/miniconda3/envs/phyre/lib/python3.6/site-packages/torch/serialization.py", line 571, in load
    with _open_file_like(f, 'rb') as opened_file:
  File "/media/compute/homes/aharter/miniconda3/envs/phyre/lib/python3.6/site-packages/torch/serialization.py", line 229, in _open_file_like
    return _open_file(name_or_buffer, mode)
  File "/media/compute/homes/aharter/miniconda3/envs/phyre/lib/python3.6/site-packages/torch/serialization.py", line 210, in __init__
    super(_open_file, self).__init__(open(name, mode))
FileNotFoundError: [Errno 2] No such file or directory: 'saves/flownet/VS-bigbase2_within_0_-1/tar_net.pt'
2020-11-07 04:04:09,734 INFO root Loading cache from /media/compute/homes/aharter/.cache/phyre/offline_simulation/100000/ball
2020-11-07 04:04:17,865 INFO __main__ VS-bigbase2 ball_within_template 0 -1 || loading models...
2020-11-07 04:04:17,867 ERROR __main__ Exception occured:
Traceback (most recent call last):
  File "solver.py", line 231, in <module>
    solver.load_models(setup=eval_setup, fold=fold_id, no_second_stage=no_scnd_stage, load_from=load_from)
  File "/media/compute/homes/aharter/isy2020/phyre/flownet.py", line 2763, in load_models
    self.models[model].load_state_dict(T.load(load_path+f'/{model}.pt', map_location=T.device(device)))
  File "/media/compute/homes/aharter/miniconda3/envs/phyre/lib/python3.6/site-packages/torch/serialization.py", line 571, in load
    with _open_file_like(f, 'rb') as opened_file:
  File "/media/compute/homes/aharter/miniconda3/envs/phyre/lib/python3.6/site-packages/torch/serialization.py", line 229, in _open_file_like
    return _open_file(name_or_buffer, mode)
  File "/media/compute/homes/aharter/miniconda3/envs/phyre/lib/python3.6/site-packages/torch/serialization.py", line 210, in __init__
    super(_open_file, self).__init__(open(name, mode))
FileNotFoundError: [Errno 2] No such file or directory: 'saves/flownet/VS-bigbase2_within_0_-1/tar_net.pt'
2020-11-07 04:10:52,152 INFO root Loading cache from /media/compute/homes/aharter/.cache/phyre/offline_simulation/100000/ball
2020-11-07 04:11:00,030 INFO __main__ VS-bigbase2 ball_within_template 0 -1 || loading models...
2020-11-07 04:11:00,112 ERROR __main__ Exception occured:
Traceback (most recent call last):
  File "solver.py", line 231, in <module>
    solver.load_models(setup=eval_setup, fold=fold_id, no_second_stage=no_scnd_stage, load_from=load_from)
  File "/media/compute/homes/aharter/isy2020/phyre/flownet.py", line 2763, in load_models
    self.models[model].load_state_dict(T.load(load_path+f'/{model}.pt', map_location=T.device(device)))
  File "/media/compute/homes/aharter/miniconda3/envs/phyre/lib/python3.6/site-packages/torch/serialization.py", line 571, in load
    with _open_file_like(f, 'rb') as opened_file:
  File "/media/compute/homes/aharter/miniconda3/envs/phyre/lib/python3.6/site-packages/torch/serialization.py", line 229, in _open_file_like
    return _open_file(name_or_buffer, mode)
  File "/media/compute/homes/aharter/miniconda3/envs/phyre/lib/python3.6/site-packages/torch/serialization.py", line 210, in __init__
    super(_open_file, self).__init__(open(name, mode))
FileNotFoundError: [Errno 2] No such file or directory: 'saves/flownet/VS-bigbase2_within_0_-1/tar_net.pt'
2020-11-07 04:17:44,249 INFO root Loading cache from /media/compute/homes/aharter/.cache/phyre/offline_simulation/100000/ball
2020-11-07 04:17:52,033 INFO __main__ VS-bigbase2 ball_within_template 0 -1 || loading models...
2020-11-07 04:17:52,037 ERROR __main__ Exception occured:
Traceback (most recent call last):
  File "solver.py", line 231, in <module>
    solver.load_models(setup=eval_setup, fold=fold_id, no_second_stage=no_scnd_stage, load_from=load_from)
  File "/media/compute/homes/aharter/isy2020/phyre/flownet.py", line 2763, in load_models
    self.models[model].load_state_dict(T.load(load_path+f'/{model}.pt', map_location=T.device(device)))
  File "/media/compute/homes/aharter/miniconda3/envs/phyre/lib/python3.6/site-packages/torch/serialization.py", line 571, in load
    with _open_file_like(f, 'rb') as opened_file:
  File "/media/compute/homes/aharter/miniconda3/envs/phyre/lib/python3.6/site-packages/torch/serialization.py", line 229, in _open_file_like
    return _open_file(name_or_buffer, mode)
  File "/media/compute/homes/aharter/miniconda3/envs/phyre/lib/python3.6/site-packages/torch/serialization.py", line 210, in __init__
    super(_open_file, self).__init__(open(name, mode))
FileNotFoundError: [Errno 2] No such file or directory: 'saves/flownet/VS-bigbase2_within_0_-1/tar_net.pt'
2020-11-07 04:24:36,358 INFO root Loading cache from /media/compute/homes/aharter/.cache/phyre/offline_simulation/100000/ball
2020-11-07 04:24:44,583 INFO __main__ VS-bigbase2 ball_within_template 0 -1 || loading models...
2020-11-07 04:24:44,585 ERROR __main__ Exception occured:
Traceback (most recent call last):
  File "solver.py", line 231, in <module>
    solver.load_models(setup=eval_setup, fold=fold_id, no_second_stage=no_scnd_stage, load_from=load_from)
  File "/media/compute/homes/aharter/isy2020/phyre/flownet.py", line 2763, in load_models
    self.models[model].load_state_dict(T.load(load_path+f'/{model}.pt', map_location=T.device(device)))
  File "/media/compute/homes/aharter/miniconda3/envs/phyre/lib/python3.6/site-packages/torch/serialization.py", line 571, in load
    with _open_file_like(f, 'rb') as opened_file:
  File "/media/compute/homes/aharter/miniconda3/envs/phyre/lib/python3.6/site-packages/torch/serialization.py", line 229, in _open_file_like
    return _open_file(name_or_buffer, mode)
  File "/media/compute/homes/aharter/miniconda3/envs/phyre/lib/python3.6/site-packages/torch/serialization.py", line 210, in __init__
    super(_open_file, self).__init__(open(name, mode))
FileNotFoundError: [Errno 2] No such file or directory: 'saves/flownet/VS-bigbase2_within_0_-1/tar_net.pt'
2020-11-07 04:31:27,071 INFO root Loading cache from /media/compute/homes/aharter/.cache/phyre/offline_simulation/100000/ball
2020-11-07 04:31:34,970 INFO __main__ VS-bigbase2 ball_within_template 0 -1 || loading models...
2020-11-07 04:31:34,974 ERROR __main__ Exception occured:
Traceback (most recent call last):
  File "solver.py", line 231, in <module>
    solver.load_models(setup=eval_setup, fold=fold_id, no_second_stage=no_scnd_stage, load_from=load_from)
  File "/media/compute/homes/aharter/isy2020/phyre/flownet.py", line 2763, in load_models
    self.models[model].load_state_dict(T.load(load_path+f'/{model}.pt', map_location=T.device(device)))
  File "/media/compute/homes/aharter/miniconda3/envs/phyre/lib/python3.6/site-packages/torch/serialization.py", line 571, in load
    with _open_file_like(f, 'rb') as opened_file:
  File "/media/compute/homes/aharter/miniconda3/envs/phyre/lib/python3.6/site-packages/torch/serialization.py", line 229, in _open_file_like
    return _open_file(name_or_buffer, mode)
  File "/media/compute/homes/aharter/miniconda3/envs/phyre/lib/python3.6/site-packages/torch/serialization.py", line 210, in __init__
    super(_open_file, self).__init__(open(name, mode))
FileNotFoundError: [Errno 2] No such file or directory: 'saves/flownet/VS-bigbase2_within_0_-1/tar_net.pt'
2020-11-07 04:38:16,436 INFO root Loading cache from /media/compute/homes/aharter/.cache/phyre/offline_simulation/100000/ball
2020-11-07 04:38:24,720 INFO __main__ VS-bigbase2 ball_within_template 0 -1 || loading models...
2020-11-07 04:38:24,724 ERROR __main__ Exception occured:
Traceback (most recent call last):
  File "solver.py", line 231, in <module>
    solver.load_models(setup=eval_setup, fold=fold_id, no_second_stage=no_scnd_stage, load_from=load_from)
  File "/media/compute/homes/aharter/isy2020/phyre/flownet.py", line 2763, in load_models
    self.models[model].load_state_dict(T.load(load_path+f'/{model}.pt', map_location=T.device(device)))
  File "/media/compute/homes/aharter/miniconda3/envs/phyre/lib/python3.6/site-packages/torch/serialization.py", line 571, in load
    with _open_file_like(f, 'rb') as opened_file:
  File "/media/compute/homes/aharter/miniconda3/envs/phyre/lib/python3.6/site-packages/torch/serialization.py", line 229, in _open_file_like
    return _open_file(name_or_buffer, mode)
  File "/media/compute/homes/aharter/miniconda3/envs/phyre/lib/python3.6/site-packages/torch/serialization.py", line 210, in __init__
    super(_open_file, self).__init__(open(name, mode))
FileNotFoundError: [Errno 2] No such file or directory: 'saves/flownet/VS-bigbase2_within_0_-1/tar_net.pt'
2020-11-07 04:45:09,272 INFO root Loading cache from /media/compute/homes/aharter/.cache/phyre/offline_simulation/100000/ball
2020-11-07 04:45:17,289 INFO __main__ VS-bigbase2 ball_within_template 0 -1 || loading models...
2020-11-07 04:45:17,292 ERROR __main__ Exception occured:
Traceback (most recent call last):
  File "solver.py", line 231, in <module>
    solver.load_models(setup=eval_setup, fold=fold_id, no_second_stage=no_scnd_stage, load_from=load_from)
  File "/media/compute/homes/aharter/isy2020/phyre/flownet.py", line 2763, in load_models
    self.models[model].load_state_dict(T.load(load_path+f'/{model}.pt', map_location=T.device(device)))
  File "/media/compute/homes/aharter/miniconda3/envs/phyre/lib/python3.6/site-packages/torch/serialization.py", line 571, in load
    with _open_file_like(f, 'rb') as opened_file:
  File "/media/compute/homes/aharter/miniconda3/envs/phyre/lib/python3.6/site-packages/torch/serialization.py", line 229, in _open_file_like
    return _open_file(name_or_buffer, mode)
  File "/media/compute/homes/aharter/miniconda3/envs/phyre/lib/python3.6/site-packages/torch/serialization.py", line 210, in __init__
    super(_open_file, self).__init__(open(name, mode))
FileNotFoundError: [Errno 2] No such file or directory: 'saves/flownet/VS-bigbase2_within_0_-1/tar_net.pt'
2020-11-07 04:51:58,664 INFO root Loading cache from /media/compute/homes/aharter/.cache/phyre/offline_simulation/100000/ball
2020-11-07 04:52:06,666 INFO __main__ VS-bigbase2 ball_within_template 0 -1 || loading models...
2020-11-07 04:52:06,672 ERROR __main__ Exception occured:
Traceback (most recent call last):
  File "solver.py", line 231, in <module>
    solver.load_models(setup=eval_setup, fold=fold_id, no_second_stage=no_scnd_stage, load_from=load_from)
  File "/media/compute/homes/aharter/isy2020/phyre/flownet.py", line 2763, in load_models
    self.models[model].load_state_dict(T.load(load_path+f'/{model}.pt', map_location=T.device(device)))
  File "/media/compute/homes/aharter/miniconda3/envs/phyre/lib/python3.6/site-packages/torch/serialization.py", line 571, in load
    with _open_file_like(f, 'rb') as opened_file:
  File "/media/compute/homes/aharter/miniconda3/envs/phyre/lib/python3.6/site-packages/torch/serialization.py", line 229, in _open_file_like
    return _open_file(name_or_buffer, mode)
  File "/media/compute/homes/aharter/miniconda3/envs/phyre/lib/python3.6/site-packages/torch/serialization.py", line 210, in __init__
    super(_open_file, self).__init__(open(name, mode))
FileNotFoundError: [Errno 2] No such file or directory: 'saves/flownet/VS-bigbase2_within_0_-1/tar_net.pt'
2020-11-07 04:58:48,958 INFO root Loading cache from /media/compute/homes/aharter/.cache/phyre/offline_simulation/100000/ball
2020-11-07 04:58:57,220 INFO __main__ VS-bigbase2 ball_within_template 0 -1 || loading models...
2020-11-07 04:58:57,223 ERROR __main__ Exception occured:
Traceback (most recent call last):
  File "solver.py", line 231, in <module>
    solver.load_models(setup=eval_setup, fold=fold_id, no_second_stage=no_scnd_stage, load_from=load_from)
  File "/media/compute/homes/aharter/isy2020/phyre/flownet.py", line 2763, in load_models
    self.models[model].load_state_dict(T.load(load_path+f'/{model}.pt', map_location=T.device(device)))
  File "/media/compute/homes/aharter/miniconda3/envs/phyre/lib/python3.6/site-packages/torch/serialization.py", line 571, in load
    with _open_file_like(f, 'rb') as opened_file:
  File "/media/compute/homes/aharter/miniconda3/envs/phyre/lib/python3.6/site-packages/torch/serialization.py", line 229, in _open_file_like
    return _open_file(name_or_buffer, mode)
  File "/media/compute/homes/aharter/miniconda3/envs/phyre/lib/python3.6/site-packages/torch/serialization.py", line 210, in __init__
    super(_open_file, self).__init__(open(name, mode))
FileNotFoundError: [Errno 2] No such file or directory: 'saves/flownet/VS-bigbase2_within_0_-1/tar_net.pt'
