2020-11-04 10:36:02,565 ERROR __main__ Exception occured:
Traceback (most recent call last):
  File "solver.py", line 176, in <module>
    foldstart = int(sys.argv[sys.argv.index("--foldstart")+1]) if "--foldstart" in sys.argv else 0
ValueError: invalid literal for int() with base 10: '-save'
2020-11-04 10:36:19,468 INFO root Loading cache from /media/compute/homes/aharter/.cache/phyre/offline_simulation/100000/ball
2020-11-04 10:36:23,979 INFO __main__ VS-direct ball_cross_template 0 || loading data for generative training...
2020-11-04 10:36:28,852 INFO __main__ VS-direct ball_cross_template 0 || training 'generative' models...
2020-11-04 10:36:30,773 INFO root training epoch 1...
2020-11-04 10:36:37,261 INFO root collecting auccess after epoch 1...
2020-11-04 10:36:42,264 INFO root Loading cache from /media/compute/homes/aharter/.cache/phyre/offline_simulation/100000/ball
2020-11-04 10:46:01,911 INFO root finish collecting auccess after epoch 1: 0.21832322417197883
2020-11-04 10:46:01,911 INFO root training epoch 2...
2020-11-04 10:46:07,521 INFO root collecting auccess after epoch 2...
2020-11-04 10:46:12,723 INFO root Loading cache from /media/compute/homes/aharter/.cache/phyre/offline_simulation/100000/ball
2020-11-04 10:54:44,037 INFO root finish collecting auccess after epoch 2: 0.3357311497044701
2020-11-04 10:54:44,038 INFO root training epoch 3...
2020-11-04 10:54:49,942 INFO root training epoch 4...
2020-11-04 10:54:55,799 INFO root training epoch 5...
2020-11-04 10:55:01,216 INFO root collecting auccess after epoch 5...
2020-11-04 10:55:06,169 INFO root Loading cache from /media/compute/homes/aharter/.cache/phyre/offline_simulation/100000/ball
2020-11-04 11:03:37,252 INFO root finish collecting auccess after epoch 5: 0.31913100492738905
2020-11-04 11:03:37,253 INFO root training epoch 6...
2020-11-04 11:03:42,928 INFO root training epoch 7...
2020-11-04 11:03:48,334 INFO root training epoch 8...
2020-11-04 11:03:53,722 INFO root training epoch 9...
2020-11-04 11:03:59,302 INFO root training epoch 10...
2020-11-04 11:04:04,648 INFO root collecting auccess after epoch 10...
2020-11-04 11:04:09,630 INFO root Loading cache from /media/compute/homes/aharter/.cache/phyre/offline_simulation/100000/ball
2020-11-04 11:12:30,538 INFO root finish collecting auccess after epoch 10: 0.3427923722184678
2020-11-04 11:12:31,693 INFO __main__ VS-direct ball_cross_template 0 || saving models...
2020-11-04 11:12:32,000 INFO __main__ VS-direct ball_cross_template 0 || loading data for generative testing...
2020-11-04 11:12:32,324 INFO __main__ VS-direct ball_cross_template 0 || inspecting generative performance...
2020-11-04 11:12:35,097 INFO root Loading cache from /media/compute/homes/aharter/.cache/phyre/offline_simulation/100000/ball
2020-11-04 11:12:39,314 INFO __main__ VS-direct ball_within_template 0 || loading data for generative training...
2020-11-04 11:13:56,810 INFO __main__ VS-direct ball_within_template 0 || training 'generative' models...
2020-11-04 11:13:56,842 INFO root training epoch 1...
2020-11-04 11:14:02,869 INFO root collecting auccess after epoch 1...
2020-11-04 11:14:07,738 INFO root Loading cache from /media/compute/homes/aharter/.cache/phyre/offline_simulation/100000/ball
2020-11-04 11:23:58,352 INFO root finish collecting auccess after epoch 1: 0.22497005807999607
2020-11-04 11:23:58,352 INFO root training epoch 2...
2020-11-04 11:24:03,814 INFO root collecting auccess after epoch 2...
2020-11-04 11:24:08,825 INFO root Loading cache from /media/compute/homes/aharter/.cache/phyre/offline_simulation/100000/ball
2020-11-04 11:31:54,516 INFO root finish collecting auccess after epoch 2: 0.4454754938252916
2020-11-04 11:31:54,517 INFO root training epoch 3...
2020-11-04 11:32:00,506 INFO root training epoch 4...
2020-11-04 11:32:06,201 INFO root training epoch 5...
2020-11-04 11:32:11,512 INFO root collecting auccess after epoch 5...
2020-11-04 11:32:16,633 INFO root Loading cache from /media/compute/homes/aharter/.cache/phyre/offline_simulation/100000/ball
2020-11-04 11:40:00,380 INFO root finish collecting auccess after epoch 5: 0.5100177314074817
2020-11-04 11:40:00,381 INFO root training epoch 6...
2020-11-04 11:40:07,112 INFO root training epoch 7...
2020-11-04 11:40:14,280 INFO root training epoch 8...
2020-11-04 11:40:21,173 INFO root training epoch 9...
2020-11-04 11:40:28,565 INFO root training epoch 10...
2020-11-04 11:40:35,066 INFO root collecting auccess after epoch 10...
2020-11-04 11:40:40,099 INFO root Loading cache from /media/compute/homes/aharter/.cache/phyre/offline_simulation/100000/ball
2020-11-04 11:47:40,927 INFO root finish collecting auccess after epoch 10: 0.5416136612804993
2020-11-04 11:47:42,067 INFO __main__ VS-direct ball_within_template 0 || saving models...
2020-11-04 11:47:42,363 INFO __main__ VS-direct ball_within_template 0 || loading data for generative testing...
2020-11-04 11:47:42,832 INFO __main__ VS-direct ball_within_template 0 || inspecting generative performance...
2020-11-04 11:47:47,998 INFO __main__ ['ball_cross_template', 'ball_within_template']
2020-11-04 13:26:19,606 INFO root Loading cache from /media/compute/homes/aharter/.cache/phyre/offline_simulation/100000/ball
2020-11-04 13:26:23,885 INFO __main__ VS-direct ball_within_template 0 || loading data for generative training...
2020-11-04 13:27:37,556 INFO __main__ VS-direct ball_within_template 0 || training 'generative' models...
2020-11-04 13:27:39,476 INFO root training epoch 1...
2020-11-04 13:27:45,692 INFO root collecting auccess after epoch 1...
2020-11-04 13:27:50,844 INFO root Loading cache from /media/compute/homes/aharter/.cache/phyre/offline_simulation/100000/ball
2020-11-04 13:37:55,080 INFO root finish collecting auccess after epoch 1: 0.2247244819113586
2020-11-04 13:37:55,080 INFO root training epoch 2...
2020-11-04 13:38:00,967 INFO root collecting auccess after epoch 2...
2020-11-04 13:38:06,044 INFO root Loading cache from /media/compute/homes/aharter/.cache/phyre/offline_simulation/100000/ball
2020-11-04 13:48:03,543 INFO root finish collecting auccess after epoch 2: 0.2292724761838343
2020-11-04 13:48:03,544 INFO root training epoch 3...
2020-11-04 13:48:08,788 INFO root training epoch 4...
2020-11-04 13:48:13,936 INFO root training epoch 5...
2020-11-04 13:48:19,102 INFO root collecting auccess after epoch 5...
2020-11-04 13:48:24,248 INFO root Loading cache from /media/compute/homes/aharter/.cache/phyre/offline_simulation/100000/ball
2020-11-04 13:55:56,209 INFO root finish collecting auccess after epoch 5: 0.5065788625186861
2020-11-04 13:55:56,210 INFO root training epoch 6...
2020-11-04 13:56:01,509 INFO root training epoch 7...
2020-11-04 13:56:06,758 INFO root training epoch 8...
2020-11-04 13:56:12,013 INFO root training epoch 9...
2020-11-04 13:56:17,266 INFO root training epoch 10...
2020-11-04 13:56:22,530 INFO root collecting auccess after epoch 10...
2020-11-04 13:56:27,485 INFO root Loading cache from /media/compute/homes/aharter/.cache/phyre/offline_simulation/100000/ball
2020-11-04 14:03:50,543 INFO root finish collecting auccess after epoch 10: 0.5220160736589684
2020-11-04 14:03:51,649 INFO __main__ VS-direct ball_within_template 0 || saving models...
2020-11-04 14:03:51,979 INFO __main__ VS-direct ball_within_template 0 || loading data for generative testing...
2020-11-04 14:03:52,445 INFO __main__ VS-direct ball_within_template 0 || inspecting generative performance...
2020-11-04 14:03:57,607 INFO root Loading cache from /media/compute/homes/aharter/.cache/phyre/offline_simulation/100000/ball
2020-11-04 14:04:01,653 INFO __main__ VS-direct ball_cross_template 0 || loading data for generative training...
2020-11-04 14:04:06,601 INFO __main__ VS-direct ball_cross_template 0 || training 'generative' models...
2020-11-04 14:04:06,615 INFO root training epoch 1...
2020-11-04 14:04:11,726 INFO root collecting auccess after epoch 1...
2020-11-04 14:04:16,662 INFO root Loading cache from /media/compute/homes/aharter/.cache/phyre/offline_simulation/100000/ball
2020-11-04 14:13:42,533 INFO root finish collecting auccess after epoch 1: 0.23033204102284294
2020-11-04 14:13:42,534 INFO root training epoch 2...
2020-11-04 14:13:47,768 INFO root collecting auccess after epoch 2...
2020-11-04 14:13:52,826 INFO root Loading cache from /media/compute/homes/aharter/.cache/phyre/offline_simulation/100000/ball
2020-11-04 14:22:34,666 INFO root finish collecting auccess after epoch 2: 0.3237636587045094
2020-11-04 14:22:34,667 INFO root training epoch 3...
2020-11-04 14:22:39,935 INFO root training epoch 4...
2020-11-04 14:22:45,179 INFO root training epoch 5...
2020-11-04 14:22:50,410 INFO root collecting auccess after epoch 5...
2020-11-04 14:22:55,402 INFO root Loading cache from /media/compute/homes/aharter/.cache/phyre/offline_simulation/100000/ball
2020-11-04 14:31:18,443 INFO root finish collecting auccess after epoch 5: 0.34565213443701526
2020-11-04 14:31:18,443 INFO root training epoch 6...
2020-11-04 14:31:24,115 INFO root training epoch 7...
2020-11-04 14:31:29,669 INFO root training epoch 8...
2020-11-04 14:31:35,201 INFO root training epoch 9...
2020-11-04 14:31:40,814 INFO root training epoch 10...
2020-11-04 14:31:46,367 INFO root collecting auccess after epoch 10...
2020-11-04 14:31:51,449 INFO root Loading cache from /media/compute/homes/aharter/.cache/phyre/offline_simulation/100000/ball
2020-11-04 14:40:00,253 INFO root finish collecting auccess after epoch 10: 0.3668082401923678
2020-11-04 14:40:01,340 INFO __main__ VS-direct ball_cross_template 0 || saving models...
2020-11-04 14:40:01,638 INFO __main__ VS-direct ball_cross_template 0 || loading data for generative testing...
2020-11-04 14:40:01,881 INFO __main__ VS-direct ball_cross_template 0 || inspecting generative performance...
2020-11-04 14:40:04,511 INFO __main__ ['ball_within_template', 'ball_cross_template']
