2020-11-02 23:19:41,601 INFO root Loading cache from /media/compute/homes/aharter/.cache/phyre/offline_simulation/100000/ball
2020-11-02 23:19:46,174 INFO __main__ VS-dijkstra ball_cross_template 0 || loading data for generative training...
2020-11-02 23:22:45,857 INFO root Loading cache from /media/compute/homes/aharter/.cache/phyre/offline_simulation/100000/ball
2020-11-02 23:22:50,646 INFO __main__ VS-dijkstra ball_cross_template 0 || loading data for generative training...
2020-11-02 23:24:16,992 INFO __main__ VS-dijkstra ball_cross_template 0 || training 'generative' models...
2020-11-02 23:24:19,144 ERROR __main__ Exception occured:
Traceback (most recent call last):
  File "solver.py", line 259, in <module>
    solver.train_supervised(epochs=epochs, train_mode=train_mode, test_ids = test_ids, setup=f'{eval_setup}_{fold_id}')
  File "/media/compute/homes/aharter/isy2020/phyre/flownet.py", line 1834, in train_supervised
    L.info(f"training epoch {epoch+1}...")
NameError: name 'L' is not defined
2020-11-02 23:24:50,218 ERROR __main__ Exception occured:
Traceback (most recent call last):
  File "solver.py", line 202, in <module>
    neck=neckfak, altconv=altconv, train_mode=train_mode)
  File "/media/compute/homes/aharter/isy2020/phyre/flownet.py", line 553, in __init__
    L = logging.getLogger(__name__)
NameError: name 'logging' is not defined
2020-11-02 23:25:15,881 ERROR __main__ Exception occured:
Traceback (most recent call last):
  File "solver.py", line 202, in <module>
    neck=neckfak, altconv=altconv, train_mode=train_mode)
  File "/media/compute/homes/aharter/isy2020/phyre/flownet.py", line 553, in __init__
    L = logging.getLogger(__name__)
NameError: name 'logging' is not defined
2020-11-02 23:25:42,379 ERROR __main__ Exception occured:
Traceback (most recent call last):
  File "solver.py", line 202, in <module>
    neck=neckfak, altconv=altconv, train_mode=train_mode)
  File "/media/compute/homes/aharter/isy2020/phyre/flownet.py", line 553, in __init__
    L = logging.getLogger(__name__)
NameError: name 'logging' is not defined
2020-11-02 23:29:17,565 ERROR __main__ Exception occured:
Traceback (most recent call last):
  File "solver.py", line 202, in <module>
    neck=neckfak, altconv=altconv, train_mode=train_mode)
  File "/media/compute/homes/aharter/isy2020/phyre/flownet.py", line 553, in __init__
    L = logging.getLogger(__name__)
NameError: name 'logging' is not defined
2020-11-02 23:29:43,253 ERROR __main__ Exception occured:
Traceback (most recent call last):
  File "solver.py", line 202, in <module>
    neck=neckfak, altconv=altconv, train_mode=train_mode)
  File "/media/compute/homes/aharter/isy2020/phyre/flownet.py", line 553, in __init__
    L = logging.getLogger(__name__)
NameError: name 'logging' is not defined
2020-11-03 00:14:11,436 INFO root Loading cache from /media/compute/homes/aharter/.cache/phyre/offline_simulation/100000/ball
2020-11-03 00:14:16,133 INFO __main__ VS-dijkstra ball_cross_template 0 || loading data for generative training...
2020-11-03 00:15:37,708 INFO __main__ VS-dijkstra ball_cross_template 0 || training 'generative' models...
2020-11-03 00:15:39,775 INFO root training epoch 1...
2020-11-03 00:16:00,336 INFO root collecting auccess after epoch 1...
2020-11-03 00:16:06,196 INFO root Loading cache from /media/compute/homes/aharter/.cache/phyre/offline_simulation/100000/ball
2020-11-03 00:28:03,395 INFO root finish collecting auccess after epoch 1: 0.22506829313817403
2020-11-03 00:28:03,396 INFO root training epoch 2...
2020-11-03 00:28:23,274 INFO root collecting auccess after epoch 2...
2020-11-03 00:28:28,955 INFO root Loading cache from /media/compute/homes/aharter/.cache/phyre/offline_simulation/100000/ball
2020-11-03 12:50:20,803 INFO root Loading cache from /media/compute/homes/aharter/.cache/phyre/offline_simulation/100000/ball
2020-11-03 12:50:25,441 INFO __main__ VS-dijkstra ball_cross_template 0 || loading data for generative training...
2020-11-03 12:51:48,272 INFO __main__ VS-dijkstra ball_cross_template 0 || training 'generative' models...
2020-11-03 12:51:50,382 INFO root training epoch 1...
2020-11-03 12:52:11,735 INFO root collecting auccess after epoch 1...
2020-11-03 12:52:17,434 INFO root Loading cache from /media/compute/homes/aharter/.cache/phyre/offline_simulation/100000/ball
2020-11-03 13:04:10,633 INFO root finish collecting auccess after epoch 1: 0.2175897705529317
2020-11-03 13:04:10,633 INFO root training epoch 2...
2020-11-03 13:04:34,861 INFO root collecting auccess after epoch 2...
2020-11-03 13:04:40,403 INFO root Loading cache from /media/compute/homes/aharter/.cache/phyre/offline_simulation/100000/ball
2020-11-03 13:15:54,657 INFO root finish collecting auccess after epoch 2: 0.32419380117936714
2020-11-03 13:15:54,658 INFO root training epoch 3...
2020-11-03 13:16:15,986 INFO root training epoch 4...
2020-11-03 13:16:41,066 INFO root training epoch 5...
2020-11-03 13:17:04,512 INFO root collecting auccess after epoch 5...
2020-11-03 13:17:10,284 INFO root Loading cache from /media/compute/homes/aharter/.cache/phyre/offline_simulation/100000/ball
2020-11-03 13:27:56,015 INFO root finish collecting auccess after epoch 5: 0.3594585584141601
2020-11-03 13:27:56,015 INFO root training epoch 6...
2020-11-03 13:28:17,951 INFO root training epoch 7...
2020-11-03 13:28:40,576 INFO root training epoch 8...
2020-11-03 13:29:02,516 INFO root training epoch 9...
2020-11-03 13:29:23,196 INFO root training epoch 10...
2020-11-03 13:29:44,269 INFO root collecting auccess after epoch 10...
2020-11-03 13:29:50,065 INFO root Loading cache from /media/compute/homes/aharter/.cache/phyre/offline_simulation/100000/ball
2020-11-03 13:40:55,603 INFO root finish collecting auccess after epoch 10: 0.3379810471645817
2020-11-03 13:40:56,995 INFO __main__ VS-dijkstra ball_cross_template 0 || saving models...
2020-11-03 13:40:57,293 INFO __main__ VS-dijkstra ball_cross_template 0 || loading data for generative testing...
2020-11-03 13:40:57,612 INFO __main__ VS-dijkstra ball_cross_template 0 || inspecting generative performance...
2020-11-03 13:41:00,792 INFO root Loading cache from /media/compute/homes/aharter/.cache/phyre/offline_simulation/100000/ball
2020-11-03 13:41:05,325 INFO __main__ VS-dijkstra ball_within_template 0 || loading data for generative training...
2020-11-03 13:42:31,917 INFO __main__ VS-dijkstra ball_within_template 0 || training 'generative' models...
2020-11-03 13:42:31,951 INFO root training epoch 1...
2020-11-03 13:42:54,321 INFO root collecting auccess after epoch 1...
2020-11-03 13:43:00,098 INFO root Loading cache from /media/compute/homes/aharter/.cache/phyre/offline_simulation/100000/ball
2020-11-03 13:55:29,516 INFO root finish collecting auccess after epoch 1: 0.2396297636407343
2020-11-03 13:55:29,517 INFO root training epoch 2...
2020-11-03 13:55:51,343 INFO root collecting auccess after epoch 2...
2020-11-03 13:55:57,066 INFO root Loading cache from /media/compute/homes/aharter/.cache/phyre/offline_simulation/100000/ball
2020-11-03 14:08:33,841 INFO root finish collecting auccess after epoch 2: 0.2312248308253839
2020-11-03 14:08:33,841 INFO root training epoch 3...
2020-11-03 14:08:58,160 INFO root training epoch 4...
2020-11-03 14:09:21,004 INFO root training epoch 5...
2020-11-03 14:09:46,854 INFO root collecting auccess after epoch 5...
2020-11-03 14:09:52,341 INFO root Loading cache from /media/compute/homes/aharter/.cache/phyre/offline_simulation/100000/ball
2020-11-03 14:19:53,355 INFO root finish collecting auccess after epoch 5: 0.47496335294400316
2020-11-03 14:19:53,356 INFO root training epoch 6...
2020-11-03 14:20:15,864 INFO root training epoch 7...
2020-11-03 14:20:39,773 INFO root training epoch 8...
2020-11-03 14:21:01,488 INFO root training epoch 9...
2020-11-03 14:21:25,271 INFO root training epoch 10...
2020-11-03 14:21:49,505 INFO root collecting auccess after epoch 10...
2020-11-03 14:21:55,125 INFO root Loading cache from /media/compute/homes/aharter/.cache/phyre/offline_simulation/100000/ball
2020-11-03 14:31:34,914 INFO root finish collecting auccess after epoch 10: 0.5156597149913404
2020-11-03 14:31:36,267 INFO __main__ VS-dijkstra ball_within_template 0 || saving models...
2020-11-03 14:31:36,561 INFO __main__ VS-dijkstra ball_within_template 0 || loading data for generative testing...
2020-11-03 14:31:37,111 INFO __main__ VS-dijkstra ball_within_template 0 || inspecting generative performance...
2020-11-03 14:31:43,172 INFO __main__ ['ball_cross_template', 'ball_within_template']
