2020-11-02 14:33:37,185 ERROR __main__ Exception occured:
Traceback (most recent call last):
  File "solver.py", line 176, in <module>
    foldstart = int(sys.argv[sys.argv.index("--foldstart")+1]) if "--foldstart" in sys.argv else 0
ValueError: invalid literal for int() with base 10: '-save'
2020-11-02 16:19:09,744 ERROR __main__ Exception occured:
Traceback (most recent call last):
  File "solver.py", line 176, in <module>
    foldstart = int(sys.argv[sys.argv.index("--foldstart")+1]) if "--foldstart" in sys.argv else 0
ValueError: invalid literal for int() with base 10: '-save'
2020-11-02 16:21:01,332 INFO root Loading cache from /media/compute/homes/aharter/.cache/phyre/offline_simulation/100000/ball
2020-11-02 16:21:09,152 INFO __main__ VS-lr01 ball_cross_template 0 || loading data for generative training...
2020-11-02 16:21:16,991 INFO __main__ VS-lr01 ball_cross_template 0 || training 'generative' models...
2020-11-02 16:56:58,134 INFO root Loading cache from /media/compute/homes/aharter/.cache/phyre/offline_simulation/100000/ball
2020-11-02 16:57:06,587 INFO __main__ VS-lr01 ball_cross_template 0 || loading data for generative training...
2020-11-02 16:57:15,724 INFO __main__ VS-lr01 ball_cross_template 0 || training 'generative' models...
2020-11-02 23:19:40,574 INFO root Loading cache from /media/compute/homes/aharter/.cache/phyre/offline_simulation/100000/ball
2020-11-02 23:19:45,418 INFO __main__ VS-lr01 ball_cross_template 0 || loading data for generative training...
2020-11-02 23:19:50,996 INFO __main__ VS-lr01 ball_cross_template 0 || training 'generative' models...
2020-11-02 23:19:51,006 ERROR __main__ Exception occured:
Traceback (most recent call last):
  File "solver.py", line 259, in <module>
    solver.train_supervised(epochs=epochs, train_mode=train_mode, test_ids = test_ids, setup=f'{eval_setup}_{fold_id}')
  File "/media/compute/homes/aharter/isy2020/phyre/flownet.py", line 1834, in train_supervised
    L.info(f"training epoch {epoch+1}...")
NameError: name 'L' is not defined
2020-11-02 23:21:09,736 INFO root Loading cache from /media/compute/homes/aharter/.cache/phyre/offline_simulation/100000/ball
2020-11-02 23:21:15,656 INFO __main__ VS-lr01 ball_cross_template 0 || loading data for generative training...
2020-11-02 23:21:22,339 INFO __main__ VS-lr01 ball_cross_template 0 || training 'generative' models...
2020-11-02 23:21:22,346 ERROR __main__ Exception occured:
Traceback (most recent call last):
  File "solver.py", line 259, in <module>
    solver.train_supervised(epochs=epochs, train_mode=train_mode, test_ids = test_ids, setup=f'{eval_setup}_{fold_id}')
  File "/media/compute/homes/aharter/isy2020/phyre/flownet.py", line 1834, in train_supervised
    L.info(f"training epoch {epoch+1}...")
NameError: name 'L' is not defined
2020-11-02 23:22:44,281 INFO root Loading cache from /media/compute/homes/aharter/.cache/phyre/offline_simulation/100000/ball
2020-11-02 23:22:53,109 INFO __main__ VS-lr01 ball_cross_template 0 || loading data for generative training...
2020-11-02 23:23:02,405 INFO __main__ VS-lr01 ball_cross_template 0 || training 'generative' models...
2020-11-02 23:23:06,687 ERROR __main__ Exception occured:
Traceback (most recent call last):
  File "solver.py", line 259, in <module>
    solver.train_supervised(epochs=epochs, train_mode=train_mode, test_ids = test_ids, setup=f'{eval_setup}_{fold_id}')
  File "/media/compute/homes/aharter/isy2020/phyre/flownet.py", line 1834, in train_supervised
    L.info(f"training epoch {epoch+1}...")
NameError: name 'L' is not defined
2020-11-02 23:24:52,353 ERROR __main__ Exception occured:
Traceback (most recent call last):
  File "solver.py", line 202, in <module>
    neck=neckfak, altconv=altconv, train_mode=train_mode)
  File "/media/compute/homes/aharter/isy2020/phyre/flownet.py", line 553, in __init__
    L = logging.getLogger(__name__)
NameError: name 'logging' is not defined
2020-11-02 23:25:23,432 ERROR __main__ Exception occured:
Traceback (most recent call last):
  File "solver.py", line 202, in <module>
    neck=neckfak, altconv=altconv, train_mode=train_mode)
  File "/media/compute/homes/aharter/isy2020/phyre/flownet.py", line 553, in __init__
    L = logging.getLogger(__name__)
NameError: name 'logging' is not defined
2020-11-02 23:25:55,509 ERROR __main__ Exception occured:
Traceback (most recent call last):
  File "solver.py", line 202, in <module>
    neck=neckfak, altconv=altconv, train_mode=train_mode)
  File "/media/compute/homes/aharter/isy2020/phyre/flownet.py", line 553, in __init__
    L = logging.getLogger(__name__)
NameError: name 'logging' is not defined
2020-11-02 23:29:23,825 ERROR __main__ Exception occured:
Traceback (most recent call last):
  File "solver.py", line 202, in <module>
    neck=neckfak, altconv=altconv, train_mode=train_mode)
  File "/media/compute/homes/aharter/isy2020/phyre/flownet.py", line 553, in __init__
    L = logging.getLogger(__name__)
NameError: name 'logging' is not defined
2020-11-02 23:29:55,011 ERROR __main__ Exception occured:
Traceback (most recent call last):
  File "solver.py", line 202, in <module>
    neck=neckfak, altconv=altconv, train_mode=train_mode)
  File "/media/compute/homes/aharter/isy2020/phyre/flownet.py", line 553, in __init__
    L = logging.getLogger(__name__)
NameError: name 'logging' is not defined
2020-11-02 23:31:37,410 INFO root Loading cache from /media/compute/homes/aharter/.cache/phyre/offline_simulation/100000/ball
2020-11-02 23:31:42,976 INFO __main__ VS-lr01 ball_cross_template 0 || loading data for generative training...
2020-11-02 23:31:49,256 INFO __main__ VS-lr01 ball_cross_template 0 || training 'generative' models...
2020-11-02 23:31:51,993 INFO root training epoch 1...
2020-11-02 23:33:29,847 INFO root collecting auccess after epoch 1...
2020-11-02 23:33:36,824 INFO root Loading cache from /media/compute/homes/aharter/.cache/phyre/offline_simulation/100000/ball
2020-11-02 23:49:47,236 INFO root finish collecting auccess after epoch 1: 0.21867874714257185
2020-11-02 23:49:47,237 INFO root training epoch 2...
2020-11-02 23:51:23,905 INFO root collecting auccess after epoch 2...
2020-11-02 23:51:31,220 INFO root Loading cache from /media/compute/homes/aharter/.cache/phyre/offline_simulation/100000/ball
2020-11-03 00:07:52,205 INFO root finish collecting auccess after epoch 2: 0.21636248507981756
2020-11-03 00:07:52,206 INFO root training epoch 3...
2020-11-03 00:09:28,922 INFO root training epoch 4...
2020-11-03 00:11:01,939 INFO root training epoch 5...
2020-11-03 00:12:38,229 INFO root collecting auccess after epoch 5...
2020-11-03 00:12:45,371 INFO root Loading cache from /media/compute/homes/aharter/.cache/phyre/offline_simulation/100000/ball
2020-11-03 00:28:30,713 INFO root finish collecting auccess after epoch 5: 0.267232627199319
2020-11-03 00:28:30,715 INFO root training epoch 6...
2020-11-03 00:30:07,257 INFO root training epoch 7...
2020-11-03 00:31:44,291 INFO root training epoch 8...
2020-11-03 11:19:27,874 INFO root Loading cache from /media/compute/homes/aharter/.cache/phyre/offline_simulation/100000/ball
2020-11-03 11:19:32,350 INFO __main__ VS-lr01 ball_cross_template 0 || loading data for generative training...
2020-11-03 11:19:37,628 INFO __main__ VS-lr01 ball_cross_template 0 || training 'generative' models...
2020-11-03 11:19:39,539 INFO root training epoch 1...
2020-11-03 11:20:00,451 INFO root collecting auccess after epoch 1...
2020-11-03 11:20:05,591 INFO root Loading cache from /media/compute/homes/aharter/.cache/phyre/offline_simulation/100000/ball
2020-11-03 11:24:45,351 INFO root Loading cache from /media/compute/homes/aharter/.cache/phyre/offline_simulation/100000/ball
2020-11-03 11:24:49,494 INFO __main__ VS-lr01 ball_cross_template 0 || loading data for generative training...
2020-11-03 11:24:54,483 INFO __main__ VS-lr01 ball_cross_template 0 || training 'generative' models...
2020-11-03 11:24:56,383 INFO root training epoch 1...
2020-11-03 11:25:15,495 INFO root collecting auccess after epoch 1...
2020-11-03 11:25:20,648 INFO root Loading cache from /media/compute/homes/aharter/.cache/phyre/offline_simulation/100000/ball
2020-11-03 11:34:46,576 INFO root finish collecting auccess after epoch 1: 0.22083312673035002
2020-11-03 11:34:46,577 INFO root training epoch 2...
2020-11-03 11:35:06,770 INFO root collecting auccess after epoch 2...
2020-11-03 11:35:12,172 INFO root Loading cache from /media/compute/homes/aharter/.cache/phyre/offline_simulation/100000/ball
2020-11-03 11:44:41,246 INFO root finish collecting auccess after epoch 2: 0.21575380050199036
2020-11-03 11:44:41,247 INFO root training epoch 3...
2020-11-03 11:45:02,644 INFO root training epoch 4...
2020-11-03 11:45:24,004 INFO root training epoch 5...
2020-11-03 11:45:45,243 INFO root collecting auccess after epoch 5...
2020-11-03 11:45:50,327 INFO root Loading cache from /media/compute/homes/aharter/.cache/phyre/offline_simulation/100000/ball
2020-11-03 11:54:53,333 INFO root finish collecting auccess after epoch 5: 0.28066687016554537
2020-11-03 11:54:53,334 INFO root training epoch 6...
2020-11-03 11:55:14,057 INFO root training epoch 7...
2020-11-03 11:55:35,164 INFO root training epoch 8...
2020-11-03 11:55:56,232 INFO root training epoch 9...
2020-11-03 11:56:15,223 INFO root training epoch 10...
2020-11-03 11:56:34,172 INFO root collecting auccess after epoch 10...
2020-11-03 11:56:39,325 INFO root Loading cache from /media/compute/homes/aharter/.cache/phyre/offline_simulation/100000/ball
2020-11-03 12:05:12,174 INFO root finish collecting auccess after epoch 10: 0.3348217332573053
2020-11-03 12:05:13,598 INFO __main__ VS-lr01 ball_cross_template 0 || saving models...
2020-11-03 12:05:13,851 INFO __main__ VS-lr01 ball_cross_template 0 || loading data for generative testing...
2020-11-03 12:05:14,087 INFO __main__ VS-lr01 ball_cross_template 0 || inspecting generative performance...
2020-11-03 12:05:16,965 INFO root Loading cache from /media/compute/homes/aharter/.cache/phyre/offline_simulation/100000/ball
2020-11-03 12:05:21,206 INFO __main__ VS-lr01 ball_within_template 0 || loading data for generative training...
2020-11-03 12:06:36,904 INFO __main__ VS-lr01 ball_within_template 0 || training 'generative' models...
2020-11-03 12:06:36,930 INFO root training epoch 1...
2020-11-03 12:06:58,164 INFO root collecting auccess after epoch 1...
2020-11-03 12:07:03,078 INFO root Loading cache from /media/compute/homes/aharter/.cache/phyre/offline_simulation/100000/ball
2020-11-03 12:17:14,345 INFO root finish collecting auccess after epoch 1: 0.2438043346442983
2020-11-03 12:17:14,346 INFO root training epoch 2...
2020-11-03 12:17:33,268 INFO root collecting auccess after epoch 2...
2020-11-03 12:17:38,354 INFO root Loading cache from /media/compute/homes/aharter/.cache/phyre/offline_simulation/100000/ball
2020-11-03 12:27:27,581 INFO root finish collecting auccess after epoch 2: 0.24827649704832558
2020-11-03 12:27:27,582 INFO root training epoch 3...
2020-11-03 12:27:46,416 INFO root training epoch 4...
2020-11-03 12:28:05,157 INFO root training epoch 5...
2020-11-03 12:28:24,003 INFO root collecting auccess after epoch 5...
2020-11-03 12:28:29,014 INFO root Loading cache from /media/compute/homes/aharter/.cache/phyre/offline_simulation/100000/ball
2020-11-03 12:38:25,398 INFO root finish collecting auccess after epoch 5: 0.2393606804926321
2020-11-03 12:38:25,399 INFO root training epoch 6...
2020-11-03 12:38:46,808 INFO root training epoch 7...
2020-11-03 12:39:07,911 INFO root training epoch 8...
2020-11-03 12:39:28,975 INFO root training epoch 9...
2020-11-03 12:39:49,995 INFO root training epoch 10...
2020-11-03 12:40:10,993 INFO root collecting auccess after epoch 10...
2020-11-03 12:40:16,203 INFO root Loading cache from /media/compute/homes/aharter/.cache/phyre/offline_simulation/100000/ball
2020-11-03 12:47:53,049 INFO root finish collecting auccess after epoch 10: 0.4961464556856721
2020-11-03 12:47:54,303 INFO __main__ VS-lr01 ball_within_template 0 || saving models...
2020-11-03 12:47:54,550 INFO __main__ VS-lr01 ball_within_template 0 || loading data for generative testing...
2020-11-03 12:47:55,005 INFO __main__ VS-lr01 ball_within_template 0 || inspecting generative performance...
2020-11-03 12:48:00,574 INFO __main__ ['ball_cross_template', 'ball_within_template']
2020-11-03 19:14:23,287 INFO root Loading cache from /media/compute/homes/aharter/.cache/phyre/offline_simulation/100000/ball
2020-11-03 19:14:27,768 INFO __main__ VS-lr01 ball_cross_template 0 || loading data for generative training...
2020-11-03 19:14:32,700 INFO __main__ VS-lr01 ball_cross_template 0 || training 'generative' models...
2020-11-03 19:14:34,608 INFO root training epoch 1...
2020-11-03 19:14:56,630 INFO root collecting auccess after epoch 1...
2020-11-03 19:15:01,804 INFO root Loading cache from /media/compute/homes/aharter/.cache/phyre/offline_simulation/100000/ball
2020-11-03 19:24:11,757 INFO root finish collecting auccess after epoch 1: 0.2156280808935202
2020-11-03 19:24:11,758 INFO root training epoch 2...
2020-11-03 19:24:31,332 INFO root collecting auccess after epoch 2...
2020-11-03 19:24:36,559 INFO root Loading cache from /media/compute/homes/aharter/.cache/phyre/offline_simulation/100000/ball
2020-11-03 19:33:41,241 INFO root finish collecting auccess after epoch 2: 0.21733564834867541
2020-11-03 19:33:41,242 INFO root training epoch 3...
2020-11-03 19:34:02,674 INFO root training epoch 4...
2020-11-03 19:34:24,515 INFO root training epoch 5...
2020-11-03 19:34:46,295 INFO root collecting auccess after epoch 5...
2020-11-03 19:34:51,406 INFO root Loading cache from /media/compute/homes/aharter/.cache/phyre/offline_simulation/100000/ball
2020-11-03 19:43:13,636 INFO root finish collecting auccess after epoch 5: 0.3412186618817659
2020-11-03 19:43:13,636 INFO root training epoch 6...
2020-11-03 19:43:34,987 INFO root training epoch 7...
2020-11-03 19:43:56,703 INFO root training epoch 8...
2020-11-03 19:44:17,640 INFO root training epoch 9...
2020-11-03 19:44:38,714 INFO root training epoch 10...
2020-11-03 19:45:00,429 INFO root collecting auccess after epoch 10...
2020-11-03 19:45:05,533 INFO root Loading cache from /media/compute/homes/aharter/.cache/phyre/offline_simulation/100000/ball
2020-11-03 19:53:33,914 INFO root finish collecting auccess after epoch 10: 0.3194349664967381
2020-11-03 19:53:35,080 INFO __main__ VS-lr01 ball_cross_template 0 || saving models...
2020-11-03 19:53:35,346 INFO __main__ VS-lr01 ball_cross_template 0 || loading data for generative testing...
2020-11-03 19:53:35,586 INFO __main__ VS-lr01 ball_cross_template 0 || inspecting generative performance...
2020-11-03 19:53:38,520 INFO root Loading cache from /media/compute/homes/aharter/.cache/phyre/offline_simulation/100000/ball
2020-11-03 19:53:42,606 INFO __main__ VS-lr01 ball_cross_template 1 || loading data for generative training...
2020-11-03 19:53:47,992 INFO __main__ VS-lr01 ball_cross_template 1 || training 'generative' models...
2020-11-03 19:53:48,003 INFO root training epoch 1...
2020-11-03 19:54:09,012 INFO root collecting auccess after epoch 1...
2020-11-03 19:54:13,980 INFO root Loading cache from /media/compute/homes/aharter/.cache/phyre/offline_simulation/100000/ball
2020-11-03 20:05:18,110 INFO root finish collecting auccess after epoch 1: 0.14461759141789815
2020-11-03 20:05:18,111 INFO root training epoch 2...
2020-11-03 20:05:39,771 INFO root collecting auccess after epoch 2...
2020-11-03 20:05:44,911 INFO root Loading cache from /media/compute/homes/aharter/.cache/phyre/offline_simulation/100000/ball
2020-11-03 20:15:53,943 INFO root finish collecting auccess after epoch 2: 0.19750219298947255
2020-11-03 20:15:53,944 INFO root training epoch 3...
2020-11-03 20:16:14,914 INFO root training epoch 4...
2020-11-03 20:16:36,901 INFO root training epoch 5...
2020-11-03 20:16:58,782 INFO root collecting auccess after epoch 5...
2020-11-03 20:17:03,981 INFO root Loading cache from /media/compute/homes/aharter/.cache/phyre/offline_simulation/100000/ball
2020-11-03 20:27:34,250 INFO root finish collecting auccess after epoch 5: 0.18053488665779116
2020-11-03 20:27:34,251 INFO root training epoch 6...
2020-11-03 20:27:54,608 INFO root training epoch 7...
2020-11-03 20:28:16,354 INFO root training epoch 8...
2020-11-03 20:28:38,012 INFO root training epoch 9...
2020-11-03 20:28:59,672 INFO root training epoch 10...
2020-11-03 20:29:21,287 INFO root collecting auccess after epoch 10...
2020-11-03 20:29:26,479 INFO root Loading cache from /media/compute/homes/aharter/.cache/phyre/offline_simulation/100000/ball
2020-11-03 20:40:40,727 INFO root finish collecting auccess after epoch 10: 0.1265284741999569
2020-11-03 20:40:41,873 INFO __main__ VS-lr01 ball_cross_template 1 || saving models...
2020-11-03 20:40:42,131 INFO __main__ VS-lr01 ball_cross_template 1 || loading data for generative testing...
2020-11-03 20:40:42,136 INFO root Loading cache from /media/compute/homes/aharter/.cache/phyre/offline_simulation/100000/ball
2020-11-03 20:40:54,000 INFO __main__ VS-lr01 ball_cross_template 1 || inspecting generative performance...
2020-11-03 20:40:56,637 INFO root Loading cache from /media/compute/homes/aharter/.cache/phyre/offline_simulation/100000/ball
2020-11-03 20:41:00,664 INFO __main__ VS-lr01 ball_within_template 0 || loading data for generative training...
2020-11-03 20:42:16,623 INFO __main__ VS-lr01 ball_within_template 0 || training 'generative' models...
2020-11-03 20:42:16,650 INFO root training epoch 1...
2020-11-03 20:42:38,366 INFO root collecting auccess after epoch 1...
2020-11-03 20:42:43,312 INFO root Loading cache from /media/compute/homes/aharter/.cache/phyre/offline_simulation/100000/ball
2020-11-03 20:52:29,455 INFO root finish collecting auccess after epoch 1: 0.22900904578372894
2020-11-03 20:52:29,456 INFO root training epoch 2...
2020-11-03 20:52:51,171 INFO root collecting auccess after epoch 2...
2020-11-03 20:52:56,254 INFO root Loading cache from /media/compute/homes/aharter/.cache/phyre/offline_simulation/100000/ball
2020-11-03 21:02:45,063 INFO root finish collecting auccess after epoch 2: 0.2205853549491739
2020-11-03 21:02:45,063 INFO root training epoch 3...
2020-11-03 21:03:05,358 INFO root training epoch 4...
2020-11-03 21:03:26,506 INFO root training epoch 5...
2020-11-03 21:03:47,582 INFO root collecting auccess after epoch 5...
2020-11-03 21:03:52,797 INFO root Loading cache from /media/compute/homes/aharter/.cache/phyre/offline_simulation/100000/ball
2020-11-03 21:12:58,165 INFO root finish collecting auccess after epoch 5: 0.30183280088477044
2020-11-03 21:12:58,168 INFO root training epoch 6...
2020-11-03 21:13:19,458 INFO root training epoch 7...
2020-11-03 21:13:41,126 INFO root training epoch 8...
2020-11-03 21:14:02,799 INFO root training epoch 9...
2020-11-03 21:14:24,422 INFO root training epoch 10...
2020-11-03 21:14:46,017 INFO root collecting auccess after epoch 10...
2020-11-03 21:14:51,103 INFO root Loading cache from /media/compute/homes/aharter/.cache/phyre/offline_simulation/100000/ball
2020-11-03 21:22:13,573 INFO root finish collecting auccess after epoch 10: 0.48031401039303373
2020-11-03 21:22:14,728 INFO __main__ VS-lr01 ball_within_template 0 || saving models...
2020-11-03 21:22:15,015 INFO __main__ VS-lr01 ball_within_template 0 || loading data for generative testing...
2020-11-03 21:22:15,483 INFO __main__ VS-lr01 ball_within_template 0 || inspecting generative performance...
2020-11-03 21:22:20,673 INFO root Loading cache from /media/compute/homes/aharter/.cache/phyre/offline_simulation/100000/ball
2020-11-03 21:22:24,792 INFO __main__ VS-lr01 ball_within_template 1 || loading data for generative training...
2020-11-03 21:22:29,808 INFO __main__ VS-lr01 ball_within_template 1 || training 'generative' models...
2020-11-03 21:22:29,823 INFO root training epoch 1...
2020-11-03 21:22:50,988 INFO root collecting auccess after epoch 1...
2020-11-03 21:22:56,127 INFO root Loading cache from /media/compute/homes/aharter/.cache/phyre/offline_simulation/100000/ball
2020-11-03 21:32:23,190 INFO root finish collecting auccess after epoch 1: 0.23162631411085893
2020-11-03 21:32:23,191 INFO root training epoch 2...
2020-11-03 21:32:44,296 INFO root collecting auccess after epoch 2...
2020-11-03 21:32:49,577 INFO root Loading cache from /media/compute/homes/aharter/.cache/phyre/offline_simulation/100000/ball
2020-11-03 21:42:19,468 INFO root finish collecting auccess after epoch 2: 0.2277376066747627
2020-11-03 21:42:19,469 INFO root training epoch 3...
2020-11-03 21:42:40,358 INFO root training epoch 4...
2020-11-03 21:43:02,306 INFO root training epoch 5...
2020-11-03 21:43:24,211 INFO root collecting auccess after epoch 5...
2020-11-03 21:43:29,317 INFO root Loading cache from /media/compute/homes/aharter/.cache/phyre/offline_simulation/100000/ball
2020-11-03 21:53:03,112 INFO root finish collecting auccess after epoch 5: 0.22154502135337747
2020-11-03 21:53:03,113 INFO root training epoch 6...
2020-11-03 21:53:23,095 INFO root training epoch 7...
2020-11-03 21:53:44,078 INFO root training epoch 8...
2020-11-03 21:54:04,980 INFO root training epoch 9...
2020-11-03 21:54:25,866 INFO root training epoch 10...
2020-11-03 21:54:46,763 INFO root collecting auccess after epoch 10...
2020-11-03 21:54:52,024 INFO root Loading cache from /media/compute/homes/aharter/.cache/phyre/offline_simulation/100000/ball
2020-11-03 22:02:31,461 INFO root finish collecting auccess after epoch 10: 0.4645585608407223
2020-11-03 22:02:32,627 INFO __main__ VS-lr01 ball_within_template 1 || saving models...
2020-11-03 22:02:32,907 INFO __main__ VS-lr01 ball_within_template 1 || loading data for generative testing...
2020-11-03 22:02:32,912 INFO root Loading cache from /media/compute/homes/aharter/.cache/phyre/offline_simulation/100000/ball
2020-11-03 22:02:53,276 INFO __main__ VS-lr01 ball_within_template 1 || inspecting generative performance...
2020-11-03 22:02:58,687 INFO __main__ ['ball_cross_template', 'ball_within_template']
