2020-11-03 14:05:14,249 INFO root Loading cache from /media/compute/homes/aharter/.cache/phyre/offline_simulation/100000/ball
2020-11-03 14:05:18,435 INFO __main__ VS-lr3 ball_cross_template 0 || loading data for generative training...
2020-11-03 14:05:23,499 INFO __main__ VS-lr3 ball_cross_template 0 || training 'generative' models...
2020-11-03 14:05:25,468 INFO root training epoch 1...
2020-11-03 14:05:44,830 INFO root collecting auccess after epoch 1...
2020-11-03 14:05:50,029 INFO root Loading cache from /media/compute/homes/aharter/.cache/phyre/offline_simulation/100000/ball
2020-11-03 14:15:12,918 INFO root finish collecting auccess after epoch 1: 0.2075334745091411
2020-11-03 14:15:12,919 INFO root training epoch 2...
2020-11-03 14:15:27,400 INFO root collecting auccess after epoch 2...
2020-11-03 14:15:32,543 INFO root Loading cache from /media/compute/homes/aharter/.cache/phyre/offline_simulation/100000/ball
2020-11-03 14:23:58,333 INFO root finish collecting auccess after epoch 2: 0.35612089179925505
2020-11-03 14:23:58,334 INFO root training epoch 3...
2020-11-03 14:24:18,632 INFO root training epoch 4...
2020-11-03 14:24:39,160 INFO root training epoch 5...
2020-11-03 14:24:59,672 INFO root collecting auccess after epoch 5...
2020-11-03 14:25:04,836 INFO root Loading cache from /media/compute/homes/aharter/.cache/phyre/offline_simulation/100000/ball
2020-11-03 14:33:26,450 INFO root finish collecting auccess after epoch 5: 0.352262409740546
2020-11-03 14:33:26,450 INFO root training epoch 6...
2020-11-03 14:33:46,654 INFO root training epoch 7...
2020-11-03 14:34:07,195 INFO root training epoch 8...
2020-11-03 14:34:27,743 INFO root training epoch 9...
2020-11-03 14:34:48,288 INFO root training epoch 10...
2020-11-03 14:35:08,825 INFO root collecting auccess after epoch 10...
2020-11-03 14:35:13,916 INFO root Loading cache from /media/compute/homes/aharter/.cache/phyre/offline_simulation/100000/ball
2020-11-03 14:43:19,666 INFO root finish collecting auccess after epoch 10: 0.3647884432717571
2020-11-03 14:43:20,868 INFO __main__ VS-lr3 ball_cross_template 0 || saving models...
2020-11-03 14:43:21,120 INFO __main__ VS-lr3 ball_cross_template 0 || loading data for generative testing...
2020-11-03 14:43:21,360 INFO __main__ VS-lr3 ball_cross_template 0 || inspecting generative performance...
2020-11-03 14:43:24,210 INFO root Loading cache from /media/compute/homes/aharter/.cache/phyre/offline_simulation/100000/ball
2020-11-03 14:43:28,387 INFO __main__ VS-lr3 ball_within_template 0 || loading data for generative training...
2020-11-03 14:44:51,333 INFO __main__ VS-lr3 ball_within_template 0 || training 'generative' models...
2020-11-03 14:44:51,363 INFO root training epoch 1...
2020-11-03 14:45:12,016 INFO root collecting auccess after epoch 1...
2020-11-03 14:45:17,185 INFO root Loading cache from /media/compute/homes/aharter/.cache/phyre/offline_simulation/100000/ball
2020-11-03 14:55:01,288 INFO root finish collecting auccess after epoch 1: 0.24345815682305247
2020-11-03 14:55:01,288 INFO root training epoch 2...
2020-11-03 14:55:20,346 INFO root collecting auccess after epoch 2...
2020-11-03 14:55:25,557 INFO root Loading cache from /media/compute/homes/aharter/.cache/phyre/offline_simulation/100000/ball
2020-11-03 15:03:30,866 INFO root finish collecting auccess after epoch 2: 0.42618585161157574
2020-11-03 15:03:30,867 INFO root training epoch 3...
2020-11-03 15:03:50,983 INFO root training epoch 4...
2020-11-03 15:04:11,123 INFO root training epoch 5...
2020-11-03 15:04:31,474 INFO root collecting auccess after epoch 5...
2020-11-03 15:04:36,784 INFO root Loading cache from /media/compute/homes/aharter/.cache/phyre/offline_simulation/100000/ball
2020-11-03 15:12:07,220 INFO root finish collecting auccess after epoch 5: 0.49427786694047837
2020-11-03 15:12:07,221 INFO root training epoch 6...
2020-11-03 15:12:25,705 INFO root training epoch 7...
2020-11-03 15:12:45,861 INFO root training epoch 8...
2020-11-03 15:13:06,219 INFO root training epoch 9...
2020-11-03 15:13:26,580 INFO root training epoch 10...
2020-11-03 15:13:46,924 INFO root collecting auccess after epoch 10...
2020-11-03 15:13:52,075 INFO root Loading cache from /media/compute/homes/aharter/.cache/phyre/offline_simulation/100000/ball
2020-11-03 15:21:02,476 INFO root finish collecting auccess after epoch 10: 0.5309080955849234
2020-11-03 15:21:03,999 INFO __main__ VS-lr3 ball_within_template 0 || saving models...
2020-11-03 15:21:04,254 INFO __main__ VS-lr3 ball_within_template 0 || loading data for generative testing...
2020-11-03 15:21:04,717 INFO __main__ VS-lr3 ball_within_template 0 || inspecting generative performance...
2020-11-03 15:21:11,027 INFO __main__ ['ball_cross_template', 'ball_within_template']
