2020-11-03 12:48:05,680 INFO root Loading cache from /media/compute/homes/aharter/.cache/phyre/offline_simulation/100000/ball
2020-11-03 12:48:09,948 INFO __main__ VS-lr03 ball_cross_template 0 || loading data for generative training...
2020-11-03 12:48:14,874 INFO __main__ VS-lr03 ball_cross_template 0 || training 'generative' models...
2020-11-03 12:48:16,829 INFO root training epoch 1...
2020-11-03 12:48:36,195 INFO root collecting auccess after epoch 1...
2020-11-03 12:48:41,512 INFO root Loading cache from /media/compute/homes/aharter/.cache/phyre/offline_simulation/100000/ball
2020-11-03 12:57:49,387 INFO root finish collecting auccess after epoch 1: 0.22390440336879333
2020-11-03 12:57:49,387 INFO root training epoch 2...
2020-11-03 12:58:09,456 INFO root collecting auccess after epoch 2...
2020-11-03 12:58:14,669 INFO root Loading cache from /media/compute/homes/aharter/.cache/phyre/offline_simulation/100000/ball
2020-11-03 13:06:57,740 INFO root finish collecting auccess after epoch 2: 0.26953838456210466
2020-11-03 13:06:57,741 INFO root training epoch 3...
2020-11-03 13:07:18,444 INFO root training epoch 4...
2020-11-03 13:07:38,408 INFO root training epoch 5...
2020-11-03 13:07:58,345 INFO root collecting auccess after epoch 5...
2020-11-03 13:08:03,553 INFO root Loading cache from /media/compute/homes/aharter/.cache/phyre/offline_simulation/100000/ball
2020-11-03 13:16:26,700 INFO root finish collecting auccess after epoch 5: 0.32716571062072747
2020-11-03 13:16:26,701 INFO root training epoch 6...
2020-11-03 13:16:40,506 INFO root training epoch 7...
2020-11-03 13:16:54,304 INFO root training epoch 8...
2020-11-03 13:17:08,058 INFO root training epoch 9...
2020-11-03 13:17:21,790 INFO root training epoch 10...
2020-11-03 13:17:35,541 INFO root collecting auccess after epoch 10...
2020-11-03 13:17:40,678 INFO root Loading cache from /media/compute/homes/aharter/.cache/phyre/offline_simulation/100000/ball
2020-11-03 13:26:04,933 INFO root finish collecting auccess after epoch 10: 0.3150731165546476
2020-11-03 13:26:06,079 INFO __main__ VS-lr03 ball_cross_template 0 || saving models...
2020-11-03 13:26:06,337 INFO __main__ VS-lr03 ball_cross_template 0 || loading data for generative testing...
2020-11-03 13:26:06,585 INFO __main__ VS-lr03 ball_cross_template 0 || inspecting generative performance...
2020-11-03 13:26:09,301 INFO root Loading cache from /media/compute/homes/aharter/.cache/phyre/offline_simulation/100000/ball
2020-11-03 13:26:13,550 INFO __main__ VS-lr03 ball_within_template 0 || loading data for generative training...
2020-11-03 13:27:31,429 INFO __main__ VS-lr03 ball_within_template 0 || training 'generative' models...
2020-11-03 13:27:31,457 INFO root training epoch 1...
2020-11-03 13:27:48,668 INFO root collecting auccess after epoch 1...
2020-11-03 13:27:53,586 INFO root Loading cache from /media/compute/homes/aharter/.cache/phyre/offline_simulation/100000/ball
2020-11-03 13:37:30,519 INFO root finish collecting auccess after epoch 1: 0.23467090365950782
2020-11-03 13:37:30,519 INFO root training epoch 2...
2020-11-03 13:37:50,482 INFO root collecting auccess after epoch 2...
2020-11-03 13:37:55,732 INFO root Loading cache from /media/compute/homes/aharter/.cache/phyre/offline_simulation/100000/ball
2020-11-03 13:47:23,245 INFO root finish collecting auccess after epoch 2: 0.2528115127735502
2020-11-03 13:47:23,246 INFO root training epoch 3...
2020-11-03 13:47:43,142 INFO root training epoch 4...
2020-11-03 13:48:03,232 INFO root training epoch 5...
2020-11-03 13:48:23,260 INFO root collecting auccess after epoch 5...
2020-11-03 13:48:28,399 INFO root Loading cache from /media/compute/homes/aharter/.cache/phyre/offline_simulation/100000/ball
2020-11-03 13:56:13,622 INFO root finish collecting auccess after epoch 5: 0.4726080010371992
2020-11-03 13:56:13,623 INFO root training epoch 6...
2020-11-03 13:56:33,436 INFO root training epoch 7...
2020-11-03 13:56:53,702 INFO root training epoch 8...
2020-11-03 13:57:13,878 INFO root training epoch 9...
2020-11-03 13:57:33,825 INFO root training epoch 10...
2020-11-03 13:57:53,736 INFO root collecting auccess after epoch 10...
2020-11-03 13:57:59,060 INFO root Loading cache from /media/compute/homes/aharter/.cache/phyre/offline_simulation/100000/ball
2020-11-03 14:05:01,133 INFO root finish collecting auccess after epoch 10: 0.5167973199999985
2020-11-03 14:05:02,262 INFO __main__ VS-lr03 ball_within_template 0 || saving models...
2020-11-03 14:05:02,519 INFO __main__ VS-lr03 ball_within_template 0 || loading data for generative testing...
2020-11-03 14:05:02,993 INFO __main__ VS-lr03 ball_within_template 0 || inspecting generative performance...
2020-11-03 14:05:08,428 INFO __main__ ['ball_cross_template', 'ball_within_template']
