2020-11-04 20:56:02,278 ERROR __main__ Exception occured:
Traceback (most recent call last):
  File "solver.py", line 204, in <module>
    neck=neckfak, altconv=altconv, train_mode=train_mode)
TypeError: __init__() got an unexpected keyword argument 'uniform'
2020-11-04 20:56:59,617 INFO root Loading cache from /media/compute/homes/aharter/.cache/phyre/offline_simulation/100000/ball
2020-11-04 20:57:03,987 INFO __main__ VS-mix ball_within_template 0 || loading data for generative training...
2020-11-04 20:57:07,141 INFO root Loading cache from /media/compute/homes/aharter/.cache/phyre/offline_simulation/100000/ball
2020-11-05 04:55:15,636 INFO __main__ VS-mix ball_within_template 0 || training 'generative' models...
2020-11-05 04:55:17,362 INFO root training epoch 1...
2020-11-05 04:59:03,947 INFO root collecting auccess after epoch 1...
2020-11-05 04:59:09,206 INFO root Loading cache from /media/compute/homes/aharter/.cache/phyre/offline_simulation/100000/ball
2020-11-05 04:59:10,358 ERROR __main__ Exception occured:
Traceback (most recent call last):
  File "solver.py", line 261, in <module>
    solver.train_supervised(epochs=epochs, train_mode=train_mode, test_ids = test_ids, setup=f'{eval_setup}_{fold_id}')
  File "/media/compute/homes/aharter/isy2020/phyre/flownet.py", line 1963, in train_supervised
    if ((epoch+1) in solve_epochs) and test_ids:
  File "/media/compute/homes/aharter/isy2020/phyre/flownet.py", line 897, in generative_auccess
    mask = np.max(init_scenes[idx].cpu().numpy(), axis=0)
AttributeError: 'FlownetSolver' object has no attribute 'radmode'
2020-11-05 08:04:15,699 INFO root Loading cache from /media/compute/homes/aharter/.cache/phyre/offline_simulation/100000/ball
2020-11-05 08:04:20,380 INFO __main__ VS-mix ball_within_template 0 || loading data for generative training...
2020-11-05 08:18:02,763 INFO __main__ VS-mix ball_within_template 0 || training 'generative' models...
2020-11-05 08:18:05,489 INFO root training epoch 1...
2020-11-05 08:33:25,584 INFO root collecting auccess after epoch 1...
2020-11-05 08:33:33,012 INFO root Loading cache from /media/compute/homes/aharter/.cache/phyre/offline_simulation/100000/ball
2020-11-05 08:46:44,623 INFO root finish collecting auccess after epoch 1: 0.5165738973644279
2020-11-05 08:46:44,625 INFO root training epoch 2...
2020-11-05 09:02:35,102 INFO root collecting auccess after epoch 2...
2020-11-05 09:02:42,645 INFO root Loading cache from /media/compute/homes/aharter/.cache/phyre/offline_simulation/100000/ball
2020-11-05 09:15:25,522 INFO root finish collecting auccess after epoch 2: 0.538270813924111
2020-11-05 09:15:25,523 INFO root training epoch 3...
2020-11-05 09:31:40,738 INFO root training epoch 4...
2020-11-05 09:45:06,625 INFO root training epoch 5...
2020-11-05 09:59:54,250 INFO root collecting auccess after epoch 5...
2020-11-05 10:00:00,646 INFO root Loading cache from /media/compute/homes/aharter/.cache/phyre/offline_simulation/100000/ball
2020-11-05 10:09:26,875 INFO root finish collecting auccess after epoch 5: 0.5703759752233093
2020-11-05 10:09:26,875 INFO root training epoch 6...
2020-11-05 10:23:59,530 INFO root training epoch 7...
2020-11-05 10:38:34,980 INFO root training epoch 8...
2020-11-05 10:53:36,467 INFO root training epoch 9...
2020-11-05 11:08:08,163 INFO root training epoch 10...
2020-11-05 11:22:42,696 INFO root collecting auccess after epoch 10...
2020-11-05 11:22:49,246 INFO root Loading cache from /media/compute/homes/aharter/.cache/phyre/offline_simulation/100000/ball
2020-11-05 11:32:42,705 INFO root finish collecting auccess after epoch 10: 0.5632820569996453
2020-11-05 11:32:42,706 INFO root training epoch 11...
2020-11-05 11:47:53,747 INFO root training epoch 12...
