2020-11-03 15:41:34,270 INFO root Loading cache from /media/compute/homes/aharter/.cache/phyre/offline_simulation/100000/ball
2020-11-03 15:41:38,538 INFO __main__ VS-neck ball_cross_template 0 || loading data for generative training...
2020-11-03 15:41:43,642 INFO __main__ VS-neck ball_cross_template 0 || training 'generative' models...
2020-11-03 15:41:45,610 INFO root training epoch 1...
2020-11-03 15:42:06,339 INFO root collecting auccess after epoch 1...
2020-11-03 15:42:11,481 INFO root Loading cache from /media/compute/homes/aharter/.cache/phyre/offline_simulation/100000/ball
2020-11-03 15:51:35,893 INFO root finish collecting auccess after epoch 1: 0.22562588267389283
2020-11-03 15:51:35,894 INFO root training epoch 2...
2020-11-03 15:51:54,268 INFO root collecting auccess after epoch 2...
2020-11-03 15:51:59,471 INFO root Loading cache from /media/compute/homes/aharter/.cache/phyre/offline_simulation/100000/ball
2020-11-03 16:01:32,184 INFO root finish collecting auccess after epoch 2: 0.22485505920769716
2020-11-03 16:01:32,185 INFO root training epoch 3...
2020-11-03 16:01:53,424 INFO root training epoch 4...
2020-11-03 16:02:14,185 INFO root training epoch 5...
2020-11-03 16:02:34,906 INFO root collecting auccess after epoch 5...
2020-11-03 16:02:40,008 INFO root Loading cache from /media/compute/homes/aharter/.cache/phyre/offline_simulation/100000/ball
2020-11-03 16:11:36,445 INFO root finish collecting auccess after epoch 5: 0.31619522543389084
2020-11-03 16:11:36,446 INFO root training epoch 6...
2020-11-03 16:11:56,461 INFO root training epoch 7...
2020-11-03 16:12:16,820 INFO root training epoch 8...
2020-11-03 16:12:37,164 INFO root training epoch 9...
2020-11-03 16:12:57,480 INFO root training epoch 10...
2020-11-03 16:13:17,823 INFO root collecting auccess after epoch 10...
2020-11-03 16:13:22,955 INFO root Loading cache from /media/compute/homes/aharter/.cache/phyre/offline_simulation/100000/ball
2020-11-03 16:22:04,819 INFO root finish collecting auccess after epoch 10: 0.3285936095707185
2020-11-03 16:22:05,984 INFO __main__ VS-neck ball_cross_template 0 || saving models...
2020-11-03 16:22:06,413 INFO __main__ VS-neck ball_cross_template 0 || loading data for generative testing...
2020-11-03 16:22:06,649 INFO __main__ VS-neck ball_cross_template 0 || inspecting generative performance...
2020-11-03 16:22:09,351 INFO root Loading cache from /media/compute/homes/aharter/.cache/phyre/offline_simulation/100000/ball
2020-11-03 16:22:13,941 INFO __main__ VS-neck ball_within_template 0 || loading data for generative training...
2020-11-03 16:23:31,744 INFO __main__ VS-neck ball_within_template 0 || training 'generative' models...
2020-11-03 16:23:31,777 INFO root training epoch 1...
2020-11-03 16:23:50,481 INFO root collecting auccess after epoch 1...
2020-11-03 16:23:55,359 INFO root Loading cache from /media/compute/homes/aharter/.cache/phyre/offline_simulation/100000/ball
2020-11-03 16:33:31,044 INFO root finish collecting auccess after epoch 1: 0.2375406396565746
2020-11-03 16:33:31,044 INFO root training epoch 2...
2020-11-03 16:33:50,469 INFO root collecting auccess after epoch 2...
2020-11-03 16:33:56,314 INFO root Loading cache from /media/compute/homes/aharter/.cache/phyre/offline_simulation/100000/ball
2020-11-03 16:42:03,416 INFO root finish collecting auccess after epoch 2: 0.47169223217964235
2020-11-03 16:42:03,417 INFO root training epoch 3...
2020-11-03 16:42:21,968 INFO root training epoch 4...
2020-11-03 16:42:40,462 INFO root training epoch 5...
2020-11-03 16:42:58,927 INFO root collecting auccess after epoch 5...
2020-11-03 16:43:04,061 INFO root Loading cache from /media/compute/homes/aharter/.cache/phyre/offline_simulation/100000/ball
2020-11-03 16:50:20,044 INFO root finish collecting auccess after epoch 5: 0.5258474448818904
2020-11-03 16:50:20,045 INFO root training epoch 6...
2020-11-03 16:50:38,544 INFO root training epoch 7...
2020-11-03 16:50:57,004 INFO root training epoch 8...
2020-11-03 16:51:15,456 INFO root training epoch 9...
2020-11-03 16:51:33,883 INFO root training epoch 10...
2020-11-03 16:51:57,249 INFO root collecting auccess after epoch 10...
2020-11-03 16:52:02,353 INFO root Loading cache from /media/compute/homes/aharter/.cache/phyre/offline_simulation/100000/ball
2020-11-03 16:59:03,830 INFO root finish collecting auccess after epoch 10: 0.5349234314119822
2020-11-03 16:59:04,962 INFO __main__ VS-neck ball_within_template 0 || saving models...
2020-11-03 16:59:05,396 INFO __main__ VS-neck ball_within_template 0 || loading data for generative testing...
2020-11-03 16:59:05,848 INFO __main__ VS-neck ball_within_template 0 || inspecting generative performance...
2020-11-03 16:59:11,314 INFO __main__ ['ball_cross_template', 'ball_within_template']
