2020-11-04 12:09:27,201 INFO root Loading cache from /media/compute/homes/aharter/.cache/phyre/offline_simulation/100000/ball
2020-11-04 12:09:31,503 INFO __main__ VS-nobase ball_within_template 0 || loading data for generative training...
2020-11-04 12:10:45,032 INFO __main__ VS-nobase ball_within_template 0 || training 'generative' models...
2020-11-04 12:10:46,915 INFO root training epoch 1...
2020-11-04 12:11:05,593 INFO root collecting auccess after epoch 1...
2020-11-04 12:11:10,829 INFO root Loading cache from /media/compute/homes/aharter/.cache/phyre/offline_simulation/100000/ball
2020-11-04 12:21:12,481 INFO root finish collecting auccess after epoch 1: 0.23970627951612763
2020-11-04 12:21:12,482 INFO root training epoch 2...
2020-11-04 12:21:27,691 INFO root collecting auccess after epoch 2...
2020-11-04 12:21:32,702 INFO root Loading cache from /media/compute/homes/aharter/.cache/phyre/offline_simulation/100000/ball
2020-11-04 12:29:50,623 INFO root finish collecting auccess after epoch 2: 0.44252379668219255
2020-11-04 12:29:50,623 INFO root training epoch 3...
2020-11-04 12:30:05,725 INFO root training epoch 4...
2020-11-04 12:30:23,446 INFO root training epoch 5...
2020-11-04 12:30:41,591 INFO root collecting auccess after epoch 5...
2020-11-04 12:30:46,961 INFO root Loading cache from /media/compute/homes/aharter/.cache/phyre/offline_simulation/100000/ball
2020-11-04 12:38:29,797 INFO root finish collecting auccess after epoch 5: 0.508974872251326
2020-11-04 12:38:29,798 INFO root training epoch 6...
2020-11-04 12:38:43,088 INFO root training epoch 7...
2020-11-04 12:38:58,193 INFO root training epoch 8...
2020-11-04 12:39:15,976 INFO root training epoch 9...
2020-11-04 12:39:33,894 INFO root training epoch 10...
2020-11-04 12:39:51,752 INFO root collecting auccess after epoch 10...
2020-11-04 12:39:56,887 INFO root Loading cache from /media/compute/homes/aharter/.cache/phyre/offline_simulation/100000/ball
2020-11-04 12:47:30,402 INFO root finish collecting auccess after epoch 10: 0.5265536502681862
2020-11-04 12:47:31,690 INFO __main__ VS-nobase ball_within_template 0 || saving models...
2020-11-04 12:47:31,987 INFO __main__ VS-nobase ball_within_template 0 || loading data for generative testing...
2020-11-04 12:47:32,489 INFO __main__ VS-nobase ball_within_template 0 || inspecting generative performance...
2020-11-04 12:47:38,109 INFO root Loading cache from /media/compute/homes/aharter/.cache/phyre/offline_simulation/100000/ball
2020-11-04 12:47:42,324 INFO __main__ VS-nobase ball_cross_template 0 || loading data for generative training...
2020-11-04 12:47:47,225 INFO __main__ VS-nobase ball_cross_template 0 || training 'generative' models...
2020-11-04 12:47:47,239 INFO root training epoch 1...
2020-11-04 12:48:00,626 INFO root collecting auccess after epoch 1...
2020-11-04 12:48:05,724 INFO root Loading cache from /media/compute/homes/aharter/.cache/phyre/offline_simulation/100000/ball
2020-11-04 12:57:17,027 INFO root finish collecting auccess after epoch 1: 0.27966933505706054
2020-11-04 12:57:17,027 INFO root training epoch 2...
2020-11-04 12:57:30,324 INFO root collecting auccess after epoch 2...
2020-11-04 12:57:35,340 INFO root Loading cache from /media/compute/homes/aharter/.cache/phyre/offline_simulation/100000/ball
2020-11-04 13:06:44,916 INFO root finish collecting auccess after epoch 2: 0.29284482778928383
2020-11-04 13:06:44,917 INFO root training epoch 3...
2020-11-04 13:06:58,214 INFO root training epoch 4...
2020-11-04 13:07:11,453 INFO root training epoch 5...
2020-11-04 13:07:24,649 INFO root collecting auccess after epoch 5...
2020-11-04 13:07:29,672 INFO root Loading cache from /media/compute/homes/aharter/.cache/phyre/offline_simulation/100000/ball
2020-11-04 13:16:21,196 INFO root finish collecting auccess after epoch 5: 0.3346935862240362
2020-11-04 13:16:21,197 INFO root training epoch 6...
2020-11-04 13:16:36,297 INFO root training epoch 7...
2020-11-04 13:16:51,385 INFO root training epoch 8...
2020-11-04 13:17:06,549 INFO root training epoch 9...
2020-11-04 13:17:20,473 INFO root training epoch 10...
2020-11-04 13:17:33,638 INFO root collecting auccess after epoch 10...
2020-11-04 13:17:38,579 INFO root Loading cache from /media/compute/homes/aharter/.cache/phyre/offline_simulation/100000/ball
2020-11-04 13:26:08,928 INFO root finish collecting auccess after epoch 10: 0.3474900223396019
2020-11-04 13:26:10,155 INFO __main__ VS-nobase ball_cross_template 0 || saving models...
2020-11-04 13:26:10,452 INFO __main__ VS-nobase ball_cross_template 0 || loading data for generative testing...
2020-11-04 13:26:10,700 INFO __main__ VS-nobase ball_cross_template 0 || inspecting generative performance...
2020-11-04 13:26:13,418 INFO __main__ ['ball_within_template', 'ball_cross_template']
