2020-11-04 10:32:30,844 INFO root Loading cache from /media/compute/homes/aharter/.cache/phyre/offline_simulation/100000/ball
2020-11-04 10:32:35,186 INFO __main__ VS-nper32 ball_cross_template 0 || loading data for generative training...
2020-11-04 10:36:28,767 INFO __main__ VS-nper32 ball_cross_template 0 || training 'generative' models...
2020-11-04 10:36:37,244 INFO root training epoch 1...
2020-11-04 10:37:48,739 INFO root collecting auccess after epoch 1...
2020-11-04 10:37:53,950 INFO root Loading cache from /media/compute/homes/aharter/.cache/phyre/offline_simulation/100000/ball
2020-11-04 10:46:47,308 INFO root finish collecting auccess after epoch 1: 0.33734798944186695
2020-11-04 10:46:47,308 INFO root training epoch 2...
2020-11-04 10:47:55,070 INFO root collecting auccess after epoch 2...
2020-11-04 10:48:00,373 INFO root Loading cache from /media/compute/homes/aharter/.cache/phyre/offline_simulation/100000/ball
2020-11-04 10:56:44,367 INFO root finish collecting auccess after epoch 2: 0.3380611137335724
2020-11-04 10:56:44,368 INFO root training epoch 3...
2020-11-04 10:57:54,031 INFO root training epoch 4...
2020-11-04 10:59:04,553 INFO root training epoch 5...
2020-11-04 11:00:15,190 INFO root collecting auccess after epoch 5...
2020-11-04 11:00:20,347 INFO root Loading cache from /media/compute/homes/aharter/.cache/phyre/offline_simulation/100000/ball
2020-11-04 11:08:59,698 INFO root finish collecting auccess after epoch 5: 0.3655712553412432
2020-11-04 11:08:59,699 INFO root training epoch 6...
2020-11-04 11:10:07,353 INFO root training epoch 7...
2020-11-04 11:11:18,114 INFO root training epoch 8...
2020-11-04 11:12:27,983 INFO root training epoch 9...
2020-11-04 11:13:36,021 INFO root training epoch 10...
2020-11-04 11:14:45,849 INFO root collecting auccess after epoch 10...
2020-11-04 11:14:51,001 INFO root Loading cache from /media/compute/homes/aharter/.cache/phyre/offline_simulation/100000/ball
2020-11-04 11:23:28,803 INFO root finish collecting auccess after epoch 10: 0.3413032054896355
2020-11-04 11:23:32,314 INFO __main__ VS-nper32 ball_cross_template 0 || saving models...
2020-11-04 11:23:32,623 INFO __main__ VS-nper32 ball_cross_template 0 || loading data for generative testing...
2020-11-04 11:23:32,874 INFO __main__ VS-nper32 ball_cross_template 0 || inspecting generative performance...
2020-11-04 11:23:35,870 INFO root Loading cache from /media/compute/homes/aharter/.cache/phyre/offline_simulation/100000/ball
2020-11-04 11:23:39,942 INFO __main__ VS-nper32 ball_within_template 0 || loading data for generative training...
2020-11-04 11:27:33,699 INFO __main__ VS-nper32 ball_within_template 0 || training 'generative' models...
2020-11-04 11:27:33,734 INFO root training epoch 1...
2020-11-04 11:28:42,104 INFO root collecting auccess after epoch 1...
2020-11-04 11:28:47,356 INFO root Loading cache from /media/compute/homes/aharter/.cache/phyre/offline_simulation/100000/ball
2020-11-04 11:36:44,399 INFO root finish collecting auccess after epoch 1: 0.4631595580145257
2020-11-04 11:36:44,400 INFO root training epoch 2...
2020-11-04 11:37:29,803 INFO root collecting auccess after epoch 2...
2020-11-04 11:37:34,822 INFO root Loading cache from /media/compute/homes/aharter/.cache/phyre/offline_simulation/100000/ball
2020-11-04 11:45:04,198 INFO root finish collecting auccess after epoch 2: 0.5087940314656634
2020-11-04 11:45:04,199 INFO root training epoch 3...
2020-11-04 11:46:14,826 INFO root training epoch 4...
2020-11-04 11:47:26,172 INFO root training epoch 5...
2020-11-04 11:48:37,408 INFO root collecting auccess after epoch 5...
2020-11-04 11:48:42,727 INFO root Loading cache from /media/compute/homes/aharter/.cache/phyre/offline_simulation/100000/ball
2020-11-04 11:56:05,126 INFO root finish collecting auccess after epoch 5: 0.5354805347030567
2020-11-04 11:56:05,127 INFO root training epoch 6...
2020-11-04 11:57:12,689 INFO root training epoch 7...
2020-11-04 11:58:23,867 INFO root training epoch 8...
2020-11-04 11:59:34,973 INFO root training epoch 9...
2020-11-04 12:00:39,873 INFO root training epoch 10...
2020-11-04 12:01:41,458 INFO root collecting auccess after epoch 10...
2020-11-04 12:01:46,893 INFO root Loading cache from /media/compute/homes/aharter/.cache/phyre/offline_simulation/100000/ball
2020-11-04 12:09:09,515 INFO root finish collecting auccess after epoch 10: 0.5213805713663773
2020-11-04 12:09:12,970 INFO __main__ VS-nper32 ball_within_template 0 || saving models...
2020-11-04 12:09:13,232 INFO __main__ VS-nper32 ball_within_template 0 || loading data for generative testing...
2020-11-04 12:09:13,731 INFO __main__ VS-nper32 ball_within_template 0 || inspecting generative performance...
2020-11-04 12:09:19,243 INFO __main__ ['ball_cross_template', 'ball_within_template']
2020-11-04 14:40:10,561 INFO root Loading cache from /media/compute/homes/aharter/.cache/phyre/offline_simulation/100000/ball
2020-11-04 14:40:15,505 INFO __main__ VS-nper32 ball_within_template 0 || loading data for generative training...
2020-11-04 14:44:03,423 INFO __main__ VS-nper32 ball_within_template 0 || training 'generative' models...
2020-11-04 14:44:05,232 INFO root training epoch 1...
2020-11-04 14:45:23,106 INFO root collecting auccess after epoch 1...
2020-11-04 14:45:28,248 INFO root Loading cache from /media/compute/homes/aharter/.cache/phyre/offline_simulation/100000/ball
2020-11-04 14:53:37,600 INFO root finish collecting auccess after epoch 1: 0.4526328586724055
2020-11-04 14:53:37,600 INFO root training epoch 2...
2020-11-04 14:54:47,659 INFO root collecting auccess after epoch 2...
2020-11-04 14:54:52,955 INFO root Loading cache from /media/compute/homes/aharter/.cache/phyre/offline_simulation/100000/ball
2020-11-04 15:02:22,336 INFO root finish collecting auccess after epoch 2: 0.5081661397175687
2020-11-04 15:02:22,337 INFO root training epoch 3...
2020-11-04 15:03:25,003 INFO root training epoch 4...
2020-11-04 15:04:27,850 INFO root training epoch 5...
2020-11-04 15:05:30,403 INFO root collecting auccess after epoch 5...
2020-11-04 15:05:35,601 INFO root Loading cache from /media/compute/homes/aharter/.cache/phyre/offline_simulation/100000/ball
2020-11-04 15:12:51,321 INFO root finish collecting auccess after epoch 5: 0.5256976458885935
2020-11-04 15:12:51,322 INFO root training epoch 6...
2020-11-04 15:13:54,111 INFO root training epoch 7...
2020-11-04 15:15:02,516 INFO root training epoch 8...
2020-11-04 15:16:14,026 INFO root training epoch 9...
2020-11-04 15:17:25,550 INFO root training epoch 10...
2020-11-04 15:18:37,072 INFO root collecting auccess after epoch 10...
2020-11-04 15:18:42,252 INFO root Loading cache from /media/compute/homes/aharter/.cache/phyre/offline_simulation/100000/ball
2020-11-04 15:25:57,430 INFO root finish collecting auccess after epoch 10: 0.5412175271544112
2020-11-04 15:26:00,794 INFO __main__ VS-nper32 ball_within_template 0 || saving models...
2020-11-04 15:26:01,059 INFO __main__ VS-nper32 ball_within_template 0 || loading data for generative testing...
2020-11-04 15:26:01,540 INFO __main__ VS-nper32 ball_within_template 0 || inspecting generative performance...
2020-11-04 15:26:07,158 INFO root Loading cache from /media/compute/homes/aharter/.cache/phyre/offline_simulation/100000/ball
2020-11-04 15:26:11,392 INFO __main__ VS-nper32 ball_within_template 1 || loading data for generative training...
2020-11-04 15:26:14,625 INFO root Loading cache from /media/compute/homes/aharter/.cache/phyre/offline_simulation/100000/ball
2020-11-04 18:41:00,762 INFO __main__ VS-nper32 ball_within_template 1 || training 'generative' models...
2020-11-04 18:41:00,795 INFO root training epoch 1...
2020-11-04 18:43:11,681 INFO root collecting auccess after epoch 1...
2020-11-04 18:43:18,841 INFO root Loading cache from /media/compute/homes/aharter/.cache/phyre/offline_simulation/100000/ball
2020-11-04 18:56:06,604 INFO root finish collecting auccess after epoch 1: 0.4836135914167954
2020-11-04 18:56:06,605 INFO root training epoch 2...
2020-11-04 18:58:41,076 INFO root collecting auccess after epoch 2...
2020-11-04 18:58:48,810 INFO root Loading cache from /media/compute/homes/aharter/.cache/phyre/offline_simulation/100000/ball
2020-11-04 19:11:16,165 INFO root finish collecting auccess after epoch 2: 0.5180759643637104
2020-11-04 19:11:16,166 INFO root training epoch 3...
2020-11-04 19:13:06,572 INFO root training epoch 4...
2020-11-04 19:15:07,325 INFO root training epoch 5...
2020-11-04 19:17:21,178 INFO root collecting auccess after epoch 5...
2020-11-04 19:17:28,458 INFO root Loading cache from /media/compute/homes/aharter/.cache/phyre/offline_simulation/100000/ball
2020-11-04 19:30:01,908 INFO root finish collecting auccess after epoch 5: 0.5419540750516151
2020-11-04 19:30:01,909 INFO root training epoch 6...
2020-11-04 19:31:42,875 INFO root training epoch 7...
2020-11-04 19:33:19,384 INFO root training epoch 8...
2020-11-04 19:34:53,833 INFO root training epoch 9...
2020-11-04 19:36:38,510 INFO root training epoch 10...
2020-11-04 19:38:27,237 INFO root collecting auccess after epoch 10...
2020-11-04 19:38:34,862 INFO root Loading cache from /media/compute/homes/aharter/.cache/phyre/offline_simulation/100000/ball
2020-11-04 19:52:35,986 INFO root finish collecting auccess after epoch 10: 0.5519252168304877
2020-11-04 19:52:40,312 INFO __main__ VS-nper32 ball_within_template 1 || saving models...
2020-11-04 19:52:40,590 INFO __main__ VS-nper32 ball_within_template 1 || loading data for generative testing...
2020-11-04 19:52:41,892 INFO __main__ VS-nper32 ball_within_template 1 || inspecting generative performance...
2020-11-04 19:52:50,815 INFO root Loading cache from /media/compute/homes/aharter/.cache/phyre/offline_simulation/100000/ball
2020-11-04 19:52:58,846 INFO __main__ VS-nper32 ball_cross_template 0 || loading data for generative training...
2020-11-04 19:59:24,509 INFO __main__ VS-nper32 ball_cross_template 0 || training 'generative' models...
2020-11-04 19:59:24,552 INFO root training epoch 1...
2020-11-04 20:01:01,262 INFO root collecting auccess after epoch 1...
2020-11-04 20:01:13,023 INFO root Loading cache from /media/compute/homes/aharter/.cache/phyre/offline_simulation/100000/ball
2020-11-04 20:18:32,128 INFO root finish collecting auccess after epoch 1: 0.36242649308141267
2020-11-04 20:18:32,129 INFO root training epoch 2...
2020-11-04 20:20:09,540 INFO root collecting auccess after epoch 2...
2020-11-04 20:20:17,608 INFO root Loading cache from /media/compute/homes/aharter/.cache/phyre/offline_simulation/100000/ball
2020-11-04 20:37:58,231 INFO root finish collecting auccess after epoch 2: 0.34255815696542735
2020-11-04 20:37:58,233 INFO root training epoch 3...
2020-11-04 20:39:35,262 INFO root training epoch 4...
2020-11-04 20:41:10,641 INFO root training epoch 5...
2020-11-04 20:42:47,725 INFO root collecting auccess after epoch 5...
2020-11-04 20:42:58,204 INFO root Loading cache from /media/compute/homes/aharter/.cache/phyre/offline_simulation/100000/ball
