2020-11-04 21:12:23,671 INFO root Loading cache from /media/compute/homes/aharter/.cache/phyre/offline_simulation/100000/ball
2020-11-04 21:12:29,578 INFO __main__ VS-rad-mean ball_within_template 0 || loading data for generative training...
2020-11-04 21:14:12,038 INFO __main__ VS-rad-mean ball_within_template 0 || training 'generative' models...
2020-11-04 21:14:15,086 INFO root training epoch 1...
2020-11-04 21:14:44,680 INFO root collecting auccess after epoch 1...
2020-11-04 21:14:51,399 INFO root Loading cache from /media/compute/homes/aharter/.cache/phyre/offline_simulation/100000/ball
2020-11-04 21:14:53,133 ERROR __main__ Exception occured:
Traceback (most recent call last):
  File "solver.py", line 261, in <module>
    solver.train_supervised(epochs=epochs, train_mode=train_mode, test_ids = test_ids, setup=f'{eval_setup}_{fold_id}')
  File "/media/compute/homes/aharter/isy2020/phyre/flownet.py", line 1963, in train_supervised
    auccess = self.generative_auccess(test_ids, setup)
  File "/media/compute/homes/aharter/isy2020/phyre/flownet.py", line 897, in generative_auccess
    if self.radmode=="old":
AttributeError: 'FlownetSolver' object has no attribute 'radmode'
2020-11-04 21:29:05,743 INFO root Loading cache from /media/compute/homes/aharter/.cache/phyre/offline_simulation/100000/ball
2020-11-04 21:29:11,707 INFO __main__ VS-rad-mean ball_within_template 0 || loading data for generative training...
2020-11-04 21:30:53,460 INFO __main__ VS-rad-mean ball_within_template 0 || training 'generative' models...
2020-11-04 21:30:56,288 INFO root training epoch 1...
2020-11-04 21:31:34,118 INFO root collecting auccess after epoch 1...
2020-11-04 21:31:41,421 INFO root Loading cache from /media/compute/homes/aharter/.cache/phyre/offline_simulation/100000/ball
2020-11-04 21:31:43,079 ERROR __main__ Exception occured:
Traceback (most recent call last):
  File "solver.py", line 261, in <module>
    solver.train_supervised(epochs=epochs, train_mode=train_mode, test_ids = test_ids, setup=f'{eval_setup}_{fold_id}')
  File "/media/compute/homes/aharter/isy2020/phyre/flownet.py", line 1963, in train_supervised
    auccess = self.generative_auccess(test_ids, setup)
  File "/media/compute/homes/aharter/isy2020/phyre/flownet.py", line 897, in generative_auccess
    if self.radmode=="old":
AttributeError: 'FlownetSolver' object has no attribute 'radmode'
2020-11-04 22:23:52,537 INFO root Loading cache from /media/compute/homes/aharter/.cache/phyre/offline_simulation/100000/ball
2020-11-04 22:23:59,600 INFO __main__ VS-rad-mean ball_within_template 0 || loading data for generative training...
2020-11-04 22:25:42,054 INFO __main__ VS-rad-mean ball_within_template 0 || training 'generative' models...
2020-11-04 22:25:44,815 INFO root training epoch 1...
2020-11-04 22:26:21,196 INFO root collecting auccess after epoch 1...
2020-11-04 22:26:28,404 INFO root Loading cache from /media/compute/homes/aharter/.cache/phyre/offline_simulation/100000/ball
2020-11-04 22:26:30,076 ERROR __main__ Exception occured:
Traceback (most recent call last):
  File "solver.py", line 261, in <module>
    solver.train_supervised(epochs=epochs, train_mode=train_mode, test_ids = test_ids, setup=f'{eval_setup}_{fold_id}')
  File "/media/compute/homes/aharter/isy2020/phyre/flownet.py", line 1965, in train_supervised
    auccess = self.generative_auccess(test_ids, setup)
  File "/media/compute/homes/aharter/isy2020/phyre/flownet.py", line 907, in generative_auccess
    a  = sample_action_vector(ball, self.cache, uniform=self.uniform, radmode=self.radmode, mask=mask, check_border=True)
NameError: name 'sample_action_vector' is not defined
2020-11-05 02:09:48,092 INFO root Loading cache from /media/compute/homes/aharter/.cache/phyre/offline_simulation/100000/ball
2020-11-05 02:09:52,450 INFO __main__ VS-rad-mean ball_within_template 0 || loading data for generative training...
2020-11-05 02:11:06,373 INFO __main__ VS-rad-mean ball_within_template 0 || training 'generative' models...
2020-11-05 02:11:08,278 INFO root training epoch 1...
2020-11-05 02:11:28,931 INFO root collecting auccess after epoch 1...
2020-11-05 02:11:34,166 INFO root Loading cache from /media/compute/homes/aharter/.cache/phyre/offline_simulation/100000/ball
2020-11-05 02:11:35,458 ERROR __main__ Exception occured:
Traceback (most recent call last):
  File "solver.py", line 261, in <module>
    solver.train_supervised(epochs=epochs, train_mode=train_mode, test_ids = test_ids, setup=f'{eval_setup}_{fold_id}')
  File "/media/compute/homes/aharter/isy2020/phyre/flownet.py", line 1965, in train_supervised
    auccess = self.generative_auccess(test_ids, setup)
  File "/media/compute/homes/aharter/isy2020/phyre/flownet.py", line 907, in generative_auccess
    a  = sample_action_vector(ball, self.cache, uniform=self.uniform, radmode=self.radmode, mask=mask, check_border=True)
  File "/media/compute/homes/aharter/isy2020/phyre/phyre_utils.py", line 587, in sample_action_vector
    rad = rads.sorted(k=lambda x: x[1], descending=True)[0]
AttributeError: 'list' object has no attribute 'sorted'
2020-11-05 10:03:33,162 INFO root Loading cache from /media/compute/homes/aharter/.cache/phyre/offline_simulation/100000/ball
2020-11-05 10:03:37,298 INFO __main__ VS-rad-mean ball_within_template 0 || loading data for generative training...
2020-11-05 10:04:51,495 INFO __main__ VS-rad-mean ball_within_template 0 || training 'generative' models...
2020-11-05 10:04:53,391 INFO root training epoch 1...
2020-11-05 10:05:15,566 INFO root collecting auccess after epoch 1...
2020-11-05 10:05:20,728 INFO root Loading cache from /media/compute/homes/aharter/.cache/phyre/offline_simulation/100000/ball
2020-11-05 10:14:21,786 INFO root finish collecting auccess after epoch 1: 0.057936113241221394
2020-11-05 10:14:21,787 INFO root training epoch 2...
2020-11-05 10:14:44,059 INFO root collecting auccess after epoch 2...
2020-11-05 10:14:49,142 INFO root Loading cache from /media/compute/homes/aharter/.cache/phyre/offline_simulation/100000/ball
2020-11-05 10:23:47,617 INFO root finish collecting auccess after epoch 2: 0.08132843233761669
2020-11-05 10:23:47,618 INFO root training epoch 3...
2020-11-05 10:24:08,491 INFO root training epoch 4...
2020-11-05 10:24:30,849 INFO root training epoch 5...
2020-11-05 10:24:53,234 INFO root collecting auccess after epoch 5...
2020-11-05 10:24:58,472 INFO root Loading cache from /media/compute/homes/aharter/.cache/phyre/offline_simulation/100000/ball
2020-11-05 10:33:42,381 INFO root finish collecting auccess after epoch 5: 0.11287419382292074
2020-11-05 10:33:42,382 INFO root training epoch 6...
2020-11-05 10:34:04,188 INFO root training epoch 7...
2020-11-05 10:34:26,468 INFO root training epoch 8...
2020-11-05 10:34:48,701 INFO root training epoch 9...
2020-11-05 10:35:10,936 INFO root training epoch 10...
2020-11-05 10:35:33,269 INFO root collecting auccess after epoch 10...
2020-11-05 10:35:38,508 INFO root Loading cache from /media/compute/homes/aharter/.cache/phyre/offline_simulation/100000/ball
2020-11-05 10:44:35,333 INFO root finish collecting auccess after epoch 10: 0.09169797779511855
2020-11-05 10:44:36,604 INFO __main__ VS-rad-mean ball_within_template 0 || saving models...
2020-11-05 10:44:36,862 INFO __main__ VS-rad-mean ball_within_template 0 || loading data for generative testing...
2020-11-05 10:44:37,336 INFO __main__ VS-rad-mean ball_within_template 0 || inspecting generative performance...
2020-11-05 10:44:42,758 INFO root Loading cache from /media/compute/homes/aharter/.cache/phyre/offline_simulation/100000/ball
2020-11-05 10:44:46,968 INFO __main__ VS-rad-mean ball_cross_template 0 || loading data for generative training...
2020-11-05 10:44:51,741 INFO __main__ VS-rad-mean ball_cross_template 0 || training 'generative' models...
2020-11-05 10:44:51,752 INFO root training epoch 1...
2020-11-05 10:45:10,884 INFO root collecting auccess after epoch 1...
2020-11-05 10:45:15,777 INFO root Loading cache from /media/compute/homes/aharter/.cache/phyre/offline_simulation/100000/ball
2020-11-05 10:53:59,293 INFO root finish collecting auccess after epoch 1: 0.0398741700065937
2020-11-05 10:53:59,294 INFO root training epoch 2...
2020-11-05 10:54:20,872 INFO root collecting auccess after epoch 2...
2020-11-05 10:54:25,952 INFO root Loading cache from /media/compute/homes/aharter/.cache/phyre/offline_simulation/100000/ball
2020-11-05 11:04:01,852 INFO root finish collecting auccess after epoch 2: 0.05156208302872949
2020-11-05 11:04:02,032 INFO root training epoch 3...
2020-11-05 11:04:28,625 INFO root training epoch 4...
2020-11-05 11:04:54,365 INFO root training epoch 5...
2020-11-05 11:05:20,156 INFO root collecting auccess after epoch 5...
2020-11-05 11:05:28,243 INFO root Loading cache from /media/compute/homes/aharter/.cache/phyre/offline_simulation/100000/ball
2020-11-05 11:15:09,181 INFO root finish collecting auccess after epoch 5: 0.07492114816534297
2020-11-05 11:15:09,182 INFO root training epoch 6...
2020-11-05 11:15:29,612 INFO root training epoch 7...
2020-11-05 11:15:50,459 INFO root training epoch 8...
2020-11-05 11:16:11,245 INFO root training epoch 9...
2020-11-05 11:16:33,947 INFO root training epoch 10...
2020-11-05 11:16:57,962 INFO root collecting auccess after epoch 10...
2020-11-05 11:17:05,784 INFO root Loading cache from /media/compute/homes/aharter/.cache/phyre/offline_simulation/100000/ball
2020-11-05 11:27:28,815 INFO root finish collecting auccess after epoch 10: 0.06433471379925475
2020-11-05 11:27:30,635 INFO __main__ VS-rad-mean ball_cross_template 0 || saving models...
2020-11-05 11:27:30,889 INFO __main__ VS-rad-mean ball_cross_template 0 || loading data for generative testing...
2020-11-05 11:27:31,176 INFO __main__ VS-rad-mean ball_cross_template 0 || inspecting generative performance...
2020-11-05 11:27:34,077 INFO __main__ ['ball_within_template', 'ball_cross_template']
