2020-11-04 21:14:59,465 INFO root Loading cache from /media/compute/homes/aharter/.cache/phyre/offline_simulation/100000/ball
2020-11-04 21:15:07,120 INFO __main__ VS-rad-median ball_within_template 0 || loading data for generative training...
2020-11-04 21:16:49,242 INFO __main__ VS-rad-median ball_within_template 0 || training 'generative' models...
2020-11-04 21:16:52,325 INFO root training epoch 1...
2020-11-04 21:17:44,304 INFO root collecting auccess after epoch 1...
2020-11-04 21:17:51,379 INFO root Loading cache from /media/compute/homes/aharter/.cache/phyre/offline_simulation/100000/ball
2020-11-04 21:17:53,126 ERROR __main__ Exception occured:
Traceback (most recent call last):
  File "solver.py", line 261, in <module>
    solver.train_supervised(epochs=epochs, train_mode=train_mode, test_ids = test_ids, setup=f'{eval_setup}_{fold_id}')
  File "/media/compute/homes/aharter/isy2020/phyre/flownet.py", line 1963, in train_supervised
    auccess = self.generative_auccess(test_ids, setup)
  File "/media/compute/homes/aharter/isy2020/phyre/flownet.py", line 897, in generative_auccess
    if self.radmode=="old":
AttributeError: 'FlownetSolver' object has no attribute 'radmode'
2020-11-04 21:31:49,345 INFO root Loading cache from /media/compute/homes/aharter/.cache/phyre/offline_simulation/100000/ball
2020-11-04 21:31:57,409 INFO __main__ VS-rad-median ball_within_template 0 || loading data for generative training...
2020-11-04 21:33:39,532 INFO __main__ VS-rad-median ball_within_template 0 || training 'generative' models...
2020-11-04 21:33:42,275 INFO root training epoch 1...
2020-11-04 21:34:09,414 INFO root collecting auccess after epoch 1...
2020-11-04 21:34:16,261 INFO root Loading cache from /media/compute/homes/aharter/.cache/phyre/offline_simulation/100000/ball
2020-11-04 21:34:18,012 ERROR __main__ Exception occured:
Traceback (most recent call last):
  File "solver.py", line 261, in <module>
    solver.train_supervised(epochs=epochs, train_mode=train_mode, test_ids = test_ids, setup=f'{eval_setup}_{fold_id}')
  File "/media/compute/homes/aharter/isy2020/phyre/flownet.py", line 1963, in train_supervised
    auccess = self.generative_auccess(test_ids, setup)
  File "/media/compute/homes/aharter/isy2020/phyre/flownet.py", line 897, in generative_auccess
    if self.radmode=="old":
AttributeError: 'FlownetSolver' object has no attribute 'radmode'
2020-11-04 22:26:36,672 INFO root Loading cache from /media/compute/homes/aharter/.cache/phyre/offline_simulation/100000/ball
2020-11-04 22:26:44,551 INFO __main__ VS-rad-median ball_within_template 0 || loading data for generative training...
2020-11-05 02:11:41,422 INFO root Loading cache from /media/compute/homes/aharter/.cache/phyre/offline_simulation/100000/ball
2020-11-05 02:11:45,569 INFO __main__ VS-rad-median ball_within_template 0 || loading data for generative training...
2020-11-05 02:13:00,525 INFO __main__ VS-rad-median ball_within_template 0 || training 'generative' models...
2020-11-05 02:13:02,478 INFO root training epoch 1...
2020-11-05 02:13:21,625 INFO root collecting auccess after epoch 1...
2020-11-05 02:13:26,905 INFO root Loading cache from /media/compute/homes/aharter/.cache/phyre/offline_simulation/100000/ball
2020-11-05 02:13:28,074 ERROR __main__ Exception occured:
Traceback (most recent call last):
  File "solver.py", line 261, in <module>
    solver.train_supervised(epochs=epochs, train_mode=train_mode, test_ids = test_ids, setup=f'{eval_setup}_{fold_id}')
  File "/media/compute/homes/aharter/isy2020/phyre/flownet.py", line 1965, in train_supervised
    auccess = self.generative_auccess(test_ids, setup)
  File "/media/compute/homes/aharter/isy2020/phyre/flownet.py", line 907, in generative_auccess
    a  = sample_action_vector(ball, self.cache, uniform=self.uniform, radmode=self.radmode, mask=mask, check_border=True)
  File "/media/compute/homes/aharter/isy2020/phyre/phyre_utils.py", line 581, in sample_action_vector
    value = pic[ball].median()
RuntimeError: median cannot be called with empty tensor
2020-11-05 11:27:39,854 INFO root Loading cache from /media/compute/homes/aharter/.cache/phyre/offline_simulation/100000/ball
2020-11-05 11:27:44,154 INFO __main__ VS-rad-median ball_within_template 0 || loading data for generative training...
2020-11-05 11:29:00,014 INFO __main__ VS-rad-median ball_within_template 0 || training 'generative' models...
2020-11-05 11:29:01,880 INFO root training epoch 1...
2020-11-05 11:29:23,374 INFO root collecting auccess after epoch 1...
2020-11-05 11:29:28,707 INFO root Loading cache from /media/compute/homes/aharter/.cache/phyre/offline_simulation/100000/ball
2020-11-05 11:40:34,151 INFO root finish collecting auccess after epoch 1: 0.06924054109225995
2020-11-05 11:40:34,152 INFO root training epoch 2...
2020-11-05 11:40:55,162 INFO root collecting auccess after epoch 2...
2020-11-05 11:41:00,385 INFO root Loading cache from /media/compute/homes/aharter/.cache/phyre/offline_simulation/100000/ball
2020-11-05 11:51:17,837 INFO root finish collecting auccess after epoch 2: 0.09704602804807237
2020-11-05 11:51:17,838 INFO root training epoch 3...
2020-11-05 11:51:38,630 INFO root training epoch 4...
2020-11-05 11:51:59,849 INFO root training epoch 5...
2020-11-05 11:52:21,046 INFO root collecting auccess after epoch 5...
2020-11-05 11:52:26,344 INFO root Loading cache from /media/compute/homes/aharter/.cache/phyre/offline_simulation/100000/ball
2020-11-05 12:03:11,642 INFO root finish collecting auccess after epoch 5: 0.09687873206673721
2020-11-05 12:03:11,642 INFO root training epoch 6...
2020-11-05 13:23:32,945 INFO root Loading cache from /media/compute/homes/aharter/.cache/phyre/offline_simulation/100000/ball
2020-11-05 13:23:37,232 INFO __main__ VS-rad-median ball_within_template 0 || loading data for generative training...
2020-11-05 13:24:52,116 INFO __main__ VS-rad-median ball_within_template 0 || training 'generative' models...
2020-11-05 13:24:53,981 INFO root training epoch 1...
2020-11-05 13:25:14,990 INFO root collecting auccess after epoch 1...
2020-11-05 13:25:20,164 INFO root Loading cache from /media/compute/homes/aharter/.cache/phyre/offline_simulation/100000/ball
2020-11-05 13:33:40,679 INFO root finish collecting auccess after epoch 1: 0.12155440202925591
2020-11-05 13:33:40,680 INFO root training epoch 2...
2020-11-05 13:34:02,026 INFO root collecting auccess after epoch 2...
2020-11-05 13:34:07,309 INFO root Loading cache from /media/compute/homes/aharter/.cache/phyre/offline_simulation/100000/ball
2020-11-05 13:42:04,537 INFO root finish collecting auccess after epoch 2: 0.18571161653085203
2020-11-05 13:42:04,537 INFO root training epoch 3...
2020-11-05 13:42:23,499 INFO root training epoch 4...
2020-11-05 13:42:44,063 INFO root training epoch 5...
2020-11-05 13:43:06,175 INFO root collecting auccess after epoch 5...
2020-11-05 13:43:11,317 INFO root Loading cache from /media/compute/homes/aharter/.cache/phyre/offline_simulation/100000/ball
2020-11-05 13:50:43,735 INFO root finish collecting auccess after epoch 5: 0.2313184646946786
2020-11-05 13:50:43,735 INFO root training epoch 6...
2020-11-05 13:51:02,863 INFO root training epoch 7...
2020-11-05 13:51:22,169 INFO root training epoch 8...
2020-11-05 13:51:44,202 INFO root training epoch 9...
2020-11-05 13:52:06,252 INFO root training epoch 10...
2020-11-05 13:52:28,263 INFO root collecting auccess after epoch 10...
2020-11-05 13:52:33,398 INFO root Loading cache from /media/compute/homes/aharter/.cache/phyre/offline_simulation/100000/ball
2020-11-05 14:00:02,942 INFO root finish collecting auccess after epoch 10: 0.23832525566655907
2020-11-05 14:00:04,171 INFO __main__ VS-rad-median ball_within_template 0 || saving models...
2020-11-05 14:00:04,435 INFO __main__ VS-rad-median ball_within_template 0 || loading data for generative testing...
2020-11-05 14:00:04,904 INFO __main__ VS-rad-median ball_within_template 0 || inspecting generative performance...
2020-11-05 14:00:10,294 INFO root Loading cache from /media/compute/homes/aharter/.cache/phyre/offline_simulation/100000/ball
2020-11-05 14:00:14,414 INFO __main__ VS-rad-median ball_cross_template 0 || loading data for generative training...
2020-11-05 14:00:19,244 INFO __main__ VS-rad-median ball_cross_template 0 || training 'generative' models...
2020-11-05 14:00:19,256 INFO root training epoch 1...
2020-11-05 14:00:41,480 INFO root collecting auccess after epoch 1...
2020-11-05 14:00:46,488 INFO root Loading cache from /media/compute/homes/aharter/.cache/phyre/offline_simulation/100000/ball
2020-11-05 14:08:44,532 INFO root finish collecting auccess after epoch 1: 0.11905717176618326
2020-11-05 14:08:44,533 INFO root training epoch 2...
2020-11-05 14:09:06,483 INFO root collecting auccess after epoch 2...
2020-11-05 14:09:11,746 INFO root Loading cache from /media/compute/homes/aharter/.cache/phyre/offline_simulation/100000/ball
2020-11-05 14:17:00,863 INFO root finish collecting auccess after epoch 2: 0.14976374422886907
2020-11-05 14:17:00,863 INFO root training epoch 3...
2020-11-05 14:17:21,593 INFO root training epoch 4...
2020-11-05 14:17:43,577 INFO root training epoch 5...
2020-11-05 14:18:05,500 INFO root collecting auccess after epoch 5...
2020-11-05 14:18:10,611 INFO root Loading cache from /media/compute/homes/aharter/.cache/phyre/offline_simulation/100000/ball
2020-11-05 14:25:38,109 INFO root finish collecting auccess after epoch 5: 0.20063699496712453
2020-11-05 14:25:38,110 INFO root training epoch 6...
2020-11-05 14:25:57,176 INFO root training epoch 7...
2020-11-05 14:26:16,352 INFO root training epoch 8...
2020-11-05 14:26:37,995 INFO root training epoch 9...
2020-11-05 14:27:00,082 INFO root training epoch 10...
2020-11-05 14:27:22,122 INFO root collecting auccess after epoch 10...
2020-11-05 14:27:27,305 INFO root Loading cache from /media/compute/homes/aharter/.cache/phyre/offline_simulation/100000/ball
2020-11-05 14:35:01,350 INFO root finish collecting auccess after epoch 10: 0.18069720731098968
2020-11-05 14:35:02,537 INFO __main__ VS-rad-median ball_cross_template 0 || saving models...
2020-11-05 14:35:02,793 INFO __main__ VS-rad-median ball_cross_template 0 || loading data for generative testing...
2020-11-05 14:35:03,032 INFO __main__ VS-rad-median ball_cross_template 0 || inspecting generative performance...
2020-11-05 14:35:05,744 INFO __main__ ['ball_within_template', 'ball_cross_template']
