2020-11-04 21:09:32,813 INFO root Loading cache from /media/compute/homes/aharter/.cache/phyre/offline_simulation/100000/ball
2020-11-04 21:09:40,468 INFO __main__ VS-rad-rand ball_within_template 0 || loading data for generative training...
2020-11-04 21:11:27,501 INFO __main__ VS-rad-rand ball_within_template 0 || training 'generative' models...
2020-11-04 21:11:30,550 INFO root training epoch 1...
2020-11-04 21:12:09,083 INFO root collecting auccess after epoch 1...
2020-11-04 21:12:16,151 INFO root Loading cache from /media/compute/homes/aharter/.cache/phyre/offline_simulation/100000/ball
2020-11-04 21:12:17,878 ERROR __main__ Exception occured:
Traceback (most recent call last):
  File "solver.py", line 261, in <module>
    solver.train_supervised(epochs=epochs, train_mode=train_mode, test_ids = test_ids, setup=f'{eval_setup}_{fold_id}')
  File "/media/compute/homes/aharter/isy2020/phyre/flownet.py", line 1963, in train_supervised
    auccess = self.generative_auccess(test_ids, setup)
  File "/media/compute/homes/aharter/isy2020/phyre/flownet.py", line 897, in generative_auccess
    if self.radmode=="old":
AttributeError: 'FlownetSolver' object has no attribute 'radmode'
2020-11-04 21:26:17,005 INFO root Loading cache from /media/compute/homes/aharter/.cache/phyre/offline_simulation/100000/ball
2020-11-04 21:26:25,781 INFO __main__ VS-rad-rand ball_within_template 0 || loading data for generative training...
2020-11-04 21:28:08,505 INFO __main__ VS-rad-rand ball_within_template 0 || training 'generative' models...
2020-11-04 21:28:10,960 INFO root training epoch 1...
2020-11-04 21:28:51,103 INFO root collecting auccess after epoch 1...
2020-11-04 21:28:58,086 INFO root Loading cache from /media/compute/homes/aharter/.cache/phyre/offline_simulation/100000/ball
2020-11-04 21:28:59,821 ERROR __main__ Exception occured:
Traceback (most recent call last):
  File "solver.py", line 261, in <module>
    solver.train_supervised(epochs=epochs, train_mode=train_mode, test_ids = test_ids, setup=f'{eval_setup}_{fold_id}')
  File "/media/compute/homes/aharter/isy2020/phyre/flownet.py", line 1963, in train_supervised
    auccess = self.generative_auccess(test_ids, setup)
  File "/media/compute/homes/aharter/isy2020/phyre/flownet.py", line 897, in generative_auccess
    if self.radmode=="old":
AttributeError: 'FlownetSolver' object has no attribute 'radmode'
2020-11-04 22:20:47,570 INFO root Loading cache from /media/compute/homes/aharter/.cache/phyre/offline_simulation/100000/ball
2020-11-04 22:20:55,057 INFO __main__ VS-rad-rand ball_within_template 0 || loading data for generative training...
2020-11-04 22:22:46,992 INFO __main__ VS-rad-rand ball_within_template 0 || training 'generative' models...
2020-11-04 22:22:49,795 INFO root training epoch 1...
2020-11-04 22:23:36,895 INFO root collecting auccess after epoch 1...
2020-11-04 22:23:44,065 INFO root Loading cache from /media/compute/homes/aharter/.cache/phyre/offline_simulation/100000/ball
2020-11-04 22:23:45,706 ERROR __main__ Exception occured:
Traceback (most recent call last):
  File "solver.py", line 261, in <module>
    solver.train_supervised(epochs=epochs, train_mode=train_mode, test_ids = test_ids, setup=f'{eval_setup}_{fold_id}')
  File "/media/compute/homes/aharter/isy2020/phyre/flownet.py", line 1965, in train_supervised
    auccess = self.generative_auccess(test_ids, setup)
  File "/media/compute/homes/aharter/isy2020/phyre/flownet.py", line 907, in generative_auccess
    a  = sample_action_vector(ball, self.cache, uniform=self.uniform, radmode=self.radmode, mask=mask, check_border=True)
NameError: name 'sample_action_vector' is not defined
2020-11-04 22:35:42,145 INFO root Loading cache from /media/compute/homes/aharter/.cache/phyre/offline_simulation/100000/ball
2020-11-04 22:35:48,111 INFO __main__ VS-rad-rand ball_within_template 0 || loading data for generative training...
2020-11-04 22:37:30,580 INFO __main__ VS-rad-rand ball_within_template 0 || training 'generative' models...
2020-11-04 22:37:33,353 INFO root training epoch 1...
2020-11-05 00:49:59,885 INFO root Loading cache from /media/compute/homes/aharter/.cache/phyre/offline_simulation/100000/ball
2020-11-05 00:50:04,062 INFO __main__ VS-rad-rand ball_within_template 0 || loading data for generative training...
2020-11-05 00:51:18,402 INFO __main__ VS-rad-rand ball_within_template 0 || training 'generative' models...
2020-11-05 00:51:20,299 INFO root training epoch 1...
2020-11-05 00:51:44,246 INFO root collecting auccess after epoch 1...
2020-11-05 00:51:49,635 INFO root Loading cache from /media/compute/homes/aharter/.cache/phyre/offline_simulation/100000/ball
2020-11-05 01:00:51,454 INFO root finish collecting auccess after epoch 1: 0.0930107986619062
2020-11-05 01:00:51,455 INFO root training epoch 2...
2020-11-05 01:01:12,390 INFO root collecting auccess after epoch 2...
2020-11-05 01:01:17,684 INFO root Loading cache from /media/compute/homes/aharter/.cache/phyre/offline_simulation/100000/ball
2020-11-05 01:10:56,464 INFO root finish collecting auccess after epoch 2: 0.11805222288464809
2020-11-05 01:10:56,465 INFO root training epoch 3...
2020-11-05 01:11:14,019 INFO root training epoch 4...
2020-11-05 01:11:35,229 INFO root training epoch 5...
2020-11-05 01:11:55,610 INFO root collecting auccess after epoch 5...
2020-11-05 01:12:00,771 INFO root Loading cache from /media/compute/homes/aharter/.cache/phyre/offline_simulation/100000/ball
2020-11-05 01:21:48,950 INFO root finish collecting auccess after epoch 5: 0.1312433264745988
2020-11-05 01:21:48,951 INFO root training epoch 6...
2020-11-05 01:22:09,660 INFO root training epoch 7...
2020-11-05 01:22:29,995 INFO root training epoch 8...
2020-11-05 01:22:50,319 INFO root training epoch 9...
2020-11-05 01:23:10,627 INFO root training epoch 10...
2020-11-05 01:23:30,937 INFO root collecting auccess after epoch 10...
2020-11-05 01:23:36,019 INFO root Loading cache from /media/compute/homes/aharter/.cache/phyre/offline_simulation/100000/ball
2020-11-05 01:33:28,460 INFO root finish collecting auccess after epoch 10: 0.12206896418733508
2020-11-05 01:33:29,668 INFO __main__ VS-rad-rand ball_within_template 0 || saving models...
2020-11-05 01:33:29,927 INFO __main__ VS-rad-rand ball_within_template 0 || loading data for generative testing...
2020-11-05 01:33:30,400 INFO __main__ VS-rad-rand ball_within_template 0 || inspecting generative performance...
2020-11-05 01:33:35,750 INFO root Loading cache from /media/compute/homes/aharter/.cache/phyre/offline_simulation/100000/ball
2020-11-05 01:33:40,159 INFO __main__ VS-rad-rand ball_cross_template 0 || loading data for generative training...
2020-11-05 01:33:45,058 INFO __main__ VS-rad-rand ball_cross_template 0 || training 'generative' models...
2020-11-05 01:33:45,069 INFO root training epoch 1...
2020-11-05 01:34:06,718 INFO root collecting auccess after epoch 1...
2020-11-05 01:34:11,846 INFO root Loading cache from /media/compute/homes/aharter/.cache/phyre/offline_simulation/100000/ball
2020-11-05 01:42:29,518 INFO root finish collecting auccess after epoch 1: 0.068856561751418
2020-11-05 01:42:29,519 INFO root training epoch 2...
2020-11-05 01:42:50,570 INFO root collecting auccess after epoch 2...
2020-11-05 01:42:55,680 INFO root Loading cache from /media/compute/homes/aharter/.cache/phyre/offline_simulation/100000/ball
2020-11-05 01:51:05,544 INFO root finish collecting auccess after epoch 2: 0.10206134846646271
2020-11-05 01:51:05,545 INFO root training epoch 3...
2020-11-05 01:51:26,748 INFO root training epoch 4...
2020-11-05 01:51:47,743 INFO root training epoch 5...
2020-11-05 01:52:08,579 INFO root collecting auccess after epoch 5...
2020-11-05 01:52:13,739 INFO root Loading cache from /media/compute/homes/aharter/.cache/phyre/offline_simulation/100000/ball
2020-11-05 01:59:55,338 INFO root finish collecting auccess after epoch 5: 0.15084184813605608
2020-11-05 01:59:55,339 INFO root training epoch 6...
2020-11-05 02:00:16,008 INFO root training epoch 7...
2020-11-05 02:00:36,738 INFO root training epoch 8...
2020-11-05 02:00:57,513 INFO root training epoch 9...
2020-11-05 02:01:18,284 INFO root training epoch 10...
2020-11-05 02:01:39,050 INFO root collecting auccess after epoch 10...
2020-11-05 02:01:44,111 INFO root Loading cache from /media/compute/homes/aharter/.cache/phyre/offline_simulation/100000/ball
2020-11-05 02:09:34,406 INFO root finish collecting auccess after epoch 10: 0.14609676931026858
2020-11-05 02:09:35,590 INFO __main__ VS-rad-rand ball_cross_template 0 || saving models...
2020-11-05 02:09:35,849 INFO __main__ VS-rad-rand ball_cross_template 0 || loading data for generative testing...
2020-11-05 02:09:36,093 INFO __main__ VS-rad-rand ball_cross_template 0 || inspecting generative performance...
2020-11-05 02:09:38,792 INFO __main__ ['ball_within_template', 'ball_cross_template']
2020-11-05 09:12:25,474 INFO root Loading cache from /media/compute/homes/aharter/.cache/phyre/offline_simulation/100000/ball
2020-11-05 09:12:29,872 INFO __main__ VS-rad-rand ball_within_template 0 || loading data for generative training...
2020-11-05 09:13:43,655 INFO __main__ VS-rad-rand ball_within_template 0 || training 'generative' models...
2020-11-05 09:13:52,270 INFO root training epoch 1...
2020-11-05 09:14:14,585 INFO root collecting auccess after epoch 1...
2020-11-05 09:14:19,883 INFO root Loading cache from /media/compute/homes/aharter/.cache/phyre/offline_simulation/100000/ball
2020-11-05 09:19:59,534 INFO root Loading cache from /media/compute/homes/aharter/.cache/phyre/offline_simulation/100000/ball
2020-11-05 09:20:03,798 INFO __main__ VS-rad-rand ball_within_template 0 || loading data for generative training...
2020-11-05 09:21:17,984 INFO __main__ VS-rad-rand ball_within_template 0 || training 'generative' models...
2020-11-05 09:21:19,847 INFO root training epoch 1...
2020-11-05 09:21:39,864 INFO root collecting auccess after epoch 1...
2020-11-05 09:21:44,933 INFO root Loading cache from /media/compute/homes/aharter/.cache/phyre/offline_simulation/100000/ball
2020-11-05 09:30:32,170 INFO root finish collecting auccess after epoch 1: 0.08377685803745387
2020-11-05 09:30:32,171 INFO root training epoch 2...
2020-11-05 09:30:53,548 INFO root collecting auccess after epoch 2...
2020-11-05 09:30:58,668 INFO root Loading cache from /media/compute/homes/aharter/.cache/phyre/offline_simulation/100000/ball
2020-11-05 09:39:44,622 INFO root finish collecting auccess after epoch 2: 0.1109573264544426
2020-11-05 09:39:44,623 INFO root training epoch 3...
2020-11-05 09:40:06,232 INFO root training epoch 4...
2020-11-05 09:40:27,543 INFO root training epoch 5...
2020-11-05 09:40:48,785 INFO root collecting auccess after epoch 5...
2020-11-05 09:40:54,029 INFO root Loading cache from /media/compute/homes/aharter/.cache/phyre/offline_simulation/100000/ball
2020-11-05 09:49:43,698 INFO root finish collecting auccess after epoch 5: 0.12058344394282178
2020-11-05 09:49:43,699 INFO root training epoch 6...
2020-11-05 09:50:05,306 INFO root training epoch 7...
2020-11-05 09:50:27,250 INFO root training epoch 8...
2020-11-05 09:50:49,153 INFO root training epoch 9...
2020-11-05 09:51:11,126 INFO root training epoch 10...
2020-11-05 09:51:33,076 INFO root collecting auccess after epoch 10...
2020-11-05 09:51:38,296 INFO root Loading cache from /media/compute/homes/aharter/.cache/phyre/offline_simulation/100000/ball
2020-11-05 10:00:19,907 INFO root finish collecting auccess after epoch 10: 0.1129931839153845
2020-11-05 10:00:21,175 INFO __main__ VS-rad-rand ball_within_template 0 || saving models...
2020-11-05 10:00:21,473 INFO __main__ VS-rad-rand ball_within_template 0 || loading data for generative testing...
2020-11-05 10:00:21,990 INFO __main__ VS-rad-rand ball_within_template 0 || inspecting generative performance...
2020-11-05 10:00:27,818 INFO root Loading cache from /media/compute/homes/aharter/.cache/phyre/offline_simulation/100000/ball
2020-11-05 10:00:32,017 INFO __main__ VS-rad-rand ball_cross_template 0 || loading data for generative training...
2020-11-05 10:00:36,794 INFO __main__ VS-rad-rand ball_cross_template 0 || training 'generative' models...
2020-11-05 10:00:36,806 INFO root training epoch 1...
2020-11-05 10:00:56,958 INFO root collecting auccess after epoch 1...
2020-11-05 10:01:02,549 INFO root Loading cache from /media/compute/homes/aharter/.cache/phyre/offline_simulation/100000/ball
2020-11-05 14:35:12,214 INFO root Loading cache from /media/compute/homes/aharter/.cache/phyre/offline_simulation/100000/ball
2020-11-05 14:35:16,717 INFO __main__ VS-rad-rand ball_within_template 0 || loading data for generative training...
2020-11-05 14:36:30,570 INFO __main__ VS-rad-rand ball_within_template 0 || training 'generative' models...
2020-11-05 14:36:32,497 INFO root training epoch 1...
2020-11-05 14:36:54,681 INFO root collecting auccess after epoch 1...
2020-11-05 14:36:59,896 INFO root Loading cache from /media/compute/homes/aharter/.cache/phyre/offline_simulation/100000/ball
2020-11-05 14:44:15,744 INFO root finish collecting auccess after epoch 1: 0.2443799264937062
2020-11-05 14:44:15,745 INFO root training epoch 2...
2020-11-05 14:44:35,242 INFO root collecting auccess after epoch 2...
2020-11-05 14:44:40,536 INFO root Loading cache from /media/compute/homes/aharter/.cache/phyre/offline_simulation/100000/ball
2020-11-05 14:51:20,957 INFO root finish collecting auccess after epoch 2: 0.32093417083091824
2020-11-05 14:51:20,958 INFO root training epoch 3...
2020-11-05 14:51:42,671 INFO root training epoch 4...
2020-11-05 14:52:04,909 INFO root training epoch 5...
2020-11-05 14:52:27,069 INFO root collecting auccess after epoch 5...
2020-11-05 14:52:32,261 INFO root Loading cache from /media/compute/homes/aharter/.cache/phyre/offline_simulation/100000/ball
2020-11-05 14:58:57,410 INFO root finish collecting auccess after epoch 5: 0.3450020822909826
2020-11-05 14:58:57,410 INFO root training epoch 6...
2020-11-05 14:59:19,332 INFO root training epoch 7...
2020-11-05 14:59:41,579 INFO root training epoch 8...
2020-11-05 15:00:03,807 INFO root training epoch 9...
2020-11-05 15:00:26,099 INFO root training epoch 10...
2020-11-05 15:00:48,379 INFO root collecting auccess after epoch 10...
2020-11-05 15:00:53,573 INFO root Loading cache from /media/compute/homes/aharter/.cache/phyre/offline_simulation/100000/ball
2020-11-05 15:07:03,982 INFO root finish collecting auccess after epoch 10: 0.37569230348535176
2020-11-05 15:07:05,237 INFO __main__ VS-rad-rand ball_within_template 0 || saving models...
2020-11-05 15:07:05,509 INFO __main__ VS-rad-rand ball_within_template 0 || loading data for generative testing...
2020-11-05 15:07:06,026 INFO __main__ VS-rad-rand ball_within_template 0 || inspecting generative performance...
2020-11-05 15:07:11,419 INFO root Loading cache from /media/compute/homes/aharter/.cache/phyre/offline_simulation/100000/ball
2020-11-05 15:07:15,611 INFO __main__ VS-rad-rand ball_cross_template 0 || loading data for generative training...
2020-11-05 15:07:20,451 INFO __main__ VS-rad-rand ball_cross_template 0 || training 'generative' models...
2020-11-05 15:07:20,461 INFO root training epoch 1...
2020-11-05 15:07:42,504 INFO root collecting auccess after epoch 1...
2020-11-05 15:07:47,587 INFO root Loading cache from /media/compute/homes/aharter/.cache/phyre/offline_simulation/100000/ball
2020-11-05 15:15:24,541 INFO root finish collecting auccess after epoch 1: 0.15302992108377736
2020-11-05 15:15:24,541 INFO root training epoch 2...
2020-11-05 15:15:46,383 INFO root collecting auccess after epoch 2...
2020-11-05 15:15:51,618 INFO root Loading cache from /media/compute/homes/aharter/.cache/phyre/offline_simulation/100000/ball
2020-11-05 15:22:43,978 INFO root finish collecting auccess after epoch 2: 0.25260920716344304
2020-11-05 15:22:43,978 INFO root training epoch 3...
2020-11-05 15:23:05,801 INFO root training epoch 4...
2020-11-05 15:23:27,962 INFO root training epoch 5...
2020-11-05 15:23:50,099 INFO root collecting auccess after epoch 5...
2020-11-05 15:23:55,159 INFO root Loading cache from /media/compute/homes/aharter/.cache/phyre/offline_simulation/100000/ball
2020-11-05 15:30:45,742 INFO root finish collecting auccess after epoch 5: 0.271902800236216
2020-11-05 15:30:45,743 INFO root training epoch 6...
2020-11-05 15:31:06,729 INFO root training epoch 7...
2020-11-05 15:31:28,685 INFO root training epoch 8...
2020-11-05 15:31:50,603 INFO root training epoch 9...
2020-11-05 15:32:12,535 INFO root training epoch 10...
2020-11-05 15:32:34,452 INFO root collecting auccess after epoch 10...
2020-11-05 15:32:39,599 INFO root Loading cache from /media/compute/homes/aharter/.cache/phyre/offline_simulation/100000/ball
2020-11-05 15:39:38,422 INFO root finish collecting auccess after epoch 10: 0.2480114127662974
2020-11-05 15:39:39,650 INFO __main__ VS-rad-rand ball_cross_template 0 || saving models...
2020-11-05 15:39:39,941 INFO __main__ VS-rad-rand ball_cross_template 0 || loading data for generative testing...
2020-11-05 15:39:40,179 INFO __main__ VS-rad-rand ball_cross_template 0 || inspecting generative performance...
2020-11-05 15:39:43,190 INFO __main__ ['ball_within_template', 'ball_cross_template']
