2020-11-05 17:54:44,793 INFO root Loading cache from /media/compute/homes/aharter/.cache/phyre/offline_simulation/100000/ball
2020-11-05 17:54:49,088 INFO __main__ VS-s-rad-median ball_within_template 0 || loading data for generative training...
2020-11-05 17:56:04,236 INFO __main__ VS-s-rad-median ball_within_template 0 || training 'generative' models...
2020-11-05 17:56:06,117 INFO root training epoch 1...
2020-11-05 17:56:26,571 INFO root collecting auccess after epoch 1...
2020-11-05 17:56:31,733 INFO root Loading cache from /media/compute/homes/aharter/.cache/phyre/offline_simulation/100000/ball
2020-11-05 18:04:51,934 INFO root finish collecting auccess after epoch 1: 0.13089205566435005
2020-11-05 18:04:51,935 INFO root training epoch 2...
2020-11-05 18:05:12,007 INFO root collecting auccess after epoch 2...
2020-11-05 18:05:17,186 INFO root Loading cache from /media/compute/homes/aharter/.cache/phyre/offline_simulation/100000/ball
2020-11-05 18:13:14,005 INFO root finish collecting auccess after epoch 2: 0.19340813072797938
2020-11-05 18:13:14,006 INFO root training epoch 3...
2020-11-05 18:13:33,857 INFO root training epoch 4...
2020-11-05 18:13:53,632 INFO root training epoch 5...
2020-11-05 18:14:13,442 INFO root collecting auccess after epoch 5...
2020-11-05 18:14:18,603 INFO root Loading cache from /media/compute/homes/aharter/.cache/phyre/offline_simulation/100000/ball
2020-11-05 18:21:46,620 INFO root finish collecting auccess after epoch 5: 0.24340557325672282
2020-11-05 18:21:46,621 INFO root training epoch 6...
2020-11-05 18:22:08,547 INFO root training epoch 7...
2020-11-05 18:22:33,667 INFO root training epoch 8...
2020-11-05 18:22:56,681 INFO root training epoch 9...
2020-11-05 18:23:17,204 INFO root training epoch 10...
2020-11-05 18:23:36,947 INFO root collecting auccess after epoch 10...
2020-11-05 18:23:41,974 INFO root Loading cache from /media/compute/homes/aharter/.cache/phyre/offline_simulation/100000/ball
