2020-11-05 17:55:35,159 INFO root Loading cache from /media/compute/homes/aharter/.cache/phyre/offline_simulation/100000/ball
2020-11-05 17:55:39,434 INFO __main__ VS-s-uni-median ball_within_template 0 || loading data for generative training...
2020-11-05 17:56:53,725 INFO __main__ VS-s-uni-median ball_within_template 0 || training 'generative' models...
2020-11-05 17:56:55,634 INFO root training epoch 1...
2020-11-05 17:57:16,224 INFO root collecting auccess after epoch 1...
2020-11-05 17:57:21,292 INFO root Loading cache from /media/compute/homes/aharter/.cache/phyre/offline_simulation/100000/ball
2020-11-05 18:05:27,185 INFO root finish collecting auccess after epoch 1: 0.1629681830496119
2020-11-05 18:05:27,186 INFO root training epoch 2...
2020-11-05 18:05:47,338 INFO root collecting auccess after epoch 2...
2020-11-05 18:05:52,551 INFO root Loading cache from /media/compute/homes/aharter/.cache/phyre/offline_simulation/100000/ball
2020-11-05 18:13:35,619 INFO root finish collecting auccess after epoch 2: 0.21186168587827992
2020-11-05 18:13:35,620 INFO root training epoch 3...
2020-11-05 18:13:55,672 INFO root training epoch 4...
2020-11-05 18:14:15,641 INFO root training epoch 5...
2020-11-05 18:14:35,699 INFO root collecting auccess after epoch 5...
2020-11-05 18:14:40,713 INFO root Loading cache from /media/compute/homes/aharter/.cache/phyre/offline_simulation/100000/ball
2020-11-05 18:21:51,668 INFO root finish collecting auccess after epoch 5: 0.26600826570089
2020-11-05 18:21:51,669 INFO root training epoch 6...
2020-11-05 18:22:11,614 INFO root training epoch 7...
2020-11-05 18:22:33,265 INFO root training epoch 8...
2020-11-05 18:22:56,051 INFO root training epoch 9...
2020-11-05 18:23:18,836 INFO root training epoch 10...
2020-11-05 18:23:41,636 INFO root collecting auccess after epoch 10...
2020-11-05 18:23:46,816 INFO root Loading cache from /media/compute/homes/aharter/.cache/phyre/offline_simulation/100000/ball
