2020-11-05 16:42:48,464 INFO root Loading cache from /media/compute/homes/aharter/.cache/phyre/offline_simulation/100000/ball
2020-11-05 16:42:53,157 INFO __main__ VS-s-rad-mean ball_within_template 0 || loading data for generative training...
2020-11-05 16:44:07,206 INFO __main__ VS-s-rad-mean ball_within_template 0 || training 'generative' models...
2020-11-05 16:44:09,138 INFO root training epoch 1...
2020-11-05 16:44:30,100 INFO root collecting auccess after epoch 1...
2020-11-05 16:44:35,437 INFO root Loading cache from /media/compute/homes/aharter/.cache/phyre/offline_simulation/100000/ball
2020-11-05 16:52:59,583 INFO root finish collecting auccess after epoch 1: 0.1261839031439911
2020-11-05 16:52:59,583 INFO root training epoch 2...
2020-11-05 16:53:14,849 INFO root collecting auccess after epoch 2...
2020-11-05 16:53:19,991 INFO root Loading cache from /media/compute/homes/aharter/.cache/phyre/offline_simulation/100000/ball
2020-11-05 17:01:22,424 INFO root finish collecting auccess after epoch 2: 0.19233437968524153
2020-11-05 17:01:22,425 INFO root training epoch 3...
2020-11-05 17:01:42,200 INFO root training epoch 4...
2020-11-05 17:02:01,984 INFO root training epoch 5...
2020-11-05 17:02:21,640 INFO root collecting auccess after epoch 5...
2020-11-05 17:02:26,678 INFO root Loading cache from /media/compute/homes/aharter/.cache/phyre/offline_simulation/100000/ball
2020-11-05 17:10:06,773 INFO root finish collecting auccess after epoch 5: 0.2523302417966645
2020-11-05 17:10:06,774 INFO root training epoch 6...
2020-11-05 17:10:27,786 INFO root training epoch 7...
2020-11-05 17:10:49,994 INFO root training epoch 8...
2020-11-05 17:11:12,186 INFO root training epoch 9...
2020-11-05 17:11:34,395 INFO root training epoch 10...
2020-11-05 17:11:56,547 INFO root collecting auccess after epoch 10...
2020-11-05 17:12:01,730 INFO root Loading cache from /media/compute/homes/aharter/.cache/phyre/offline_simulation/100000/ball
2020-11-05 17:19:23,664 INFO root finish collecting auccess after epoch 10: 0.2771085934614886
2020-11-05 17:19:24,954 INFO __main__ VS-s-rad-mean ball_within_template 0 || saving models...
2020-11-05 17:19:25,289 INFO __main__ VS-s-rad-mean ball_within_template 0 || loading data for generative testing...
2020-11-05 17:19:25,766 INFO __main__ VS-s-rad-mean ball_within_template 0 || inspecting generative performance...
2020-11-05 17:19:31,256 INFO root Loading cache from /media/compute/homes/aharter/.cache/phyre/offline_simulation/100000/ball
2020-11-05 17:19:35,652 INFO __main__ VS-s-rad-mean ball_cross_template 0 || loading data for generative training...
2020-11-05 17:19:40,596 INFO __main__ VS-s-rad-mean ball_cross_template 0 || training 'generative' models...
2020-11-05 17:19:40,607 INFO root training epoch 1...
2020-11-05 17:19:59,315 INFO root collecting auccess after epoch 1...
2020-11-05 17:20:04,440 INFO root Loading cache from /media/compute/homes/aharter/.cache/phyre/offline_simulation/100000/ball
2020-11-05 17:28:12,166 INFO root finish collecting auccess after epoch 1: 0.1466729720863244
2020-11-05 17:28:12,166 INFO root training epoch 2...
2020-11-05 17:28:33,720 INFO root collecting auccess after epoch 2...
2020-11-05 17:28:38,927 INFO root Loading cache from /media/compute/homes/aharter/.cache/phyre/offline_simulation/100000/ball
2020-11-05 17:36:28,177 INFO root finish collecting auccess after epoch 2: 0.1684093447934861
2020-11-05 17:36:28,178 INFO root training epoch 3...
2020-11-05 17:36:48,467 INFO root training epoch 4...
2020-11-05 17:37:08,756 INFO root training epoch 5...
2020-11-05 17:37:28,981 INFO root collecting auccess after epoch 5...
2020-11-05 17:37:33,897 INFO root Loading cache from /media/compute/homes/aharter/.cache/phyre/offline_simulation/100000/ball
2020-11-05 17:45:05,289 INFO root finish collecting auccess after epoch 5: 0.21115237861654
2020-11-05 17:45:05,290 INFO root training epoch 6...
2020-11-05 17:45:25,713 INFO root training epoch 7...
2020-11-05 17:45:46,107 INFO root training epoch 8...
2020-11-05 17:46:06,471 INFO root training epoch 9...
2020-11-05 17:46:26,835 INFO root training epoch 10...
2020-11-05 17:46:47,167 INFO root collecting auccess after epoch 10...
2020-11-05 17:46:52,212 INFO root Loading cache from /media/compute/homes/aharter/.cache/phyre/offline_simulation/100000/ball
2020-11-05 17:54:34,523 INFO root finish collecting auccess after epoch 10: 0.17967819168804494
2020-11-05 17:54:35,780 INFO __main__ VS-s-rad-mean ball_cross_template 0 || saving models...
2020-11-05 17:54:36,040 INFO __main__ VS-s-rad-mean ball_cross_template 0 || loading data for generative testing...
2020-11-05 17:54:36,281 INFO __main__ VS-s-rad-mean ball_cross_template 0 || inspecting generative performance...
2020-11-05 17:54:39,023 INFO __main__ ['ball_within_template', 'ball_cross_template']
