2020-11-03 17:55:30,809 INFO root Loading cache from /media/compute/homes/aharter/.cache/phyre/offline_simulation/100000/ball
2020-11-03 17:55:35,141 INFO __main__ VS-sched ball_cross_template 0 || loading data for generative training...
2020-11-03 17:55:40,149 INFO __main__ VS-sched ball_cross_template 0 || training 'generative' models...
2020-11-03 17:55:42,056 INFO root training epoch 1...
2020-11-03 17:56:01,286 INFO root collecting auccess after epoch 1...
2020-11-03 17:56:06,463 INFO root Loading cache from /media/compute/homes/aharter/.cache/phyre/offline_simulation/100000/ball
2020-11-03 18:05:17,697 INFO root finish collecting auccess after epoch 1: 0.2053201077916751
2020-11-03 18:05:17,697 INFO root training epoch 2...
2020-11-03 18:05:38,557 INFO root collecting auccess after epoch 2...
2020-11-03 18:05:43,842 INFO root Loading cache from /media/compute/homes/aharter/.cache/phyre/offline_simulation/100000/ball
2020-11-03 18:14:12,369 INFO root finish collecting auccess after epoch 2: 0.31606273005256386
2020-11-03 18:14:12,370 INFO root training epoch 3...
2020-11-03 18:14:32,413 INFO root training epoch 4...
2020-11-03 18:14:53,237 INFO root training epoch 5...
2020-11-03 18:15:13,709 INFO root collecting auccess after epoch 5...
2020-11-03 18:15:18,828 INFO root Loading cache from /media/compute/homes/aharter/.cache/phyre/offline_simulation/100000/ball
2020-11-03 18:23:59,409 INFO root finish collecting auccess after epoch 5: 0.29704887665142454
2020-11-03 18:23:59,409 INFO root training epoch 6...
2020-11-03 18:24:20,013 INFO root training epoch 7...
2020-11-03 18:24:41,445 INFO root training epoch 8...
2020-11-03 18:25:02,282 INFO root training epoch 9...
2020-11-03 18:25:23,419 INFO root training epoch 10...
2020-11-03 18:25:44,374 INFO root collecting auccess after epoch 10...
2020-11-03 18:25:49,600 INFO root Loading cache from /media/compute/homes/aharter/.cache/phyre/offline_simulation/100000/ball
2020-11-03 18:34:54,113 INFO root finish collecting auccess after epoch 10: 0.26432574988672536
2020-11-03 18:34:55,315 INFO __main__ VS-sched ball_cross_template 0 || saving models...
2020-11-03 18:34:55,567 INFO __main__ VS-sched ball_cross_template 0 || loading data for generative testing...
2020-11-03 18:34:55,810 INFO __main__ VS-sched ball_cross_template 0 || inspecting generative performance...
2020-11-03 18:34:58,567 INFO root Loading cache from /media/compute/homes/aharter/.cache/phyre/offline_simulation/100000/ball
2020-11-03 18:35:02,698 INFO __main__ VS-sched ball_within_template 0 || loading data for generative training...
2020-11-03 18:36:18,854 INFO __main__ VS-sched ball_within_template 0 || training 'generative' models...
2020-11-03 18:36:18,882 INFO root training epoch 1...
2020-11-03 18:36:40,669 INFO root collecting auccess after epoch 1...
2020-11-03 18:36:45,704 INFO root Loading cache from /media/compute/homes/aharter/.cache/phyre/offline_simulation/100000/ball
2020-11-03 18:46:26,661 INFO root finish collecting auccess after epoch 1: 0.22982042608124806
2020-11-03 18:46:26,662 INFO root training epoch 2...
2020-11-03 18:46:48,011 INFO root collecting auccess after epoch 2...
2020-11-03 18:46:53,285 INFO root Loading cache from /media/compute/homes/aharter/.cache/phyre/offline_simulation/100000/ball
2020-11-03 18:56:20,995 INFO root finish collecting auccess after epoch 2: 0.2721461982358701
2020-11-03 18:56:20,996 INFO root training epoch 3...
2020-11-03 18:56:42,680 INFO root training epoch 4...
2020-11-03 18:57:04,526 INFO root training epoch 5...
2020-11-03 18:57:25,707 INFO root collecting auccess after epoch 5...
2020-11-03 18:57:30,874 INFO root Loading cache from /media/compute/homes/aharter/.cache/phyre/offline_simulation/100000/ball
2020-11-03 19:04:50,994 INFO root finish collecting auccess after epoch 5: 0.48997641014344956
2020-11-03 19:04:50,994 INFO root training epoch 6...
2020-11-03 19:05:11,569 INFO root training epoch 7...
2020-11-03 19:05:32,376 INFO root training epoch 8...
2020-11-03 19:05:53,160 INFO root training epoch 9...
2020-11-03 19:06:13,981 INFO root training epoch 10...
2020-11-03 19:06:34,787 INFO root collecting auccess after epoch 10...
2020-11-03 19:06:40,091 INFO root Loading cache from /media/compute/homes/aharter/.cache/phyre/offline_simulation/100000/ball
2020-11-03 19:14:10,459 INFO root finish collecting auccess after epoch 10: 0.4861165493342349
2020-11-03 19:14:11,647 INFO __main__ VS-sched ball_within_template 0 || saving models...
2020-11-03 19:14:11,940 INFO __main__ VS-sched ball_within_template 0 || loading data for generative testing...
2020-11-03 19:14:12,476 INFO __main__ VS-sched ball_within_template 0 || inspecting generative performance...
2020-11-03 19:14:17,563 INFO __main__ ['ball_cross_template', 'ball_within_template']
