2020-11-05 16:42:46,134 INFO root Loading cache from /media/compute/homes/aharter/.cache/phyre/offline_simulation/100000/ball
2020-11-05 16:42:50,303 INFO __main__ VS-s-uni-mean ball_within_template 0 || loading data for generative training...
2020-11-05 16:44:04,676 INFO __main__ VS-s-uni-mean ball_within_template 0 || training 'generative' models...
2020-11-05 16:44:06,558 INFO root training epoch 1...
2020-11-05 16:44:26,285 INFO root collecting auccess after epoch 1...
2020-11-05 16:44:31,360 INFO root Loading cache from /media/compute/homes/aharter/.cache/phyre/offline_simulation/100000/ball
2020-11-05 16:52:53,886 INFO root finish collecting auccess after epoch 1: 0.12343076170881975
2020-11-05 16:52:53,887 INFO root training epoch 2...
2020-11-05 16:53:15,567 INFO root collecting auccess after epoch 2...
2020-11-05 16:53:20,882 INFO root Loading cache from /media/compute/homes/aharter/.cache/phyre/offline_simulation/100000/ball
2020-11-05 17:01:46,745 INFO root finish collecting auccess after epoch 2: 0.11431954808144817
2020-11-05 17:01:46,746 INFO root training epoch 3...
2020-11-05 17:02:08,901 INFO root training epoch 4...
2020-11-05 17:02:31,209 INFO root training epoch 5...
2020-11-05 17:02:53,566 INFO root collecting auccess after epoch 5...
2020-11-05 17:02:58,714 INFO root Loading cache from /media/compute/homes/aharter/.cache/phyre/offline_simulation/100000/ball
2020-11-05 17:10:29,552 INFO root finish collecting auccess after epoch 5: 0.2540318060604106
2020-11-05 17:10:29,553 INFO root training epoch 6...
2020-11-05 17:10:51,297 INFO root training epoch 7...
2020-11-05 17:11:13,610 INFO root training epoch 8...
2020-11-05 17:11:35,885 INFO root training epoch 9...
2020-11-05 17:11:58,154 INFO root training epoch 10...
2020-11-05 17:12:20,373 INFO root collecting auccess after epoch 10...
2020-11-05 17:12:25,522 INFO root Loading cache from /media/compute/homes/aharter/.cache/phyre/offline_simulation/100000/ball
2020-11-05 17:19:56,195 INFO root finish collecting auccess after epoch 10: 0.24792810696439319
2020-11-05 17:19:57,451 INFO __main__ VS-s-uni-mean ball_within_template 0 || saving models...
2020-11-05 17:19:57,707 INFO __main__ VS-s-uni-mean ball_within_template 0 || loading data for generative testing...
2020-11-05 17:19:58,182 INFO __main__ VS-s-uni-mean ball_within_template 0 || inspecting generative performance...
2020-11-05 17:20:03,461 INFO root Loading cache from /media/compute/homes/aharter/.cache/phyre/offline_simulation/100000/ball
2020-11-05 17:20:07,610 INFO __main__ VS-s-uni-mean ball_cross_template 0 || loading data for generative training...
2020-11-05 17:20:12,495 INFO __main__ VS-s-uni-mean ball_cross_template 0 || training 'generative' models...
2020-11-05 17:20:12,506 INFO root training epoch 1...
2020-11-05 17:20:34,621 INFO root collecting auccess after epoch 1...
2020-11-05 17:20:39,694 INFO root Loading cache from /media/compute/homes/aharter/.cache/phyre/offline_simulation/100000/ball
2020-11-05 17:28:49,018 INFO root finish collecting auccess after epoch 1: 0.1051827425057187
2020-11-05 17:28:49,018 INFO root training epoch 2...
2020-11-05 17:29:11,128 INFO root collecting auccess after epoch 2...
2020-11-05 17:29:16,357 INFO root Loading cache from /media/compute/homes/aharter/.cache/phyre/offline_simulation/100000/ball
2020-11-05 17:36:58,962 INFO root finish collecting auccess after epoch 2: 0.16840403007529747
2020-11-05 17:36:58,963 INFO root training epoch 3...
2020-11-05 17:37:20,934 INFO root training epoch 4...
2020-11-05 17:37:43,278 INFO root training epoch 5...
2020-11-05 17:38:05,652 INFO root collecting auccess after epoch 5...
2020-11-05 17:38:10,681 INFO root Loading cache from /media/compute/homes/aharter/.cache/phyre/offline_simulation/100000/ball
2020-11-05 17:45:54,411 INFO root finish collecting auccess after epoch 5: 0.16623443616766442
2020-11-05 17:45:54,411 INFO root training epoch 6...
2020-11-05 17:46:16,255 INFO root training epoch 7...
2020-11-05 17:46:38,460 INFO root training epoch 8...
2020-11-05 17:47:00,642 INFO root training epoch 9...
2020-11-05 17:47:22,906 INFO root training epoch 10...
2020-11-05 17:47:45,123 INFO root collecting auccess after epoch 10...
2020-11-05 17:47:50,328 INFO root Loading cache from /media/compute/homes/aharter/.cache/phyre/offline_simulation/100000/ball
2020-11-05 17:55:25,254 INFO root finish collecting auccess after epoch 10: 0.195935164928411
2020-11-05 17:55:26,486 INFO __main__ VS-s-uni-mean ball_cross_template 0 || saving models...
2020-11-05 17:55:26,747 INFO __main__ VS-s-uni-mean ball_cross_template 0 || loading data for generative testing...
2020-11-05 17:55:26,994 INFO __main__ VS-s-uni-mean ball_cross_template 0 || inspecting generative performance...
2020-11-05 17:55:29,655 INFO __main__ ['ball_within_template', 'ball_cross_template']
