2020-11-03 14:31:48,708 INFO root Loading cache from /media/compute/homes/aharter/.cache/phyre/offline_simulation/100000/ball
2020-11-03 14:31:53,351 INFO __main__ VS-templ-cons ball_cross_template 0 || loading data for generative training...
2020-11-03 14:31:59,152 INFO __main__ VS-templ-cons ball_cross_template 0 || training 'generative' models...
2020-11-03 14:32:01,247 INFO root training epoch 1...
2020-11-03 14:32:02,052 INFO root collecting auccess after epoch 1...
2020-11-03 14:32:07,559 INFO root Loading cache from /media/compute/homes/aharter/.cache/phyre/offline_simulation/100000/ball
2020-11-03 14:42:46,280 INFO root finish collecting auccess after epoch 1: 0.2245732957809292
2020-11-03 14:42:46,281 INFO root training epoch 2...
2020-11-03 14:42:47,161 INFO root collecting auccess after epoch 2...
2020-11-03 14:42:52,782 INFO root Loading cache from /media/compute/homes/aharter/.cache/phyre/offline_simulation/100000/ball
2020-11-03 14:54:28,741 INFO root finish collecting auccess after epoch 2: 0.1446281773125402
2020-11-03 14:54:28,742 INFO root training epoch 3...
2020-11-03 14:54:29,658 INFO root training epoch 4...
2020-11-03 14:54:30,564 INFO root training epoch 5...
2020-11-03 14:54:31,448 INFO root collecting auccess after epoch 5...
2020-11-03 14:54:37,070 INFO root Loading cache from /media/compute/homes/aharter/.cache/phyre/offline_simulation/100000/ball
2020-11-03 15:05:11,555 INFO root finish collecting auccess after epoch 5: 0.21108968612055284
2020-11-03 15:05:11,555 INFO root training epoch 6...
2020-11-03 15:05:12,656 INFO root training epoch 7...
2020-11-03 15:05:13,641 INFO root training epoch 8...
2020-11-03 15:05:14,798 INFO root training epoch 9...
2020-11-03 15:05:15,974 INFO root training epoch 10...
2020-11-03 15:05:17,229 INFO root collecting auccess after epoch 10...
2020-11-03 15:05:22,850 INFO root Loading cache from /media/compute/homes/aharter/.cache/phyre/offline_simulation/100000/ball
2020-11-03 15:16:05,226 INFO root finish collecting auccess after epoch 10: 0.22850632827819797
2020-11-03 15:16:05,469 INFO __main__ VS-templ-cons ball_cross_template 0 || saving models...
2020-11-03 15:16:05,731 INFO __main__ VS-templ-cons ball_cross_template 0 || loading data for generative testing...
2020-11-03 15:16:06,009 INFO __main__ VS-templ-cons ball_cross_template 0 || inspecting generative performance...
2020-11-03 15:16:09,387 INFO root Loading cache from /media/compute/homes/aharter/.cache/phyre/offline_simulation/100000/ball
2020-11-03 15:16:14,111 INFO __main__ VS-templ-cons ball_within_template 0 || loading data for generative training...
2020-11-03 15:18:34,720 INFO __main__ VS-templ-cons ball_within_template 0 || training 'generative' models...
2020-11-03 15:18:34,755 INFO root training epoch 1...
2020-11-03 15:19:11,955 INFO root collecting auccess after epoch 1...
2020-11-03 15:19:17,773 INFO root Loading cache from /media/compute/homes/aharter/.cache/phyre/offline_simulation/100000/ball
2020-11-03 15:30:16,628 INFO root finish collecting auccess after epoch 1: 0.24776468331981907
2020-11-03 15:30:16,629 INFO root training epoch 2...
2020-11-03 15:30:59,843 INFO root collecting auccess after epoch 2...
2020-11-03 15:31:05,644 INFO root Loading cache from /media/compute/homes/aharter/.cache/phyre/offline_simulation/100000/ball
2020-11-03 15:42:18,861 INFO root finish collecting auccess after epoch 2: 0.24454992510533738
2020-11-03 15:42:18,861 INFO root training epoch 3...
2020-11-03 15:42:57,487 INFO root training epoch 4...
2020-11-03 15:43:36,139 INFO root training epoch 5...
2020-11-03 15:44:14,871 INFO root collecting auccess after epoch 5...
2020-11-03 15:44:20,391 INFO root Loading cache from /media/compute/homes/aharter/.cache/phyre/offline_simulation/100000/ball
2020-11-03 15:55:15,746 INFO root finish collecting auccess after epoch 5: 0.23355864579219396
2020-11-03 15:55:15,746 INFO root training epoch 6...
2020-11-03 15:55:51,369 INFO root training epoch 7...
2020-11-03 15:56:27,997 INFO root training epoch 8...
2020-11-03 15:57:05,768 INFO root training epoch 9...
2020-11-03 15:57:46,098 INFO root training epoch 10...
2020-11-03 15:58:24,171 INFO root collecting auccess after epoch 10...
2020-11-03 15:58:29,740 INFO root Loading cache from /media/compute/homes/aharter/.cache/phyre/offline_simulation/100000/ball
2020-11-03 16:09:56,295 INFO root finish collecting auccess after epoch 10: 0.23750854724025336
2020-11-03 16:09:58,312 INFO __main__ VS-templ-cons ball_within_template 0 || saving models...
2020-11-03 16:09:58,581 INFO __main__ VS-templ-cons ball_within_template 0 || loading data for generative testing...
2020-11-03 16:09:59,107 INFO __main__ VS-templ-cons ball_within_template 0 || inspecting generative performance...
2020-11-03 16:10:06,239 INFO __main__ ['ball_cross_template', 'ball_within_template']
