2020-11-03 16:10:11,653 INFO root Loading cache from /media/compute/homes/aharter/.cache/phyre/offline_simulation/100000/ball
2020-11-03 16:10:16,718 INFO __main__ VS-task-cons ball_cross_template 0 || loading data for generative training...
2020-11-03 16:14:09,196 INFO __main__ VS-task-cons ball_cross_template 0 || training 'generative' models...
2020-11-03 16:14:10,995 INFO root training epoch 1...
2020-11-03 16:15:19,449 INFO root collecting auccess after epoch 1...
2020-11-03 16:15:24,554 INFO root Loading cache from /media/compute/homes/aharter/.cache/phyre/offline_simulation/100000/ball
2020-11-03 16:25:56,469 INFO root finish collecting auccess after epoch 1: 0.1479859763399284
2020-11-03 16:25:56,470 INFO root training epoch 2...
2020-11-03 16:27:11,653 INFO root collecting auccess after epoch 2...
2020-11-03 16:27:16,778 INFO root Loading cache from /media/compute/homes/aharter/.cache/phyre/offline_simulation/100000/ball
2020-11-03 16:37:30,591 INFO root finish collecting auccess after epoch 2: 0.1525053423220537
2020-11-03 16:37:30,592 INFO root training epoch 3...
2020-11-03 16:38:42,404 INFO root training epoch 4...
2020-11-03 16:39:52,999 INFO root training epoch 5...
2020-11-03 16:41:13,226 INFO root collecting auccess after epoch 5...
2020-11-03 16:41:18,217 INFO root Loading cache from /media/compute/homes/aharter/.cache/phyre/offline_simulation/100000/ball
2020-11-03 16:51:24,767 INFO root finish collecting auccess after epoch 5: 0.1473447916627739
2020-11-03 16:51:24,768 INFO root training epoch 6...
2020-11-03 16:52:38,383 INFO root training epoch 7...
2020-11-03 16:53:52,828 INFO root training epoch 8...
2020-11-03 16:55:07,262 INFO root training epoch 9...
2020-11-03 16:56:21,511 INFO root training epoch 10...
2020-11-03 16:57:25,511 INFO root collecting auccess after epoch 10...
2020-11-03 16:57:30,745 INFO root Loading cache from /media/compute/homes/aharter/.cache/phyre/offline_simulation/100000/ball
2020-11-03 17:07:36,594 INFO root finish collecting auccess after epoch 10: 0.15062018336258515
2020-11-03 17:07:40,068 INFO __main__ VS-task-cons ball_cross_template 0 || saving models...
2020-11-03 17:07:40,332 INFO __main__ VS-task-cons ball_cross_template 0 || loading data for generative testing...
2020-11-03 17:07:40,566 INFO __main__ VS-task-cons ball_cross_template 0 || inspecting generative performance...
2020-11-03 17:07:43,558 INFO root Loading cache from /media/compute/homes/aharter/.cache/phyre/offline_simulation/100000/ball
2020-11-03 17:07:47,701 INFO __main__ VS-task-cons ball_within_template 0 || loading data for generative training...
2020-11-03 17:07:50,603 INFO root Loading cache from /media/compute/homes/aharter/.cache/phyre/offline_simulation/100000/ball
2020-11-03 19:33:58,099 INFO __main__ VS-task-cons ball_within_template 0 || training 'generative' models...
2020-11-03 19:33:58,128 INFO root training epoch 1...
2020-11-03 19:35:01,233 INFO root collecting auccess after epoch 1...
2020-11-03 19:35:06,174 INFO root Loading cache from /media/compute/homes/aharter/.cache/phyre/offline_simulation/100000/ball
2020-11-03 19:46:58,478 INFO root finish collecting auccess after epoch 1: 0.13797092245948103
2020-11-03 19:46:58,478 INFO root training epoch 2...
2020-11-03 19:48:01,544 INFO root collecting auccess after epoch 2...
2020-11-03 19:48:06,542 INFO root Loading cache from /media/compute/homes/aharter/.cache/phyre/offline_simulation/100000/ball
2020-11-03 19:59:36,224 INFO root finish collecting auccess after epoch 2: 0.137378552021917
2020-11-03 19:59:36,225 INFO root training epoch 3...
2020-11-03 20:00:40,392 INFO root training epoch 4...
2020-11-03 20:02:00,165 INFO root training epoch 5...
2020-11-03 20:03:26,674 INFO root collecting auccess after epoch 5...
2020-11-03 20:03:32,241 INFO root Loading cache from /media/compute/homes/aharter/.cache/phyre/offline_simulation/100000/ball
2020-11-03 20:14:01,636 INFO root finish collecting auccess after epoch 5: 0.17594680897019918
2020-11-03 20:14:01,637 INFO root training epoch 6...
2020-11-03 20:15:06,331 INFO root training epoch 7...
2020-11-03 20:16:22,870 INFO root training epoch 8...
2020-11-03 20:17:36,773 INFO root training epoch 9...
2020-11-03 20:18:50,833 INFO root training epoch 10...
2020-11-03 20:20:03,004 INFO root collecting auccess after epoch 10...
2020-11-03 20:20:08,340 INFO root Loading cache from /media/compute/homes/aharter/.cache/phyre/offline_simulation/100000/ball
2020-11-03 20:30:34,740 INFO root finish collecting auccess after epoch 10: 0.19160623565459103
2020-11-03 20:30:38,224 INFO __main__ VS-task-cons ball_within_template 0 || saving models...
2020-11-03 20:30:38,479 INFO __main__ VS-task-cons ball_within_template 0 || loading data for generative testing...
2020-11-03 20:30:38,959 INFO __main__ VS-task-cons ball_within_template 0 || inspecting generative performance...
2020-11-03 20:30:44,891 INFO __main__ ['ball_cross_template', 'ball_within_template']
