2020-11-04 21:01:33,787 INFO root Loading cache from /media/compute/homes/aharter/.cache/phyre/offline_simulation/100000/ball
2020-11-04 21:01:40,620 INFO __main__ VS-uni-rand ball_within_template 0 || loading data for generative training...
2020-11-04 21:03:23,641 INFO __main__ VS-uni-rand ball_within_template 0 || training 'generative' models...
2020-11-04 21:03:26,387 INFO root training epoch 1...
2020-11-04 21:04:01,079 INFO root collecting auccess after epoch 1...
2020-11-04 21:04:08,481 INFO root Loading cache from /media/compute/homes/aharter/.cache/phyre/offline_simulation/100000/ball
2020-11-04 21:04:10,269 ERROR __main__ Exception occured:
Traceback (most recent call last):
  File "solver.py", line 261, in <module>
    solver.train_supervised(epochs=epochs, train_mode=train_mode, test_ids = test_ids, setup=f'{eval_setup}_{fold_id}')
  File "/media/compute/homes/aharter/isy2020/phyre/flownet.py", line 1963, in train_supervised
    auccess = self.generative_auccess(test_ids, setup)
  File "/media/compute/homes/aharter/isy2020/phyre/flownet.py", line 897, in generative_auccess
    if self.radmode=="old":
AttributeError: 'FlownetSolver' object has no attribute 'radmode'
2020-11-04 21:18:11,358 INFO root Loading cache from /media/compute/homes/aharter/.cache/phyre/offline_simulation/100000/ball
2020-11-04 21:18:17,374 INFO __main__ VS-uni-rand ball_within_template 0 || loading data for generative training...
2020-11-04 21:20:00,866 INFO __main__ VS-uni-rand ball_within_template 0 || training 'generative' models...
2020-11-04 21:20:03,956 INFO root training epoch 1...
2020-11-04 21:20:44,021 INFO root collecting auccess after epoch 1...
2020-11-04 21:20:51,213 INFO root Loading cache from /media/compute/homes/aharter/.cache/phyre/offline_simulation/100000/ball
2020-11-04 21:20:52,862 ERROR __main__ Exception occured:
Traceback (most recent call last):
  File "solver.py", line 261, in <module>
    solver.train_supervised(epochs=epochs, train_mode=train_mode, test_ids = test_ids, setup=f'{eval_setup}_{fold_id}')
  File "/media/compute/homes/aharter/isy2020/phyre/flownet.py", line 1963, in train_supervised
    auccess = self.generative_auccess(test_ids, setup)
  File "/media/compute/homes/aharter/isy2020/phyre/flownet.py", line 897, in generative_auccess
    if self.radmode=="old":
AttributeError: 'FlownetSolver' object has no attribute 'radmode'
2020-11-04 22:12:36,452 INFO root Loading cache from /media/compute/homes/aharter/.cache/phyre/offline_simulation/100000/ball
2020-11-04 22:12:42,424 INFO __main__ VS-uni-rand ball_within_template 0 || loading data for generative training...
2020-11-04 22:14:25,257 INFO __main__ VS-uni-rand ball_within_template 0 || training 'generative' models...
2020-11-04 22:14:27,724 INFO root training epoch 1...
2020-11-04 22:15:00,567 INFO root collecting auccess after epoch 1...
2020-11-04 22:15:07,791 INFO root Loading cache from /media/compute/homes/aharter/.cache/phyre/offline_simulation/100000/ball
2020-11-04 22:15:09,526 ERROR __main__ Exception occured:
Traceback (most recent call last):
  File "solver.py", line 261, in <module>
    solver.train_supervised(epochs=epochs, train_mode=train_mode, test_ids = test_ids, setup=f'{eval_setup}_{fold_id}')
  File "/media/compute/homes/aharter/isy2020/phyre/flownet.py", line 1965, in train_supervised
    auccess = self.generative_auccess(test_ids, setup)
  File "/media/compute/homes/aharter/isy2020/phyre/flownet.py", line 907, in generative_auccess
    a  = sample_action_vector(ball, self.cache, uniform=self.uniform, radmode=self.radmode, mask=mask, check_border=True)
NameError: name 'sample_action_vector' is not defined
2020-11-04 22:27:35,557 INFO root Loading cache from /media/compute/homes/aharter/.cache/phyre/offline_simulation/100000/ball
2020-11-04 22:27:42,659 INFO __main__ VS-uni-rand ball_within_template 0 || loading data for generative training...
2020-11-04 22:29:24,295 INFO __main__ VS-uni-rand ball_within_template 0 || training 'generative' models...
2020-11-04 22:29:27,208 INFO root training epoch 1...
2020-11-04 22:29:59,341 INFO root collecting auccess after epoch 1...
2020-11-04 22:30:07,318 INFO root Loading cache from /media/compute/homes/aharter/.cache/phyre/offline_simulation/100000/ball
2020-11-04 22:30:09,221 ERROR __main__ Exception occured:
Traceback (most recent call last):
  File "solver.py", line 261, in <module>
    solver.train_supervised(epochs=epochs, train_mode=train_mode, test_ids = test_ids, setup=f'{eval_setup}_{fold_id}')
  File "/media/compute/homes/aharter/isy2020/phyre/flownet.py", line 1965, in train_supervised
    auccess = self.generative_auccess(test_ids, setup)
  File "/media/compute/homes/aharter/isy2020/phyre/flownet.py", line 969, in generative_auccess
    a[2] = a[2]*4*2
TypeError: 'tuple' object does not support item assignment
2020-11-04 22:38:54,399 INFO root Loading cache from /media/compute/homes/aharter/.cache/phyre/offline_simulation/100000/ball
2020-11-04 22:39:00,316 INFO __main__ VS-uni-rand ball_within_template 0 || loading data for generative training...
2020-11-04 22:40:42,137 INFO __main__ VS-uni-rand ball_within_template 0 || training 'generative' models...
2020-11-04 22:40:44,905 INFO root training epoch 1...
2020-11-04 22:41:26,161 INFO root collecting auccess after epoch 1...
2020-11-04 22:41:33,005 INFO root Loading cache from /media/compute/homes/aharter/.cache/phyre/offline_simulation/100000/ball
2020-11-04 22:56:59,761 INFO root finish collecting auccess after epoch 1: 0.0751708513454375
2020-11-04 22:56:59,763 INFO root training epoch 2...
2020-11-04 22:57:36,226 INFO root collecting auccess after epoch 2...
2020-11-04 22:57:43,101 INFO root Loading cache from /media/compute/homes/aharter/.cache/phyre/offline_simulation/100000/ball
2020-11-04 23:13:15,218 INFO root finish collecting auccess after epoch 2: 0.12566052040958794
2020-11-04 23:13:15,219 INFO root training epoch 3...
2020-11-04 23:14:00,166 INFO root training epoch 4...
2020-11-04 23:14:40,130 INFO root training epoch 5...
2020-11-04 23:15:19,481 INFO root collecting auccess after epoch 5...
2020-11-04 23:15:27,363 INFO root Loading cache from /media/compute/homes/aharter/.cache/phyre/offline_simulation/100000/ball
2020-11-04 23:31:11,128 INFO root finish collecting auccess after epoch 5: 0.14017800086960097
2020-11-04 23:31:11,130 INFO root training epoch 6...
2020-11-04 23:31:47,776 INFO root training epoch 7...
2020-11-04 23:32:26,314 INFO root training epoch 8...
2020-11-04 23:33:09,834 INFO root training epoch 9...
2020-11-04 23:33:51,973 INFO root training epoch 10...
2020-11-04 23:34:34,626 INFO root collecting auccess after epoch 10...
2020-11-04 23:34:42,126 INFO root Loading cache from /media/compute/homes/aharter/.cache/phyre/offline_simulation/100000/ball
2020-11-05 00:09:45,165 INFO root finish collecting auccess after epoch 10: 0.1358065958406203
2020-11-05 00:09:46,860 INFO __main__ VS-uni-rand ball_within_template 0 || saving models...
2020-11-05 00:09:47,193 INFO __main__ VS-uni-rand ball_within_template 0 || loading data for generative testing...
2020-11-05 00:09:47,692 INFO __main__ VS-uni-rand ball_within_template 0 || inspecting generative performance...
2020-11-05 00:09:53,079 INFO root Loading cache from /media/compute/homes/aharter/.cache/phyre/offline_simulation/100000/ball
2020-11-05 00:09:57,578 INFO __main__ VS-uni-rand ball_cross_template 0 || loading data for generative training...
2020-11-05 00:10:03,277 INFO __main__ VS-uni-rand ball_cross_template 0 || training 'generative' models...
2020-11-05 00:10:03,312 INFO root training epoch 1...
2020-11-05 00:10:25,501 INFO root collecting auccess after epoch 1...
2020-11-05 00:10:30,865 INFO root Loading cache from /media/compute/homes/aharter/.cache/phyre/offline_simulation/100000/ball
2020-11-05 00:18:45,728 INFO root finish collecting auccess after epoch 1: 0.078196416668219
2020-11-05 00:18:45,729 INFO root training epoch 2...
2020-11-05 00:19:06,824 INFO root collecting auccess after epoch 2...
2020-11-05 00:19:12,084 INFO root Loading cache from /media/compute/homes/aharter/.cache/phyre/offline_simulation/100000/ball
2020-11-05 00:27:05,019 INFO root finish collecting auccess after epoch 2: 0.14329223589801432
2020-11-05 00:27:05,020 INFO root training epoch 3...
2020-11-05 00:27:22,206 INFO root training epoch 4...
2020-11-05 00:27:42,905 INFO root training epoch 5...
2020-11-05 00:28:03,571 INFO root collecting auccess after epoch 5...
2020-11-05 00:28:08,634 INFO root Loading cache from /media/compute/homes/aharter/.cache/phyre/offline_simulation/100000/ball
2020-11-05 00:36:06,376 INFO root finish collecting auccess after epoch 5: 0.13386317687013846
2020-11-05 00:36:06,377 INFO root training epoch 6...
2020-11-05 00:36:27,813 INFO root training epoch 7...
2020-11-05 00:36:49,446 INFO root training epoch 8...
2020-11-05 00:37:11,093 INFO root training epoch 9...
2020-11-05 00:37:32,693 INFO root training epoch 10...
2020-11-05 00:37:54,287 INFO root collecting auccess after epoch 10...
2020-11-05 00:37:59,493 INFO root Loading cache from /media/compute/homes/aharter/.cache/phyre/offline_simulation/100000/ball
2020-11-05 00:45:45,448 INFO root finish collecting auccess after epoch 10: 0.16247444753936088
2020-11-05 00:45:46,599 INFO __main__ VS-uni-rand ball_cross_template 0 || saving models...
2020-11-05 00:45:46,870 INFO __main__ VS-uni-rand ball_cross_template 0 || loading data for generative testing...
2020-11-05 00:45:47,115 INFO __main__ VS-uni-rand ball_cross_template 0 || inspecting generative performance...
2020-11-05 00:45:49,822 INFO __main__ ['ball_within_template', 'ball_cross_template']
2020-11-05 09:09:27,695 INFO root Loading cache from /media/compute/homes/aharter/.cache/phyre/offline_simulation/100000/ball
2020-11-05 09:09:31,878 INFO __main__ VS-uni-rand ball_within_template 0 || loading data for generative training...
2020-11-05 09:10:45,630 INFO __main__ VS-uni-rand ball_within_template 0 || training 'generative' models...
2020-11-05 09:10:47,527 INFO root training epoch 1...
2020-11-05 09:23:38,653 INFO root Loading cache from /media/compute/homes/aharter/.cache/phyre/offline_simulation/100000/ball
2020-11-05 09:23:42,815 INFO __main__ VS-uni-rand ball_within_template 0 || loading data for generative training...
2020-11-05 09:24:56,966 INFO __main__ VS-uni-rand ball_within_template 0 || training 'generative' models...
2020-11-05 09:24:58,808 INFO root training epoch 1...
