2020-11-04 21:04:16,052 INFO root Loading cache from /media/compute/homes/aharter/.cache/phyre/offline_simulation/100000/ball
2020-11-04 21:04:22,913 INFO __main__ VS-uni-mean ball_within_template 0 || loading data for generative training...
2020-11-04 21:06:04,027 INFO __main__ VS-uni-mean ball_within_template 0 || training 'generative' models...
2020-11-04 21:06:06,815 INFO root training epoch 1...
2020-11-04 21:06:36,210 INFO root collecting auccess after epoch 1...
2020-11-04 21:06:43,490 INFO root Loading cache from /media/compute/homes/aharter/.cache/phyre/offline_simulation/100000/ball
2020-11-04 21:06:45,166 ERROR __main__ Exception occured:
Traceback (most recent call last):
  File "solver.py", line 261, in <module>
    solver.train_supervised(epochs=epochs, train_mode=train_mode, test_ids = test_ids, setup=f'{eval_setup}_{fold_id}')
  File "/media/compute/homes/aharter/isy2020/phyre/flownet.py", line 1963, in train_supervised
    auccess = self.generative_auccess(test_ids, setup)
  File "/media/compute/homes/aharter/isy2020/phyre/flownet.py", line 897, in generative_auccess
    if self.radmode=="old":
AttributeError: 'FlownetSolver' object has no attribute 'radmode'
2020-11-04 21:20:58,844 INFO root Loading cache from /media/compute/homes/aharter/.cache/phyre/offline_simulation/100000/ball
2020-11-04 21:21:07,514 INFO __main__ VS-uni-mean ball_within_template 0 || loading data for generative training...
2020-11-04 21:22:51,638 INFO __main__ VS-uni-mean ball_within_template 0 || training 'generative' models...
2020-11-04 21:22:54,714 INFO root training epoch 1...
2020-11-04 21:23:26,237 INFO root collecting auccess after epoch 1...
2020-11-04 21:23:33,110 INFO root Loading cache from /media/compute/homes/aharter/.cache/phyre/offline_simulation/100000/ball
2020-11-04 21:23:34,811 ERROR __main__ Exception occured:
Traceback (most recent call last):
  File "solver.py", line 261, in <module>
    solver.train_supervised(epochs=epochs, train_mode=train_mode, test_ids = test_ids, setup=f'{eval_setup}_{fold_id}')
  File "/media/compute/homes/aharter/isy2020/phyre/flownet.py", line 1963, in train_supervised
    auccess = self.generative_auccess(test_ids, setup)
  File "/media/compute/homes/aharter/isy2020/phyre/flownet.py", line 897, in generative_auccess
    if self.radmode=="old":
AttributeError: 'FlownetSolver' object has no attribute 'radmode'
2020-11-04 22:15:16,614 INFO root Loading cache from /media/compute/homes/aharter/.cache/phyre/offline_simulation/100000/ball
2020-11-04 22:15:24,265 INFO __main__ VS-uni-mean ball_within_template 0 || loading data for generative training...
2020-11-04 22:17:05,476 INFO __main__ VS-uni-mean ball_within_template 0 || training 'generative' models...
2020-11-04 22:17:08,493 INFO root training epoch 1...
2020-11-04 22:17:43,455 INFO root collecting auccess after epoch 1...
2020-11-04 22:17:50,315 INFO root Loading cache from /media/compute/homes/aharter/.cache/phyre/offline_simulation/100000/ball
2020-11-04 22:17:52,073 ERROR __main__ Exception occured:
Traceback (most recent call last):
  File "solver.py", line 261, in <module>
    solver.train_supervised(epochs=epochs, train_mode=train_mode, test_ids = test_ids, setup=f'{eval_setup}_{fold_id}')
  File "/media/compute/homes/aharter/isy2020/phyre/flownet.py", line 1965, in train_supervised
    auccess = self.generative_auccess(test_ids, setup)
  File "/media/compute/homes/aharter/isy2020/phyre/flownet.py", line 907, in generative_auccess
    a  = sample_action_vector(ball, self.cache, uniform=self.uniform, radmode=self.radmode, mask=mask, check_border=True)
NameError: name 'sample_action_vector' is not defined
2020-11-04 22:30:16,500 INFO root Loading cache from /media/compute/homes/aharter/.cache/phyre/offline_simulation/100000/ball
2020-11-04 22:30:23,413 INFO __main__ VS-uni-mean ball_within_template 0 || loading data for generative training...
2020-11-04 22:32:06,667 INFO __main__ VS-uni-mean ball_within_template 0 || training 'generative' models...
2020-11-04 22:32:09,462 INFO root training epoch 1...
2020-11-04 22:32:39,772 INFO root collecting auccess after epoch 1...
2020-11-04 22:32:47,001 INFO root Loading cache from /media/compute/homes/aharter/.cache/phyre/offline_simulation/100000/ball
2020-11-04 22:32:48,727 ERROR __main__ Exception occured:
Traceback (most recent call last):
  File "solver.py", line 261, in <module>
    solver.train_supervised(epochs=epochs, train_mode=train_mode, test_ids = test_ids, setup=f'{eval_setup}_{fold_id}')
  File "/media/compute/homes/aharter/isy2020/phyre/flownet.py", line 1965, in train_supervised
    auccess = self.generative_auccess(test_ids, setup)
  File "/media/compute/homes/aharter/isy2020/phyre/flownet.py", line 907, in generative_auccess
    a  = sample_action_vector(ball, self.cache, uniform=self.uniform, radmode=self.radmode, mask=mask, check_border=True)
  File "/media/compute/homes/aharter/isy2020/phyre/phyre_utils.py", line 587, in sample_action_vector
    rad = rads.sorted(k=lambda x: x[1], descending=True)[0]
AttributeError: 'list' object has no attribute 'sorted'
2020-11-05 00:46:05,338 INFO root Loading cache from /media/compute/homes/aharter/.cache/phyre/offline_simulation/100000/ball
2020-11-05 00:46:09,621 INFO __main__ VS-uni-mean ball_within_template 0 || loading data for generative training...
2020-11-05 00:47:23,634 INFO __main__ VS-uni-mean ball_within_template 0 || training 'generative' models...
2020-11-05 00:47:32,328 INFO root training epoch 1...
2020-11-05 00:47:53,602 INFO root collecting auccess after epoch 1...
2020-11-05 00:47:58,905 INFO root Loading cache from /media/compute/homes/aharter/.cache/phyre/offline_simulation/100000/ball
2020-11-05 00:48:00,069 ERROR __main__ Exception occured:
Traceback (most recent call last):
  File "solver.py", line 261, in <module>
    solver.train_supervised(epochs=epochs, train_mode=train_mode, test_ids = test_ids, setup=f'{eval_setup}_{fold_id}')
  File "/media/compute/homes/aharter/isy2020/phyre/flownet.py", line 1965, in train_supervised
    auccess = self.generative_auccess(test_ids, setup)
  File "/media/compute/homes/aharter/isy2020/phyre/flownet.py", line 907, in generative_auccess
    a  = sample_action_vector(ball, self.cache, uniform=self.uniform, radmode=self.radmode, mask=mask, check_border=True)
  File "/media/compute/homes/aharter/isy2020/phyre/phyre_utils.py", line 587, in sample_action_vector
    rad = rads.sorted(k=lambda x: x[1], descending=True)[0]
AttributeError: 'list' object has no attribute 'sorted'
2020-11-05 09:11:41,761 INFO root Loading cache from /media/compute/homes/aharter/.cache/phyre/offline_simulation/100000/ball
2020-11-05 09:11:45,988 INFO __main__ VS-uni-mean ball_within_template 0 || loading data for generative training...
2020-11-05 09:13:00,433 INFO __main__ VS-uni-mean ball_within_template 0 || training 'generative' models...
2020-11-05 09:13:02,313 INFO root training epoch 1...
2020-11-05 09:13:22,929 INFO root collecting auccess after epoch 1...
2020-11-05 09:13:28,027 INFO root Loading cache from /media/compute/homes/aharter/.cache/phyre/offline_simulation/100000/ball
2020-11-05 09:13:29,194 ERROR __main__ Exception occured:
Traceback (most recent call last):
  File "solver.py", line 261, in <module>
    solver.train_supervised(epochs=epochs, train_mode=train_mode, test_ids = test_ids, setup=f'{eval_setup}_{fold_id}')
  File "/media/compute/homes/aharter/isy2020/phyre/flownet.py", line 1965, in train_supervised
    auccess = self.generative_auccess(test_ids, setup)
  File "/media/compute/homes/aharter/isy2020/phyre/flownet.py", line 907, in generative_auccess
    a  = sample_action_vector(ball, self.cache, uniform=self.uniform, radmode=self.radmode, mask=mask, check_border=True)
  File "/media/compute/homes/aharter/isy2020/phyre/phyre_utils.py", line 598, in sample_action_vector
    return np.array([x/wid,y/wid,rad/8])
TypeError: unsupported operand type(s) for /: 'tuple' and 'int'
2020-11-05 09:19:53,966 INFO root Loading cache from /media/compute/homes/aharter/.cache/phyre/offline_simulation/100000/ball
2020-11-05 09:19:58,313 INFO __main__ VS-uni-mean ball_within_template 0 || loading data for generative training...
2020-11-05 09:21:11,745 INFO __main__ VS-uni-mean ball_within_template 0 || training 'generative' models...
2020-11-05 09:21:13,612 INFO root training epoch 1...
2020-11-05 09:21:33,430 INFO root collecting auccess after epoch 1...
2020-11-05 09:21:38,658 INFO root Loading cache from /media/compute/homes/aharter/.cache/phyre/offline_simulation/100000/ball
2020-11-05 09:21:39,840 ERROR __main__ Exception occured:
Traceback (most recent call last):
  File "solver.py", line 261, in <module>
    solver.train_supervised(epochs=epochs, train_mode=train_mode, test_ids = test_ids, setup=f'{eval_setup}_{fold_id}')
  File "/media/compute/homes/aharter/isy2020/phyre/flownet.py", line 1965, in train_supervised
    auccess = self.generative_auccess(test_ids, setup)
  File "/media/compute/homes/aharter/isy2020/phyre/flownet.py", line 907, in generative_auccess
    a  = sample_action_vector(ball, self.cache, uniform=self.uniform, radmode=self.radmode, mask=mask, check_border=True)
  File "/media/compute/homes/aharter/isy2020/phyre/phyre_utils.py", line 598, in sample_action_vector
    return np.array([x,y,rad/8])
TypeError: unsupported operand type(s) for /: 'tuple' and 'int'
2020-11-05 10:03:13,415 INFO root Loading cache from /media/compute/homes/aharter/.cache/phyre/offline_simulation/100000/ball
2020-11-05 10:03:17,555 INFO __main__ VS-uni-mean ball_within_template 0 || loading data for generative training...
2020-11-05 10:04:31,960 INFO __main__ VS-uni-mean ball_within_template 0 || training 'generative' models...
2020-11-05 10:04:33,846 INFO root training epoch 1...
2020-11-05 10:04:53,197 INFO root collecting auccess after epoch 1...
2020-11-05 10:04:58,356 INFO root Loading cache from /media/compute/homes/aharter/.cache/phyre/offline_simulation/100000/ball
2020-11-05 10:13:47,506 INFO root finish collecting auccess after epoch 1: 0.06863040770094953
2020-11-05 10:13:47,507 INFO root training epoch 2...
2020-11-05 10:14:07,135 INFO root collecting auccess after epoch 2...
2020-11-05 10:14:12,201 INFO root Loading cache from /media/compute/homes/aharter/.cache/phyre/offline_simulation/100000/ball
2020-11-05 10:23:04,236 INFO root finish collecting auccess after epoch 2: 0.07998005725031457
2020-11-05 10:23:04,237 INFO root training epoch 3...
2020-11-05 10:23:23,571 INFO root training epoch 4...
2020-11-05 10:23:42,873 INFO root training epoch 5...
2020-11-05 10:24:02,137 INFO root collecting auccess after epoch 5...
2020-11-05 10:24:07,445 INFO root Loading cache from /media/compute/homes/aharter/.cache/phyre/offline_simulation/100000/ball
2020-11-05 10:32:58,159 INFO root finish collecting auccess after epoch 5: 0.09469252078993934
2020-11-05 10:32:58,160 INFO root training epoch 6...
2020-11-05 10:33:19,045 INFO root training epoch 7...
2020-11-05 10:33:40,385 INFO root training epoch 8...
2020-11-05 10:34:01,728 INFO root training epoch 9...
2020-11-05 10:34:23,087 INFO root training epoch 10...
2020-11-05 10:34:44,413 INFO root collecting auccess after epoch 10...
2020-11-05 10:34:49,529 INFO root Loading cache from /media/compute/homes/aharter/.cache/phyre/offline_simulation/100000/ball
2020-11-05 10:43:37,692 INFO root finish collecting auccess after epoch 10: 0.10261167462069395
2020-11-05 10:43:38,955 INFO __main__ VS-uni-mean ball_within_template 0 || saving models...
2020-11-05 10:43:39,206 INFO __main__ VS-uni-mean ball_within_template 0 || loading data for generative testing...
2020-11-05 10:43:39,668 INFO __main__ VS-uni-mean ball_within_template 0 || inspecting generative performance...
2020-11-05 10:43:44,973 INFO root Loading cache from /media/compute/homes/aharter/.cache/phyre/offline_simulation/100000/ball
2020-11-05 10:43:49,057 INFO __main__ VS-uni-mean ball_cross_template 0 || loading data for generative training...
2020-11-05 10:43:53,907 INFO __main__ VS-uni-mean ball_cross_template 0 || training 'generative' models...
2020-11-05 10:43:53,917 INFO root training epoch 1...
2020-11-05 10:44:14,163 INFO root collecting auccess after epoch 1...
2020-11-05 10:44:19,272 INFO root Loading cache from /media/compute/homes/aharter/.cache/phyre/offline_simulation/100000/ball
2020-11-05 10:52:50,701 INFO root finish collecting auccess after epoch 1: 0.04264821198718522
2020-11-05 10:52:50,702 INFO root training epoch 2...
2020-11-05 10:53:11,688 INFO root collecting auccess after epoch 2...
2020-11-05 10:53:16,955 INFO root Loading cache from /media/compute/homes/aharter/.cache/phyre/offline_simulation/100000/ball
2020-11-05 11:01:45,474 INFO root finish collecting auccess after epoch 2: 0.053863947226038426
2020-11-05 11:01:45,475 INFO root training epoch 3...
2020-11-05 11:02:06,328 INFO root training epoch 4...
2020-11-05 11:02:27,399 INFO root training epoch 5...
2020-11-05 11:02:48,413 INFO root collecting auccess after epoch 5...
2020-11-05 11:02:53,451 INFO root Loading cache from /media/compute/homes/aharter/.cache/phyre/offline_simulation/100000/ball
2020-11-05 11:11:11,342 INFO root finish collecting auccess after epoch 5: 0.07770704692143883
2020-11-05 11:11:11,343 INFO root training epoch 6...
2020-11-05 11:11:32,737 INFO root training epoch 7...
2020-11-05 11:11:54,592 INFO root training epoch 8...
2020-11-05 11:12:16,513 INFO root training epoch 9...
2020-11-05 11:12:38,394 INFO root training epoch 10...
2020-11-05 11:13:00,257 INFO root collecting auccess after epoch 10...
2020-11-05 11:13:05,481 INFO root Loading cache from /media/compute/homes/aharter/.cache/phyre/offline_simulation/100000/ball
2020-11-05 11:21:21,376 INFO root finish collecting auccess after epoch 10: 0.09353465697810522
2020-11-05 11:21:22,596 INFO __main__ VS-uni-mean ball_cross_template 0 || saving models...
2020-11-05 11:21:22,851 INFO __main__ VS-uni-mean ball_cross_template 0 || loading data for generative testing...
2020-11-05 11:21:23,094 INFO __main__ VS-uni-mean ball_cross_template 0 || inspecting generative performance...
2020-11-05 11:21:25,944 INFO __main__ ['ball_within_template', 'ball_cross_template']
2020-11-05 12:03:54,162 INFO root Loading cache from /media/compute/homes/aharter/.cache/phyre/offline_simulation/100000/ball
2020-11-05 12:03:58,453 INFO __main__ VS-uni-mean ball_within_template 0 || loading data for generative training...
2020-11-05 12:05:12,552 INFO __main__ VS-uni-mean ball_within_template 0 || training 'generative' models...
2020-11-05 12:05:14,425 INFO root training epoch 1...
2020-11-05 12:05:35,901 INFO root collecting auccess after epoch 1...
2020-11-05 12:05:41,272 INFO root Loading cache from /media/compute/homes/aharter/.cache/phyre/offline_simulation/100000/ball
2020-11-05 12:11:25,230 INFO root Loading cache from /media/compute/homes/aharter/.cache/phyre/offline_simulation/100000/ball
2020-11-05 12:11:29,340 INFO __main__ VS-uni-mean ball_within_template 0 || loading data for generative training...
2020-11-05 12:12:45,372 INFO __main__ VS-uni-mean ball_within_template 0 || training 'generative' models...
2020-11-05 12:12:47,281 INFO root training epoch 1...
2020-11-05 12:13:08,574 INFO root collecting auccess after epoch 1...
2020-11-05 12:13:13,806 INFO root Loading cache from /media/compute/homes/aharter/.cache/phyre/offline_simulation/100000/ball
2020-11-05 12:21:24,374 INFO root finish collecting auccess after epoch 1: 0.12727466882427216
2020-11-05 12:21:24,375 INFO root training epoch 2...
2020-11-05 12:21:47,549 INFO root collecting auccess after epoch 2...
2020-11-05 12:21:52,622 INFO root Loading cache from /media/compute/homes/aharter/.cache/phyre/offline_simulation/100000/ball
2020-11-05 12:30:00,750 INFO root finish collecting auccess after epoch 2: 0.1500936883099122
2020-11-05 12:30:00,750 INFO root training epoch 3...
2020-11-05 12:30:22,098 INFO root training epoch 4...
2020-11-05 12:30:44,160 INFO root training epoch 5...
2020-11-05 12:31:06,270 INFO root collecting auccess after epoch 5...
2020-11-05 12:31:11,537 INFO root Loading cache from /media/compute/homes/aharter/.cache/phyre/offline_simulation/100000/ball
2020-11-05 12:38:38,568 INFO root finish collecting auccess after epoch 5: 0.2299502815538407
2020-11-05 12:38:38,569 INFO root training epoch 6...
2020-11-05 12:38:59,517 INFO root training epoch 7...
2020-11-05 12:39:21,453 INFO root training epoch 8...
2020-11-05 12:39:43,533 INFO root training epoch 9...
2020-11-05 12:40:05,442 INFO root training epoch 10...
2020-11-05 12:40:27,327 INFO root collecting auccess after epoch 10...
2020-11-05 12:40:32,409 INFO root Loading cache from /media/compute/homes/aharter/.cache/phyre/offline_simulation/100000/ball
2020-11-05 12:47:54,734 INFO root finish collecting auccess after epoch 10: 0.24173935065495147
2020-11-05 12:47:55,906 INFO __main__ VS-uni-mean ball_within_template 0 || saving models...
2020-11-05 12:47:56,176 INFO __main__ VS-uni-mean ball_within_template 0 || loading data for generative testing...
2020-11-05 12:47:56,648 INFO __main__ VS-uni-mean ball_within_template 0 || inspecting generative performance...
2020-11-05 12:48:02,222 INFO root Loading cache from /media/compute/homes/aharter/.cache/phyre/offline_simulation/100000/ball
2020-11-05 12:48:06,230 INFO __main__ VS-uni-mean ball_cross_template 0 || loading data for generative training...
2020-11-05 12:48:11,099 INFO __main__ VS-uni-mean ball_cross_template 0 || training 'generative' models...
2020-11-05 12:48:11,109 INFO root training epoch 1...
2020-11-05 12:48:32,923 INFO root collecting auccess after epoch 1...
2020-11-05 12:48:38,057 INFO root Loading cache from /media/compute/homes/aharter/.cache/phyre/offline_simulation/100000/ball
2020-11-05 12:56:36,455 INFO root finish collecting auccess after epoch 1: 0.09912024224973891
2020-11-05 12:56:36,456 INFO root training epoch 2...
2020-11-05 12:56:56,939 INFO root collecting auccess after epoch 2...
2020-11-05 12:57:02,181 INFO root Loading cache from /media/compute/homes/aharter/.cache/phyre/offline_simulation/100000/ball
2020-11-05 13:04:55,295 INFO root finish collecting auccess after epoch 2: 0.11363665362457538
2020-11-05 13:04:55,296 INFO root training epoch 3...
2020-11-05 13:05:16,235 INFO root training epoch 4...
2020-11-05 13:05:37,561 INFO root training epoch 5...
2020-11-05 13:05:58,768 INFO root collecting auccess after epoch 5...
2020-11-05 13:06:03,847 INFO root Loading cache from /media/compute/homes/aharter/.cache/phyre/offline_simulation/100000/ball
2020-11-05 13:13:44,178 INFO root finish collecting auccess after epoch 5: 0.16483722187179534
2020-11-05 13:13:44,179 INFO root training epoch 6...
2020-11-05 13:14:02,736 INFO root training epoch 7...
2020-11-05 13:14:23,671 INFO root training epoch 8...
2020-11-05 13:14:45,652 INFO root training epoch 9...
2020-11-05 13:15:07,628 INFO root training epoch 10...
2020-11-05 13:15:29,643 INFO root collecting auccess after epoch 10...
2020-11-05 13:15:34,822 INFO root Loading cache from /media/compute/homes/aharter/.cache/phyre/offline_simulation/100000/ball
2020-11-05 13:23:10,667 INFO root finish collecting auccess after epoch 10: 0.17058973659155688
2020-11-05 13:23:11,813 INFO __main__ VS-uni-mean ball_cross_template 0 || saving models...
2020-11-05 13:23:12,084 INFO __main__ VS-uni-mean ball_cross_template 0 || loading data for generative testing...
2020-11-05 13:23:12,329 INFO __main__ VS-uni-mean ball_cross_template 0 || inspecting generative performance...
2020-11-05 13:23:14,927 INFO __main__ ['ball_within_template', 'ball_cross_template']
2020-11-05 16:40:54,745 INFO root Loading cache from /media/compute/homes/aharter/.cache/phyre/offline_simulation/100000/ball
2020-11-05 16:40:58,926 INFO __main__ VS-uni-mean ball_within_template 0 || loading data for generative training...
