2020-11-03 16:59:16,882 INFO root Loading cache from /media/compute/homes/aharter/.cache/phyre/offline_simulation/100000/ball
2020-11-03 16:59:21,163 INFO __main__ VS-w128 ball_cross_template 0 || loading data for generative training...
2020-11-03 16:59:24,331 INFO root Loading cache from /media/compute/homes/aharter/.cache/phyre/offline_simulation/100000/ball
2020-11-03 18:08:58,150 INFO __main__ VS-w128 ball_cross_template 0 || training 'generative' models...
2020-11-03 18:08:59,798 INFO root training epoch 1...
2020-11-03 18:09:28,756 INFO root collecting auccess after epoch 1...
2020-11-03 18:09:37,184 INFO root Loading cache from /media/compute/homes/aharter/.cache/phyre/offline_simulation/100000/ball
2020-11-03 18:19:13,310 INFO root finish collecting auccess after epoch 1: 0.32830517168569073
2020-11-03 18:19:13,311 INFO root training epoch 2...
2020-11-03 18:19:40,953 INFO root collecting auccess after epoch 2...
2020-11-03 18:19:48,906 INFO root Loading cache from /media/compute/homes/aharter/.cache/phyre/offline_simulation/100000/ball
2020-11-03 18:29:02,271 INFO root finish collecting auccess after epoch 2: 0.37621505377454967
2020-11-03 18:29:02,271 INFO root training epoch 3...
2020-11-03 18:29:29,791 INFO root training epoch 4...
2020-11-03 18:30:00,971 INFO root training epoch 5...
2020-11-03 18:30:31,117 INFO root collecting auccess after epoch 5...
2020-11-03 18:30:39,204 INFO root Loading cache from /media/compute/homes/aharter/.cache/phyre/offline_simulation/100000/ball
2020-11-03 18:40:09,008 INFO root finish collecting auccess after epoch 5: 0.36329838067862075
2020-11-03 18:40:09,009 INFO root training epoch 6...
2020-11-03 18:40:36,456 INFO root training epoch 7...
2020-11-03 18:41:02,064 INFO root training epoch 8...
2020-11-03 18:41:29,660 INFO root training epoch 9...
2020-11-03 18:41:56,884 INFO root training epoch 10...
2020-11-03 18:42:24,114 INFO root collecting auccess after epoch 10...
2020-11-03 18:42:31,866 INFO root Loading cache from /media/compute/homes/aharter/.cache/phyre/offline_simulation/100000/ball
2020-11-03 18:52:06,085 INFO root finish collecting auccess after epoch 10: 0.33960523930784564
2020-11-03 18:52:07,632 INFO __main__ VS-w128 ball_cross_template 0 || saving models...
2020-11-03 18:52:08,547 INFO __main__ VS-w128 ball_cross_template 0 || loading data for generative testing...
2020-11-03 18:52:08,551 INFO root Loading cache from /media/compute/homes/aharter/.cache/phyre/offline_simulation/100000/ball
2020-11-03 18:52:23,339 INFO __main__ VS-w128 ball_cross_template 0 || inspecting generative performance...
2020-11-03 18:52:28,682 INFO root Loading cache from /media/compute/homes/aharter/.cache/phyre/offline_simulation/100000/ball
2020-11-03 18:52:32,893 INFO __main__ VS-w128 ball_within_template 0 || loading data for generative training...
2020-11-03 18:52:35,964 INFO root Loading cache from /media/compute/homes/aharter/.cache/phyre/offline_simulation/100000/ball
2020-11-03 19:59:51,143 INFO __main__ VS-w128 ball_within_template 0 || training 'generative' models...
2020-11-03 19:59:51,183 INFO root training epoch 1...
2020-11-03 20:00:19,462 INFO root collecting auccess after epoch 1...
2020-11-03 20:00:27,120 INFO root Loading cache from /media/compute/homes/aharter/.cache/phyre/offline_simulation/100000/ball
2020-11-03 20:11:10,063 INFO root finish collecting auccess after epoch 1: 0.2294850038867278
2020-11-03 20:11:10,063 INFO root training epoch 2...
2020-11-03 20:11:38,272 INFO root collecting auccess after epoch 2...
2020-11-03 20:11:45,965 INFO root Loading cache from /media/compute/homes/aharter/.cache/phyre/offline_simulation/100000/ball
2020-11-03 20:22:21,462 INFO root finish collecting auccess after epoch 2: 0.23515838564632155
2020-11-03 20:22:21,463 INFO root training epoch 3...
2020-11-03 20:22:52,178 INFO root training epoch 4...
2020-11-03 20:23:20,663 INFO root training epoch 5...
2020-11-03 20:23:48,598 INFO root collecting auccess after epoch 5...
2020-11-03 20:23:56,447 INFO root Loading cache from /media/compute/homes/aharter/.cache/phyre/offline_simulation/100000/ball
2020-11-03 20:34:31,934 INFO root finish collecting auccess after epoch 5: 0.2387187410940297
2020-11-03 20:34:31,935 INFO root training epoch 6...
2020-11-03 20:34:59,947 INFO root training epoch 7...
2020-11-03 20:35:29,961 INFO root training epoch 8...
2020-11-03 20:36:00,361 INFO root training epoch 9...
2020-11-03 20:36:30,763 INFO root training epoch 10...
2020-11-03 20:37:01,113 INFO root collecting auccess after epoch 10...
2020-11-03 20:37:09,194 INFO root Loading cache from /media/compute/homes/aharter/.cache/phyre/offline_simulation/100000/ball
2020-11-03 20:47:47,192 INFO root finish collecting auccess after epoch 10: 0.25644261385588446
2020-11-03 20:47:48,384 INFO __main__ VS-w128 ball_within_template 0 || saving models...
2020-11-03 20:47:49,299 INFO __main__ VS-w128 ball_within_template 0 || loading data for generative testing...
2020-11-03 20:47:49,303 INFO root Loading cache from /media/compute/homes/aharter/.cache/phyre/offline_simulation/100000/ball
2020-11-03 20:48:15,863 INFO __main__ VS-w128 ball_within_template 0 || inspecting generative performance...
2020-11-03 20:48:27,003 INFO __main__ ['ball_cross_template', 'ball_within_template']
