2020-11-03 12:41:43,814 INFO root Loading cache from /media/compute/homes/aharter/.cache/phyre/offline_simulation/100000/ball
2020-11-03 12:41:48,610 INFO __main__ VS-x4 ball_cross_template 0 || loading data for generative training...
2020-11-03 12:41:53,706 INFO __main__ VS-x4 ball_cross_template 0 || training 'generative' models...
2020-11-03 12:41:55,762 INFO root training epoch 1...
2020-11-03 12:42:43,034 INFO root collecting auccess after epoch 1...
2020-11-03 12:42:48,059 INFO root Loading cache from /media/compute/homes/aharter/.cache/phyre/offline_simulation/100000/ball
2020-11-03 12:51:31,592 INFO root finish collecting auccess after epoch 1: 0.2989148600993548
2020-11-03 12:51:31,593 INFO root training epoch 2...
2020-11-03 12:52:18,732 INFO root collecting auccess after epoch 2...
2020-11-03 12:52:23,827 INFO root Loading cache from /media/compute/homes/aharter/.cache/phyre/offline_simulation/100000/ball
2020-11-03 13:00:58,400 INFO root finish collecting auccess after epoch 2: 0.353270807493238
2020-11-03 13:00:58,400 INFO root training epoch 3...
2020-11-03 13:01:45,513 INFO root training epoch 4...
2020-11-03 13:02:32,497 INFO root training epoch 5...
2020-11-03 13:03:19,684 INFO root collecting auccess after epoch 5...
2020-11-03 13:03:24,639 INFO root Loading cache from /media/compute/homes/aharter/.cache/phyre/offline_simulation/100000/ball
2020-11-03 13:12:16,029 INFO root finish collecting auccess after epoch 5: 0.3117538965348496
2020-11-03 13:12:16,030 INFO root training epoch 6...
2020-11-03 13:13:03,218 INFO root training epoch 7...
2020-11-03 13:13:50,171 INFO root training epoch 8...
2020-11-03 13:14:37,240 INFO root training epoch 9...
2020-11-03 13:15:24,267 INFO root training epoch 10...
2020-11-03 13:16:11,462 INFO root collecting auccess after epoch 10...
2020-11-03 13:16:16,538 INFO root Loading cache from /media/compute/homes/aharter/.cache/phyre/offline_simulation/100000/ball
2020-11-03 13:24:46,557 INFO root finish collecting auccess after epoch 10: 0.35210486072194797
2020-11-03 13:24:47,710 INFO __main__ VS-x4 ball_cross_template 0 || saving models...
2020-11-03 13:24:51,325 INFO __main__ VS-x4 ball_cross_template 0 || loading data for generative testing...
2020-11-03 13:24:51,566 INFO __main__ VS-x4 ball_cross_template 0 || inspecting generative performance...
2020-11-03 13:24:54,452 INFO root Loading cache from /media/compute/homes/aharter/.cache/phyre/offline_simulation/100000/ball
2020-11-03 13:24:59,402 INFO __main__ VS-x4 ball_within_template 0 || loading data for generative training...
2020-11-03 13:26:15,640 INFO __main__ VS-x4 ball_within_template 0 || training 'generative' models...
2020-11-03 13:26:15,723 INFO root training epoch 1...
2020-11-03 13:27:00,888 INFO root collecting auccess after epoch 1...
2020-11-03 13:27:05,740 INFO root Loading cache from /media/compute/homes/aharter/.cache/phyre/offline_simulation/100000/ball
2020-11-03 13:38:13,410 INFO root finish collecting auccess after epoch 1: 0.1090565851922795
2020-11-03 13:38:13,411 INFO root training epoch 2...
2020-11-03 13:38:58,906 INFO root collecting auccess after epoch 2...
2020-11-03 13:39:03,929 INFO root Loading cache from /media/compute/homes/aharter/.cache/phyre/offline_simulation/100000/ball
2020-11-03 13:50:07,905 INFO root finish collecting auccess after epoch 2: 0.10859070065992085
2020-11-03 13:50:07,905 INFO root training epoch 3...
2020-11-03 13:50:53,020 INFO root training epoch 4...
2020-11-03 13:51:38,129 INFO root training epoch 5...
2020-11-03 13:52:23,234 INFO root collecting auccess after epoch 5...
2020-11-03 13:52:28,358 INFO root Loading cache from /media/compute/homes/aharter/.cache/phyre/offline_simulation/100000/ball
2020-11-03 14:03:45,720 INFO root finish collecting auccess after epoch 5: 0.10781440867096535
2020-11-03 14:03:45,721 INFO root training epoch 6...
2020-11-03 14:04:30,644 INFO root training epoch 7...
2020-11-03 14:05:15,571 INFO root training epoch 8...
2020-11-03 14:06:00,493 INFO root training epoch 9...
2020-11-03 14:06:45,403 INFO root training epoch 10...
2020-11-03 14:07:30,331 INFO root collecting auccess after epoch 10...
2020-11-03 14:07:35,420 INFO root Loading cache from /media/compute/homes/aharter/.cache/phyre/offline_simulation/100000/ball
2020-11-03 14:18:37,127 INFO root finish collecting auccess after epoch 10: 0.10558334053842479
2020-11-03 14:18:38,265 INFO __main__ VS-x4 ball_within_template 0 || saving models...
2020-11-03 14:18:41,973 INFO __main__ VS-x4 ball_within_template 0 || loading data for generative testing...
2020-11-03 14:18:42,433 INFO __main__ VS-x4 ball_within_template 0 || inspecting generative performance...
2020-11-03 14:18:47,811 INFO __main__ ['ball_cross_template', 'ball_within_template']
