2020-11-02 16:57:18,017 INFO root Loading cache from /media/compute/homes/aharter/.cache/phyre/offline_simulation/100000/ball
2020-11-02 16:57:26,320 INFO __main__ VS-x2 ball_cross_template 0 || loading data for generative training...
2020-11-02 16:57:35,048 INFO __main__ VS-x2 ball_cross_template 0 || training 'generative' models...
2020-11-02 23:19:44,015 INFO root Loading cache from /media/compute/homes/aharter/.cache/phyre/offline_simulation/100000/ball
2020-11-02 23:19:48,749 INFO __main__ VS-x2 ball_cross_template 0 || loading data for generative training...
2020-11-02 23:19:54,099 INFO __main__ VS-x2 ball_cross_template 0 || training 'generative' models...
2020-11-02 23:19:54,108 ERROR __main__ Exception occured:
Traceback (most recent call last):
  File "solver.py", line 259, in <module>
    solver.train_supervised(epochs=epochs, train_mode=train_mode, test_ids = test_ids, setup=f'{eval_setup}_{fold_id}')
  File "/media/compute/homes/aharter/isy2020/phyre/flownet.py", line 1834, in train_supervised
    L.info(f"training epoch {epoch+1}...")
NameError: name 'L' is not defined
2020-11-02 23:22:51,882 INFO root Loading cache from /media/compute/homes/aharter/.cache/phyre/offline_simulation/100000/ball
2020-11-02 23:22:57,465 INFO __main__ VS-x2 ball_cross_template 0 || loading data for generative training...
2020-11-02 23:23:03,971 INFO __main__ VS-x2 ball_cross_template 0 || training 'generative' models...
2020-11-02 23:23:06,932 ERROR __main__ Exception occured:
Traceback (most recent call last):
  File "solver.py", line 259, in <module>
    solver.train_supervised(epochs=epochs, train_mode=train_mode, test_ids = test_ids, setup=f'{eval_setup}_{fold_id}')
  File "/media/compute/homes/aharter/isy2020/phyre/flownet.py", line 1834, in train_supervised
    L.info(f"training epoch {epoch+1}...")
NameError: name 'L' is not defined
2020-11-02 23:24:42,716 ERROR __main__ Exception occured:
Traceback (most recent call last):
  File "solver.py", line 202, in <module>
    neck=neckfak, altconv=altconv, train_mode=train_mode)
  File "/media/compute/homes/aharter/isy2020/phyre/flownet.py", line 553, in __init__
    L = logging.getLogger(__name__)
NameError: name 'logging' is not defined
2020-11-02 23:25:18,101 ERROR __main__ Exception occured:
Traceback (most recent call last):
  File "solver.py", line 202, in <module>
    neck=neckfak, altconv=altconv, train_mode=train_mode)
  File "/media/compute/homes/aharter/isy2020/phyre/flownet.py", line 553, in __init__
    L = logging.getLogger(__name__)
NameError: name 'logging' is not defined
2020-11-02 23:25:55,603 ERROR __main__ Exception occured:
Traceback (most recent call last):
  File "solver.py", line 202, in <module>
    neck=neckfak, altconv=altconv, train_mode=train_mode)
  File "/media/compute/homes/aharter/isy2020/phyre/flownet.py", line 553, in __init__
    L = logging.getLogger(__name__)
NameError: name 'logging' is not defined
2020-11-02 23:29:25,796 ERROR __main__ Exception occured:
Traceback (most recent call last):
  File "solver.py", line 202, in <module>
    neck=neckfak, altconv=altconv, train_mode=train_mode)
  File "/media/compute/homes/aharter/isy2020/phyre/flownet.py", line 553, in __init__
    L = logging.getLogger(__name__)
NameError: name 'logging' is not defined
2020-11-02 23:31:37,419 INFO root Loading cache from /media/compute/homes/aharter/.cache/phyre/offline_simulation/100000/ball
2020-11-02 23:31:46,387 INFO __main__ VS-x2 ball_cross_template 0 || loading data for generative training...
2020-11-02 23:31:55,847 INFO __main__ VS-x2 ball_cross_template 0 || training 'generative' models...
2020-11-02 23:31:59,901 INFO root training epoch 1...
2020-11-02 23:33:02,582 INFO root collecting auccess after epoch 1...
2020-11-02 23:33:14,940 INFO root Loading cache from /media/compute/homes/aharter/.cache/phyre/offline_simulation/100000/ball
2020-11-02 23:53:33,148 INFO root finish collecting auccess after epoch 1: 0.2767268432667387
2020-11-02 23:53:33,150 INFO root training epoch 2...
2020-11-02 23:54:16,501 INFO root collecting auccess after epoch 2...
2020-11-02 23:54:28,171 INFO root Loading cache from /media/compute/homes/aharter/.cache/phyre/offline_simulation/100000/ball
2020-11-03 00:13:56,077 INFO root finish collecting auccess after epoch 2: 0.34316351060663597
2020-11-03 00:13:56,078 INFO root training epoch 3...
2020-11-03 00:14:40,127 INFO root training epoch 4...
2020-11-03 00:15:23,347 INFO root training epoch 5...
2020-11-03 00:16:05,516 INFO root collecting auccess after epoch 5...
2020-11-03 00:16:17,496 INFO root Loading cache from /media/compute/homes/aharter/.cache/phyre/offline_simulation/100000/ball
2020-11-03 11:19:34,002 INFO root Loading cache from /media/compute/homes/aharter/.cache/phyre/offline_simulation/100000/ball
2020-11-03 11:19:50,770 INFO root Loading cache from /media/compute/homes/aharter/.cache/phyre/offline_simulation/100000/ball
2020-11-03 11:19:55,399 INFO __main__ VS-x2 ball_cross_template 0 || loading data for generative training...
2020-11-03 11:20:00,541 INFO __main__ VS-x2 ball_cross_template 0 || training 'generative' models...
2020-11-03 11:20:00,547 INFO root training epoch 1...
2020-11-03 11:24:27,390 INFO root Loading cache from /media/compute/homes/aharter/.cache/phyre/offline_simulation/100000/ball
2020-11-03 11:24:31,623 INFO __main__ VS-x2 ball_cross_template 0 || loading data for generative training...
2020-11-03 11:24:36,615 INFO __main__ VS-x2 ball_cross_template 0 || training 'generative' models...
2020-11-03 11:24:44,947 INFO root training epoch 1...
2020-11-03 11:25:05,659 INFO root collecting auccess after epoch 1...
2020-11-03 11:25:10,851 INFO root Loading cache from /media/compute/homes/aharter/.cache/phyre/offline_simulation/100000/ball
2020-11-03 11:34:40,091 INFO root finish collecting auccess after epoch 1: 0.2334360705839902
2020-11-03 11:34:40,092 INFO root training epoch 2...
2020-11-03 11:35:02,028 INFO root collecting auccess after epoch 2...
2020-11-03 11:35:07,269 INFO root Loading cache from /media/compute/homes/aharter/.cache/phyre/offline_simulation/100000/ball
2020-11-03 11:44:04,527 INFO root finish collecting auccess after epoch 2: 0.33648822366909925
2020-11-03 11:44:04,528 INFO root training epoch 3...
2020-11-03 11:44:26,566 INFO root training epoch 4...
2020-11-03 11:44:48,603 INFO root training epoch 5...
2020-11-03 11:45:10,636 INFO root collecting auccess after epoch 5...
2020-11-03 11:45:15,799 INFO root Loading cache from /media/compute/homes/aharter/.cache/phyre/offline_simulation/100000/ball
2020-11-03 11:53:57,607 INFO root finish collecting auccess after epoch 5: 0.3354260198287119
2020-11-03 11:53:57,608 INFO root training epoch 6...
2020-11-03 11:54:18,135 INFO root training epoch 7...
2020-11-03 11:54:38,654 INFO root training epoch 8...
2020-11-03 11:54:59,172 INFO root training epoch 9...
2020-11-03 11:55:19,696 INFO root training epoch 10...
2020-11-03 11:55:40,258 INFO root collecting auccess after epoch 10...
2020-11-03 11:55:45,361 INFO root Loading cache from /media/compute/homes/aharter/.cache/phyre/offline_simulation/100000/ball
2020-11-03 12:04:23,768 INFO root finish collecting auccess after epoch 10: 0.3489952474742425
2020-11-03 12:04:25,352 INFO __main__ VS-x2 ball_cross_template 0 || saving models...
2020-11-03 12:04:26,278 INFO __main__ VS-x2 ball_cross_template 0 || loading data for generative testing...
2020-11-03 12:04:26,514 INFO __main__ VS-x2 ball_cross_template 0 || inspecting generative performance...
2020-11-03 12:04:29,630 INFO root Loading cache from /media/compute/homes/aharter/.cache/phyre/offline_simulation/100000/ball
2020-11-03 12:04:34,099 INFO __main__ VS-x2 ball_within_template 0 || loading data for generative training...
2020-11-03 12:05:52,005 INFO __main__ VS-x2 ball_within_template 0 || training 'generative' models...
2020-11-03 12:05:52,052 INFO root training epoch 1...
2020-11-03 12:06:12,850 INFO root collecting auccess after epoch 1...
2020-11-03 12:06:17,898 INFO root Loading cache from /media/compute/homes/aharter/.cache/phyre/offline_simulation/100000/ball
2020-11-03 12:15:13,552 INFO root finish collecting auccess after epoch 1: 0.38186774677239815
2020-11-03 12:15:13,553 INFO root training epoch 2...
2020-11-03 12:15:33,921 INFO root collecting auccess after epoch 2...
2020-11-03 12:15:38,921 INFO root Loading cache from /media/compute/homes/aharter/.cache/phyre/offline_simulation/100000/ball
2020-11-03 12:23:39,544 INFO root finish collecting auccess after epoch 2: 0.48237132863754084
2020-11-03 12:23:39,545 INFO root training epoch 3...
2020-11-03 12:23:59,790 INFO root training epoch 4...
2020-11-03 12:24:20,027 INFO root training epoch 5...
2020-11-03 12:24:40,223 INFO root collecting auccess after epoch 5...
2020-11-03 12:24:45,341 INFO root Loading cache from /media/compute/homes/aharter/.cache/phyre/offline_simulation/100000/ball
2020-11-03 12:32:19,242 INFO root finish collecting auccess after epoch 5: 0.5035277944623968
2020-11-03 12:32:19,243 INFO root training epoch 6...
2020-11-03 12:32:41,447 INFO root training epoch 7...
2020-11-03 12:33:03,604 INFO root training epoch 8...
2020-11-03 12:33:25,371 INFO root training epoch 9...
2020-11-03 12:33:47,006 INFO root training epoch 10...
2020-11-03 12:34:08,631 INFO root collecting auccess after epoch 10...
2020-11-03 12:34:14,010 INFO root Loading cache from /media/compute/homes/aharter/.cache/phyre/offline_simulation/100000/ball
2020-11-03 12:41:29,298 INFO root finish collecting auccess after epoch 10: 0.5460043485694881
2020-11-03 12:41:30,488 INFO __main__ VS-x2 ball_within_template 0 || saving models...
2020-11-03 12:41:31,425 INFO __main__ VS-x2 ball_within_template 0 || loading data for generative testing...
2020-11-03 12:41:31,888 INFO __main__ VS-x2 ball_within_template 0 || inspecting generative performance...
2020-11-03 12:41:38,120 INFO __main__ ['ball_cross_template', 'ball_within_template']
