2020-11-03 14:18:53,613 INFO root Loading cache from /media/compute/homes/aharter/.cache/phyre/offline_simulation/100000/ball
2020-11-03 14:18:58,084 INFO __main__ VS-x05 ball_cross_template 0 || loading data for generative training...
2020-11-03 14:19:03,211 INFO __main__ VS-x05 ball_cross_template 0 || training 'generative' models...
2020-11-03 14:19:05,186 INFO root training epoch 1...
2020-11-03 14:19:26,177 INFO root collecting auccess after epoch 1...
2020-11-03 14:19:31,319 INFO root Loading cache from /media/compute/homes/aharter/.cache/phyre/offline_simulation/100000/ball
2020-11-03 14:29:11,921 INFO root finish collecting auccess after epoch 1: 0.20251384618877835
2020-11-03 14:29:11,922 INFO root training epoch 2...
2020-11-03 14:29:33,419 INFO root collecting auccess after epoch 2...
2020-11-03 14:29:38,625 INFO root Loading cache from /media/compute/homes/aharter/.cache/phyre/offline_simulation/100000/ball
2020-11-03 14:39:17,368 INFO root finish collecting auccess after epoch 2: 0.21757722600710003
2020-11-03 14:39:17,369 INFO root training epoch 3...
2020-11-03 14:39:38,701 INFO root training epoch 4...
2020-11-03 14:39:59,973 INFO root training epoch 5...
2020-11-03 14:40:21,220 INFO root collecting auccess after epoch 5...
2020-11-03 14:40:26,379 INFO root Loading cache from /media/compute/homes/aharter/.cache/phyre/offline_simulation/100000/ball
2020-11-03 14:49:22,299 INFO root finish collecting auccess after epoch 5: 0.3281753928209315
2020-11-03 14:49:22,300 INFO root training epoch 6...
2020-11-03 14:49:44,149 INFO root training epoch 7...
2020-11-03 14:50:05,852 INFO root training epoch 8...
2020-11-03 14:50:27,042 INFO root training epoch 9...
2020-11-03 14:50:48,244 INFO root training epoch 10...
2020-11-03 14:51:10,757 INFO root collecting auccess after epoch 10...
2020-11-03 14:51:15,874 INFO root Loading cache from /media/compute/homes/aharter/.cache/phyre/offline_simulation/100000/ball
2020-11-03 14:59:48,136 INFO root finish collecting auccess after epoch 10: 0.34926782443147547
2020-11-03 14:59:49,718 INFO __main__ VS-x05 ball_cross_template 0 || saving models...
2020-11-03 14:59:49,807 INFO __main__ VS-x05 ball_cross_template 0 || loading data for generative testing...
2020-11-03 14:59:50,043 INFO __main__ VS-x05 ball_cross_template 0 || inspecting generative performance...
2020-11-03 14:59:53,225 INFO root Loading cache from /media/compute/homes/aharter/.cache/phyre/offline_simulation/100000/ball
2020-11-03 14:59:57,676 INFO __main__ VS-x05 ball_within_template 0 || loading data for generative training...
2020-11-03 15:01:17,012 INFO __main__ VS-x05 ball_within_template 0 || training 'generative' models...
2020-11-03 15:01:17,040 INFO root training epoch 1...
2020-11-03 15:01:38,755 INFO root collecting auccess after epoch 1...
2020-11-03 15:01:43,735 INFO root Loading cache from /media/compute/homes/aharter/.cache/phyre/offline_simulation/100000/ball
2020-11-03 15:11:49,570 INFO root finish collecting auccess after epoch 1: 0.22664756713470546
2020-11-03 15:11:49,571 INFO root training epoch 2...
2020-11-03 15:12:11,035 INFO root collecting auccess after epoch 2...
2020-11-03 15:12:16,265 INFO root Loading cache from /media/compute/homes/aharter/.cache/phyre/offline_simulation/100000/ball
2020-11-03 15:22:07,317 INFO root finish collecting auccess after epoch 2: 0.2470857282818218
2020-11-03 15:22:07,318 INFO root training epoch 3...
2020-11-03 15:22:28,129 INFO root training epoch 4...
2020-11-03 15:22:49,201 INFO root training epoch 5...
2020-11-03 15:23:10,239 INFO root collecting auccess after epoch 5...
2020-11-03 15:23:15,330 INFO root Loading cache from /media/compute/homes/aharter/.cache/phyre/offline_simulation/100000/ball
2020-11-03 15:31:47,966 INFO root finish collecting auccess after epoch 5: 0.41302078919858676
2020-11-03 15:31:47,967 INFO root training epoch 6...
2020-11-03 15:32:08,676 INFO root training epoch 7...
2020-11-03 15:32:29,446 INFO root training epoch 8...
2020-11-03 15:32:50,073 INFO root training epoch 9...
2020-11-03 15:33:10,581 INFO root training epoch 10...
2020-11-03 15:33:31,114 INFO root collecting auccess after epoch 10...
2020-11-03 15:33:36,341 INFO root Loading cache from /media/compute/homes/aharter/.cache/phyre/offline_simulation/100000/ball
2020-11-03 15:41:21,472 INFO root finish collecting auccess after epoch 10: 0.4956104389037847
2020-11-03 15:41:22,684 INFO __main__ VS-x05 ball_within_template 0 || saving models...
2020-11-03 15:41:22,768 INFO __main__ VS-x05 ball_within_template 0 || loading data for generative testing...
2020-11-03 15:41:23,235 INFO __main__ VS-x05 ball_within_template 0 || inspecting generative performance...
2020-11-03 15:41:28,565 INFO __main__ ['ball_cross_template', 'ball_within_template']
